#
# A fatal error has been detected by the Java Runtime Environment:
#
#  SIGSEGV (0xb) at pc=0x00007f6da3a9a300, pid=8607, tid=140108464461568
#
# JRE version: 7.0_25-b30
# Java VM: OpenJDK 64-Bit Server VM (23.7-b01 mixed mode linux-amd64 compressed oops)
# Problematic frame:
# C  [libc.so.6+0x121300]  __nss_hosts_lookup+0xdce0
#
# Failed to write core dump. Core dumps have been disabled. To enable core dumping, try "ulimit -c unlimited" before starting Java again
#
# If you would like to submit a bug report, please include
# instructions on how to reproduce the bug and visit:
#   http://icedtea.classpath.org/bugzilla
# The crash happened outside the Java Virtual Machine in native code.
# See problematic frame for where to report the bug.
#

---------------  T H R E A D  ---------------

Current thread (0x000000000168e000):  JavaThread "Thread-9" [_thread_in_native, id=8759, stack(0x00007f6d8b311000,0x00007f6d8b412000)]

siginfo:si_signo=SIGSEGV: si_errno=0, si_code=2 (SEGV_ACCERR), si_addr=0x00007f6d8b41dfdf

Registers:
RAX=0x00007f6d94533732, RBX=0x00007f6d94498ce0, RCX=0x00007f6d8b41c9bf, RDX=0x0000000000001600
RSP=0x00007f6d8b40eeb8, RBP=0x00007f6d8b40ef20, RSI=0x00007f6d8b41c9ef, RDI=0x00007f6d94533732
R8 =0x00007f6d94533720, R9 =0x00007f6d94000070, R10=0x00007f6d8b41c9ef, R11=0x00007f6da3ace610
R12=0x0000000000000000, R13=0x00007f6d94435890, R14=0x00007f6d949f4f40, R15=0x0000000000001600
RIP=0x00007f6da3a9a300, EFLAGS=0x0000000000010286, CSGSFS=0x0000000000000033, ERR=0x0000000000000004
  TRAPNO=0x000000000000000e

Top of Stack: (sp=0x00007f6d8b40eeb8)
0x00007f6d8b40eeb8:   00007f6da149b323 00007f6d8b41c9ef
0x00007f6d8b40eec8:   00007f6d8b41c9bf 0000000000006b80
0x00007f6d8b40eed8:   000000007281a400 00000000e5000002
0x00007f6d8b40eee8:   0000000000000002 00007f6d8b40ef90
0x00007f6d8b40eef8:   00007f6d94499d70 00007f6d8b40ef90
0x00007f6d8b40ef08:   00007f6d9460f680 00007f6d94498ce0
0x00007f6d8b40ef18:   000000005c6b8b2e 00007f6d8b40ef70
0x00007f6d8b40ef28:   00007f6da149beb0 000000000175baf0
0x00007f6d8b40ef38:   0000001699ea9790 000000000168e000
0x00007f6d8b40ef48:   00007f6d8b40ef90 00007f6d8b40f3e8
0x00007f6d8b40ef58:   00007f6d8b40ef90 0000000000000016
0x00007f6d8b40ef68:   000000000168e1d8 00007f6d8b40f3d0
0x00007f6d8b40ef78:   00007f6da1499af3 01007f6d8b40efc0
0x00007f6d8b40ef88:   00007f6d94498ce0 656d61472f736572
0x00007f6d8b40ef98:   6572676f72506e49 0000676e702e7373
0x00007f6d8b40efa8:   0000000000000000 0000000000000001
0x00007f6d8b40efb8:   000000000168e000 00007f6d8b40f030
0x00007f6d8b40efc8:   00007f6da31a3c69 0000000099eacbd0
0x00007f6d8b40efd8:   0000000000000000 0000000099eab9c8
0x00007f6d8b40efe8:   0000000000000000 00007f6d8b40f018
0x00007f6d8b40eff8:   00007f6d8b40f060 00007f6d9e49c158
0x00007f6d8b40f008:   000000000175baf0 00007f6d8b40f050
0x00007f6d8b40f018:   00007f6da31aa163 0000000099c0ce18
0x00007f6d8b40f028:   0000000000000001 00007f6d8b40f070
0x00007f6d8b40f038:   0000000000000004 000000000168e000
0x00007f6d8b40f048:   0000000000000002 00007f6d8b40f070
0x00007f6d8b40f058:   00007f6da31a9edb 000000000168e000
0x00007f6d8b40f068:   0000000000000004 00007f6d8b40f0d0
0x00007f6d8b40f078:   00007f6da31a4655 00000000e1888c60
0x00007f6d8b40f088:   0000000400000001 000000000157cb80
0x00007f6d8b40f098:   00007f6d8b40f0e0 00007f6d8b40f0d0
0x00007f6d8b40f0a8:   000000000168e000 000000000175baf0 

Instructions: (pc=0x00007f6da3a9a300)
0x00007f6da3a9a2e0:   0c 3e 26 00 4c 8d 1d 65 44 03 00 4f 63 0c 8b 4f
0x00007f6da3a9a2f0:   8d 0c 0b 41 ff e1 0f 0b 0f 1f 84 00 00 00 00 00
0x00007f6da3a9a300:   f3 0f 6f 44 16 f0 48 01 d6 4c 8d 44 17 f0 48 01
0x00007f6da3a9a310:   d7 48 89 f9 48 83 e1 0f 48 31 cf 48 29 ca 48 29 

Register to memory mapping:

RAX=0x00007f6d94533732 is an unknown value
RBX=0x00007f6d94498ce0 is an unknown value
RCX=0x00007f6d8b41c9bf is an unknown value
RDX=0x0000000000001600 is an unknown value
RSP=0x00007f6d8b40eeb8 is pointing into the stack for thread: 0x000000000168e000
RBP=0x00007f6d8b40ef20 is pointing into the stack for thread: 0x000000000168e000
RSI=0x00007f6d8b41c9ef is an unknown value
RDI=0x00007f6d94533732 is an unknown value
R8 =0x00007f6d94533720 is an unknown value
R9 =0x00007f6d94000070 is an unknown value
R10=0x00007f6d8b41c9ef is an unknown value
R11=0x00007f6da3ace610: <offset 0x155610> in /lib/x86_64-linux-gnu/libc.so.6 at 0x00007f6da3979000
R12=0x0000000000000000 is an unknown value
R13=0x00007f6d94435890 is an unknown value
R14=0x00007f6d949f4f40 is an unknown value
R15=0x0000000000001600 is an unknown value


Stack: [0x00007f6d8b311000,0x00007f6d8b412000],  sp=0x00007f6d8b40eeb8,  free space=1015k
Native frames: (J=compiled Java code, j=interpreted, Vv=VM code, C=native code)
C  [libc.so.6+0x121300]  __nss_hosts_lookup+0xdce0
C  [libzip.so+0x5eb0]  ZIP_GetEntry+0xd0
C  [libzip.so+0x3af3]  Java_java_util_zip_ZipFile_getEntry+0xb3
J  java.util.zip.ZipFile.getEntry(J[BZ)J

Java frames: (J=compiled Java code, j=interpreted, Vv=VM code)
J  java.util.zip.ZipFile.getEntry(J[BZ)J
J  java.util.jar.JarFile.getEntry(Ljava/lang/String;)Ljava/util/zip/ZipEntry;
j  sun.net.www.protocol.jar.URLJarFile.getEntry(Ljava/lang/String;)Ljava/util/zip/ZipEntry;+2
j  sun.net.www.protocol.jar.JarURLConnection.connect()V+62
j  sun.net.www.protocol.jar.JarURLConnection.getInputStream()Ljava/io/InputStream;+1
j  java.net.URL.openStream()Ljava/io/InputStream;+4
j  sun.misc.URLClassPath$Loader.findResource(Ljava/lang/String;Z)Ljava/net/URL;+85
j  sun.misc.URLClassPath.findResource(Ljava/lang/String;Z)Ljava/net/URL;+17
j  java.net.URLClassLoader$2.run()Ljava/net/URL;+12
j  java.net.URLClassLoader$2.run()Ljava/lang/Object;+1
v  ~StubRoutines::call_stub
j  java.security.AccessController.doPrivileged(Ljava/security/PrivilegedAction;Ljava/security/AccessControlContext;)Ljava/lang/Object;+0
j  java.net.URLClassLoader.findResource(Ljava/lang/String;)Ljava/net/URL;+13
j  java.lang.ClassLoader.getResource(Ljava/lang/String;)Ljava/net/URL;+30
j  java.lang.Class.getResource(Ljava/lang/String;)Ljava/net/URL;+22
j  edu.wpi.cs.wpisuitetng.modules.planningpoker.view.ImageLoader.getImage(Ljava/lang/String;)Ljava/awt/image/BufferedImage;+48
j  edu.wpi.cs.wpisuitetng.modules.planningpoker.view.ImageLoader.getIcon(Ljava/lang/String;)Ljavax/swing/ImageIcon;+3
j  edu.wpi.cs.wpisuitetng.modules.planningpoker.view.main.GamesListTreeCellRenderer.getTreeCellRendererComponent(Ljavax/swing/JTree;Ljava/lang/Object;ZZZIZ)Ljava/awt/Component;+114
j  javax.swing.plaf.basic.BasicTreeUI$NodeDimensionsHandler.getNodeDimensions(Ljava/lang/Object;IIZLjava/awt/Rectangle;)Ljava/awt/Rectangle;+185
j  javax.swing.tree.AbstractLayoutCache.getNodeDimensions(Ljava/lang/Object;IIZLjava/awt/Rectangle;)Ljava/awt/Rectangle;+20
j  javax.swing.tree.VariableHeightLayoutCache$TreeStateNode.updatePreferredSize(I)V+24
j  javax.swing.tree.VariableHeightLayoutCache$TreeStateNode.expand(Z)V+185
j  javax.swing.tree.VariableHeightLayoutCache$TreeStateNode.expand()V+2
j  javax.swing.tree.VariableHeightLayoutCache.ensurePathIsExpanded(Ljavax/swing/tree/TreePath;Z)V+52
j  javax.swing.tree.VariableHeightLayoutCache.setExpandedState(Ljavax/swing/tree/TreePath;Z)V+11
j  javax.swing.plaf.basic.BasicTreeUI.updateExpandedDescendants(Ljavax/swing/tree/TreePath;)V+17
j  javax.swing.plaf.basic.BasicTreeUI$Handler.treeExpanded(Ljavax/swing/event/TreeExpansionEvent;)V+24
j  javax.swing.JTree.fireTreeExpanded(Ljavax/swing/tree/TreePath;)V+32
j  javax.swing.JTree.setExpandedState(Ljavax/swing/tree/TreePath;Z)V+401
j  javax.swing.JTree.expandPath(Ljavax/swing/tree/TreePath;)V+29
j  edu.wpi.cs.wpisuitetng.modules.planningpoker.view.main.GamesListPanel.updateTree()V+747
j  edu.wpi.cs.wpisuitetng.modules.planningpoker.view.main.GamesListPanel.access$000(Ledu/wpi/cs/wpisuitetng/modules/planningpoker/view/main/GamesListPanel;)V+1
j  edu.wpi.cs.wpisuitetng.modules.planningpoker.view.main.GamesListPanel$1.listUpdated()V+4
j  edu.wpi.cs.wpisuitetng.modules.planningpoker.model.GameListModel.updated()V+28
j  edu.wpi.cs.wpisuitetng.modules.planningpoker.model.GameListModel.setGames([Ledu/wpi/cs/wpisuitetng/modules/planningpoker/model/GameModel;)V+71
j  edu.wpi.cs.wpisuitetng.modules.planningpoker.controller.GetGamesController.receivedGames([Ledu/wpi/cs/wpisuitetng/modules/planningpoker/model/GameModel;)V+8
j  edu.wpi.cs.wpisuitetng.modules.planningpoker.controller.GetGamesRequestObserver.fail(Ledu/wpi/cs/wpisuitetng/network/models/IRequest;Ljava/lang/Exception;)V+20
j  edu.wpi.cs.wpisuitetng.network.Request.notifyObserversFail(Ljava/lang/Exception;)V+43
j  edu.wpi.cs.wpisuitetng.network.RequestActor.run()V+468
v  ~StubRoutines::call_stub

---------------  P R O C E S S  ---------------

Java Threads: ( => current thread )
=>0x000000000168e000 JavaThread "Thread-9" [_thread_in_native, id=8759, stack(0x00007f6d8b311000,0x00007f6d8b412000)]
  0x00007f6d945ec000 JavaThread "Long Polling Notification Client" [_thread_in_vm, id=8648, stack(0x00007f6d8aefe000,0x00007f6d8afff000)]
  0x0000000001a6e800 JavaThread "TimerQueue" daemon [_thread_blocked, id=8630, stack(0x00007f6d8b205000,0x00007f6d8b306000)]
  0x000000000138d800 JavaThread "DestroyJavaVM" [_thread_blocked, id=8612, stack(0x00007f6da4649000,0x00007f6da474a000)]
  0x00007f6d94485800 JavaThread "AWT-EventQueue-0" [_thread_blocked, id=8628, stack(0x00007f6d8b41d000,0x00007f6d8b51e000)]
  0x00007f6d94484000 JavaThread "AWT-Shutdown" [_thread_blocked, id=8627, stack(0x00007f6d8b51e000,0x00007f6d8b61f000)]
  0x00007f6d941d4800 JavaThread "AWT-XAWT" daemon [_thread_in_native, id=8626, stack(0x00007f6d8bd29000,0x00007f6d8be2a000)]
  0x00007f6d941a0000 JavaThread "Java2D Disposer" daemon [_thread_blocked, id=8625, stack(0x00007f6d8be2a000,0x00007f6d8bf2b000)]
  0x00007f6d94003800 JavaThread "Service Thread" daemon [_thread_blocked, id=8623, stack(0x00007f6d980c7000,0x00007f6d981c8000)]
  0x00007f6d94001000 JavaThread "C2 CompilerThread1" daemon [_thread_blocked, id=8622, stack(0x00007f6d981c8000,0x00007f6d982c9000)]
  0x0000000001498000 JavaThread "C2 CompilerThread0" daemon [_thread_blocked, id=8621, stack(0x00007f6d982c9000,0x00007f6d983ca000)]
  0x0000000001495800 JavaThread "Signal Dispatcher" daemon [_thread_blocked, id=8620, stack(0x00007f6d983ca000,0x00007f6d984cb000)]
  0x0000000001436800 JavaThread "Finalizer" daemon [_thread_blocked, id=8619, stack(0x00007f6d98642000,0x00007f6d98743000)]
  0x0000000001434000 JavaThread "Reference Handler" daemon [_thread_blocked, id=8618, stack(0x00007f6d98743000,0x00007f6d98844000)]

Other Threads:
  0x000000000142b800 VMThread [stack: 0x00007f6d98844000,0x00007f6d98945000] [id=8617]
  0x00007f6d9400e800 WatcherThread [stack: 0x00007f6d93eff000,0x00007f6d94000000] [id=8624]

VM state:not at safepoint (normal execution)

VM Mutex/Monitor currently owned by a thread: None

Heap
 PSYoungGen      total 27392K, used 6629K [0x00000000e1600000, 0x00000000e3490000, 0x0000000100000000)
  eden space 23488K, 11% used [0x00000000e1600000,0x00000000e18ac978,0x00000000e2cf0000)
  from space 3904K, 99% used [0x00000000e30c0000,0x00000000e348cd60,0x00000000e3490000)
  to   space 3904K, 0% used [0x00000000e2cf0000,0x00000000e2cf0000,0x00000000e30c0000)
 ParOldGen       total 62720K, used 2183K [0x00000000a4200000, 0x00000000a7f40000, 0x00000000e1600000)
  object space 62720K, 3% used [0x00000000a4200000,0x00000000a4421d38,0x00000000a7f40000)
 PSPermGen       total 22208K, used 22174K [0x0000000099c00000, 0x000000009b1b0000, 0x00000000a4200000)
  object space 22208K, 99% used [0x0000000099c00000,0x000000009b1a79b8,0x000000009b1b0000)

Card table byte_map: [0x00007f6d9e163000,0x00007f6d9e496000] byte_map_base: 0x00007f6d9dc95000

Polling page: 0x00007f6da4765000

Code Cache  [0x00007f6d9e496000, 0x00007f6d9e706000, 0x00007f6da1496000)
 total_blobs=721 nmethods=176 adapters=497 free_code_cache=48284Kb largest_free_block=49401152

Compilation events (10 events):
Event: 9.893 Thread 0x0000000001498000  181             sun.awt.SunToolkit::awtUnlock (7 bytes)
Event: 9.898 Thread 0x0000000001498000 nmethod 181 0x00007f6d9e573790 code [0x00007f6d9e5738e0, 0x00007f6d9e573a68]
Event: 153.003 Thread 0x00007f6d94001000  182             java.awt.Component::isVisible_NoClientCode (5 bytes)
Event: 153.004 Thread 0x00007f6d94001000 nmethod 182 0x00007f6d9e56f2d0 code [0x00007f6d9e56f400, 0x00007f6d9e56f458]
Event: 153.008 Thread 0x0000000001498000  183             java.awt.Component::isValid (20 bytes)
Event: 153.009 Thread 0x0000000001498000 nmethod 183 0x00007f6d9e532250 code [0x00007f6d9e532380, 0x00007f6d9e5323f8]
Event: 153.013 Thread 0x0000000001498000  184             java.awt.Rectangle::<init> (26 bytes)
Event: 153.013 Thread 0x0000000001498000 nmethod 184 0x00007f6d9e535550 code [0x00007f6d9e535680, 0x00007f6d9e5356d8]
Event: 153.013 Thread 0x0000000001498000  185             java.awt.geom.RectangularShape::<init> (5 bytes)
Event: 153.013 Thread 0x0000000001498000 nmethod 185 0x00007f6d9e535350 code [0x00007f6d9e535480, 0x00007f6d9e5354d8]

GC Heap History (4 events):
Event: 0.801 GC heap before
{Heap before GC invocations=1 (full 0):
 PSYoungGen      total 27392K, used 23488K [0x00000000e1600000, 0x00000000e3490000, 0x0000000100000000)
  eden space 23488K, 100% used [0x00000000e1600000,0x00000000e2cf0000,0x00000000e2cf0000)
  from space 3904K, 0% used [0x00000000e30c0000,0x00000000e30c0000,0x00000000e3490000)
  to   space 3904K, 0% used [0x00000000e2cf0000,0x00000000e2cf0000,0x00000000e30c0000)
 ParOldGen       total 62720K, used 0K [0x00000000a4200000, 0x00000000a7f40000, 0x00000000e1600000)
  object space 62720K, 0% used [0x00000000a4200000,0x00000000a4200000,0x00000000a7f40000)
 PSPermGen       total 21248K, used 17208K [0x0000000099c00000, 0x000000009b0c0000, 0x00000000a4200000)
  object space 21248K, 80% used [0x0000000099c00000,0x000000009acce068,0x000000009b0c0000)
Event: 0.808 GC heap after
Heap after GC invocations=1 (full 0):
 PSYoungGen      total 27392K, used 3889K [0x00000000e1600000, 0x00000000e3490000, 0x0000000100000000)
  eden space 23488K, 0% used [0x00000000e1600000,0x00000000e1600000,0x00000000e2cf0000)
  from space 3904K, 99% used [0x00000000e2cf0000,0x00000000e30bc6e8,0x00000000e30c0000)
  to   space 3904K, 0% used [0x00000000e30c0000,0x00000000e30c0000,0x00000000e3490000)
 ParOldGen       total 62720K, used 792K [0x00000000a4200000, 0x00000000a7f40000, 0x00000000e1600000)
  object space 62720K, 1% used [0x00000000a4200000,0x00000000a42c6018,0x00000000a7f40000)
 PSPermGen       total 21248K, used 17208K [0x0000000099c00000, 0x000000009b0c0000, 0x00000000a4200000)
  object space 21248K, 80% used [0x0000000099c00000,0x000000009acce068,0x000000009b0c0000)
}
Event: 6.597 GC heap before
{Heap before GC invocations=2 (full 0):
 PSYoungGen      total 27392K, used 27377K [0x00000000e1600000, 0x00000000e3490000, 0x0000000100000000)
  eden space 23488K, 100% used [0x00000000e1600000,0x00000000e2cf0000,0x00000000e2cf0000)
  from space 3904K, 99% used [0x00000000e2cf0000,0x00000000e30bc6e8,0x00000000e30c0000)
  to   space 3904K, 0% used [0x00000000e30c0000,0x00000000e30c0000,0x00000000e3490000)
 ParOldGen       total 62720K, used 792K [0x00000000a4200000, 0x00000000a7f40000, 0x00000000e1600000)
  object space 62720K, 1% used [0x00000000a4200000,0x00000000a42c6018,0x00000000a7f40000)
 PSPermGen       total 22208K, used 22064K [0x0000000099c00000, 0x000000009b1b0000, 0x00000000a4200000)
  object space 22208K, 99% used [0x0000000099c00000,0x000000009b18c350,0x000000009b1b0000)
Event: 6.607 GC heap after
Heap after GC invocations=2 (full 0):
 PSYoungGen      total 27392K, used 3891K [0x00000000e1600000, 0x00000000e3490000, 0x0000000100000000)
  eden space 23488K, 0% used [0x00000000e1600000,0x00000000e1600000,0x00000000e2cf0000)
  from space 3904K, 99% used [0x00000000e30c0000,0x00000000e348cd60,0x00000000e3490000)
  to   space 3904K, 0% used [0x00000000e2cf0000,0x00000000e2cf0000,0x00000000e30c0000)
 ParOldGen       total 62720K, used 2183K [0x00000000a4200000, 0x00000000a7f40000, 0x00000000e1600000)
  object space 62720K, 3% used [0x00000000a4200000,0x00000000a4421d38,0x00000000a7f40000)
 PSPermGen       total 22208K, used 22064K [0x0000000099c00000, 0x000000009b1b0000, 0x00000000a4200000)
  object space 22208K, 99% used [0x0000000099c00000,0x000000009b18c350,0x000000009b1b0000)
}

Deoptimization events (10 events):
Event: 0.925 Thread 0x00007f6d94485800 Uncommon trap -58 fr.pc 0x00007f6d9e555980
Event: 3.063 Thread 0x00007f6d94485800 Uncommon trap -58 fr.pc 0x00007f6d9e555980
Event: 3.079 Thread 0x00007f6d94485800 Uncommon trap -58 fr.pc 0x00007f6d9e555980
Event: 4.431 Thread 0x00007f6d94a21000 Uncommon trap -58 fr.pc 0x00007f6d9e555980
Event: 4.662 Thread 0x0000000001a93800 Uncommon trap -83 fr.pc 0x00007f6d9e52f3f0
Event: 6.179 Thread 0x0000000001aaf000 Uncommon trap -58 fr.pc 0x00007f6d9e5714c4
Event: 6.179 Thread 0x0000000001aaf000 Uncommon trap -58 fr.pc 0x00007f6d9e5714c4
Event: 6.261 Thread 0x00007f6d94a28000 Uncommon trap -58 fr.pc 0x00007f6d9e5714c4
Event: 6.279 Thread 0x00007f6d94a28000 Uncommon trap -58 fr.pc 0x00007f6d9e5714c4
Event: 6.382 Thread 0x0000000001654800 Uncommon trap -83 fr.pc 0x00007f6d9e566490

Internal exceptions (10 events):
Event: 153.004 Thread 0x00007f6d945ec000 Threw 0x00000000e1878c60 at /home/jmm/scratch/jdk/openjdk-7-7u25-2.3.10/build/openjdk/hotspot/src/share/vm/prims/jni.cpp:716
Event: 153.004 Thread 0x00007f6d945ec000 Threw 0x00000000e18793c8 at /home/jmm/scratch/jdk/openjdk-7-7u25-2.3.10/build/openjdk/hotspot/src/share/vm/prims/jni.cpp:716
Event: 153.007 Thread 0x00007f6d945ec000 Threw 0x00000000e1879b30 at /home/jmm/scratch/jdk/openjdk-7-7u25-2.3.10/build/openjdk/hotspot/src/share/vm/prims/jni.cpp:716
Event: 153.007 Thread 0x00007f6d945ec000 Threw 0x00000000e187a298 at /home/jmm/scratch/jdk/openjdk-7-7u25-2.3.10/build/openjdk/hotspot/src/share/vm/prims/jni.cpp:716
Event: 153.008 Thread 0x00007f6d945ec000 Threw 0x00000000e187aa00 at /home/jmm/scratch/jdk/openjdk-7-7u25-2.3.10/build/openjdk/hotspot/src/share/vm/prims/jni.cpp:716
Event: 153.008 Thread 0x00007f6d945ec000 Threw 0x00000000e187b168 at /home/jmm/scratch/jdk/openjdk-7-7u25-2.3.10/build/openjdk/hotspot/src/share/vm/prims/jni.cpp:716
Event: 153.008 Thread 0x00007f6d945ec000 Threw 0x00000000e1899058 at /home/jmm/scratch/jdk/openjdk-7-7u25-2.3.10/build/openjdk/hotspot/src/share/vm/prims/jni.cpp:716
Event: 153.008 Thread 0x00007f6d945ec000 Threw 0x00000000e18997c0 at /home/jmm/scratch/jdk/openjdk-7-7u25-2.3.10/build/openjdk/hotspot/src/share/vm/prims/jni.cpp:716
Event: 153.008 Thread 0x00007f6d945ec000 Threw 0x00000000e1899f28 at /home/jmm/scratch/jdk/openjdk-7-7u25-2.3.10/build/openjdk/hotspot/src/share/vm/prims/jni.cpp:716
Event: 153.021 Thread 0x00007f6d945ec000 Threw 0x00000000e189a690 at /home/jmm/scratch/jdk/openjdk-7-7u25-2.3.10/build/openjdk/hotspot/src/share/vm/prims/jni.cpp:716

Events (10 events):
Event: 153.008 Executing VM operation: RevokeBias
Event: 153.008 Executing VM operation: RevokeBias done
Event: 153.009 Thread 0x0000000001498000 flushing nmethod 0x00007f6d9e533f50
Event: 153.009 Thread 0x0000000001498000 flushing nmethod 0x00007f6d9e535350
Event: 153.009 Thread 0x0000000001498000 flushing nmethod 0x00007f6d9e535550
Event: 153.013 Thread 0x0000000001498000 flushing nmethod 0x00007f6d9e540d90
Event: 153.013 Thread 0x0000000001498000 flushing nmethod 0x00007f6d9e541d90
Event: 153.013 Thread 0x0000000001498000 flushing nmethod 0x00007f6d9e542ed0
Event: 153.017 Executing VM operation: RevokeBias
Event: 153.021 Executing VM operation: RevokeBias done


Dynamic libraries:
00400000-00401000 r-xp 00000000 08:11 75119                              /usr/lib/jvm/java-7-openjdk-amd64/jre/bin/java
00600000-00601000 r--p 00000000 08:11 75119                              /usr/lib/jvm/java-7-openjdk-amd64/jre/bin/java
00601000-00602000 rw-p 00001000 08:11 75119                              /usr/lib/jvm/java-7-openjdk-amd64/jre/bin/java
0137f000-01b59000 rw-p 00000000 00:00 0                                  [heap]
99c00000-9b1b0000 rw-p 00000000 00:00 0 
9b1b0000-a4200000 rw-p 00000000 00:00 0 
a4200000-a7f40000 rw-p 00000000 00:00 0 
a7f40000-e1600000 rw-p 00000000 00:00 0 
e1600000-e3490000 rw-p 00000000 00:00 0 
e3490000-100000000 rw-p 00000000 00:00 0 
7f6d8aefe000-7f6d8af01000 ---p 00000000 00:00 0 
7f6d8af01000-7f6d8afff000 rw-p 00000000 00:00 0 
7f6d8afff000-7f6d8b003000 rw-s 00000000 00:04 206897166                  /SYSV00000000 (deleted)
7f6d8b003000-7f6d8b006000 ---p 00000000 00:00 0 
7f6d8b006000-7f6d8b104000 rw-p 00000000 00:00 0 
7f6d8b104000-7f6d8b107000 ---p 00000000 00:00 0 
7f6d8b107000-7f6d8b205000 rw-p 00000000 00:00 0 
7f6d8b205000-7f6d8b208000 ---p 00000000 00:00 0 
7f6d8b208000-7f6d8b306000 rw-p 00000000 00:00 0 
7f6d8b306000-7f6d8b30a000 r--s 00017000 08:11 1708307                    /home/akshay/git/wpi-suite/Janeway/modules/DefectTracker.jar
7f6d8b30a000-7f6d8b311000 r--s 00039000 08:11 1708191                    /home/akshay/git/wpi-suite/Janeway/modules/RequirementManager.jar
7f6d8b311000-7f6d8b314000 ---p 00000000 00:00 0 
7f6d8b314000-7f6d8b412000 rw-p 00000000 00:00 0 
7f6d8b412000-7f6d8b417000 r--s 0004c000 08:11 18948                      /usr/lib/jvm/java-7-openjdk-common/jre/lib/jsse.jar
7f6d8b417000-7f6d8b41d000 r--s 0008c000 08:11 1708305                    /home/akshay/git/wpi-suite/Janeway/modules/PlanningPoker.jar
7f6d8b41d000-7f6d8b420000 ---p 00000000 00:00 0 
7f6d8b420000-7f6d8b51e000 rw-p 00000000 00:00 0 
7f6d8b51e000-7f6d8b521000 ---p 00000000 00:00 0 
7f6d8b521000-7f6d8b61f000 rw-p 00000000 00:00 0 
7f6d8b61f000-7f6d8b62f000 r-xp 00000000 08:11 75087                      /usr/lib/jvm/java-7-openjdk-amd64/jre/lib/amd64/libnio.so
7f6d8b62f000-7f6d8b82f000 ---p 00010000 08:11 75087                      /usr/lib/jvm/java-7-openjdk-amd64/jre/lib/amd64/libnio.so
7f6d8b82f000-7f6d8b830000 r--p 00010000 08:11 75087                      /usr/lib/jvm/java-7-openjdk-amd64/jre/lib/amd64/libnio.so
7f6d8b830000-7f6d8b831000 rw-p 00011000 08:11 75087                      /usr/lib/jvm/java-7-openjdk-amd64/jre/lib/amd64/libnio.so
7f6d8b831000-7f6d8b862000 rw-p 00000000 00:00 0 
7f6d8b862000-7f6d8b878000 r-xp 00000000 08:11 75098                      /usr/lib/jvm/java-7-openjdk-amd64/jre/lib/amd64/libnet.so
7f6d8b878000-7f6d8ba77000 ---p 00016000 08:11 75098                      /usr/lib/jvm/java-7-openjdk-amd64/jre/lib/amd64/libnet.so
7f6d8ba77000-7f6d8ba78000 r--p 00015000 08:11 75098                      /usr/lib/jvm/java-7-openjdk-amd64/jre/lib/amd64/libnet.so
7f6d8ba78000-7f6d8ba79000 rw-p 00016000 08:11 75098                      /usr/lib/jvm/java-7-openjdk-amd64/jre/lib/amd64/libnet.so
7f6d8ba79000-7f6d8bac5000 r-xp 00000000 08:11 75074                      /usr/lib/jvm/java-7-openjdk-amd64/jre/lib/amd64/libfontmanager.so
7f6d8bac5000-7f6d8bcc4000 ---p 0004c000 08:11 75074                      /usr/lib/jvm/java-7-openjdk-amd64/jre/lib/amd64/libfontmanager.so
7f6d8bcc4000-7f6d8bcc7000 r--p 0004b000 08:11 75074                      /usr/lib/jvm/java-7-openjdk-amd64/jre/lib/amd64/libfontmanager.so
7f6d8bcc7000-7f6d8bcc8000 rw-p 0004e000 08:11 75074                      /usr/lib/jvm/java-7-openjdk-amd64/jre/lib/amd64/libfontmanager.so
7f6d8bcc8000-7f6d8bcc9000 r--s 00003000 08:11 1707693                    /home/akshay/git/wpi-suite/Janeway/modules/PostBoard.jar
7f6d8bcc9000-7f6d8bccb000 r--s 0000b000 08:11 918082                     /home/akshay/git/wpi-suite/Janeway/lib/commons-email-1.3.2.jar
7f6d8bccb000-7f6d8bcd3000 r--s 0007e000 08:11 918085                     /home/akshay/git/wpi-suite/Janeway/lib/javax.mail.jar
7f6d8bcd3000-7f6d8bcf0000 r--s 0014f000 08:11 918089                     /home/akshay/git/wpi-suite/Janeway/lib/swingx-all-1.6.4.jar
7f6d8bcf0000-7f6d8bcf1000 r--s 00012000 08:11 918088                     /home/akshay/git/wpi-suite/Janeway/lib/miglayout-4.0-swing.jar
7f6d8bcf1000-7f6d8bd01000 r--s 00155000 08:11 918087                     /home/akshay/git/wpi-suite/Janeway/lib/jfreechart-1.0.14.jar
7f6d8bd01000-7f6d8bd07000 r--s 00046000 08:11 918086                     /home/akshay/git/wpi-suite/Janeway/lib/jcommon-1.0.17.jar
7f6d8bd07000-7f6d8bd13000 r--s 00105000 08:11 918084                     /home/akshay/git/wpi-suite/Janeway/lib/iText-2.1.5.jar
7f6d8bd13000-7f6d8bd18000 r--s 00034000 08:11 918083                     /home/akshay/git/wpi-suite/Janeway/lib/gnujaxp.jar
7f6d8bd18000-7f6d8bd1b000 r--s 0002e000 08:11 139157                     /home/akshay/apache-tomcat-7.0.52/lib/servlet-api.jar
7f6d8bd1b000-7f6d8bd1d000 r--s 0000c000 08:11 139148                     /home/akshay/apache-tomcat-7.0.52/lib/catalina-ant.jar
7f6d8bd1d000-7f6d8bd1f000 r--s 0001f000 08:11 139149                     /home/akshay/apache-tomcat-7.0.52/lib/catalina-ha.jar
7f6d8bd1f000-7f6d8bd21000 r--s 00007000 08:11 139167                     /home/akshay/apache-tomcat-7.0.52/lib/websocket-api.jar
7f6d8bd21000-7f6d8bd25000 r--s 00028000 08:11 139166                     /home/akshay/apache-tomcat-7.0.52/lib/tomcat7-websocket.jar
7f6d8bd25000-7f6d8bd27000 r--s 00003000 08:11 139147                     /home/akshay/apache-tomcat-7.0.52/lib/annotations-api.jar
7f6d8bd27000-7f6d8bd29000 r--s 0001d000 08:11 139164                     /home/akshay/apache-tomcat-7.0.52/lib/tomcat-jdbc.jar
7f6d8bd29000-7f6d8bd2c000 ---p 00000000 00:00 0 
7f6d8bd2c000-7f6d8be2a000 rw-p 00000000 00:00 0 
7f6d8be2a000-7f6d8be2d000 ---p 00000000 00:00 0 
7f6d8be2d000-7f6d8bf2b000 rw-p 00000000 00:00 0 
7f6d8bf2b000-7f6d8bf2e000 r-xp 00000000 08:11 3933093                    /lib/x86_64-linux-gnu/libgpg-error.so.0.8.0
7f6d8bf2e000-7f6d8c12d000 ---p 00003000 08:11 3933093                    /lib/x86_64-linux-gnu/libgpg-error.so.0.8.0
7f6d8c12d000-7f6d8c12e000 rw-p 00002000 08:11 3933093                    /lib/x86_64-linux-gnu/libgpg-error.so.0.8.0
7f6d8c12e000-7f6d8c172000 r-xp 00000000 08:11 3933050                    /lib/x86_64-linux-gnu/libdbus-1.so.3.7.2
7f6d8c172000-7f6d8c372000 ---p 00044000 08:11 3933050                    /lib/x86_64-linux-gnu/libdbus-1.so.3.7.2
7f6d8c372000-7f6d8c373000 r--p 00044000 08:11 3933050                    /lib/x86_64-linux-gnu/libdbus-1.so.3.7.2
7f6d8c373000-7f6d8c374000 rw-p 00045000 08:11 3933050                    /lib/x86_64-linux-gnu/libdbus-1.so.3.7.2
7f6d8c374000-7f6d8c385000 r-xp 00000000 08:11 17230                      /usr/lib/x86_64-linux-gnu/libp11-kit.so.0.0.0
7f6d8c385000-7f6d8c584000 ---p 00011000 08:11 17230                      /usr/lib/x86_64-linux-gnu/libp11-kit.so.0.0.0
7f6d8c584000-7f6d8c585000 r--p 00010000 08:11 17230                      /usr/lib/x86_64-linux-gnu/libp11-kit.so.0.0.0
7f6d8c585000-7f6d8c586000 rw-p 00011000 08:11 17230                      /usr/lib/x86_64-linux-gnu/libp11-kit.so.0.0.0
7f6d8c586000-7f6d8c600000 r-xp 00000000 08:11 3933044                    /lib/x86_64-linux-gnu/libgcrypt.so.11.7.0
7f6d8c600000-7f6d8c800000 ---p 0007a000 08:11 3933044                    /lib/x86_64-linux-gnu/libgcrypt.so.11.7.0
7f6d8c800000-7f6d8c801000 r--p 0007a000 08:11 3933044                    /lib/x86_64-linux-gnu/libgcrypt.so.11.7.0
7f6d8c801000-7f6d8c804000 rw-p 0007b000 08:11 3933044                    /lib/x86_64-linux-gnu/libgcrypt.so.11.7.0
7f6d8c804000-7f6d8c814000 r-xp 00000000 08:11 17357                      /usr/lib/x86_64-linux-gnu/libtasn1.so.3.1.16
7f6d8c814000-7f6d8ca13000 ---p 00010000 08:11 17357                      /usr/lib/x86_64-linux-gnu/libtasn1.so.3.1.16
7f6d8ca13000-7f6d8ca14000 r--p 0000f000 08:11 17357                      /usr/lib/x86_64-linux-gnu/libtasn1.so.3.1.16
7f6d8ca14000-7f6d8ca15000 rw-p 00010000 08:11 17357                      /usr/lib/x86_64-linux-gnu/libtasn1.so.3.1.16
7f6d8ca15000-7f6d8ca18000 r-xp 00000000 08:11 3933102                    /lib/x86_64-linux-gnu/libkeyutils.so.1.4
7f6d8ca18000-7f6d8cc17000 ---p 00003000 08:11 3933102                    /lib/x86_64-linux-gnu/libkeyutils.so.1.4
7f6d8cc17000-7f6d8cc18000 r--p 00002000 08:11 3933102                    /lib/x86_64-linux-gnu/libkeyutils.so.1.4
7f6d8cc18000-7f6d8cc19000 rw-p 00003000 08:11 3933102                    /lib/x86_64-linux-gnu/libkeyutils.so.1.4
7f6d8cc19000-7f6d8cc21000 r-xp 00000000 08:11 15952                      /usr/lib/x86_64-linux-gnu/libkrb5support.so.0.1
7f6d8cc21000-7f6d8ce20000 ---p 00008000 08:11 15952                      /usr/lib/x86_64-linux-gnu/libkrb5support.so.0.1
7f6d8ce20000-7f6d8ce21000 r--p 00007000 08:11 15952                      /usr/lib/x86_64-linux-gnu/libkrb5support.so.0.1
7f6d8ce21000-7f6d8ce22000 rw-p 00008000 08:11 15952                      /usr/lib/x86_64-linux-gnu/libkrb5support.so.0.1
7f6d8ce22000-7f6d8ce25000 r-xp 00000000 08:11 3933070                    /lib/x86_64-linux-gnu/libcom_err.so.2.1
7f6d8ce25000-7f6d8d024000 ---p 00003000 08:11 3933070                    /lib/x86_64-linux-gnu/libcom_err.so.2.1
7f6d8d024000-7f6d8d025000 r--p 00002000 08:11 3933070                    /lib/x86_64-linux-gnu/libcom_err.so.2.1
7f6d8d025000-7f6d8d026000 rw-p 00003000 08:11 3933070                    /lib/x86_64-linux-gnu/libcom_err.so.2.1
7f6d8d026000-7f6d8d04c000 r-xp 00000000 08:11 15946                      /usr/lib/x86_64-linux-gnu/libk5crypto.so.3.1
7f6d8d04c000-7f6d8d24c000 ---p 00026000 08:11 15946                      /usr/lib/x86_64-linux-gnu/libk5crypto.so.3.1
7f6d8d24c000-7f6d8d24d000 r--p 00026000 08:11 15946                      /usr/lib/x86_64-linux-gnu/libk5crypto.so.3.1
7f6d8d24d000-7f6d8d24e000 rw-p 00027000 08:11 15946                      /usr/lib/x86_64-linux-gnu/libk5crypto.so.3.1
7f6d8d24e000-7f6d8d24f000 rw-p 00000000 00:00 0 
7f6d8d24f000-7f6d8d318000 r-xp 00000000 08:11 15950                      /usr/lib/x86_64-linux-gnu/libkrb5.so.3.3
7f6d8d318000-7f6d8d517000 ---p 000c9000 08:11 15950                      /usr/lib/x86_64-linux-gnu/libkrb5.so.3.3
7f6d8d517000-7f6d8d521000 r--p 000c8000 08:11 15950                      /usr/lib/x86_64-linux-gnu/libkrb5.so.3.3
7f6d8d521000-7f6d8d523000 rw-p 000d2000 08:11 15950                      /usr/lib/x86_64-linux-gnu/libkrb5.so.3.3
7f6d8d523000-7f6d8d528000 r-xp 00000000 08:11 16707                      /usr/lib/x86_64-linux-gnu/libXdmcp.so.6.0.0
7f6d8d528000-7f6d8d727000 ---p 00005000 08:11 16707                      /usr/lib/x86_64-linux-gnu/libXdmcp.so.6.0.0
7f6d8d727000-7f6d8d728000 rw-p 00004000 08:11 16707                      /usr/lib/x86_64-linux-gnu/libXdmcp.so.6.0.0
7f6d8d728000-7f6d8d72a000 r-xp 00000000 08:11 16698                      /usr/lib/x86_64-linux-gnu/libXau.so.6.0.0
7f6d8d72a000-7f6d8d92a000 ---p 00002000 08:11 16698                      /usr/lib/x86_64-linux-gnu/libXau.so.6.0.0
7f6d8d92a000-7f6d8d92b000 rw-p 00002000 08:11 16698                      /usr/lib/x86_64-linux-gnu/libXau.so.6.0.0
7f6d8d92b000-7f6d8d93b000 r-xp 00000000 08:11 16746                      /usr/lib/x86_64-linux-gnu/libavahi-client.so.3.2.9
7f6d8d93b000-7f6d8db3a000 ---p 00010000 08:11 16746                      /usr/lib/x86_64-linux-gnu/libavahi-client.so.3.2.9
7f6d8db3a000-7f6d8db3b000 r--p 0000f000 08:11 16746                      /usr/lib/x86_64-linux-gnu/libavahi-client.so.3.2.9
7f6d8db3b000-7f6d8db3c000 rw-p 00010000 08:11 16746                      /usr/lib/x86_64-linux-gnu/libavahi-client.so.3.2.9
7f6d8db3c000-7f6d8db48000 r-xp 00000000 08:11 16748                      /usr/lib/x86_64-linux-gnu/libavahi-common.so.3.5.3
7f6d8db48000-7f6d8dd47000 ---p 0000c000 08:11 16748                      /usr/lib/x86_64-linux-gnu/libavahi-common.so.3.5.3
7f6d8dd47000-7f6d8dd48000 r--p 0000b000 08:11 16748                      /usr/lib/x86_64-linux-gnu/libavahi-common.so.3.5.3
7f6d8dd48000-7f6d8dd49000 rw-p 0000c000 08:11 16748                      /usr/lib/x86_64-linux-gnu/libavahi-common.so.3.5.3
7f6d8dd49000-7f6d8de02000 r-xp 00000000 08:11 15929                      /usr/lib/x86_64-linux-gnu/libgnutls.so.26.22.4
7f6d8de02000-7f6d8e001000 ---p 000b9000 08:11 15929                      /usr/lib/x86_64-linux-gnu/libgnutls.so.26.22.4
7f6d8e001000-7f6d8e007000 r--p 000b8000 08:11 15929                      /usr/lib/x86_64-linux-gnu/libgnutls.so.26.22.4
7f6d8e007000-7f6d8e009000 rw-p 000be000 08:11 15929                      /usr/lib/x86_64-linux-gnu/libgnutls.so.26.22.4
7f6d8e009000-7f6d8e045000 r-xp 00000000 08:11 15948                      /usr/lib/x86_64-linux-gnu/libgssapi_krb5.so.2.2
7f6d8e045000-7f6d8e245000 ---p 0003c000 08:11 15948                      /usr/lib/x86_64-linux-gnu/libgssapi_krb5.so.2.2
7f6d8e245000-7f6d8e246000 r--p 0003c000 08:11 15948                      /usr/lib/x86_64-linux-gnu/libgssapi_krb5.so.2.2
7f6d8e246000-7f6d8e248000 rw-p 0003d000 08:11 15948                      /usr/lib/x86_64-linux-gnu/libgssapi_krb5.so.2.2
7f6d8e248000-7f6d8e284000 r-xp 00000000 08:11 3933149                    /lib/x86_64-linux-gnu/libpcre.so.3.13.1
7f6d8e284000-7f6d8e484000 ---p 0003c000 08:11 3933149                    /lib/x86_64-linux-gnu/libpcre.so.3.13.1
7f6d8e484000-7f6d8e485000 rw-p 0003c000 08:11 3933149                    /lib/x86_64-linux-gnu/libpcre.so.3.13.1
7f6d8e485000-7f6d8e491000 r-xp 00000000 08:11 16866                      /usr/lib/x86_64-linux-gnu/libffi.so.5.0.10
7f6d8e491000-7f6d8e691000 ---p 0000c000 08:11 16866                      /usr/lib/x86_64-linux-gnu/libffi.so.5.0.10
7f6d8e691000-7f6d8e692000 rw-p 0000c000 08:11 16866                      /usr/lib/x86_64-linux-gnu/libffi.so.5.0.10
7f6d8e692000-7f6d8e6b9000 r-xp 00000000 08:11 3933046                    /lib/x86_64-linux-gnu/libexpat.so.1.6.0
7f6d8e6b9000-7f6d8e8b9000 ---p 00027000 08:11 3933046                    /lib/x86_64-linux-gnu/libexpat.so.1.6.0
7f6d8e8b9000-7f6d8e8bb000 r--p 00027000 08:11 3933046                    /lib/x86_64-linux-gnu/libexpat.so.1.6.0
7f6d8e8bb000-7f6d8e8bc000 rw-p 00029000 08:11 3933046                    /lib/x86_64-linux-gnu/libexpat.so.1.6.0
7f6d8e8bc000-7f6d8e8c4000 r-xp 00000000 08:11 16144                      /usr/lib/x86_64-linux-gnu/libxcb-render.so.0.0.0
7f6d8e8c4000-7f6d8eac4000 ---p 00008000 08:11 16144                      /usr/lib/x86_64-linux-gnu/libxcb-render.so.0.0.0
7f6d8eac4000-7f6d8eac5000 r--p 00008000 08:11 16144                      /usr/lib/x86_64-linux-gnu/libxcb-render.so.0.0.0
7f6d8eac5000-7f6d8eac6000 rw-p 00009000 08:11 16144                      /usr/lib/x86_64-linux-gnu/libxcb-render.so.0.0.0
7f6d8eac6000-7f6d8eac8000 r-xp 00000000 08:11 17504                      /usr/lib/x86_64-linux-gnu/libxcb-shm.so.0.0.0
7f6d8eac8000-7f6d8ecc7000 ---p 00002000 08:11 17504                      /usr/lib/x86_64-linux-gnu/libxcb-shm.so.0.0.0
7f6d8ecc7000-7f6d8ecc8000 r--p 00001000 08:11 17504                      /usr/lib/x86_64-linux-gnu/libxcb-shm.so.0.0.0
7f6d8ecc8000-7f6d8ecc9000 rw-p 00002000 08:11 17504                      /usr/lib/x86_64-linux-gnu/libxcb-shm.so.0.0.0
7f6d8ecc9000-7f6d8ed49000 r-xp 00000000 08:11 17258                      /usr/lib/x86_64-linux-gnu/libpixman-1.so.0.26.0
7f6d8ed49000-7f6d8ef49000 ---p 00080000 08:11 17258                      /usr/lib/x86_64-linux-gnu/libpixman-1.so.0.26.0
7f6d8ef49000-7f6d8ef4f000 rw-p 00080000 08:11 17258                      /usr/lib/x86_64-linux-gnu/libpixman-1.so.0.26.0
7f6d8ef4f000-7f6d8ef75000 r-xp 00000000 08:11 3933151                    /lib/x86_64-linux-gnu/libpng12.so.0.49.0
7f6d8ef75000-7f6d8f174000 ---p 00026000 08:11 3933151                    /lib/x86_64-linux-gnu/libpng12.so.0.49.0
7f6d8f174000-7f6d8f175000 r--p 00025000 08:11 3933151                    /lib/x86_64-linux-gnu/libpng12.so.0.49.0
7f6d8f175000-7f6d8f176000 rw-p 00026000 08:11 3933151                    /lib/x86_64-linux-gnu/libpng12.so.0.49.0
7f6d8f176000-7f6d8f189000 r-xp 00000000 08:11 3933348                    /lib/x86_64-linux-gnu/libresolv-2.13.so
7f6d8f189000-7f6d8f388000 ---p 00013000 08:11 3933348                    /lib/x86_64-linux-gnu/libresolv-2.13.so
7f6d8f388000-7f6d8f389000 r--p 00012000 08:11 3933348                    /lib/x86_64-linux-gnu/libresolv-2.13.so
7f6d8f389000-7f6d8f38a000 rw-p 00013000 08:11 3933348                    /lib/x86_64-linux-gnu/libresolv-2.13.so
7f6d8f38a000-7f6d8f38c000 rw-p 00000000 00:00 0 
7f6d8f38c000-7f6d8f3aa000 r-xp 00000000 08:11 3933166                    /lib/x86_64-linux-gnu/libselinux.so.1
7f6d8f3aa000-7f6d8f5a9000 ---p 0001e000 08:11 3933166                    /lib/x86_64-linux-gnu/libselinux.so.1
7f6d8f5a9000-7f6d8f5aa000 r--p 0001d000 08:11 3933166                    /lib/x86_64-linux-gnu/libselinux.so.1
7f6d8f5aa000-7f6d8f5ab000 rw-p 0001e000 08:11 3933166                    /lib/x86_64-linux-gnu/libselinux.so.1
7f6d8f5ab000-7f6d8f5ac000 rw-p 00000000 00:00 0 
7f6d8f5ac000-7f6d8f5af000 r-xp 00000000 08:11 16957                      /usr/lib/x86_64-linux-gnu/libgmodule-2.0.so.0.3200.4
7f6d8f5af000-7f6d8f7ae000 ---p 00003000 08:11 16957                      /usr/lib/x86_64-linux-gnu/libgmodule-2.0.so.0.3200.4
7f6d8f7ae000-7f6d8f7af000 r--p 00002000 08:11 16957                      /usr/lib/x86_64-linux-gnu/libgmodule-2.0.so.0.3200.4
7f6d8f7af000-7f6d8f7b0000 rw-p 00003000 08:11 16957                      /usr/lib/x86_64-linux-gnu/libgmodule-2.0.so.0.3200.4
7f6d8f7b0000-7f6d8f7ba000 r-xp 00000000 08:11 16146                      /usr/lib/x86_64-linux-gnu/libXcursor.so.1.0.2
7f6d8f7ba000-7f6d8f9b9000 ---p 0000a000 08:11 16146                      /usr/lib/x86_64-linux-gnu/libXcursor.so.1.0.2
7f6d8f9b9000-7f6d8f9ba000 rw-p 00009000 08:11 16146                      /usr/lib/x86_64-linux-gnu/libXcursor.so.1.0.2
7f6d8f9ba000-7f6d8f9c1000 r-xp 00000000 08:11 16148                      /usr/lib/x86_64-linux-gnu/libXrandr.so.2.2.0
7f6d8f9c1000-7f6d8fbc1000 ---p 00007000 08:11 16148                      /usr/lib/x86_64-linux-gnu/libXrandr.so.2.2.0
7f6d8fbc1000-7f6d8fbc2000 rw-p 00007000 08:11 16148                      /usr/lib/x86_64-linux-gnu/libXrandr.so.2.2.0
7f6d8fbc2000-7f6d8fbc4000 r-xp 00000000 08:11 16047                      /usr/lib/x86_64-linux-gnu/libXinerama.so.1.0.0
7f6d8fbc4000-7f6d8fdc3000 ---p 00002000 08:11 16047                      /usr/lib/x86_64-linux-gnu/libXinerama.so.1.0.0
7f6d8fdc3000-7f6d8fdc4000 rw-p 00001000 08:11 16047                      /usr/lib/x86_64-linux-gnu/libXinerama.so.1.0.0
7f6d8fdc4000-7f6d8fdc9000 r-xp 00000000 08:11 15992                      /usr/lib/x86_64-linux-gnu/libXfixes.so.3.1.0
7f6d8fdc9000-7f6d8ffc8000 ---p 00005000 08:11 15992                      /usr/lib/x86_64-linux-gnu/libXfixes.so.3.1.0
7f6d8ffc8000-7f6d8ffc9000 r--p 00004000 08:11 15992                      /usr/lib/x86_64-linux-gnu/libXfixes.so.3.1.0
7f6d8ffc9000-7f6d8ffca000 rw-p 00005000 08:11 15992                      /usr/lib/x86_64-linux-gnu/libXfixes.so.3.1.0
7f6d8ffca000-7f6d8ffcc000 r-xp 00000000 08:11 16705                      /usr/lib/x86_64-linux-gnu/libXdamage.so.1.1.0
7f6d8ffcc000-7f6d901cb000 ---p 00002000 08:11 16705                      /usr/lib/x86_64-linux-gnu/libXdamage.so.1.1.0
7f6d901cb000-7f6d901cc000 rw-p 00001000 08:11 16705                      /usr/lib/x86_64-linux-gnu/libXdamage.so.1.1.0
7f6d901cc000-7f6d901ce000 r-xp 00000000 08:11 16703                      /usr/lib/x86_64-linux-gnu/libXcomposite.so.1.0.0
7f6d901ce000-7f6d903cd000 ---p 00002000 08:11 16703                      /usr/lib/x86_64-linux-gnu/libXcomposite.so.1.0.0
7f6d903cd000-7f6d903ce000 rw-p 00001000 08:11 16703                      /usr/lib/x86_64-linux-gnu/libXcomposite.so.1.0.0
7f6d903ce000-7f6d903ed000 r-xp 00000000 08:11 18936                      /usr/lib/x86_64-linux-gnu/libxcb.so.1.1.0
7f6d903ed000-7f6d905ec000 ---p 0001f000 08:11 18936                      /usr/lib/x86_64-linux-gnu/libxcb.so.1.1.0
7f6d905ec000-7f6d905ed000 r--p 0001e000 08:11 18936                      /usr/lib/x86_64-linux-gnu/libxcb.so.1.1.0
7f6d905ed000-7f6d905ee000 rw-p 0001f000 08:11 18936                      /usr/lib/x86_64-linux-gnu/libxcb.so.1.1.0
7f6d905ee000-7f6d90641000 r-xp 00000000 08:11 16804                      /usr/lib/x86_64-linux-gnu/libcups.so.2
7f6d90641000-7f6d90840000 ---p 00053000 08:11 16804                      /usr/lib/x86_64-linux-gnu/libcups.so.2
7f6d90840000-7f6d90845000 r--p 00052000 08:11 16804                      /usr/lib/x86_64-linux-gnu/libcups.so.2
7f6d90845000-7f6d90846000 rw-p 00057000 08:11 16804                      /usr/lib/x86_64-linux-gnu/libcups.so.2
7f6d90846000-7f6d9093b000 r-xp 00000000 08:11 3933091                    /lib/x86_64-linux-gnu/libglib-2.0.so.0.3200.4
7f6d9093b000-7f6d90b3b000 ---p 000f5000 08:11 3933091                    /lib/x86_64-linux-gnu/libglib-2.0.so.0.3200.4
7f6d90b3b000-7f6d90b3c000 r--p 000f5000 08:11 3933091                    /lib/x86_64-linux-gnu/libglib-2.0.so.0.3200.4
7f6d90b3c000-7f6d90b3d000 rw-p 000f6000 08:11 3933091                    /lib/x86_64-linux-gnu/libglib-2.0.so.0.3200.4
7f6d90b3d000-7f6d90b3e000 rw-p 00000000 00:00 0 
7f6d90b3e000-7f6d90b3f000 r-xp 00000000 08:11 17096                      /usr/lib/x86_64-linux-gnu/libgthread-2.0.so.0.3200.4
7f6d90b3f000-7f6d90d3e000 ---p 00001000 08:11 17096                      /usr/lib/x86_64-linux-gnu/libgthread-2.0.so.0.3200.4
7f6d90d3e000-7f6d90d3f000 r--p 00000000 08:11 17096                      /usr/lib/x86_64-linux-gnu/libgthread-2.0.so.0.3200.4
7f6d90d3f000-7f6d90d40000 rw-p 00001000 08:11 17096                      /usr/lib/x86_64-linux-gnu/libgthread-2.0.so.0.3200.4
7f6d90d40000-7f6d90d8e000 r-xp 00000000 08:11 16963                      /usr/lib/x86_64-linux-gnu/libgobject-2.0.so.0.3200.4
7f6d90d8e000-7f6d90f8e000 ---p 0004e000 08:11 16963                      /usr/lib/x86_64-linux-gnu/libgobject-2.0.so.0.3200.4
7f6d90f8e000-7f6d90f8f000 r--p 0004e000 08:11 16963                      /usr/lib/x86_64-linux-gnu/libgobject-2.0.so.0.3200.4
7f6d90f8f000-7f6d90f90000 rw-p 0004f000 08:11 16963                      /usr/lib/x86_64-linux-gnu/libgobject-2.0.so.0.3200.4
7f6d90f90000-7f6d90fc5000 r-xp 00000000 08:11 16904                      /usr/lib/x86_64-linux-gnu/libfontconfig.so.1.5.0
7f6d90fc5000-7f6d911c5000 ---p 00035000 08:11 16904                      /usr/lib/x86_64-linux-gnu/libfontconfig.so.1.5.0
7f6d911c5000-7f6d911c6000 r--p 00035000 08:11 16904                      /usr/lib/x86_64-linux-gnu/libfontconfig.so.1.5.0
7f6d911c6000-7f6d911c7000 rw-p 00036000 08:11 16904                      /usr/lib/x86_64-linux-gnu/libfontconfig.so.1.5.0
7f6d911c7000-7f6d91260000 r-xp 00000000 08:11 16912                      /usr/lib/x86_64-linux-gnu/libfreetype.so.6.8.1
7f6d91260000-7f6d9145f000 ---p 00099000 08:11 16912                      /usr/lib/x86_64-linux-gnu/libfreetype.so.6.8.1
7f6d9145f000-7f6d91465000 r--p 00098000 08:11 16912                      /usr/lib/x86_64-linux-gnu/libfreetype.so.6.8.1
7f6d91465000-7f6d91466000 rw-p 0009e000 08:11 16912                      /usr/lib/x86_64-linux-gnu/libfreetype.so.6.8.1
7f6d91466000-7f6d914b0000 r-xp 00000000 08:11 17236                      /usr/lib/x86_64-linux-gnu/libpango-1.0.so.0.3000.0
7f6d914b0000-7f6d916b0000 ---p 0004a000 08:11 17236                      /usr/lib/x86_64-linux-gnu/libpango-1.0.so.0.3000.0
7f6d916b0000-7f6d916b2000 r--p 0004a000 08:11 17236                      /usr/lib/x86_64-linux-gnu/libpango-1.0.so.0.3000.0
7f6d916b2000-7f6d916b3000 rw-p 0004c000 08:11 17236                      /usr/lib/x86_64-linux-gnu/libpango-1.0.so.0.3000.0
7f6d916b3000-7f6d917a7000 r-xp 00000000 08:11 16777                      /usr/lib/x86_64-linux-gnu/libcairo.so.2.11200.2
7f6d917a7000-7f6d919a6000 ---p 000f4000 08:11 16777                      /usr/lib/x86_64-linux-gnu/libcairo.so.2.11200.2
7f6d919a6000-7f6d919a9000 r--p 000f3000 08:11 16777                      /usr/lib/x86_64-linux-gnu/libcairo.so.2.11200.2
7f6d919a9000-7f6d919aa000 rw-p 000f6000 08:11 16777                      /usr/lib/x86_64-linux-gnu/libcairo.so.2.11200.2
7f6d919aa000-7f6d919ac000 rw-p 00000000 00:00 0 
7f6d919ac000-7f6d919cb000 r-xp 00000000 08:11 16937                      /usr/lib/x86_64-linux-gnu/libgdk_pixbuf-2.0.so.0.2600.1
7f6d919cb000-7f6d91bca000 ---p 0001f000 08:11 16937                      /usr/lib/x86_64-linux-gnu/libgdk_pixbuf-2.0.so.0.2600.1
7f6d91bca000-7f6d91bcb000 r--p 0001e000 08:11 16937                      /usr/lib/x86_64-linux-gnu/libgdk_pixbuf-2.0.so.0.2600.1
7f6d91bcb000-7f6d91bcc000 rw-p 0001f000 08:11 16937                      /usr/lib/x86_64-linux-gnu/libgdk_pixbuf-2.0.so.0.2600.1
7f6d91bcc000-7f6d91bd8000 r-xp 00000000 08:11 17238                      /usr/lib/x86_64-linux-gnu/libpangocairo-1.0.so.0.3000.0
7f6d91bd8000-7f6d91dd7000 ---p 0000c000 08:11 17238                      /usr/lib/x86_64-linux-gnu/libpangocairo-1.0.so.0.3000.0
7f6d91dd7000-7f6d91dd8000 r--p 0000b000 08:11 17238                      /usr/lib/x86_64-linux-gnu/libpangocairo-1.0.so.0.3000.0
7f6d91dd8000-7f6d91dd9000 rw-p 0000c000 08:11 17238                      /usr/lib/x86_64-linux-gnu/libpangocairo-1.0.so.0.3000.0
7f6d91dd9000-7f6d91e03000 r-xp 00000000 08:11 17240                      /usr/lib/x86_64-linux-gnu/libpangoft2-1.0.so.0.3000.0
7f6d91e03000-7f6d92002000 ---p 0002a000 08:11 17240                      /usr/lib/x86_64-linux-gnu/libpangoft2-1.0.so.0.3000.0
7f6d92002000-7f6d92003000 r--p 00029000 08:11 17240                      /usr/lib/x86_64-linux-gnu/libpangoft2-1.0.so.0.3000.0
7f6d92003000-7f6d92004000 rw-p 0002a000 08:11 17240                      /usr/lib/x86_64-linux-gnu/libpangoft2-1.0.so.0.3000.0
7f6d92004000-7f6d92150000 r-xp 00000000 08:11 16949                      /usr/lib/x86_64-linux-gnu/libgio-2.0.so.0.3200.4
7f6d92150000-7f6d9234f000 ---p 0014c000 08:11 16949                      /usr/lib/x86_64-linux-gnu/libgio-2.0.so.0.3200.4
7f6d9234f000-7f6d92353000 r--p 0014b000 08:11 16949                      /usr/lib/x86_64-linux-gnu/libgio-2.0.so.0.3200.4
7f6d92353000-7f6d92355000 rw-p 0014f000 08:11 16949                      /usr/lib/x86_64-linux-gnu/libgio-2.0.so.0.3200.4
7f6d92355000-7f6d92357000 rw-p 00000000 00:00 0 
7f6d92357000-7f6d92378000 r-xp 00000000 08:11 16742                      /usr/lib/x86_64-linux-gnu/libatk-1.0.so.0.20409.1
7f6d92378000-7f6d92577000 ---p 00021000 08:11 16742                      /usr/lib/x86_64-linux-gnu/libatk-1.0.so.0.20409.1
7f6d92577000-7f6d92579000 r--p 00020000 08:11 16742                      /usr/lib/x86_64-linux-gnu/libatk-1.0.so.0.20409.1
7f6d92579000-7f6d9257a000 rw-p 00022000 08:11 16742                      /usr/lib/x86_64-linux-gnu/libatk-1.0.so.0.20409.1
7f6d9257a000-7f6d92629000 r-xp 00000000 08:11 16935                      /usr/lib/x86_64-linux-gnu/libgdk-x11-2.0.so.0.2400.10
7f6d92629000-7f6d92828000 ---p 000af000 08:11 16935                      /usr/lib/x86_64-linux-gnu/libgdk-x11-2.0.so.0.2400.10
7f6d92828000-7f6d9282d000 rw-p 000ae000 08:11 16935                      /usr/lib/x86_64-linux-gnu/libgdk-x11-2.0.so.0.2400.10
7f6d9282d000-7f6d92c5f000 r-xp 00000000 08:11 17103                      /usr/lib/x86_64-linux-gnu/libgtk-x11-2.0.so.0.2400.10
7f6d92c5f000-7f6d92e5f000 ---p 00432000 08:11 17103                      /usr/lib/x86_64-linux-gnu/libgtk-x11-2.0.so.0.2400.10
7f6d92e5f000-7f6d92e6a000 rw-p 00432000 08:11 17103                      /usr/lib/x86_64-linux-gnu/libgtk-x11-2.0.so.0.2400.10
7f6d92e6a000-7f6d92e6c000 rw-p 00000000 00:00 0 
7f6d92e6c000-7f6d92e7a000 r-xp 00000000 08:11 15996                      /usr/lib/x86_64-linux-gnu/libXi.so.6.1.0
7f6d92e7a000-7f6d9307a000 ---p 0000e000 08:11 15996                      /usr/lib/x86_64-linux-gnu/libXi.so.6.1.0
7f6d9307a000-7f6d9307b000 rw-p 0000e000 08:11 15996                      /usr/lib/x86_64-linux-gnu/libXi.so.6.1.0
7f6d9307b000-7f6d93080000 r-xp 00000000 08:11 16140                      /usr/lib/x86_64-linux-gnu/libXtst.so.6.1.0
7f6d93080000-7f6d9327f000 ---p 00005000 08:11 16140                      /usr/lib/x86_64-linux-gnu/libXtst.so.6.1.0
7f6d9327f000-7f6d93280000 rw-p 00004000 08:11 16140                      /usr/lib/x86_64-linux-gnu/libXtst.so.6.1.0
7f6d93280000-7f6d93289000 r-xp 00000000 08:11 16045                      /usr/lib/x86_64-linux-gnu/libXrender.so.1.3.0
7f6d93289000-7f6d93488000 ---p 00009000 08:11 16045                      /usr/lib/x86_64-linux-gnu/libXrender.so.1.3.0
7f6d93488000-7f6d93489000 rw-p 00008000 08:11 16045                      /usr/lib/x86_64-linux-gnu/libXrender.so.1.3.0
7f6d93489000-7f6d935be000 r-xp 00000000 08:11 17511                      /usr/lib/x86_64-linux-gnu/libX11.so.6.3.0
7f6d935be000-7f6d937be000 ---p 00135000 08:11 17511                      /usr/lib/x86_64-linux-gnu/libX11.so.6.3.0
7f6d937be000-7f6d937c4000 rw-p 00135000 08:11 17511                      /usr/lib/x86_64-linux-gnu/libX11.so.6.3.0
7f6d937c4000-7f6d937d5000 r-xp 00000000 08:11 15920                      /usr/lib/x86_64-linux-gnu/libXext.so.6.4.0
7f6d937d5000-7f6d939d5000 ---p 00011000 08:11 15920                      /usr/lib/x86_64-linux-gnu/libXext.so.6.4.0
7f6d939d5000-7f6d939d6000 rw-p 00011000 08:11 15920                      /usr/lib/x86_64-linux-gnu/libXext.so.6.4.0
7f6d939d6000-7f6d93a29000 r-xp 00000000 08:11 76222                      /usr/lib/jvm/java-7-openjdk-amd64/jre/lib/amd64/xawt/libmawt.so
7f6d93a29000-7f6d93c28000 ---p 00053000 08:11 76222                      /usr/lib/jvm/java-7-openjdk-amd64/jre/lib/amd64/xawt/libmawt.so
7f6d93c28000-7f6d93c29000 r--p 00052000 08:11 76222                      /usr/lib/jvm/java-7-openjdk-amd64/jre/lib/amd64/xawt/libmawt.so
7f6d93c29000-7f6d93c2c000 rw-p 00053000 08:11 76222                      /usr/lib/jvm/java-7-openjdk-amd64/jre/lib/amd64/xawt/libmawt.so
7f6d93c2c000-7f6d93c2d000 rw-p 00000000 00:00 0 
7f6d93c2d000-7f6d93cce000 r-xp 00000000 08:11 75082                      /usr/lib/jvm/java-7-openjdk-amd64/jre/lib/amd64/libawt.so
7f6d93cce000-7f6d93ece000 ---p 000a1000 08:11 75082                      /usr/lib/jvm/java-7-openjdk-amd64/jre/lib/amd64/libawt.so
7f6d93ece000-7f6d93ecf000 r--p 000a1000 08:11 75082                      /usr/lib/jvm/java-7-openjdk-amd64/jre/lib/amd64/libawt.so
7f6d93ecf000-7f6d93eda000 rw-p 000a2000 08:11 75082                      /usr/lib/jvm/java-7-openjdk-amd64/jre/lib/amd64/libawt.so
7f6d93eda000-7f6d93eff000 rw-p 00000000 00:00 0 
7f6d93eff000-7f6d93f00000 ---p 00000000 00:00 0 
7f6d93f00000-7f6d94000000 rw-p 00000000 00:00 0 
7f6d94000000-7f6d94d01000 rw-p 00000000 00:00 0 
7f6d94d01000-7f6d98000000 ---p 00000000 00:00 0 
7f6d98000000-7f6d98001000 rw-p 00000000 00:00 0 
7f6d98001000-7f6d98004000 r--s 00013000 08:11 139156                     /home/akshay/apache-tomcat-7.0.52/lib/jsp-api.jar
7f6d98004000-7f6d98016000 r--s 00173000 08:11 139151                     /home/akshay/apache-tomcat-7.0.52/lib/catalina.jar
7f6d98016000-7f6d98019000 r--s 0001c000 08:11 139154                     /home/akshay/apache-tomcat-7.0.52/lib/jasper-el.jar
7f6d98019000-7f6d9801c000 r--s 00011000 08:11 139161                     /home/akshay/apache-tomcat-7.0.52/lib/tomcat-i18n-es.jar
7f6d9801c000-7f6d9801e000 r--s 0000a000 08:11 139153                     /home/akshay/apache-tomcat-7.0.52/lib/el-api.jar
7f6d9801e000-7f6d98022000 r--s 0003b000 08:11 139150                     /home/akshay/apache-tomcat-7.0.52/lib/catalina-tribes.jar
7f6d98022000-7f6d98026000 r--s 00036000 08:11 139160                     /home/akshay/apache-tomcat-7.0.52/lib/tomcat-dbcp.jar
7f6d98026000-7f6d98035000 r--s 001b0000 08:11 139152                     /home/akshay/apache-tomcat-7.0.52/lib/ecj-4.3.1.jar
7f6d98035000-7f6d9803d000 r--s 0008c000 08:11 139155                     /home/akshay/apache-tomcat-7.0.52/lib/jasper.jar
7f6d9803d000-7f6d9803f000 r--s 0000b000 08:11 139163                     /home/akshay/apache-tomcat-7.0.52/lib/tomcat-i18n-ja.jar
7f6d9803f000-7f6d9804c000 r--s 000bf000 08:11 139159                     /home/akshay/apache-tomcat-7.0.52/lib/tomcat-coyote.jar
7f6d9804c000-7f6d9804e000 r--s 0000a000 08:11 139162                     /home/akshay/apache-tomcat-7.0.52/lib/tomcat-i18n-fr.jar
7f6d9804e000-7f6d98055000 r--s 00034000 08:11 918208                     /home/akshay/git/wpi-suite/Network/Libraries/simple-5.0.4.jar
7f6d98055000-7f6d98057000 r--s 0000c000 08:11 921697                     /home/akshay/eclipse/plugins/org.hamcrest.core_1.3.0.v201303031735.jar
7f6d98057000-7f6d9805d000 r--s 00036000 08:11 1048648                    /home/akshay/eclipse/plugins/org.junit_4.11.0.v201303080030/junit.jar
7f6d9805d000-7f6d98060000 r--s 00029000 08:11 917669                     /home/akshay/git/wpi-suite/Core/WPISuite/WebContent/WEB-INF/lib/servlet-api.jar
7f6d98060000-7f6d98068000 r--s 0007e000 08:11 917668                     /home/akshay/git/wpi-suite/Core/WPISuite/WebContent/WEB-INF/lib/javax.mail.jar
7f6d98068000-7f6d98078000 r--s 000d1000 08:11 917667                     /home/akshay/git/wpi-suite/Core/WPISuite/WebContent/WEB-INF/lib/jackson-databind-2.1.0.jar
7f6d98078000-7f6d9807c000 r--s 0002f000 08:11 917666                     /home/akshay/git/wpi-suite/Core/WPISuite/WebContent/WEB-INF/lib/jackson-core-2.1.2.jar
7f6d9807c000-7f6d9807e000 r--s 00007000 08:11 917665                     /home/akshay/git/wpi-suite/Core/WPISuite/WebContent/WEB-INF/lib/jackson-annotations-2.1.1.jar
7f6d9807e000-7f6d98084000 r--s 00031000 08:11 917664                     /home/akshay/git/wpi-suite/Core/WPISuite/WebContent/WEB-INF/lib/httpcore-4.2.2.jar
7f6d98084000-7f6d9808d000 r--s 00060000 08:11 917663                     /home/akshay/git/wpi-suite/Core/WPISuite/WebContent/WEB-INF/lib/httpclient-4.2.2.jar
7f6d9808d000-7f6d98092000 r--s 0002a000 08:11 917662                     /home/akshay/git/wpi-suite/Core/WPISuite/WebContent/WEB-INF/lib/gson-2.2.2.jar
7f6d98092000-7f6d980c7000 r--s 00251000 08:11 917661                     /home/akshay/git/wpi-suite/Core/WPISuite/WebContent/WEB-INF/lib/db4o-8.0.249.16098-all-java5.jar
7f6d980c7000-7f6d980ca000 ---p 00000000 00:00 0 
7f6d980ca000-7f6d981c8000 rw-p 00000000 00:00 0 
7f6d981c8000-7f6d981cb000 ---p 00000000 00:00 0 
7f6d981cb000-7f6d982c9000 rw-p 00000000 00:00 0 
7f6d982c9000-7f6d982cc000 ---p 00000000 00:00 0 
7f6d982cc000-7f6d983ca000 rw-p 00000000 00:00 0 
7f6d983ca000-7f6d983cd000 ---p 00000000 00:00 0 
7f6d983cd000-7f6d984cb000 rw-p 00000000 00:00 0 
7f6d984cb000-7f6d98642000 r--p 00000000 08:11 9758                       /usr/lib/locale/locale-archive
7f6d98642000-7f6d98645000 ---p 00000000 00:00 0 
7f6d98645000-7f6d98743000 rw-p 00000000 00:00 0 
7f6d98743000-7f6d98746000 ---p 00000000 00:00 0 
7f6d98746000-7f6d98844000 rw-p 00000000 00:00 0 
7f6d98844000-7f6d98845000 ---p 00000000 00:00 0 
7f6d98845000-7f6d99965000 rw-p 00000000 00:00 0 
7f6d99965000-7f6d99b12000 r--s 01cec000 08:11 59263                      /usr/lib/jvm/java-7-openjdk-amd64/jre/lib/rt.jar
7f6d99b12000-7f6d9db22000 rw-p 00000000 00:00 0 
7f6d9db22000-7f6d9db23000 ---p 00000000 00:00 0 
7f6d9db23000-7f6d9dc23000 rw-p 00000000 00:00 0 
7f6d9dc23000-7f6d9dc24000 ---p 00000000 00:00 0 
7f6d9dc24000-7f6d9dd24000 rw-p 00000000 00:00 0 
7f6d9dd24000-7f6d9dd25000 ---p 00000000 00:00 0 
7f6d9dd25000-7f6d9de25000 rw-p 00000000 00:00 0 
7f6d9de25000-7f6d9de26000 ---p 00000000 00:00 0 
7f6d9de26000-7f6d9df31000 rw-p 00000000 00:00 0 
7f6d9df31000-7f6d9df79000 rw-p 00000000 00:00 0 
7f6d9df79000-7f6d9df98000 rw-p 00000000 00:00 0 
7f6d9df98000-7f6d9e163000 rw-p 00000000 00:00 0 
7f6d9e163000-7f6d9e16e000 rw-p 00000000 00:00 0 
7f6d9e16e000-7f6d9e1b6000 rw-p 00000000 00:00 0 
7f6d9e1b6000-7f6d9e1d5000 rw-p 00000000 00:00 0 
7f6d9e1d5000-7f6d9e3a0000 rw-p 00000000 00:00 0 
7f6d9e3a0000-7f6d9e3b0000 rw-p 00000000 00:00 0 
7f6d9e3b0000-7f6d9e495000 rw-p 00000000 00:00 0 
7f6d9e495000-7f6d9e496000 rw-p 00000000 00:00 0 
7f6d9e496000-7f6d9e706000 rwxp 00000000 00:00 0 
7f6d9e706000-7f6da1496000 rw-p 00000000 00:00 0 
7f6da1496000-7f6da149e000 r-xp 00000000 08:11 75105                      /usr/lib/jvm/java-7-openjdk-amd64/jre/lib/amd64/libzip.so
7f6da149e000-7f6da169d000 ---p 00008000 08:11 75105                      /usr/lib/jvm/java-7-openjdk-amd64/jre/lib/amd64/libzip.so
7f6da169d000-7f6da169e000 r--p 00007000 08:11 75105                      /usr/lib/jvm/java-7-openjdk-amd64/jre/lib/amd64/libzip.so
7f6da169e000-7f6da169f000 rw-p 00008000 08:11 75105                      /usr/lib/jvm/java-7-openjdk-amd64/jre/lib/amd64/libzip.so
7f6da169f000-7f6da16aa000 r-xp 00000000 08:11 3933363                    /lib/x86_64-linux-gnu/libnss_files-2.13.so
7f6da16aa000-7f6da18a9000 ---p 0000b000 08:11 3933363                    /lib/x86_64-linux-gnu/libnss_files-2.13.so
7f6da18a9000-7f6da18aa000 r--p 0000a000 08:11 3933363                    /lib/x86_64-linux-gnu/libnss_files-2.13.so
7f6da18aa000-7f6da18ab000 rw-p 0000b000 08:11 3933363                    /lib/x86_64-linux-gnu/libnss_files-2.13.so
7f6da18ab000-7f6da18b5000 r-xp 00000000 08:11 3933359                    /lib/x86_64-linux-gnu/libnss_nis-2.13.so
7f6da18b5000-7f6da1ab4000 ---p 0000a000 08:11 3933359                    /lib/x86_64-linux-gnu/libnss_nis-2.13.so
7f6da1ab4000-7f6da1ab5000 r--p 00009000 08:11 3933359                    /lib/x86_64-linux-gnu/libnss_nis-2.13.so
7f6da1ab5000-7f6da1ab6000 rw-p 0000a000 08:11 3933359                    /lib/x86_64-linux-gnu/libnss_nis-2.13.so
7f6da1ab6000-7f6da1acb000 r-xp 00000000 08:11 3933357                    /lib/x86_64-linux-gnu/libnsl-2.13.so
7f6da1acb000-7f6da1cca000 ---p 00015000 08:11 3933357                    /lib/x86_64-linux-gnu/libnsl-2.13.so
7f6da1cca000-7f6da1ccb000 r--p 00014000 08:11 3933357                    /lib/x86_64-linux-gnu/libnsl-2.13.so
7f6da1ccb000-7f6da1ccc000 rw-p 00015000 08:11 3933357                    /lib/x86_64-linux-gnu/libnsl-2.13.so
7f6da1ccc000-7f6da1cce000 rw-p 00000000 00:00 0 
7f6da1cce000-7f6da1cd5000 r-xp 00000000 08:11 3933352                    /lib/x86_64-linux-gnu/libnss_compat-2.13.so
7f6da1cd5000-7f6da1ed4000 ---p 00007000 08:11 3933352                    /lib/x86_64-linux-gnu/libnss_compat-2.13.so
7f6da1ed4000-7f6da1ed5000 r--p 00006000 08:11 3933352                    /lib/x86_64-linux-gnu/libnss_compat-2.13.so
7f6da1ed5000-7f6da1ed6000 rw-p 00007000 08:11 3933352                    /lib/x86_64-linux-gnu/libnss_compat-2.13.so
7f6da1ed6000-7f6da1f00000 r-xp 00000000 08:11 75096                      /usr/lib/jvm/java-7-openjdk-amd64/jre/lib/amd64/libjava.so
7f6da1f00000-7f6da2100000 ---p 0002a000 08:11 75096                      /usr/lib/jvm/java-7-openjdk-amd64/jre/lib/amd64/libjava.so
7f6da2100000-7f6da2101000 r--p 0002a000 08:11 75096                      /usr/lib/jvm/java-7-openjdk-amd64/jre/lib/amd64/libjava.so
7f6da2101000-7f6da2103000 rw-p 0002b000 08:11 75096                      /usr/lib/jvm/java-7-openjdk-amd64/jre/lib/amd64/libjava.so
7f6da2103000-7f6da2112000 r-xp 00000000 08:11 75080                      /usr/lib/jvm/java-7-openjdk-amd64/jre/lib/amd64/libverify.so
7f6da2112000-7f6da2311000 ---p 0000f000 08:11 75080                      /usr/lib/jvm/java-7-openjdk-amd64/jre/lib/amd64/libverify.so
7f6da2311000-7f6da2313000 r--p 0000e000 08:11 75080                      /usr/lib/jvm/java-7-openjdk-amd64/jre/lib/amd64/libverify.so
7f6da2313000-7f6da2314000 rw-p 00010000 08:11 75080                      /usr/lib/jvm/java-7-openjdk-amd64/jre/lib/amd64/libverify.so
7f6da2314000-7f6da231b000 r-xp 00000000 08:11 3933367                    /lib/x86_64-linux-gnu/librt-2.13.so
7f6da231b000-7f6da251a000 ---p 00007000 08:11 3933367                    /lib/x86_64-linux-gnu/librt-2.13.so
7f6da251a000-7f6da251b000 r--p 00006000 08:11 3933367                    /lib/x86_64-linux-gnu/librt-2.13.so
7f6da251b000-7f6da251c000 rw-p 00007000 08:11 3933367                    /lib/x86_64-linux-gnu/librt-2.13.so
7f6da251c000-7f6da2531000 r-xp 00000000 08:11 3933087                    /lib/x86_64-linux-gnu/libgcc_s.so.1
7f6da2531000-7f6da2731000 ---p 00015000 08:11 3933087                    /lib/x86_64-linux-gnu/libgcc_s.so.1
7f6da2731000-7f6da2732000 rw-p 00015000 08:11 3933087                    /lib/x86_64-linux-gnu/libgcc_s.so.1
7f6da2732000-7f6da27b3000 r-xp 00000000 08:11 3933354                    /lib/x86_64-linux-gnu/libm-2.13.so
7f6da27b3000-7f6da29b2000 ---p 00081000 08:11 3933354                    /lib/x86_64-linux-gnu/libm-2.13.so
7f6da29b2000-7f6da29b3000 r--p 00080000 08:11 3933354                    /lib/x86_64-linux-gnu/libm-2.13.so
7f6da29b3000-7f6da29b4000 rw-p 00081000 08:11 3933354                    /lib/x86_64-linux-gnu/libm-2.13.so
7f6da29b4000-7f6da2a9c000 r-xp 00000000 08:11 17347                      /usr/lib/x86_64-linux-gnu/libstdc++.so.6.0.17
7f6da2a9c000-7f6da2c9c000 ---p 000e8000 08:11 17347                      /usr/lib/x86_64-linux-gnu/libstdc++.so.6.0.17
7f6da2c9c000-7f6da2ca4000 r--p 000e8000 08:11 17347                      /usr/lib/x86_64-linux-gnu/libstdc++.so.6.0.17
7f6da2ca4000-7f6da2ca6000 rw-p 000f0000 08:11 17347                      /usr/lib/x86_64-linux-gnu/libstdc++.so.6.0.17
7f6da2ca6000-7f6da2cbb000 rw-p 00000000 00:00 0 
7f6da2cbb000-7f6da36ac000 r-xp 00000000 08:11 78573                      /usr/lib/jvm/java-7-openjdk-amd64/jre/lib/amd64/server/libjvm.so
7f6da36ac000-7f6da38ac000 ---p 009f1000 08:11 78573                      /usr/lib/jvm/java-7-openjdk-amd64/jre/lib/amd64/server/libjvm.so
7f6da38ac000-7f6da392b000 r--p 009f1000 08:11 78573                      /usr/lib/jvm/java-7-openjdk-amd64/jre/lib/amd64/server/libjvm.so
7f6da392b000-7f6da394e000 rw-p 00a70000 08:11 78573                      /usr/lib/jvm/java-7-openjdk-amd64/jre/lib/amd64/server/libjvm.so
7f6da394e000-7f6da3979000 rw-p 00000000 00:00 0 
7f6da3979000-7f6da3afb000 r-xp 00000000 08:11 3933347                    /lib/x86_64-linux-gnu/libc-2.13.so
7f6da3afb000-7f6da3cfa000 ---p 00182000 08:11 3933347                    /lib/x86_64-linux-gnu/libc-2.13.so
7f6da3cfa000-7f6da3cfe000 r--p 00181000 08:11 3933347                    /lib/x86_64-linux-gnu/libc-2.13.so
7f6da3cfe000-7f6da3cff000 rw-p 00185000 08:11 3933347                    /lib/x86_64-linux-gnu/libc-2.13.so
7f6da3cff000-7f6da3d04000 rw-p 00000000 00:00 0 
7f6da3d04000-7f6da3d06000 r-xp 00000000 08:11 3933361                    /lib/x86_64-linux-gnu/libdl-2.13.so
7f6da3d06000-7f6da3f06000 ---p 00002000 08:11 3933361                    /lib/x86_64-linux-gnu/libdl-2.13.so
7f6da3f06000-7f6da3f07000 r--p 00002000 08:11 3933361                    /lib/x86_64-linux-gnu/libdl-2.13.so
7f6da3f07000-7f6da3f08000 rw-p 00003000 08:11 3933361                    /lib/x86_64-linux-gnu/libdl-2.13.so
7f6da3f08000-7f6da3f1e000 r-xp 00000000 08:11 3933196                    /lib/x86_64-linux-gnu/libz.so.1.2.7
7f6da3f1e000-7f6da411d000 ---p 00016000 08:11 3933196                    /lib/x86_64-linux-gnu/libz.so.1.2.7
7f6da411d000-7f6da411e000 r--p 00015000 08:11 3933196                    /lib/x86_64-linux-gnu/libz.so.1.2.7
7f6da411e000-7f6da411f000 rw-p 00016000 08:11 3933196                    /lib/x86_64-linux-gnu/libz.so.1.2.7
7f6da411f000-7f6da412c000 r-xp 00000000 08:11 75084                      /usr/lib/jvm/java-7-openjdk-amd64/jre/lib/amd64/jli/libjli.so
7f6da412c000-7f6da432b000 ---p 0000d000 08:11 75084                      /usr/lib/jvm/java-7-openjdk-amd64/jre/lib/amd64/jli/libjli.so
7f6da432b000-7f6da432c000 r--p 0000c000 08:11 75084                      /usr/lib/jvm/java-7-openjdk-amd64/jre/lib/amd64/jli/libjli.so
7f6da432c000-7f6da432d000 rw-p 0000d000 08:11 75084                      /usr/lib/jvm/java-7-openjdk-amd64/jre/lib/amd64/jli/libjli.so
7f6da432d000-7f6da4344000 r-xp 00000000 08:11 3933365                    /lib/x86_64-linux-gnu/libpthread-2.13.so
7f6da4344000-7f6da4543000 ---p 00017000 08:11 3933365                    /lib/x86_64-linux-gnu/libpthread-2.13.so
7f6da4543000-7f6da4544000 r--p 00016000 08:11 3933365                    /lib/x86_64-linux-gnu/libpthread-2.13.so
7f6da4544000-7f6da4545000 rw-p 00017000 08:11 3933365                    /lib/x86_64-linux-gnu/libpthread-2.13.so
7f6da4545000-7f6da4549000 rw-p 00000000 00:00 0 
7f6da4549000-7f6da4569000 r-xp 00000000 08:11 3933369                    /lib/x86_64-linux-gnu/ld-2.13.so
7f6da4569000-7f6da456a000 r--s 00007000 08:11 139165                     /home/akshay/apache-tomcat-7.0.52/lib/tomcat-util.jar
7f6da456a000-7f6da456b000 r--s 00001000 08:11 139158                     /home/akshay/apache-tomcat-7.0.52/lib/tomcat-api.jar
7f6da456b000-7f6da456d000 r--s 0000d000 08:11 917660                     /home/akshay/git/wpi-suite/Core/WPISuite/WebContent/WEB-INF/lib/commons-logging-1.1.1.jar
7f6da456d000-7f6da456f000 r--s 0000b000 08:11 917654                     /home/akshay/git/wpi-suite/Core/WPISuite/WebContent/WEB-INF/lib/commons-email-1.3.2.jar
7f6da456f000-7f6da4576000 r--s 00039000 08:11 917653                     /home/akshay/git/wpi-suite/Core/WPISuite/WebContent/WEB-INF/lib/commons-codec-1.7.jar
7f6da4576000-7f6da457c000 r--s 00033000 08:11 917651                     /home/akshay/git/wpi-suite/Core/WPISuite/WebContent/WEB-INF/lib/commons-codec-1.6.jar
7f6da457c000-7f6da4585000 r--s 000bc000 08:11 18950                      /usr/lib/jvm/java-7-openjdk-common/jre/lib/resources.jar
7f6da4585000-7f6da4589000 r--s 00085000 08:11 29924                      /usr/lib/jvm/java-7-openjdk-common/jre/lib/ext/localedata.jar
7f6da4589000-7f6da4593000 rw-p 00000000 00:00 0 
7f6da4593000-7f6da4649000 rw-p 00000000 00:00 0 
7f6da4649000-7f6da464c000 ---p 00000000 00:00 0 
7f6da464c000-7f6da474f000 rw-p 00000000 00:00 0 
7f6da474f000-7f6da4752000 r--s 0000f000 08:11 29923                      /usr/lib/jvm/java-7-openjdk-common/jre/lib/ext/pulse-java.jar
7f6da4752000-7f6da4755000 r--s 00032000 08:11 33413                      /usr/lib/jvm/java-7-openjdk-common/jre/lib/ext/sunjce_provider.jar
7f6da4755000-7f6da4756000 r--s 00002000 08:11 33414                      /usr/lib/jvm/java-7-openjdk-common/jre/lib/ext/dnsns.jar
7f6da4756000-7f6da4757000 r--s 00007000 08:11 91114                      /usr/share/java/java-atk-wrapper.jar
7f6da4757000-7f6da475a000 r--s 0003c000 08:11 29922                      /usr/lib/jvm/java-7-openjdk-common/jre/lib/ext/sunpkcs11.jar
7f6da475a000-7f6da475c000 r--s 00012000 08:11 29692                      /usr/lib/jvm/java-7-openjdk-common/jre/lib/ext/zipfs.jar
7f6da475c000-7f6da4764000 rw-s 00000000 08:11 1575056                    /tmp/hsperfdata_akshay/8607
7f6da4764000-7f6da4765000 rw-p 00000000 00:00 0 
7f6da4765000-7f6da4766000 r--p 00000000 00:00 0 
7f6da4766000-7f6da4768000 rw-p 00000000 00:00 0 
7f6da4768000-7f6da4769000 r--p 0001f000 08:11 3933369                    /lib/x86_64-linux-gnu/ld-2.13.so
7f6da4769000-7f6da476a000 rw-p 00020000 08:11 3933369                    /lib/x86_64-linux-gnu/ld-2.13.so
7f6da476a000-7f6da476b000 rw-p 00000000 00:00 0 
7fff5bb1e000-7fff5bb3f000 rw-p 00000000 00:00 0                          [stack]
7fff5bbdf000-7fff5bbe0000 r-xp 00000000 00:00 0                          [vdso]
ffffffffff600000-ffffffffff601000 r-xp 00000000 00:00 0                  [vsyscall]

VM Arguments:
jvm_args: -Dfile.encoding=UTF-8 
java_command: edu.wpi.cs.wpisuitetng.janeway.Janeway
Launcher Type: SUN_STANDARD

Environment Variables:
PATH=/home/akshay/bin:/usr/sbin:/sbin:/usr/local/bin:/usr/bin:/bin:/usr/local/games:/usr/games
SHELL=/bin/bash
DISPLAY=:0.0

Signal Handlers:
SIGSEGV: [libjvm.so+0x84ff00], sa_mask[0]=0x7ffbfeff, sa_flags=0x10000004
SIGBUS: [libjvm.so+0x84ff00], sa_mask[0]=0x7ffbfeff, sa_flags=0x10000004
SIGFPE: [libjvm.so+0x6f2230], sa_mask[0]=0x7ffbfeff, sa_flags=0x10000004
SIGPIPE: [libjvm.so+0x6f2230], sa_mask[0]=0x7ffbfeff, sa_flags=0x10000004
SIGXFSZ: [libjvm.so+0x6f2230], sa_mask[0]=0x7ffbfeff, sa_flags=0x10000004
SIGILL: [libjvm.so+0x6f2230], sa_mask[0]=0x7ffbfeff, sa_flags=0x10000004
SIGUSR1: SIG_DFL, sa_mask[0]=0x00000000, sa_flags=0x00000000
SIGUSR2: [libjvm.so+0x6f2600], sa_mask[0]=0x00000004, sa_flags=0x10000004
SIGHUP: [libjvm.so+0x6f2740], sa_mask[0]=0x7ffbfeff, sa_flags=0x10000004
SIGINT: [libjvm.so+0x6f2740], sa_mask[0]=0x7ffbfeff, sa_flags=0x10000004
SIGTERM: [libjvm.so+0x6f2740], sa_mask[0]=0x7ffbfeff, sa_flags=0x10000004
SIGQUIT: [libjvm.so+0x6f2740], sa_mask[0]=0x7ffbfeff, sa_flags=0x10000004


---------------  S Y S T E M  ---------------

OS:7.0

uname:Linux 3.2.0-4-amd64 #1 SMP Debian 3.2.41-2 x86_64
libc:glibc 2.13 NPTL 2.13 
rlimit: STACK 8192k, CORE 0k, NPROC 46884, NOFILE 4096, AS infinity
load average:0.30 0.36 0.32

/proc/meminfo:
MemTotal:        6013720 kB
MemFree:         3196900 kB
Buffers:           75996 kB
Cached:          1041680 kB
SwapCached:            0 kB
Active:          1893144 kB
Inactive:         717360 kB
Active(anon):    1494320 kB
Inactive(anon):   167620 kB
Active(file):     398824 kB
Inactive(file):   549740 kB
Unevictable:           0 kB
Mlocked:               0 kB
SwapTotal:             0 kB
SwapFree:              0 kB
Dirty:               948 kB
Writeback:             0 kB
AnonPages:       1493108 kB
Mapped:           164984 kB
Shmem:            169116 kB
Slab:             127372 kB
SReclaimable:     103404 kB
SUnreclaim:        23968 kB
KernelStack:        4064 kB
PageTables:        26856 kB
NFS_Unstable:          0 kB
Bounce:                0 kB
WritebackTmp:          0 kB
CommitLimit:     3006860 kB
Committed_AS:    3770784 kB
VmallocTotal:   34359738367 kB
VmallocUsed:      367420 kB
VmallocChunk:   34359344976 kB
HardwareCorrupted:     0 kB
AnonHugePages:         0 kB
HugePages_Total:       0
HugePages_Free:        0
HugePages_Rsvd:        0
HugePages_Surp:        0
Hugepagesize:       2048 kB
DirectMap4k:       51200 kB
DirectMap2M:     6131712 kB


CPU:total 4 (2 cores per cpu, 2 threads per core) family 6 model 42 stepping 7, cmov, cx8, fxsr, mmx, sse, sse2, sse3, ssse3, sse4.1, sse4.2, popcnt, avx, ht, tsc, tscinvbit

/proc/cpuinfo:
processor	: 0
vendor_id	: GenuineIntel
cpu family	: 6
model		: 42
model name	: Intel(R) Core(TM) i5-2520M CPU @ 2.50GHz
stepping	: 7
microcode	: 0x28
cpu MHz		: 2500.000
cache size	: 3072 KB
physical id	: 0
siblings	: 4
core id		: 0
cpu cores	: 2
apicid		: 0
initial apicid	: 0
fpu		: yes
fpu_exception	: yes
cpuid level	: 13
wp		: yes
flags		: fpu vme de pse tsc msr pae mce cx8 apic sep mtrr pge mca cmov pat pse36 clflush dts acpi mmx fxsr sse sse2 ss ht tm pbe syscall nx rdtscp lm constant_tsc arch_perfmon pebs bts nopl xtopology nonstop_tsc aperfmperf pni pclmulqdq dtes64 monitor ds_cpl vmx smx est tm2 ssse3 cx16 xtpr pdcm pcid sse4_1 sse4_2 x2apic popcnt tsc_deadline_timer aes xsave avx lahf_lm ida arat epb xsaveopt pln pts dtherm tpr_shadow vnmi flexpriority ept vpid
bogomips	: 4984.23
clflush size	: 64
cache_alignment	: 64
address sizes	: 36 bits physical, 48 bits virtual
power management:

processor	: 1
vendor_id	: GenuineIntel
cpu family	: 6
model		: 42
model name	: Intel(R) Core(TM) i5-2520M CPU @ 2.50GHz
stepping	: 7
microcode	: 0x28
cpu MHz		: 2501.000
cache size	: 3072 KB
physical id	: 0
siblings	: 4
core id		: 0
cpu cores	: 2
apicid		: 1
initial apicid	: 1
fpu		: yes
fpu_exception	: yes
cpuid level	: 13
wp		: yes
flags		: fpu vme de pse tsc msr pae mce cx8 apic sep mtrr pge mca cmov pat pse36 clflush dts acpi mmx fxsr sse sse2 ss ht tm pbe syscall nx rdtscp lm constant_tsc arch_perfmon pebs bts nopl xtopology nonstop_tsc aperfmperf pni pclmulqdq dtes64 monitor ds_cpl vmx smx est tm2 ssse3 cx16 xtpr pdcm pcid sse4_1 sse4_2 x2apic popcnt tsc_deadline_timer aes xsave avx lahf_lm ida arat epb xsaveopt pln pts dtherm tpr_shadow vnmi flexpriority ept vpid
bogomips	: 4983.70
clflush size	: 64
cache_alignment	: 64
address sizes	: 36 bits physical, 48 bits virtual
power management:

processor	: 2
vendor_id	: GenuineIntel
cpu family	: 6
model		: 42
model name	: Intel(R) Core(TM) i5-2520M CPU @ 2.50GHz
stepping	: 7
microcode	: 0x28
cpu MHz		: 2501.000
cache size	: 3072 KB
physical id	: 0
siblings	: 4
core id		: 1
cpu cores	: 2
apicid		: 2
initial apicid	: 2
fpu		: yes
fpu_exception	: yes
cpuid level	: 13
wp		: yes
flags		: fpu vme de pse tsc msr pae mce cx8 apic sep mtrr pge mca cmov pat pse36 clflush dts acpi mmx fxsr sse sse2 ss ht tm pbe syscall nx rdtscp lm constant_tsc arch_perfmon pebs bts nopl xtopology nonstop_tsc aperfmperf pni pclmulqdq dtes64 monitor ds_cpl vmx smx est tm2 ssse3 cx16 xtpr pdcm pcid sse4_1 sse4_2 x2apic popcnt tsc_deadline_timer aes xsave avx lahf_lm ida arat epb xsaveopt pln pts dtherm tpr_shadow vnmi flexpriority ept vpid
bogomips	: 4983.73
clflush size	: 64
cache_alignment	: 64
address sizes	: 36 bits physical, 48 bits virtual
power management:

processor	: 3
vendor_id	: GenuineIntel
cpu family	: 6
model		: 42
model name	: Intel(R) Core(TM) i5-2520M CPU @ 2.50GHz
stepping	: 7
microcode	: 0x28
cpu MHz		: 2501.000
cache size	: 3072 KB
physical id	: 0
siblings	: 4
core id		: 1
cpu cores	: 2
apicid		: 3
initial apicid	: 3
fpu		: yes
fpu_exception	: yes
cpuid level	: 13
wp		: yes
flags		: fpu vme de pse tsc msr pae mce cx8 apic sep mtrr pge mca cmov pat pse36 clflush dts acpi mmx fxsr sse sse2 ss ht tm pbe syscall nx rdtscp lm constant_tsc arch_perfmon pebs bts nopl xtopology nonstop_tsc aperfmperf pni pclmulqdq dtes64 monitor ds_cpl vmx smx est tm2 ssse3 cx16 xtpr pdcm pcid sse4_1 sse4_2 x2apic popcnt tsc_deadline_timer aes xsave avx lahf_lm ida arat epb xsaveopt pln pts dtherm tpr_shadow vnmi flexpriority ept vpid
bogomips	: 4983.75
clflush size	: 64
cache_alignment	: 64
address sizes	: 36 bits physical, 48 bits virtual
power management:



Memory: 4k page, physical 6013720k(3196900k free), swap 0k(0k free)

vm_info: OpenJDK 64-Bit Server VM (23.7-b01) for linux-amd64 JRE (1.7.0_25-b30), built on Jul  3 2013 10:28:26 by "jmm" with gcc 4.7.2

time: Tue Apr 29 21:49:32 2014
elapsed time: 153 seconds

