#
# A fatal error has been detected by the Java Runtime Environment:
#
#  SIGSEGV (0xb) at pc=0x00007f28fc289300, pid=11332, tid=139813589018368
#
# JRE version: 7.0_25-b30
# Java VM: OpenJDK 64-Bit Server VM (23.7-b01 mixed mode linux-amd64 compressed oops)
# Problematic frame:
# C  [libc.so.6+0x121300]  __nss_hosts_lookup+0xdce0
#
# Failed to write core dump. Core dumps have been disabled. To enable core dumping, try "ulimit -c unlimited" before starting Java again
#
# If you would like to submit a bug report, please include
# instructions on how to reproduce the bug and visit:
#   http://icedtea.classpath.org/bugzilla
# The crash happened outside the Java Virtual Machine in native code.
# See problematic frame for where to report the bug.
#

---------------  T H R E A D  ---------------

Current thread (0x000000000255d800):  JavaThread "Thread-12" [_thread_in_native, id=11447, stack(0x00007f28e33ee000,0x00007f28e34ef000)]

siginfo:si_signo=SIGSEGV: si_errno=0, si_code=1 (SEGV_MAPERR), si_addr=0x00007f28fcf5a904

Registers:
RAX=0x0000000002ca0350, RBX=0x000000000277e2e0, RCX=0x00007f28fcf45f47, RDX=0x0000000000006572
RSP=0x00007f28e34ec058, RBP=0x00007f28e34ec0c0, RSI=0x00007f28fcf543a2, RDI=0x0000000002ca0350
R8 =0x0000000002ca0340, R9 =0x00007f28fc28ba60, R10=0x00007f28fcf5439b, R11=0x00007f28fc2bd610
R12=0x0000000002ca0350, R13=0x0000000000006572, R14=0x000000000312ea40, R15=0x0000000000000007
RIP=0x00007f28fc289300, EFLAGS=0x0000000000010a02, CSGSFS=0x0000000000000033, ERR=0x0000000000000004
  TRAPNO=0x000000000000000e

Top of Stack: (sp=0x00007f28e34ec058)
0x00007f28e34ec058:   00007f28f9c8a3a5 00007f2800006572
0x00007f28e34ec068:   00007f28fcf45f47 000000007265e410
0x00007f28e34ec078:   000000006e702e73 0000000081a40000
0x00007f28e34ec088:   000000000000e426 00007f28e34ec130
0x00007f28e34ec098:   00000000027898c0 00007f28e34ec130
0x00007f28e34ec0a8:   00007f28ec375030 000000000277e2e0
0x00007f28e34ec0b8:   0000000048e4a5cc 00007f28e34ec110
0x00007f28e34ec0c8:   00007f28f9c8aeb0 00000000032833f0
0x00007f28e34ec0d8:   0000000fec07c080 000000000255d800
0x00007f28e34ec0e8:   00007f28e34ec130 00007f28e34ec588
0x00007f28e34ec0f8:   00007f28e34ec130 000000000000000f
0x00007f28e34ec108:   000000000255d9d8 00007f28e34ec570
0x00007f28e34ec118:   00007f28f9c88af3 01000000032d5eb0
0x00007f28e34ec128:   000000000277e2e0 61476f6e2f736572
0x00007f28e34ec138:   00676e702e73656d 00000000a48c8f00
0x00007f28e34ec148:   0000006f00000000 00007f289b1eaee8
0x00007f28e34ec158:   00007f2800000000 00007f289b1ddfe0
0x00007f28e34ec168:   00007f2800000000 00007f2800000000
0x00007f28e34ec178:   00007f2800010100 00007f2800000000
0x00007f28e34ec188:   00007f28e34ec138 00007f28e34ec179
0x00007f28e34ec198:   0000000800000002 00007f2800000000
0x00007f28e34ec1a8:   00000000fffff080 00007f2800000000
0x00007f28e34ec1b8:   000000000255d800 0000000000000000
0x00007f28e34ec1c8:   00000000024d6120 000000000255d800
0x00007f28e34ec1d8:   00000000032d8fa8 00007f28e34ec360
0x00007f28e34ec1e8:   00007f28fb9ebb4b 000000000255d800
0x00007f28e34ec1f8:   00000000e171d5b8 000000000000000d
0x00007f28e34ec208:   00000000032d8fa8 0000000099e0dc9d
0x00007f28e34ec218:   0000003000000018 00007f28e34ec370
0x00007f28e34ec228:   00007f28e34ec290 000000000255d800
0x00007f28e34ec238:   0000000000000000 00007f28e34ec268
0x00007f28e34ec248:   00007f28e34ec2f0 00007f28fc107210 

Instructions: (pc=0x00007f28fc289300)
0x00007f28fc2892e0:   0c 3e 26 00 4c 8d 1d 65 44 03 00 4f 63 0c 8b 4f
0x00007f28fc2892f0:   8d 0c 0b 41 ff e1 0f 0b 0f 1f 84 00 00 00 00 00
0x00007f28fc289300:   f3 0f 6f 44 16 f0 48 01 d6 4c 8d 44 17 f0 48 01
0x00007f28fc289310:   d7 48 89 f9 48 83 e1 0f 48 31 cf 48 29 ca 48 29 

Register to memory mapping:

RAX=0x0000000002ca0350 is an unknown value
RBX=0x000000000277e2e0 is an unknown value
RCX=0x00007f28fcf45f47 is an unknown value
RDX=0x0000000000006572 is an unknown value
RSP=0x00007f28e34ec058 is pointing into the stack for thread: 0x000000000255d800
RBP=0x00007f28e34ec0c0 is pointing into the stack for thread: 0x000000000255d800
RSI=0x00007f28fcf543a2 is an unknown value
RDI=0x0000000002ca0350 is an unknown value
R8 =0x0000000002ca0340 is an unknown value
R9 =0x00007f28fc28ba60: <offset 0x123a60> in /lib/x86_64-linux-gnu/libc.so.6 at 0x00007f28fc168000
R10=0x00007f28fcf5439b is an unknown value
R11=0x00007f28fc2bd610: <offset 0x155610> in /lib/x86_64-linux-gnu/libc.so.6 at 0x00007f28fc168000
R12=0x0000000002ca0350 is an unknown value
R13=0x0000000000006572 is an unknown value
R14=0x000000000312ea40 is an unknown value
R15=0x0000000000000007 is an unknown value


Stack: [0x00007f28e33ee000,0x00007f28e34ef000],  sp=0x00007f28e34ec058,  free space=1016k
Native frames: (J=compiled Java code, j=interpreted, Vv=VM code, C=native code)
C  [libc.so.6+0x121300]  __nss_hosts_lookup+0xdce0
C  [libzip.so+0x5eb0]  ZIP_GetEntry+0xd0
C  [libzip.so+0x3af3]  Java_java_util_zip_ZipFile_getEntry+0xb3
J  java.util.zip.ZipFile.getEntry(J[BZ)J

Java frames: (J=compiled Java code, j=interpreted, Vv=VM code)
J  java.util.zip.ZipFile.getEntry(J[BZ)J
J  sun.misc.URLClassPath$JarLoader.getResource(Ljava/lang/String;Z)Lsun/misc/Resource;
j  sun.misc.URLClassPath$JarLoader.findResource(Ljava/lang/String;Z)Ljava/net/URL;+3
j  sun.misc.URLClassPath.findResource(Ljava/lang/String;Z)Ljava/net/URL;+17
j  java.net.URLClassLoader$2.run()Ljava/net/URL;+12
j  java.net.URLClassLoader$2.run()Ljava/lang/Object;+1
v  ~StubRoutines::call_stub
J  java.security.AccessController.doPrivileged(Ljava/security/PrivilegedAction;Ljava/security/AccessControlContext;)Ljava/lang/Object;
j  java.net.URLClassLoader.findResource(Ljava/lang/String;)Ljava/net/URL;+13
j  java.lang.ClassLoader.getResource(Ljava/lang/String;)Ljava/net/URL;+30
j  java.lang.Class.getResource(Ljava/lang/String;)Ljava/net/URL;+22
j  edu.wpi.cs.wpisuitetng.modules.planningpoker.view.ImageLoader.getImage(Ljava/lang/String;)Ljava/awt/image/BufferedImage;+48
j  edu.wpi.cs.wpisuitetng.modules.planningpoker.view.ImageLoader.getIcon(Ljava/lang/String;)Ljavax/swing/ImageIcon;+3
j  edu.wpi.cs.wpisuitetng.modules.planningpoker.view.main.GamesListTreeCellRenderer.getTreeCellRendererComponent(Ljavax/swing/JTree;Ljava/lang/Object;ZZZIZ)Ljava/awt/Component;+501
j  javax.swing.plaf.basic.BasicTreeUI$NodeDimensionsHandler.getNodeDimensions(Ljava/lang/Object;IIZLjava/awt/Rectangle;)Ljava/awt/Rectangle;+185
j  javax.swing.tree.AbstractLayoutCache.getNodeDimensions(Ljava/lang/Object;IIZLjava/awt/Rectangle;)Ljava/awt/Rectangle;+20
j  javax.swing.tree.VariableHeightLayoutCache$TreeStateNode.updatePreferredSize(I)V+24
j  javax.swing.tree.VariableHeightLayoutCache$TreeStateNode.expand(Z)V+185
j  javax.swing.tree.VariableHeightLayoutCache$TreeStateNode.expand()V+2
j  javax.swing.tree.VariableHeightLayoutCache.ensurePathIsExpanded(Ljavax/swing/tree/TreePath;Z)V+52
j  javax.swing.tree.VariableHeightLayoutCache.setExpandedState(Ljavax/swing/tree/TreePath;Z)V+11
j  javax.swing.plaf.basic.BasicTreeUI.updateExpandedDescendants(Ljavax/swing/tree/TreePath;)V+17
j  javax.swing.plaf.basic.BasicTreeUI$Handler.treeExpanded(Ljavax/swing/event/TreeExpansionEvent;)V+24
j  javax.swing.JTree.fireTreeExpanded(Ljavax/swing/tree/TreePath;)V+32
j  javax.swing.JTree.setExpandedState(Ljavax/swing/tree/TreePath;Z)V+401
j  javax.swing.JTree.expandPath(Ljavax/swing/tree/TreePath;)V+29
j  edu.wpi.cs.wpisuitetng.modules.planningpoker.view.main.GamesListPanel.updateTree()V+620
j  edu.wpi.cs.wpisuitetng.modules.planningpoker.view.main.GamesListPanel.access$000(Ledu/wpi/cs/wpisuitetng/modules/planningpoker/view/main/GamesListPanel;)V+1
j  edu.wpi.cs.wpisuitetng.modules.planningpoker.view.main.GamesListPanel$1.listUpdated()V+4
j  edu.wpi.cs.wpisuitetng.modules.planningpoker.model.GameListModel.updated()V+28
j  edu.wpi.cs.wpisuitetng.modules.planningpoker.model.GameListModel.setGames([Ledu/wpi/cs/wpisuitetng/modules/planningpoker/model/GameModel;)V+71
j  edu.wpi.cs.wpisuitetng.modules.planningpoker.controller.GetGamesController.receivedGames([Ledu/wpi/cs/wpisuitetng/modules/planningpoker/model/GameModel;)V+8
j  edu.wpi.cs.wpisuitetng.modules.planningpoker.controller.GetGamesRequestObserver.fail(Ledu/wpi/cs/wpisuitetng/network/models/IRequest;Ljava/lang/Exception;)V+20
j  edu.wpi.cs.wpisuitetng.network.Request.notifyObserversFail(Ljava/lang/Exception;)V+43
j  edu.wpi.cs.wpisuitetng.network.RequestActor.run()V+468
v  ~StubRoutines::call_stub

---------------  P R O C E S S  ---------------

Java Threads: ( => current thread )
=>0x000000000255d800 JavaThread "Thread-12" [_thread_in_native, id=11447, stack(0x00007f28e33ee000,0x00007f28e34ef000)]
  0x00000000026ab000 JavaThread "Long Polling Notification Client" [_thread_in_Java, id=11365, stack(0x00007f28e38f7000,0x00007f28e39f8000)]
  0x0000000002dae000 JavaThread "TimerQueue" daemon [_thread_blocked, id=11356, stack(0x00007f28e39f8000,0x00007f28e3af9000)]
  0x000000000243d800 JavaThread "DestroyJavaVM" [_thread_blocked, id=11337, stack(0x00007f28fce37000,0x00007f28fcf38000)]
  0x000000000297e800 JavaThread "AWT-EventQueue-0" [_thread_in_native, id=11353, stack(0x00007f28e3cb4000,0x00007f28e3db5000)]
  0x000000000297d000 JavaThread "AWT-Shutdown" [_thread_blocked, id=11352, stack(0x00007f28e3db5000,0x00007f28e3eb6000)]
  0x0000000002774800 JavaThread "AWT-XAWT" daemon [_thread_in_native, id=11351, stack(0x00007f28e4565000,0x00007f28e4666000)]
  0x0000000002740000 JavaThread "Java2D Disposer" daemon [_thread_blocked, id=11350, stack(0x00007f28e4666000,0x00007f28e4767000)]
  0x00007f28ec005800 JavaThread "Service Thread" daemon [_thread_blocked, id=11348, stack(0x00007f28f08b6000,0x00007f28f09b7000)]
  0x00007f28ec003000 JavaThread "C2 CompilerThread1" daemon [_thread_blocked, id=11347, stack(0x00007f28f09b7000,0x00007f28f0ab8000)]
  0x0000000002548000 JavaThread "C2 CompilerThread0" daemon [_thread_blocked, id=11346, stack(0x00007f28f0ab8000,0x00007f28f0bb9000)]
  0x0000000002545800 JavaThread "Signal Dispatcher" daemon [_thread_blocked, id=11345, stack(0x00007f28f0bb9000,0x00007f28f0cba000)]
  0x00000000024e6800 JavaThread "Finalizer" daemon [_thread_blocked, id=11344, stack(0x00007f28f0e31000,0x00007f28f0f32000)]
  0x00000000024e4800 JavaThread "Reference Handler" daemon [_thread_blocked, id=11343, stack(0x00007f28f0f32000,0x00007f28f1033000)]

Other Threads:
  0x00000000024dc000 VMThread [stack: 0x00007f28f1033000,0x00007f28f1134000] [id=11342]
  0x00007f28ec010800 WatcherThread [stack: 0x00007f28f07b5000,0x00007f28f08b6000] [id=11349]

VM state:not at safepoint (normal execution)

VM Mutex/Monitor currently owned by a thread: None

Heap
 PSYoungGen      total 13440K, used 1390K [0x00000000e1600000, 0x00000000e2800000, 0x0000000100000000)
  eden space 13312K, 9% used [0x00000000e1600000,0x00000000e1743898,0x00000000e2300000)
  from space 128K, 75% used [0x00000000e2330000,0x00000000e2348000,0x00000000e2350000)
  to   space 2560K, 0% used [0x00000000e2580000,0x00000000e2580000,0x00000000e2800000)
 ParOldGen       total 62720K, used 9872K [0x00000000a4200000, 0x00000000a7f40000, 0x00000000e1600000)
  object space 62720K, 15% used [0x00000000a4200000,0x00000000a4ba43b8,0x00000000a7f40000)
 PSPermGen       total 22976K, used 22923K [0x0000000099c00000, 0x000000009b270000, 0x00000000a4200000)
  object space 22976K, 99% used [0x0000000099c00000,0x000000009b262d90,0x000000009b270000)

Card table byte_map: [0x00007f28f6952000,0x00007f28f6c85000] byte_map_base: 0x00007f28f6484000

Polling page: 0x00007f28fcf54000

Code Cache  [0x00007f28f6c85000, 0x00007f28f6f05000, 0x00007f28f9c85000)
 total_blobs=1318 nmethods=770 adapters=499 free_code_cache=46664Kb largest_free_block=47748160

Compilation events (10 events):
Event: 64.604 Thread 0x00007f28ec003000  789             javax.swing.plaf.ComponentUI::update (36 bytes)
Event: 64.606 Thread 0x00007f28ec003000 nmethod 789 0x00007f28f6ef8a90 code [0x00007f28f6ef8c00, 0x00007f28f6ef8d98]
Event: 64.759 Thread 0x0000000002548000  790             java.awt.Cursor::getPredefinedCursor (61 bytes)
Event: 64.760 Thread 0x0000000002548000 nmethod 790 0x00007f28f6ef8710 code [0x00007f28f6ef8860, 0x00007f28f6ef8958]
Event: 67.970 Thread 0x00007f28ec003000  791   !         sun.java2d.SunGraphics2D::drawLine (74 bytes)
Event: 67.973 Thread 0x00007f28ec003000 nmethod 791 0x00007f28f6ef7f50 code [0x00007f28f6ef8100, 0x00007f28f6ef8340]
Event: 69.588 Thread 0x0000000002548000  792             javax.swing.plaf.metal.MetalBorders$ScrollPaneBorder::getBorderInsets (10 bytes)
Event: 69.589 Thread 0x0000000002548000 nmethod 792 0x00007f28f6da2ed0 code [0x00007f28f6da3000, 0x00007f28f6da3078]
Event: 77.285 Thread 0x00007f28ec003000  793             sun.awt.X11.Native::toData (42 bytes)
Event: 77.289 Thread 0x00007f28ec003000 nmethod 793 0x00007f28f6efb710 code [0x00007f28f6efb860, 0x00007f28f6efbac8]

GC Heap History (10 events):
Event: 116.264 GC heap before
{Heap before GC invocations=29 (full 0):
 PSYoungGen      total 17664K, used 14560K [0x00000000e1600000, 0x00000000e2b40000, 0x0000000100000000)
  eden space 14464K, 100% used [0x00000000e1600000,0x00000000e2420000,0x00000000e2420000)
  from space 3200K, 3% used [0x00000000e2820000,0x00000000e2838000,0x00000000e2b40000)
  to   space 3648K, 0% used [0x00000000e2420000,0x00000000e2420000,0x00000000e27b0000)
 ParOldGen       total 62720K, used 9872K [0x00000000a4200000, 0x00000000a7f40000, 0x00000000e1600000)
  object space 62720K, 15% used [0x00000000a4200000,0x00000000a4ba43b8,0x00000000a7f40000)
 PSPermGen       total 22976K, used 22920K [0x0000000099c00000, 0x000000009b270000, 0x00000000a4200000)
  object space 22976K, 99% used [0x0000000099c00000,0x000000009b262280,0x000000009b270000)
Event: 116.265 GC heap after
Heap after GC invocations=29 (full 0):
 PSYoungGen      total 14272K, used 64K [0x00000000e1600000, 0x00000000e2a80000, 0x0000000100000000)
  eden space 14208K, 0% used [0x00000000e1600000,0x00000000e1600000,0x00000000e23e0000)
  from space 64K, 100% used [0x00000000e2420000,0x00000000e2430000,0x00000000e2430000)
  to   space 3392K, 0% used [0x00000000e2730000,0x00000000e2730000,0x00000000e2a80000)
 ParOldGen       total 62720K, used 9872K [0x00000000a4200000, 0x00000000a7f40000, 0x00000000e1600000)
  object space 62720K, 15% used [0x00000000a4200000,0x00000000a4ba43b8,0x00000000a7f40000)
 PSPermGen       total 22976K, used 22920K [0x0000000099c00000, 0x000000009b270000, 0x00000000a4200000)
  object space 22976K, 99% used [0x0000000099c00000,0x000000009b262280,0x000000009b270000)
}
Event: 119.148 GC heap before
{Heap before GC invocations=30 (full 0):
 PSYoungGen      total 14272K, used 14272K [0x00000000e1600000, 0x00000000e2a80000, 0x0000000100000000)
  eden space 14208K, 100% used [0x00000000e1600000,0x00000000e23e0000,0x00000000e23e0000)
  from space 64K, 100% used [0x00000000e2420000,0x00000000e2430000,0x00000000e2430000)
  to   space 3392K, 0% used [0x00000000e2730000,0x00000000e2730000,0x00000000e2a80000)
 ParOldGen       total 62720K, used 9872K [0x00000000a4200000, 0x00000000a7f40000, 0x00000000e1600000)
  object space 62720K, 15% used [0x00000000a4200000,0x00000000a4ba43b8,0x00000000a7f40000)
 PSPermGen       total 22976K, used 22920K [0x0000000099c00000, 0x000000009b270000, 0x00000000a4200000)
  object space 22976K, 99% used [0x0000000099c00000,0x000000009b262280,0x000000009b270000)
Event: 119.148 GC heap after
Heap after GC invocations=30 (full 0):
 PSYoungGen      total 16704K, used 64K [0x00000000e1600000, 0x00000000e29e0000, 0x0000000100000000)
  eden space 13952K, 0% used [0x00000000e1600000,0x00000000e1600000,0x00000000e23a0000)
  from space 2752K, 2% used [0x00000000e2730000,0x00000000e2740000,0x00000000e29e0000)
  to   space 3200K, 0% used [0x00000000e23a0000,0x00000000e23a0000,0x00000000e26c0000)
 ParOldGen       total 62720K, used 9872K [0x00000000a4200000, 0x00000000a7f40000, 0x00000000e1600000)
  object space 62720K, 15% used [0x00000000a4200000,0x00000000a4ba43b8,0x00000000a7f40000)
 PSPermGen       total 22976K, used 22920K [0x0000000099c00000, 0x000000009b270000, 0x00000000a4200000)
  object space 22976K, 99% used [0x0000000099c00000,0x000000009b262280,0x000000009b270000)
}
Event: 122.820 GC heap before
{Heap before GC invocations=31 (full 0):
 PSYoungGen      total 16704K, used 14016K [0x00000000e1600000, 0x00000000e29e0000, 0x0000000100000000)
  eden space 13952K, 100% used [0x00000000e1600000,0x00000000e23a0000,0x00000000e23a0000)
  from space 2752K, 2% used [0x00000000e2730000,0x00000000e2740000,0x00000000e29e0000)
  to   space 3200K, 0% used [0x00000000e23a0000,0x00000000e23a0000,0x00000000e26c0000)
 ParOldGen       total 62720K, used 9872K [0x00000000a4200000, 0x00000000a7f40000, 0x00000000e1600000)
  object space 62720K, 15% used [0x00000000a4200000,0x00000000a4ba43b8,0x00000000a7f40000)
 PSPermGen       total 22976K, used 22920K [0x0000000099c00000, 0x000000009b270000, 0x00000000a4200000)
  object space 22976K, 99% used [0x0000000099c00000,0x000000009b262280,0x000000009b270000)
Event: 122.821 GC heap after
Heap after GC invocations=31 (full 0):
 PSYoungGen      total 13760K, used 32K [0x00000000e1600000, 0x00000000e2920000, 0x0000000100000000)
  eden space 13696K, 0% used [0x00000000e1600000,0x00000000e1600000,0x00000000e2360000)
  from space 64K, 50% used [0x00000000e23a0000,0x00000000e23a8000,0x00000000e23b0000)
  to   space 2944K, 0% used [0x00000000e2640000,0x00000000e2640000,0x00000000e2920000)
 ParOldGen       total 62720K, used 9872K [0x00000000a4200000, 0x00000000a7f40000, 0x00000000e1600000)
  object space 62720K, 15% used [0x00000000a4200000,0x00000000a4ba43b8,0x00000000a7f40000)
 PSPermGen       total 22976K, used 22920K [0x0000000099c00000, 0x000000009b270000, 0x00000000a4200000)
  object space 22976K, 99% used [0x0000000099c00000,0x000000009b262280,0x000000009b270000)
}
Event: 126.152 GC heap before
{Heap before GC invocations=32 (full 0):
 PSYoungGen      total 13760K, used 13728K [0x00000000e1600000, 0x00000000e2920000, 0x0000000100000000)
  eden space 13696K, 100% used [0x00000000e1600000,0x00000000e2360000,0x00000000e2360000)
  from space 64K, 50% used [0x00000000e23a0000,0x00000000e23a8000,0x00000000e23b0000)
  to   space 2944K, 0% used [0x00000000e2640000,0x00000000e2640000,0x00000000e2920000)
 ParOldGen       total 62720K, used 9872K [0x00000000a4200000, 0x00000000a7f40000, 0x00000000e1600000)
  object space 62720K, 15% used [0x00000000a4200000,0x00000000a4ba43b8,0x00000000a7f40000)
 PSPermGen       total 22976K, used 22920K [0x0000000099c00000, 0x000000009b270000, 0x00000000a4200000)
  object space 22976K, 99% used [0x0000000099c00000,0x000000009b262280,0x000000009b270000)
Event: 126.153 GC heap after
Heap after GC invocations=32 (full 0):
 PSYoungGen      total 15872K, used 96K [0x00000000e1600000, 0x00000000e2890000, 0x0000000100000000)
  eden space 13504K, 0% used [0x00000000e1600000,0x00000000e1600000,0x00000000e2330000)
  from space 2368K, 4% used [0x00000000e2640000,0x00000000e2658000,0x00000000e2890000)
  to   space 2752K, 0% used [0x00000000e2330000,0x00000000e2330000,0x00000000e25e0000)
 ParOldGen       total 62720K, used 9872K [0x00000000a4200000, 0x00000000a7f40000, 0x00000000e1600000)
  object space 62720K, 15% used [0x00000000a4200000,0x00000000a4ba43b8,0x00000000a7f40000)
 PSPermGen       total 22976K, used 22920K [0x0000000099c00000, 0x000000009b270000, 0x00000000a4200000)
  object space 22976K, 99% used [0x0000000099c00000,0x000000009b262280,0x000000009b270000)
}
Event: 129.654 GC heap before
{Heap before GC invocations=33 (full 0):
 PSYoungGen      total 15872K, used 13600K [0x00000000e1600000, 0x00000000e2890000, 0x0000000100000000)
  eden space 13504K, 100% used [0x00000000e1600000,0x00000000e2330000,0x00000000e2330000)
  from space 2368K, 4% used [0x00000000e2640000,0x00000000e2658000,0x00000000e2890000)
  to   space 2752K, 0% used [0x00000000e2330000,0x00000000e2330000,0x00000000e25e0000)
 ParOldGen       total 62720K, used 9872K [0x00000000a4200000, 0x00000000a7f40000, 0x00000000e1600000)
  object space 62720K, 15% used [0x00000000a4200000,0x00000000a4ba43b8,0x00000000a7f40000)
 PSPermGen       total 22976K, used 22920K [0x0000000099c00000, 0x000000009b270000, 0x00000000a4200000)
  object space 22976K, 99% used [0x0000000099c00000,0x000000009b262280,0x000000009b270000)
Event: 129.655 GC heap after
Heap after GC invocations=33 (full 0):
 PSYoungGen      total 13440K, used 96K [0x00000000e1600000, 0x00000000e2800000, 0x0000000100000000)
  eden space 13312K, 0% used [0x00000000e1600000,0x00000000e1600000,0x00000000e2300000)
  from space 128K, 75% used [0x00000000e2330000,0x00000000e2348000,0x00000000e2350000)
  to   space 2560K, 0% used [0x00000000e2580000,0x00000000e2580000,0x00000000e2800000)
 ParOldGen       total 62720K, used 9872K [0x00000000a4200000, 0x00000000a7f40000, 0x00000000e1600000)
  object space 62720K, 15% used [0x00000000a4200000,0x00000000a4ba43b8,0x00000000a7f40000)
 PSPermGen       total 22976K, used 22920K [0x0000000099c00000, 0x000000009b270000, 0x00000000a4200000)
  object space 22976K, 99% used [0x0000000099c00000,0x000000009b262280,0x000000009b270000)
}

Deoptimization events (10 events):
Event: 46.985 Thread 0x000000000297e800 Uncommon trap -28 fr.pc 0x00007f28f6e73b34
Event: 51.351 Thread 0x000000000297e800 Uncommon trap -34 fr.pc 0x00007f28f6ddd370
Event: 53.069 Thread 0x000000000297e800 Uncommon trap -34 fr.pc 0x00007f28f6e500fc
Event: 53.069 Thread 0x000000000297e800 Uncommon trap -58 fr.pc 0x00007f28f6e63938
Event: 55.652 Thread 0x000000000297e800 Uncommon trap -34 fr.pc 0x00007f28f6e500fc
Event: 55.652 Thread 0x000000000297e800 Uncommon trap -58 fr.pc 0x00007f28f6e63938
Event: 55.684 Thread 0x000000000297e800 Uncommon trap -34 fr.pc 0x00007f28f6d86e68
Event: 58.562 Thread 0x000000000297e800 Uncommon trap -34 fr.pc 0x00007f28f6d86e68
Event: 129.827 Thread 0x000000000255d800 Uncommon trap -83 fr.pc 0x00007f28f6e80094
Event: 129.827 Thread 0x000000000255d800 Uncommon trap -83 fr.pc 0x00007f28f6e80f50

Internal exceptions (10 events):
Event: 129.826 Thread 0x00000000026ab000 Threw 0x00000000e1713da0 at /home/jmm/scratch/jdk/openjdk-7-7u25-2.3.10/build/openjdk/hotspot/src/share/vm/prims/jni.cpp:716
Event: 129.827 Thread 0x00000000026ab000 Threw 0x00000000e1714508 at /home/jmm/scratch/jdk/openjdk-7-7u25-2.3.10/build/openjdk/hotspot/src/share/vm/prims/jni.cpp:716
Event: 129.827 Thread 0x00000000026ab000 Threw 0x00000000e1714c70 at /home/jmm/scratch/jdk/openjdk-7-7u25-2.3.10/build/openjdk/hotspot/src/share/vm/prims/jni.cpp:716
Event: 129.827 Thread 0x00000000026ab000 Threw 0x00000000e17153d8 at /home/jmm/scratch/jdk/openjdk-7-7u25-2.3.10/build/openjdk/hotspot/src/share/vm/prims/jni.cpp:716
Event: 129.827 Thread 0x00000000026ab000 Threw 0x00000000e1715b40 at /home/jmm/scratch/jdk/openjdk-7-7u25-2.3.10/build/openjdk/hotspot/src/share/vm/prims/jni.cpp:716
Event: 129.827 Thread 0x00000000026ab000 Threw 0x00000000e17162a8 at /home/jmm/scratch/jdk/openjdk-7-7u25-2.3.10/build/openjdk/hotspot/src/share/vm/prims/jni.cpp:716
Event: 129.827 Thread 0x00000000026ab000 Threw 0x00000000e1716a10 at /home/jmm/scratch/jdk/openjdk-7-7u25-2.3.10/build/openjdk/hotspot/src/share/vm/prims/jni.cpp:716
Event: 129.828 Thread 0x00000000026ab000 Threw 0x00000000e1738778 at /home/jmm/scratch/jdk/openjdk-7-7u25-2.3.10/build/openjdk/hotspot/src/share/vm/prims/jni.cpp:716
Event: 129.828 Thread 0x00000000026ab000 Threw 0x00000000e1738ee0 at /home/jmm/scratch/jdk/openjdk-7-7u25-2.3.10/build/openjdk/hotspot/src/share/vm/prims/jni.cpp:716
Event: 129.828 Thread 0x00000000026ab000 Threw 0x00000000e1739648 at /home/jmm/scratch/jdk/openjdk-7-7u25-2.3.10/build/openjdk/hotspot/src/share/vm/prims/jni.cpp:716

Events (10 events):
Event: 129.655 Executing VM operation: ParallelGCFailedAllocation done
Event: 129.823 Thread 0x000000000255d800 Thread added: 0x000000000255d800
Event: 129.823 loading class 0x0000000003284ec0
Event: 129.823 loading class 0x0000000003284ec0 done
Event: 129.824 Executing VM operation: RevokeBias
Event: 129.824 Executing VM operation: RevokeBias done
Event: 129.827 Thread 0x000000000255d800 DEOPT PACKING pc=0x00007f28f6e80094 sp=0x00007f28e34ed0b0
Event: 129.827 Thread 0x000000000255d800 DEOPT UNPACKING pc=0x00007f28f6cbe145 sp=0x00007f28e34ed000 mode 2
Event: 129.827 Thread 0x000000000255d800 DEOPT PACKING pc=0x00007f28f6e80f50 sp=0x00007f28e34ed170
Event: 129.827 Thread 0x000000000255d800 DEOPT UNPACKING pc=0x00007f28f6cbe145 sp=0x00007f28e34ed120 mode 2


Dynamic libraries:
00400000-00401000 r-xp 00000000 08:11 75119                              /usr/lib/jvm/java-7-openjdk-amd64/jre/bin/java
00600000-00601000 r--p 00000000 08:11 75119                              /usr/lib/jvm/java-7-openjdk-amd64/jre/bin/java
00601000-00602000 rw-p 00001000 08:11 75119                              /usr/lib/jvm/java-7-openjdk-amd64/jre/bin/java
0242f000-034a1000 rw-p 00000000 00:00 0                                  [heap]
99c00000-9b270000 rw-p 00000000 00:00 0 
9b270000-a4200000 rw-p 00000000 00:00 0 
a4200000-a7f40000 rw-p 00000000 00:00 0 
a7f40000-e1600000 rw-p 00000000 00:00 0 
e1600000-e2800000 rw-p 00000000 00:00 0 
e2800000-e3950000 ---p 00000000 00:00 0 
e3950000-100000000 rw-p 00000000 00:00 0 
7f28e2fdb000-7f28e33b1000 rw-s 00000000 00:04 172195851                  /SYSV00000000 (deleted)
7f28e33bd000-7f28e33c3000 rw-s 00000000 00:04 172359696                  /SYSV00000000 (deleted)
7f28e33ee000-7f28e33f1000 ---p 00000000 00:00 0 
7f28e33f1000-7f28e34ef000 rw-p 00000000 00:00 0 
7f28e34ef000-7f28e34f2000 ---p 00000000 00:00 0 
7f28e34f2000-7f28e35f0000 rw-p 00000000 00:00 0 
7f28e35f0000-7f28e35f3000 ---p 00000000 00:00 0 
7f28e35f3000-7f28e36f1000 rw-p 00000000 00:00 0 
7f28e36f1000-7f28e36f4000 ---p 00000000 00:00 0 
7f28e36f4000-7f28e37f2000 rw-p 00000000 00:00 0 
7f28e37f2000-7f28e37f5000 ---p 00000000 00:00 0 
7f28e37f5000-7f28e38f3000 rw-p 00000000 00:00 0 
7f28e38f6000-7f28e38f7000 rw-p 00000000 00:00 0 
7f28e38f7000-7f28e38fa000 ---p 00000000 00:00 0 
7f28e38fa000-7f28e39f8000 rw-p 00000000 00:00 0 
7f28e39f8000-7f28e39fb000 ---p 00000000 00:00 0 
7f28e39fb000-7f28e3af9000 rw-p 00000000 00:00 0 
7f28e3af9000-7f28e3afc000 ---p 00000000 00:00 0 
7f28e3afc000-7f28e3bfa000 rw-p 00000000 00:00 0 
7f28e3bfa000-7f28e3bff000 r--s 0004c000 08:11 18948                      /usr/lib/jvm/java-7-openjdk-common/jre/lib/jsse.jar
7f28e3bff000-7f28e3c01000 r--s 0000b000 08:11 791162                     /home/akshay/git/wpi-suite/Janeway/lib/commons-email-1.3.2.jar
7f28e3c01000-7f28e3c09000 r--s 0007e000 08:11 791165                     /home/akshay/git/wpi-suite/Janeway/lib/javax.mail.jar
7f28e3c09000-7f28e3c26000 r--s 0014f000 08:11 791169                     /home/akshay/git/wpi-suite/Janeway/lib/swingx-all-1.6.4.jar
7f28e3c26000-7f28e3c27000 r--s 00012000 08:11 791168                     /home/akshay/git/wpi-suite/Janeway/lib/miglayout-4.0-swing.jar
7f28e3c27000-7f28e3c37000 r--s 00155000 08:11 791167                     /home/akshay/git/wpi-suite/Janeway/lib/jfreechart-1.0.14.jar
7f28e3c37000-7f28e3c3d000 r--s 00046000 08:11 791166                     /home/akshay/git/wpi-suite/Janeway/lib/jcommon-1.0.17.jar
7f28e3c3d000-7f28e3c49000 r--s 00105000 08:11 791164                     /home/akshay/git/wpi-suite/Janeway/lib/iText-2.1.5.jar
7f28e3c49000-7f28e3c4e000 r--s 00034000 08:11 791163                     /home/akshay/git/wpi-suite/Janeway/lib/gnujaxp.jar
7f28e3c4e000-7f28e3c51000 r--s 0002e000 08:11 139157                     /home/akshay/apache-tomcat-7.0.52/lib/servlet-api.jar
7f28e3c51000-7f28e3c53000 r--s 0000c000 08:11 139148                     /home/akshay/apache-tomcat-7.0.52/lib/catalina-ant.jar
7f28e3c53000-7f28e3c55000 r--s 0001f000 08:11 139149                     /home/akshay/apache-tomcat-7.0.52/lib/catalina-ha.jar
7f28e3c55000-7f28e3c57000 r--s 00007000 08:11 139167                     /home/akshay/apache-tomcat-7.0.52/lib/websocket-api.jar
7f28e3c57000-7f28e3c5b000 r--s 00028000 08:11 139166                     /home/akshay/apache-tomcat-7.0.52/lib/tomcat7-websocket.jar
7f28e3c5b000-7f28e3c5d000 r--s 00003000 08:11 139147                     /home/akshay/apache-tomcat-7.0.52/lib/annotations-api.jar
7f28e3c5d000-7f28e3c5f000 r--s 0001d000 08:11 139164                     /home/akshay/apache-tomcat-7.0.52/lib/tomcat-jdbc.jar
7f28e3c5f000-7f28e3c62000 r--s 00013000 08:11 139156                     /home/akshay/apache-tomcat-7.0.52/lib/jsp-api.jar
7f28e3c62000-7f28e3c74000 r--s 00173000 08:11 139151                     /home/akshay/apache-tomcat-7.0.52/lib/catalina.jar
7f28e3c74000-7f28e3c75000 r--s 00007000 08:11 139165                     /home/akshay/apache-tomcat-7.0.52/lib/tomcat-util.jar
7f28e3c75000-7f28e3c78000 r--s 0001c000 08:11 139154                     /home/akshay/apache-tomcat-7.0.52/lib/jasper-el.jar
7f28e3c78000-7f28e3c7b000 r--s 00011000 08:11 139161                     /home/akshay/apache-tomcat-7.0.52/lib/tomcat-i18n-es.jar
7f28e3c7b000-7f28e3c7d000 r--s 0000a000 08:11 139153                     /home/akshay/apache-tomcat-7.0.52/lib/el-api.jar
7f28e3c7d000-7f28e3c81000 r--s 0003b000 08:11 139150                     /home/akshay/apache-tomcat-7.0.52/lib/catalina-tribes.jar
7f28e3c81000-7f28e3c85000 r--s 00036000 08:11 139160                     /home/akshay/apache-tomcat-7.0.52/lib/tomcat-dbcp.jar
7f28e3c85000-7f28e3c94000 r--s 001b0000 08:11 139152                     /home/akshay/apache-tomcat-7.0.52/lib/ecj-4.3.1.jar
7f28e3c94000-7f28e3c9c000 r--s 0008c000 08:11 139155                     /home/akshay/apache-tomcat-7.0.52/lib/jasper.jar
7f28e3c9c000-7f28e3c9e000 r--s 0000b000 08:11 139163                     /home/akshay/apache-tomcat-7.0.52/lib/tomcat-i18n-ja.jar
7f28e3c9e000-7f28e3cab000 r--s 000bf000 08:11 139159                     /home/akshay/apache-tomcat-7.0.52/lib/tomcat-coyote.jar
7f28e3cab000-7f28e3cad000 r--s 0000a000 08:11 139162                     /home/akshay/apache-tomcat-7.0.52/lib/tomcat-i18n-fr.jar
7f28e3cad000-7f28e3cb4000 r--s 00034000 08:11 791235                     /home/akshay/git/wpi-suite/Network/Libraries/simple-5.0.4.jar
7f28e3cb4000-7f28e3cb7000 ---p 00000000 00:00 0 
7f28e3cb7000-7f28e3db5000 rw-p 00000000 00:00 0 
7f28e3db5000-7f28e3db8000 ---p 00000000 00:00 0 
7f28e3db8000-7f28e3eb6000 rw-p 00000000 00:00 0 
7f28e3eb6000-7f28e3ec6000 r-xp 00000000 08:11 75087                      /usr/lib/jvm/java-7-openjdk-amd64/jre/lib/amd64/libnio.so
7f28e3ec6000-7f28e40c6000 ---p 00010000 08:11 75087                      /usr/lib/jvm/java-7-openjdk-amd64/jre/lib/amd64/libnio.so
7f28e40c6000-7f28e40c7000 r--p 00010000 08:11 75087                      /usr/lib/jvm/java-7-openjdk-amd64/jre/lib/amd64/libnio.so
7f28e40c7000-7f28e40c8000 rw-p 00011000 08:11 75087                      /usr/lib/jvm/java-7-openjdk-amd64/jre/lib/amd64/libnio.so
7f28e40c8000-7f28e40f9000 rw-p 00000000 00:00 0 
7f28e40f9000-7f28e410f000 r-xp 00000000 08:11 75098                      /usr/lib/jvm/java-7-openjdk-amd64/jre/lib/amd64/libnet.so
7f28e410f000-7f28e430e000 ---p 00016000 08:11 75098                      /usr/lib/jvm/java-7-openjdk-amd64/jre/lib/amd64/libnet.so
7f28e430e000-7f28e430f000 r--p 00015000 08:11 75098                      /usr/lib/jvm/java-7-openjdk-amd64/jre/lib/amd64/libnet.so
7f28e430f000-7f28e4310000 rw-p 00016000 08:11 75098                      /usr/lib/jvm/java-7-openjdk-amd64/jre/lib/amd64/libnet.so
7f28e4310000-7f28e435c000 r-xp 00000000 08:11 75074                      /usr/lib/jvm/java-7-openjdk-amd64/jre/lib/amd64/libfontmanager.so
7f28e435c000-7f28e455b000 ---p 0004c000 08:11 75074                      /usr/lib/jvm/java-7-openjdk-amd64/jre/lib/amd64/libfontmanager.so
7f28e455b000-7f28e455e000 r--p 0004b000 08:11 75074                      /usr/lib/jvm/java-7-openjdk-amd64/jre/lib/amd64/libfontmanager.so
7f28e455e000-7f28e455f000 rw-p 0004e000 08:11 75074                      /usr/lib/jvm/java-7-openjdk-amd64/jre/lib/amd64/libfontmanager.so
7f28e455f000-7f28e4562000 r--s 0000e000 08:11 95114                      /usr/share/java/hamcrest-core-1.2.jar
7f28e4562000-7f28e4565000 r--s 0000e000 08:11 95114                      /usr/share/java/hamcrest-core-1.2.jar
7f28e4565000-7f28e4568000 ---p 00000000 00:00 0 
7f28e4568000-7f28e4666000 rw-p 00000000 00:00 0 
7f28e4666000-7f28e4669000 ---p 00000000 00:00 0 
7f28e4669000-7f28e4767000 rw-p 00000000 00:00 0 
7f28e4767000-7f28e476a000 r-xp 00000000 08:11 3933093                    /lib/x86_64-linux-gnu/libgpg-error.so.0.8.0
7f28e476a000-7f28e4969000 ---p 00003000 08:11 3933093                    /lib/x86_64-linux-gnu/libgpg-error.so.0.8.0
7f28e4969000-7f28e496a000 rw-p 00002000 08:11 3933093                    /lib/x86_64-linux-gnu/libgpg-error.so.0.8.0
7f28e496a000-7f28e49ae000 r-xp 00000000 08:11 3933050                    /lib/x86_64-linux-gnu/libdbus-1.so.3.7.2
7f28e49ae000-7f28e4bae000 ---p 00044000 08:11 3933050                    /lib/x86_64-linux-gnu/libdbus-1.so.3.7.2
7f28e4bae000-7f28e4baf000 r--p 00044000 08:11 3933050                    /lib/x86_64-linux-gnu/libdbus-1.so.3.7.2
7f28e4baf000-7f28e4bb0000 rw-p 00045000 08:11 3933050                    /lib/x86_64-linux-gnu/libdbus-1.so.3.7.2
7f28e4bb0000-7f28e4bc1000 r-xp 00000000 08:11 17230                      /usr/lib/x86_64-linux-gnu/libp11-kit.so.0.0.0
7f28e4bc1000-7f28e4dc0000 ---p 00011000 08:11 17230                      /usr/lib/x86_64-linux-gnu/libp11-kit.so.0.0.0
7f28e4dc0000-7f28e4dc1000 r--p 00010000 08:11 17230                      /usr/lib/x86_64-linux-gnu/libp11-kit.so.0.0.0
7f28e4dc1000-7f28e4dc2000 rw-p 00011000 08:11 17230                      /usr/lib/x86_64-linux-gnu/libp11-kit.so.0.0.0
7f28e4dc2000-7f28e4e3c000 r-xp 00000000 08:11 3933044                    /lib/x86_64-linux-gnu/libgcrypt.so.11.7.0
7f28e4e3c000-7f28e503c000 ---p 0007a000 08:11 3933044                    /lib/x86_64-linux-gnu/libgcrypt.so.11.7.0
7f28e503c000-7f28e503d000 r--p 0007a000 08:11 3933044                    /lib/x86_64-linux-gnu/libgcrypt.so.11.7.0
7f28e503d000-7f28e5040000 rw-p 0007b000 08:11 3933044                    /lib/x86_64-linux-gnu/libgcrypt.so.11.7.0
7f28e5040000-7f28e5050000 r-xp 00000000 08:11 17357                      /usr/lib/x86_64-linux-gnu/libtasn1.so.3.1.16
7f28e5050000-7f28e524f000 ---p 00010000 08:11 17357                      /usr/lib/x86_64-linux-gnu/libtasn1.so.3.1.16
7f28e524f000-7f28e5250000 r--p 0000f000 08:11 17357                      /usr/lib/x86_64-linux-gnu/libtasn1.so.3.1.16
7f28e5250000-7f28e5251000 rw-p 00010000 08:11 17357                      /usr/lib/x86_64-linux-gnu/libtasn1.so.3.1.16
7f28e5251000-7f28e5254000 r-xp 00000000 08:11 3933102                    /lib/x86_64-linux-gnu/libkeyutils.so.1.4
7f28e5254000-7f28e5453000 ---p 00003000 08:11 3933102                    /lib/x86_64-linux-gnu/libkeyutils.so.1.4
7f28e5453000-7f28e5454000 r--p 00002000 08:11 3933102                    /lib/x86_64-linux-gnu/libkeyutils.so.1.4
7f28e5454000-7f28e5455000 rw-p 00003000 08:11 3933102                    /lib/x86_64-linux-gnu/libkeyutils.so.1.4
7f28e5455000-7f28e545d000 r-xp 00000000 08:11 15952                      /usr/lib/x86_64-linux-gnu/libkrb5support.so.0.1
7f28e545d000-7f28e565c000 ---p 00008000 08:11 15952                      /usr/lib/x86_64-linux-gnu/libkrb5support.so.0.1
7f28e565c000-7f28e565d000 r--p 00007000 08:11 15952                      /usr/lib/x86_64-linux-gnu/libkrb5support.so.0.1
7f28e565d000-7f28e565e000 rw-p 00008000 08:11 15952                      /usr/lib/x86_64-linux-gnu/libkrb5support.so.0.1
7f28e565e000-7f28e5661000 r-xp 00000000 08:11 3933070                    /lib/x86_64-linux-gnu/libcom_err.so.2.1
7f28e5661000-7f28e5860000 ---p 00003000 08:11 3933070                    /lib/x86_64-linux-gnu/libcom_err.so.2.1
7f28e5860000-7f28e5861000 r--p 00002000 08:11 3933070                    /lib/x86_64-linux-gnu/libcom_err.so.2.1
7f28e5861000-7f28e5862000 rw-p 00003000 08:11 3933070                    /lib/x86_64-linux-gnu/libcom_err.so.2.1
7f28e5862000-7f28e5888000 r-xp 00000000 08:11 15946                      /usr/lib/x86_64-linux-gnu/libk5crypto.so.3.1
7f28e5888000-7f28e5a88000 ---p 00026000 08:11 15946                      /usr/lib/x86_64-linux-gnu/libk5crypto.so.3.1
7f28e5a88000-7f28e5a89000 r--p 00026000 08:11 15946                      /usr/lib/x86_64-linux-gnu/libk5crypto.so.3.1
7f28e5a89000-7f28e5a8a000 rw-p 00027000 08:11 15946                      /usr/lib/x86_64-linux-gnu/libk5crypto.so.3.1
7f28e5a8a000-7f28e5a8b000 rw-p 00000000 00:00 0 
7f28e5a8b000-7f28e5b54000 r-xp 00000000 08:11 15950                      /usr/lib/x86_64-linux-gnu/libkrb5.so.3.3
7f28e5b54000-7f28e5d53000 ---p 000c9000 08:11 15950                      /usr/lib/x86_64-linux-gnu/libkrb5.so.3.3
7f28e5d53000-7f28e5d5d000 r--p 000c8000 08:11 15950                      /usr/lib/x86_64-linux-gnu/libkrb5.so.3.3
7f28e5d5d000-7f28e5d5f000 rw-p 000d2000 08:11 15950                      /usr/lib/x86_64-linux-gnu/libkrb5.so.3.3
7f28e5d5f000-7f28e5d64000 r-xp 00000000 08:11 16707                      /usr/lib/x86_64-linux-gnu/libXdmcp.so.6.0.0
7f28e5d64000-7f28e5f63000 ---p 00005000 08:11 16707                      /usr/lib/x86_64-linux-gnu/libXdmcp.so.6.0.0
7f28e5f63000-7f28e5f64000 rw-p 00004000 08:11 16707                      /usr/lib/x86_64-linux-gnu/libXdmcp.so.6.0.0
7f28e5f64000-7f28e5f66000 r-xp 00000000 08:11 16698                      /usr/lib/x86_64-linux-gnu/libXau.so.6.0.0
7f28e5f66000-7f28e6166000 ---p 00002000 08:11 16698                      /usr/lib/x86_64-linux-gnu/libXau.so.6.0.0
7f28e6166000-7f28e6167000 rw-p 00002000 08:11 16698                      /usr/lib/x86_64-linux-gnu/libXau.so.6.0.0
7f28e6167000-7f28e6177000 r-xp 00000000 08:11 16746                      /usr/lib/x86_64-linux-gnu/libavahi-client.so.3.2.9
7f28e6177000-7f28e6376000 ---p 00010000 08:11 16746                      /usr/lib/x86_64-linux-gnu/libavahi-client.so.3.2.9
7f28e6376000-7f28e6377000 r--p 0000f000 08:11 16746                      /usr/lib/x86_64-linux-gnu/libavahi-client.so.3.2.9
7f28e6377000-7f28e6378000 rw-p 00010000 08:11 16746                      /usr/lib/x86_64-linux-gnu/libavahi-client.so.3.2.9
7f28e6378000-7f28e6384000 r-xp 00000000 08:11 16748                      /usr/lib/x86_64-linux-gnu/libavahi-common.so.3.5.3
7f28e6384000-7f28e6583000 ---p 0000c000 08:11 16748                      /usr/lib/x86_64-linux-gnu/libavahi-common.so.3.5.3
7f28e6583000-7f28e6584000 r--p 0000b000 08:11 16748                      /usr/lib/x86_64-linux-gnu/libavahi-common.so.3.5.3
7f28e6584000-7f28e6585000 rw-p 0000c000 08:11 16748                      /usr/lib/x86_64-linux-gnu/libavahi-common.so.3.5.3
7f28e6585000-7f28e663e000 r-xp 00000000 08:11 15929                      /usr/lib/x86_64-linux-gnu/libgnutls.so.26.22.4
7f28e663e000-7f28e683d000 ---p 000b9000 08:11 15929                      /usr/lib/x86_64-linux-gnu/libgnutls.so.26.22.4
7f28e683d000-7f28e6843000 r--p 000b8000 08:11 15929                      /usr/lib/x86_64-linux-gnu/libgnutls.so.26.22.4
7f28e6843000-7f28e6845000 rw-p 000be000 08:11 15929                      /usr/lib/x86_64-linux-gnu/libgnutls.so.26.22.4
7f28e6845000-7f28e6881000 r-xp 00000000 08:11 15948                      /usr/lib/x86_64-linux-gnu/libgssapi_krb5.so.2.2
7f28e6881000-7f28e6a81000 ---p 0003c000 08:11 15948                      /usr/lib/x86_64-linux-gnu/libgssapi_krb5.so.2.2
7f28e6a81000-7f28e6a82000 r--p 0003c000 08:11 15948                      /usr/lib/x86_64-linux-gnu/libgssapi_krb5.so.2.2
7f28e6a82000-7f28e6a84000 rw-p 0003d000 08:11 15948                      /usr/lib/x86_64-linux-gnu/libgssapi_krb5.so.2.2
7f28e6a84000-7f28e6ac0000 r-xp 00000000 08:11 3933149                    /lib/x86_64-linux-gnu/libpcre.so.3.13.1
7f28e6ac0000-7f28e6cc0000 ---p 0003c000 08:11 3933149                    /lib/x86_64-linux-gnu/libpcre.so.3.13.1
7f28e6cc0000-7f28e6cc1000 rw-p 0003c000 08:11 3933149                    /lib/x86_64-linux-gnu/libpcre.so.3.13.1
7f28e6cc1000-7f28e6ccd000 r-xp 00000000 08:11 16866                      /usr/lib/x86_64-linux-gnu/libffi.so.5.0.10
7f28e6ccd000-7f28e6ecd000 ---p 0000c000 08:11 16866                      /usr/lib/x86_64-linux-gnu/libffi.so.5.0.10
7f28e6ecd000-7f28e6ece000 rw-p 0000c000 08:11 16866                      /usr/lib/x86_64-linux-gnu/libffi.so.5.0.10
7f28e6ece000-7f28e6ef5000 r-xp 00000000 08:11 3933046                    /lib/x86_64-linux-gnu/libexpat.so.1.6.0
7f28e6ef5000-7f28e70f5000 ---p 00027000 08:11 3933046                    /lib/x86_64-linux-gnu/libexpat.so.1.6.0
7f28e70f5000-7f28e70f7000 r--p 00027000 08:11 3933046                    /lib/x86_64-linux-gnu/libexpat.so.1.6.0
7f28e70f7000-7f28e70f8000 rw-p 00029000 08:11 3933046                    /lib/x86_64-linux-gnu/libexpat.so.1.6.0
7f28e70f8000-7f28e7100000 r-xp 00000000 08:11 16144                      /usr/lib/x86_64-linux-gnu/libxcb-render.so.0.0.0
7f28e7100000-7f28e7300000 ---p 00008000 08:11 16144                      /usr/lib/x86_64-linux-gnu/libxcb-render.so.0.0.0
7f28e7300000-7f28e7301000 r--p 00008000 08:11 16144                      /usr/lib/x86_64-linux-gnu/libxcb-render.so.0.0.0
7f28e7301000-7f28e7302000 rw-p 00009000 08:11 16144                      /usr/lib/x86_64-linux-gnu/libxcb-render.so.0.0.0
7f28e7302000-7f28e7304000 r-xp 00000000 08:11 17504                      /usr/lib/x86_64-linux-gnu/libxcb-shm.so.0.0.0
7f28e7304000-7f28e7503000 ---p 00002000 08:11 17504                      /usr/lib/x86_64-linux-gnu/libxcb-shm.so.0.0.0
7f28e7503000-7f28e7504000 r--p 00001000 08:11 17504                      /usr/lib/x86_64-linux-gnu/libxcb-shm.so.0.0.0
7f28e7504000-7f28e7505000 rw-p 00002000 08:11 17504                      /usr/lib/x86_64-linux-gnu/libxcb-shm.so.0.0.0
7f28e7505000-7f28e7585000 r-xp 00000000 08:11 17258                      /usr/lib/x86_64-linux-gnu/libpixman-1.so.0.26.0
7f28e7585000-7f28e7785000 ---p 00080000 08:11 17258                      /usr/lib/x86_64-linux-gnu/libpixman-1.so.0.26.0
7f28e7785000-7f28e778b000 rw-p 00080000 08:11 17258                      /usr/lib/x86_64-linux-gnu/libpixman-1.so.0.26.0
7f28e778b000-7f28e77b1000 r-xp 00000000 08:11 3933151                    /lib/x86_64-linux-gnu/libpng12.so.0.49.0
7f28e77b1000-7f28e79b0000 ---p 00026000 08:11 3933151                    /lib/x86_64-linux-gnu/libpng12.so.0.49.0
7f28e79b0000-7f28e79b1000 r--p 00025000 08:11 3933151                    /lib/x86_64-linux-gnu/libpng12.so.0.49.0
7f28e79b1000-7f28e79b2000 rw-p 00026000 08:11 3933151                    /lib/x86_64-linux-gnu/libpng12.so.0.49.0
7f28e79b2000-7f28e79c5000 r-xp 00000000 08:11 3933348                    /lib/x86_64-linux-gnu/libresolv-2.13.so
7f28e79c5000-7f28e7bc4000 ---p 00013000 08:11 3933348                    /lib/x86_64-linux-gnu/libresolv-2.13.so
7f28e7bc4000-7f28e7bc5000 r--p 00012000 08:11 3933348                    /lib/x86_64-linux-gnu/libresolv-2.13.so
7f28e7bc5000-7f28e7bc6000 rw-p 00013000 08:11 3933348                    /lib/x86_64-linux-gnu/libresolv-2.13.so
7f28e7bc6000-7f28e7bc8000 rw-p 00000000 00:00 0 
7f28e7bc8000-7f28e7be6000 r-xp 00000000 08:11 3933166                    /lib/x86_64-linux-gnu/libselinux.so.1
7f28e7be6000-7f28e7de5000 ---p 0001e000 08:11 3933166                    /lib/x86_64-linux-gnu/libselinux.so.1
7f28e7de5000-7f28e7de6000 r--p 0001d000 08:11 3933166                    /lib/x86_64-linux-gnu/libselinux.so.1
7f28e7de6000-7f28e7de7000 rw-p 0001e000 08:11 3933166                    /lib/x86_64-linux-gnu/libselinux.so.1
7f28e7de7000-7f28e7de8000 rw-p 00000000 00:00 0 
7f28e7de8000-7f28e7deb000 r-xp 00000000 08:11 16957                      /usr/lib/x86_64-linux-gnu/libgmodule-2.0.so.0.3200.4
7f28e7deb000-7f28e7fea000 ---p 00003000 08:11 16957                      /usr/lib/x86_64-linux-gnu/libgmodule-2.0.so.0.3200.4
7f28e7fea000-7f28e7feb000 r--p 00002000 08:11 16957                      /usr/lib/x86_64-linux-gnu/libgmodule-2.0.so.0.3200.4
7f28e7feb000-7f28e7fec000 rw-p 00003000 08:11 16957                      /usr/lib/x86_64-linux-gnu/libgmodule-2.0.so.0.3200.4
7f28e7fec000-7f28e7ff6000 r-xp 00000000 08:11 16146                      /usr/lib/x86_64-linux-gnu/libXcursor.so.1.0.2
7f28e7ff6000-7f28e81f5000 ---p 0000a000 08:11 16146                      /usr/lib/x86_64-linux-gnu/libXcursor.so.1.0.2
7f28e81f5000-7f28e81f6000 rw-p 00009000 08:11 16146                      /usr/lib/x86_64-linux-gnu/libXcursor.so.1.0.2
7f28e81f6000-7f28e81fd000 r-xp 00000000 08:11 16148                      /usr/lib/x86_64-linux-gnu/libXrandr.so.2.2.0
7f28e81fd000-7f28e83fd000 ---p 00007000 08:11 16148                      /usr/lib/x86_64-linux-gnu/libXrandr.so.2.2.0
7f28e83fd000-7f28e83fe000 rw-p 00007000 08:11 16148                      /usr/lib/x86_64-linux-gnu/libXrandr.so.2.2.0
7f28e83fe000-7f28e8400000 r-xp 00000000 08:11 16047                      /usr/lib/x86_64-linux-gnu/libXinerama.so.1.0.0
7f28e8400000-7f28e85ff000 ---p 00002000 08:11 16047                      /usr/lib/x86_64-linux-gnu/libXinerama.so.1.0.0
7f28e85ff000-7f28e8600000 rw-p 00001000 08:11 16047                      /usr/lib/x86_64-linux-gnu/libXinerama.so.1.0.0
7f28e8600000-7f28e8605000 r-xp 00000000 08:11 15992                      /usr/lib/x86_64-linux-gnu/libXfixes.so.3.1.0
7f28e8605000-7f28e8804000 ---p 00005000 08:11 15992                      /usr/lib/x86_64-linux-gnu/libXfixes.so.3.1.0
7f28e8804000-7f28e8805000 r--p 00004000 08:11 15992                      /usr/lib/x86_64-linux-gnu/libXfixes.so.3.1.0
7f28e8805000-7f28e8806000 rw-p 00005000 08:11 15992                      /usr/lib/x86_64-linux-gnu/libXfixes.so.3.1.0
7f28e8806000-7f28e8808000 r-xp 00000000 08:11 16705                      /usr/lib/x86_64-linux-gnu/libXdamage.so.1.1.0
7f28e8808000-7f28e8a07000 ---p 00002000 08:11 16705                      /usr/lib/x86_64-linux-gnu/libXdamage.so.1.1.0
7f28e8a07000-7f28e8a08000 rw-p 00001000 08:11 16705                      /usr/lib/x86_64-linux-gnu/libXdamage.so.1.1.0
7f28e8a08000-7f28e8a0a000 r-xp 00000000 08:11 16703                      /usr/lib/x86_64-linux-gnu/libXcomposite.so.1.0.0
7f28e8a0a000-7f28e8c09000 ---p 00002000 08:11 16703                      /usr/lib/x86_64-linux-gnu/libXcomposite.so.1.0.0
7f28e8c09000-7f28e8c0a000 rw-p 00001000 08:11 16703                      /usr/lib/x86_64-linux-gnu/libXcomposite.so.1.0.0
7f28e8c0a000-7f28e8c29000 r-xp 00000000 08:11 18936                      /usr/lib/x86_64-linux-gnu/libxcb.so.1.1.0
7f28e8c29000-7f28e8e28000 ---p 0001f000 08:11 18936                      /usr/lib/x86_64-linux-gnu/libxcb.so.1.1.0
7f28e8e28000-7f28e8e29000 r--p 0001e000 08:11 18936                      /usr/lib/x86_64-linux-gnu/libxcb.so.1.1.0
7f28e8e29000-7f28e8e2a000 rw-p 0001f000 08:11 18936                      /usr/lib/x86_64-linux-gnu/libxcb.so.1.1.0
7f28e8e2a000-7f28e8e7d000 r-xp 00000000 08:11 16804                      /usr/lib/x86_64-linux-gnu/libcups.so.2
7f28e8e7d000-7f28e907c000 ---p 00053000 08:11 16804                      /usr/lib/x86_64-linux-gnu/libcups.so.2
7f28e907c000-7f28e9081000 r--p 00052000 08:11 16804                      /usr/lib/x86_64-linux-gnu/libcups.so.2
7f28e9081000-7f28e9082000 rw-p 00057000 08:11 16804                      /usr/lib/x86_64-linux-gnu/libcups.so.2
7f28e9082000-7f28e9177000 r-xp 00000000 08:11 3933091                    /lib/x86_64-linux-gnu/libglib-2.0.so.0.3200.4
7f28e9177000-7f28e9377000 ---p 000f5000 08:11 3933091                    /lib/x86_64-linux-gnu/libglib-2.0.so.0.3200.4
7f28e9377000-7f28e9378000 r--p 000f5000 08:11 3933091                    /lib/x86_64-linux-gnu/libglib-2.0.so.0.3200.4
7f28e9378000-7f28e9379000 rw-p 000f6000 08:11 3933091                    /lib/x86_64-linux-gnu/libglib-2.0.so.0.3200.4
7f28e9379000-7f28e937a000 rw-p 00000000 00:00 0 
7f28e937a000-7f28e937b000 r-xp 00000000 08:11 17096                      /usr/lib/x86_64-linux-gnu/libgthread-2.0.so.0.3200.4
7f28e937b000-7f28e957a000 ---p 00001000 08:11 17096                      /usr/lib/x86_64-linux-gnu/libgthread-2.0.so.0.3200.4
7f28e957a000-7f28e957b000 r--p 00000000 08:11 17096                      /usr/lib/x86_64-linux-gnu/libgthread-2.0.so.0.3200.4
7f28e957b000-7f28e957c000 rw-p 00001000 08:11 17096                      /usr/lib/x86_64-linux-gnu/libgthread-2.0.so.0.3200.4
7f28e957c000-7f28e95ca000 r-xp 00000000 08:11 16963                      /usr/lib/x86_64-linux-gnu/libgobject-2.0.so.0.3200.4
7f28e95ca000-7f28e97ca000 ---p 0004e000 08:11 16963                      /usr/lib/x86_64-linux-gnu/libgobject-2.0.so.0.3200.4
7f28e97ca000-7f28e97cb000 r--p 0004e000 08:11 16963                      /usr/lib/x86_64-linux-gnu/libgobject-2.0.so.0.3200.4
7f28e97cb000-7f28e97cc000 rw-p 0004f000 08:11 16963                      /usr/lib/x86_64-linux-gnu/libgobject-2.0.so.0.3200.4
7f28e97cc000-7f28e9801000 r-xp 00000000 08:11 16904                      /usr/lib/x86_64-linux-gnu/libfontconfig.so.1.5.0
7f28e9801000-7f28e9a01000 ---p 00035000 08:11 16904                      /usr/lib/x86_64-linux-gnu/libfontconfig.so.1.5.0
7f28e9a01000-7f28e9a02000 r--p 00035000 08:11 16904                      /usr/lib/x86_64-linux-gnu/libfontconfig.so.1.5.0
7f28e9a02000-7f28e9a03000 rw-p 00036000 08:11 16904                      /usr/lib/x86_64-linux-gnu/libfontconfig.so.1.5.0
7f28e9a03000-7f28e9a9c000 r-xp 00000000 08:11 16912                      /usr/lib/x86_64-linux-gnu/libfreetype.so.6.8.1
7f28e9a9c000-7f28e9c9b000 ---p 00099000 08:11 16912                      /usr/lib/x86_64-linux-gnu/libfreetype.so.6.8.1
7f28e9c9b000-7f28e9ca1000 r--p 00098000 08:11 16912                      /usr/lib/x86_64-linux-gnu/libfreetype.so.6.8.1
7f28e9ca1000-7f28e9ca2000 rw-p 0009e000 08:11 16912                      /usr/lib/x86_64-linux-gnu/libfreetype.so.6.8.1
7f28e9ca2000-7f28e9cec000 r-xp 00000000 08:11 17236                      /usr/lib/x86_64-linux-gnu/libpango-1.0.so.0.3000.0
7f28e9cec000-7f28e9eec000 ---p 0004a000 08:11 17236                      /usr/lib/x86_64-linux-gnu/libpango-1.0.so.0.3000.0
7f28e9eec000-7f28e9eee000 r--p 0004a000 08:11 17236                      /usr/lib/x86_64-linux-gnu/libpango-1.0.so.0.3000.0
7f28e9eee000-7f28e9eef000 rw-p 0004c000 08:11 17236                      /usr/lib/x86_64-linux-gnu/libpango-1.0.so.0.3000.0
7f28e9eef000-7f28e9fe3000 r-xp 00000000 08:11 16777                      /usr/lib/x86_64-linux-gnu/libcairo.so.2.11200.2
7f28e9fe3000-7f28ea1e2000 ---p 000f4000 08:11 16777                      /usr/lib/x86_64-linux-gnu/libcairo.so.2.11200.2
7f28ea1e2000-7f28ea1e5000 r--p 000f3000 08:11 16777                      /usr/lib/x86_64-linux-gnu/libcairo.so.2.11200.2
7f28ea1e5000-7f28ea1e6000 rw-p 000f6000 08:11 16777                      /usr/lib/x86_64-linux-gnu/libcairo.so.2.11200.2
7f28ea1e6000-7f28ea1e8000 rw-p 00000000 00:00 0 
7f28ea1e8000-7f28ea207000 r-xp 00000000 08:11 16937                      /usr/lib/x86_64-linux-gnu/libgdk_pixbuf-2.0.so.0.2600.1
7f28ea207000-7f28ea406000 ---p 0001f000 08:11 16937                      /usr/lib/x86_64-linux-gnu/libgdk_pixbuf-2.0.so.0.2600.1
7f28ea406000-7f28ea407000 r--p 0001e000 08:11 16937                      /usr/lib/x86_64-linux-gnu/libgdk_pixbuf-2.0.so.0.2600.1
7f28ea407000-7f28ea408000 rw-p 0001f000 08:11 16937                      /usr/lib/x86_64-linux-gnu/libgdk_pixbuf-2.0.so.0.2600.1
7f28ea408000-7f28ea414000 r-xp 00000000 08:11 17238                      /usr/lib/x86_64-linux-gnu/libpangocairo-1.0.so.0.3000.0
7f28ea414000-7f28ea613000 ---p 0000c000 08:11 17238                      /usr/lib/x86_64-linux-gnu/libpangocairo-1.0.so.0.3000.0
7f28ea613000-7f28ea614000 r--p 0000b000 08:11 17238                      /usr/lib/x86_64-linux-gnu/libpangocairo-1.0.so.0.3000.0
7f28ea614000-7f28ea615000 rw-p 0000c000 08:11 17238                      /usr/lib/x86_64-linux-gnu/libpangocairo-1.0.so.0.3000.0
7f28ea615000-7f28ea63f000 r-xp 00000000 08:11 17240                      /usr/lib/x86_64-linux-gnu/libpangoft2-1.0.so.0.3000.0
7f28ea63f000-7f28ea83e000 ---p 0002a000 08:11 17240                      /usr/lib/x86_64-linux-gnu/libpangoft2-1.0.so.0.3000.0
7f28ea83e000-7f28ea83f000 r--p 00029000 08:11 17240                      /usr/lib/x86_64-linux-gnu/libpangoft2-1.0.so.0.3000.0
7f28ea83f000-7f28ea840000 rw-p 0002a000 08:11 17240                      /usr/lib/x86_64-linux-gnu/libpangoft2-1.0.so.0.3000.0
7f28ea840000-7f28ea98c000 r-xp 00000000 08:11 16949                      /usr/lib/x86_64-linux-gnu/libgio-2.0.so.0.3200.4
7f28ea98c000-7f28eab8b000 ---p 0014c000 08:11 16949                      /usr/lib/x86_64-linux-gnu/libgio-2.0.so.0.3200.4
7f28eab8b000-7f28eab8f000 r--p 0014b000 08:11 16949                      /usr/lib/x86_64-linux-gnu/libgio-2.0.so.0.3200.4
7f28eab8f000-7f28eab91000 rw-p 0014f000 08:11 16949                      /usr/lib/x86_64-linux-gnu/libgio-2.0.so.0.3200.4
7f28eab91000-7f28eab93000 rw-p 00000000 00:00 0 
7f28eab93000-7f28eabb4000 r-xp 00000000 08:11 16742                      /usr/lib/x86_64-linux-gnu/libatk-1.0.so.0.20409.1
7f28eabb4000-7f28eadb3000 ---p 00021000 08:11 16742                      /usr/lib/x86_64-linux-gnu/libatk-1.0.so.0.20409.1
7f28eadb3000-7f28eadb5000 r--p 00020000 08:11 16742                      /usr/lib/x86_64-linux-gnu/libatk-1.0.so.0.20409.1
7f28eadb5000-7f28eadb6000 rw-p 00022000 08:11 16742                      /usr/lib/x86_64-linux-gnu/libatk-1.0.so.0.20409.1
7f28eadb6000-7f28eae65000 r-xp 00000000 08:11 16935                      /usr/lib/x86_64-linux-gnu/libgdk-x11-2.0.so.0.2400.10
7f28eae65000-7f28eb064000 ---p 000af000 08:11 16935                      /usr/lib/x86_64-linux-gnu/libgdk-x11-2.0.so.0.2400.10
7f28eb064000-7f28eb069000 rw-p 000ae000 08:11 16935                      /usr/lib/x86_64-linux-gnu/libgdk-x11-2.0.so.0.2400.10
7f28eb069000-7f28eb49b000 r-xp 00000000 08:11 17103                      /usr/lib/x86_64-linux-gnu/libgtk-x11-2.0.so.0.2400.10
7f28eb49b000-7f28eb69b000 ---p 00432000 08:11 17103                      /usr/lib/x86_64-linux-gnu/libgtk-x11-2.0.so.0.2400.10
7f28eb69b000-7f28eb6a6000 rw-p 00432000 08:11 17103                      /usr/lib/x86_64-linux-gnu/libgtk-x11-2.0.so.0.2400.10
7f28eb6a6000-7f28eb6a8000 rw-p 00000000 00:00 0 
7f28eb6a8000-7f28eb6b6000 r-xp 00000000 08:11 15996                      /usr/lib/x86_64-linux-gnu/libXi.so.6.1.0
7f28eb6b6000-7f28eb8b6000 ---p 0000e000 08:11 15996                      /usr/lib/x86_64-linux-gnu/libXi.so.6.1.0
7f28eb8b6000-7f28eb8b7000 rw-p 0000e000 08:11 15996                      /usr/lib/x86_64-linux-gnu/libXi.so.6.1.0
7f28eb8b7000-7f28eb8bc000 r-xp 00000000 08:11 16140                      /usr/lib/x86_64-linux-gnu/libXtst.so.6.1.0
7f28eb8bc000-7f28ebabb000 ---p 00005000 08:11 16140                      /usr/lib/x86_64-linux-gnu/libXtst.so.6.1.0
7f28ebabb000-7f28ebabc000 rw-p 00004000 08:11 16140                      /usr/lib/x86_64-linux-gnu/libXtst.so.6.1.0
7f28ebabc000-7f28ebac5000 r-xp 00000000 08:11 16045                      /usr/lib/x86_64-linux-gnu/libXrender.so.1.3.0
7f28ebac5000-7f28ebcc4000 ---p 00009000 08:11 16045                      /usr/lib/x86_64-linux-gnu/libXrender.so.1.3.0
7f28ebcc4000-7f28ebcc5000 rw-p 00008000 08:11 16045                      /usr/lib/x86_64-linux-gnu/libXrender.so.1.3.0
7f28ebcc5000-7f28ebdfa000 r-xp 00000000 08:11 17511                      /usr/lib/x86_64-linux-gnu/libX11.so.6.3.0
7f28ebdfa000-7f28ebffa000 ---p 00135000 08:11 17511                      /usr/lib/x86_64-linux-gnu/libX11.so.6.3.0
7f28ebffa000-7f28ec000000 rw-p 00135000 08:11 17511                      /usr/lib/x86_64-linux-gnu/libX11.so.6.3.0
7f28ec000000-7f28edb4c000 rw-p 00000000 00:00 0 
7f28edb4c000-7f28f0000000 ---p 00000000 00:00 0 
7f28f0000000-7f28f0007000 r--s 00033000 08:11 95122                      /usr/share/java/junit4-4.10.jar
7f28f0007000-7f28f000a000 r--s 00029000 08:11 790968                     /home/akshay/git/wpi-suite/Core/WPISuite/WebContent/WEB-INF/lib/servlet-api.jar
7f28f000a000-7f28f001a000 r--s 000d1000 08:11 790967                     /home/akshay/git/wpi-suite/Core/WPISuite/WebContent/WEB-INF/lib/jackson-databind-2.1.0.jar
7f28f001a000-7f28f001e000 r--s 0002f000 08:11 790966                     /home/akshay/git/wpi-suite/Core/WPISuite/WebContent/WEB-INF/lib/jackson-core-2.1.2.jar
7f28f001e000-7f28f0020000 r--s 00007000 08:11 790965                     /home/akshay/git/wpi-suite/Core/WPISuite/WebContent/WEB-INF/lib/jackson-annotations-2.1.1.jar
7f28f0020000-7f28f0026000 r--s 00031000 08:11 790964                     /home/akshay/git/wpi-suite/Core/WPISuite/WebContent/WEB-INF/lib/httpcore-4.2.2.jar
7f28f0026000-7f28f002f000 r--s 00060000 08:11 790963                     /home/akshay/git/wpi-suite/Core/WPISuite/WebContent/WEB-INF/lib/httpclient-4.2.2.jar
7f28f002f000-7f28f0034000 r--s 0002a000 08:11 790962                     /home/akshay/git/wpi-suite/Core/WPISuite/WebContent/WEB-INF/lib/gson-2.2.2.jar
7f28f0034000-7f28f0069000 r--s 00251000 08:11 790961                     /home/akshay/git/wpi-suite/Core/WPISuite/WebContent/WEB-INF/lib/db4o-8.0.249.16098-all-java5.jar
7f28f0069000-7f28f007a000 r-xp 00000000 08:11 15920                      /usr/lib/x86_64-linux-gnu/libXext.so.6.4.0
7f28f007a000-7f28f027a000 ---p 00011000 08:11 15920                      /usr/lib/x86_64-linux-gnu/libXext.so.6.4.0
7f28f027a000-7f28f027b000 rw-p 00011000 08:11 15920                      /usr/lib/x86_64-linux-gnu/libXext.so.6.4.0
7f28f027b000-7f28f02ce000 r-xp 00000000 08:11 76222                      /usr/lib/jvm/java-7-openjdk-amd64/jre/lib/amd64/xawt/libmawt.so
7f28f02ce000-7f28f04cd000 ---p 00053000 08:11 76222                      /usr/lib/jvm/java-7-openjdk-amd64/jre/lib/amd64/xawt/libmawt.so
7f28f04cd000-7f28f04ce000 r--p 00052000 08:11 76222                      /usr/lib/jvm/java-7-openjdk-amd64/jre/lib/amd64/xawt/libmawt.so
7f28f04ce000-7f28f04d1000 rw-p 00053000 08:11 76222                      /usr/lib/jvm/java-7-openjdk-amd64/jre/lib/amd64/xawt/libmawt.so
7f28f04d1000-7f28f04d2000 rw-p 00000000 00:00 0 
7f28f04d2000-7f28f0573000 r-xp 00000000 08:11 75082                      /usr/lib/jvm/java-7-openjdk-amd64/jre/lib/amd64/libawt.so
7f28f0573000-7f28f0773000 ---p 000a1000 08:11 75082                      /usr/lib/jvm/java-7-openjdk-amd64/jre/lib/amd64/libawt.so
7f28f0773000-7f28f0774000 r--p 000a1000 08:11 75082                      /usr/lib/jvm/java-7-openjdk-amd64/jre/lib/amd64/libawt.so
7f28f0774000-7f28f077f000 rw-p 000a2000 08:11 75082                      /usr/lib/jvm/java-7-openjdk-amd64/jre/lib/amd64/libawt.so
7f28f077f000-7f28f07a4000 rw-p 00000000 00:00 0 
7f28f07a4000-7f28f07a8000 r--s 00085000 08:11 29924                      /usr/lib/jvm/java-7-openjdk-common/jre/lib/ext/localedata.jar
7f28f07a8000-7f28f07ab000 r--s 0000f000 08:11 29923                      /usr/lib/jvm/java-7-openjdk-common/jre/lib/ext/pulse-java.jar
7f28f07ab000-7f28f07ae000 r--s 00032000 08:11 33413                      /usr/lib/jvm/java-7-openjdk-common/jre/lib/ext/sunjce_provider.jar
7f28f07ae000-7f28f07af000 r--s 00002000 08:11 33414                      /usr/lib/jvm/java-7-openjdk-common/jre/lib/ext/dnsns.jar
7f28f07af000-7f28f07b0000 r--s 00007000 08:11 91114                      /usr/share/java/java-atk-wrapper.jar
7f28f07b0000-7f28f07b3000 r--s 0003c000 08:11 29922                      /usr/lib/jvm/java-7-openjdk-common/jre/lib/ext/sunpkcs11.jar
7f28f07b3000-7f28f07b5000 r--s 00012000 08:11 29692                      /usr/lib/jvm/java-7-openjdk-common/jre/lib/ext/zipfs.jar
7f28f07b5000-7f28f07b6000 ---p 00000000 00:00 0 
7f28f07b6000-7f28f08b6000 rw-p 00000000 00:00 0 
7f28f08b6000-7f28f08b9000 ---p 00000000 00:00 0 
7f28f08b9000-7f28f09b7000 rw-p 00000000 00:00 0 
7f28f09b7000-7f28f09ba000 ---p 00000000 00:00 0 
7f28f09ba000-7f28f0ab8000 rw-p 00000000 00:00 0 
7f28f0ab8000-7f28f0abb000 ---p 00000000 00:00 0 
7f28f0abb000-7f28f0bb9000 rw-p 00000000 00:00 0 
7f28f0bb9000-7f28f0bbc000 ---p 00000000 00:00 0 
7f28f0bbc000-7f28f0cba000 rw-p 00000000 00:00 0 
7f28f0cba000-7f28f0e31000 r--p 00000000 08:11 9758                       /usr/lib/locale/locale-archive
7f28f0e31000-7f28f0e34000 ---p 00000000 00:00 0 
7f28f0e34000-7f28f0f32000 rw-p 00000000 00:00 0 
7f28f0f32000-7f28f0f35000 ---p 00000000 00:00 0 
7f28f0f35000-7f28f1033000 rw-p 00000000 00:00 0 
7f28f1033000-7f28f1034000 ---p 00000000 00:00 0 
7f28f1034000-7f28f2154000 rw-p 00000000 00:00 0 
7f28f2154000-7f28f2301000 r--s 01cec000 08:11 59263                      /usr/lib/jvm/java-7-openjdk-amd64/jre/lib/rt.jar
7f28f2301000-7f28f6311000 rw-p 00000000 00:00 0 
7f28f6311000-7f28f6312000 ---p 00000000 00:00 0 
7f28f6312000-7f28f6412000 rw-p 00000000 00:00 0 
7f28f6412000-7f28f6413000 ---p 00000000 00:00 0 
7f28f6413000-7f28f6513000 rw-p 00000000 00:00 0 
7f28f6513000-7f28f6514000 ---p 00000000 00:00 0 
7f28f6514000-7f28f6614000 rw-p 00000000 00:00 0 
7f28f6614000-7f28f6615000 ---p 00000000 00:00 0 
7f28f6615000-7f28f6721000 rw-p 00000000 00:00 0 
7f28f6721000-7f28f6768000 rw-p 00000000 00:00 0 
7f28f6768000-7f28f6787000 rw-p 00000000 00:00 0 
7f28f6787000-7f28f6952000 rw-p 00000000 00:00 0 
7f28f6952000-7f28f695e000 rw-p 00000000 00:00 0 
7f28f695e000-7f28f69a5000 rw-p 00000000 00:00 0 
7f28f69a5000-7f28f69c4000 rw-p 00000000 00:00 0 
7f28f69c4000-7f28f6b8f000 rw-p 00000000 00:00 0 
7f28f6b8f000-7f28f6b98000 rw-p 00000000 00:00 0 
7f28f6b98000-7f28f6ba1000 ---p 00000000 00:00 0 
7f28f6ba1000-7f28f6c84000 rw-p 00000000 00:00 0 
7f28f6c84000-7f28f6c85000 rw-p 00000000 00:00 0 
7f28f6c85000-7f28f6f05000 rwxp 00000000 00:00 0 
7f28f6f05000-7f28f9c85000 rw-p 00000000 00:00 0 
7f28f9c85000-7f28f9c8d000 r-xp 00000000 08:11 75105                      /usr/lib/jvm/java-7-openjdk-amd64/jre/lib/amd64/libzip.so
7f28f9c8d000-7f28f9e8c000 ---p 00008000 08:11 75105                      /usr/lib/jvm/java-7-openjdk-amd64/jre/lib/amd64/libzip.so
7f28f9e8c000-7f28f9e8d000 r--p 00007000 08:11 75105                      /usr/lib/jvm/java-7-openjdk-amd64/jre/lib/amd64/libzip.so
7f28f9e8d000-7f28f9e8e000 rw-p 00008000 08:11 75105                      /usr/lib/jvm/java-7-openjdk-amd64/jre/lib/amd64/libzip.so
7f28f9e8e000-7f28f9e99000 r-xp 00000000 08:11 3933363                    /lib/x86_64-linux-gnu/libnss_files-2.13.so
7f28f9e99000-7f28fa098000 ---p 0000b000 08:11 3933363                    /lib/x86_64-linux-gnu/libnss_files-2.13.so
7f28fa098000-7f28fa099000 r--p 0000a000 08:11 3933363                    /lib/x86_64-linux-gnu/libnss_files-2.13.so
7f28fa099000-7f28fa09a000 rw-p 0000b000 08:11 3933363                    /lib/x86_64-linux-gnu/libnss_files-2.13.so
7f28fa09a000-7f28fa0a4000 r-xp 00000000 08:11 3933359                    /lib/x86_64-linux-gnu/libnss_nis-2.13.so
7f28fa0a4000-7f28fa2a3000 ---p 0000a000 08:11 3933359                    /lib/x86_64-linux-gnu/libnss_nis-2.13.so
7f28fa2a3000-7f28fa2a4000 r--p 00009000 08:11 3933359                    /lib/x86_64-linux-gnu/libnss_nis-2.13.so
7f28fa2a4000-7f28fa2a5000 rw-p 0000a000 08:11 3933359                    /lib/x86_64-linux-gnu/libnss_nis-2.13.so
7f28fa2a5000-7f28fa2ba000 r-xp 00000000 08:11 3933357                    /lib/x86_64-linux-gnu/libnsl-2.13.so
7f28fa2ba000-7f28fa4b9000 ---p 00015000 08:11 3933357                    /lib/x86_64-linux-gnu/libnsl-2.13.so
7f28fa4b9000-7f28fa4ba000 r--p 00014000 08:11 3933357                    /lib/x86_64-linux-gnu/libnsl-2.13.so
7f28fa4ba000-7f28fa4bb000 rw-p 00015000 08:11 3933357                    /lib/x86_64-linux-gnu/libnsl-2.13.so
7f28fa4bb000-7f28fa4bd000 rw-p 00000000 00:00 0 
7f28fa4bd000-7f28fa4c4000 r-xp 00000000 08:11 3933352                    /lib/x86_64-linux-gnu/libnss_compat-2.13.so
7f28fa4c4000-7f28fa6c3000 ---p 00007000 08:11 3933352                    /lib/x86_64-linux-gnu/libnss_compat-2.13.so
7f28fa6c3000-7f28fa6c4000 r--p 00006000 08:11 3933352                    /lib/x86_64-linux-gnu/libnss_compat-2.13.so
7f28fa6c4000-7f28fa6c5000 rw-p 00007000 08:11 3933352                    /lib/x86_64-linux-gnu/libnss_compat-2.13.so
7f28fa6c5000-7f28fa6ef000 r-xp 00000000 08:11 75096                      /usr/lib/jvm/java-7-openjdk-amd64/jre/lib/amd64/libjava.so
7f28fa6ef000-7f28fa8ef000 ---p 0002a000 08:11 75096                      /usr/lib/jvm/java-7-openjdk-amd64/jre/lib/amd64/libjava.so
7f28fa8ef000-7f28fa8f0000 r--p 0002a000 08:11 75096                      /usr/lib/jvm/java-7-openjdk-amd64/jre/lib/amd64/libjava.so
7f28fa8f0000-7f28fa8f2000 rw-p 0002b000 08:11 75096                      /usr/lib/jvm/java-7-openjdk-amd64/jre/lib/amd64/libjava.so
7f28fa8f2000-7f28fa901000 r-xp 00000000 08:11 75080                      /usr/lib/jvm/java-7-openjdk-amd64/jre/lib/amd64/libverify.so
7f28fa901000-7f28fab00000 ---p 0000f000 08:11 75080                      /usr/lib/jvm/java-7-openjdk-amd64/jre/lib/amd64/libverify.so
7f28fab00000-7f28fab02000 r--p 0000e000 08:11 75080                      /usr/lib/jvm/java-7-openjdk-amd64/jre/lib/amd64/libverify.so
7f28fab02000-7f28fab03000 rw-p 00010000 08:11 75080                      /usr/lib/jvm/java-7-openjdk-amd64/jre/lib/amd64/libverify.so
7f28fab03000-7f28fab0a000 r-xp 00000000 08:11 3933367                    /lib/x86_64-linux-gnu/librt-2.13.so
7f28fab0a000-7f28fad09000 ---p 00007000 08:11 3933367                    /lib/x86_64-linux-gnu/librt-2.13.so
7f28fad09000-7f28fad0a000 r--p 00006000 08:11 3933367                    /lib/x86_64-linux-gnu/librt-2.13.so
7f28fad0a000-7f28fad0b000 rw-p 00007000 08:11 3933367                    /lib/x86_64-linux-gnu/librt-2.13.so
7f28fad0b000-7f28fad20000 r-xp 00000000 08:11 3933087                    /lib/x86_64-linux-gnu/libgcc_s.so.1
7f28fad20000-7f28faf20000 ---p 00015000 08:11 3933087                    /lib/x86_64-linux-gnu/libgcc_s.so.1
7f28faf20000-7f28faf21000 rw-p 00015000 08:11 3933087                    /lib/x86_64-linux-gnu/libgcc_s.so.1
7f28faf21000-7f28fafa2000 r-xp 00000000 08:11 3933354                    /lib/x86_64-linux-gnu/libm-2.13.so
7f28fafa2000-7f28fb1a1000 ---p 00081000 08:11 3933354                    /lib/x86_64-linux-gnu/libm-2.13.so
7f28fb1a1000-7f28fb1a2000 r--p 00080000 08:11 3933354                    /lib/x86_64-linux-gnu/libm-2.13.so
7f28fb1a2000-7f28fb1a3000 rw-p 00081000 08:11 3933354                    /lib/x86_64-linux-gnu/libm-2.13.so
7f28fb1a3000-7f28fb28b000 r-xp 00000000 08:11 17347                      /usr/lib/x86_64-linux-gnu/libstdc++.so.6.0.17
7f28fb28b000-7f28fb48b000 ---p 000e8000 08:11 17347                      /usr/lib/x86_64-linux-gnu/libstdc++.so.6.0.17
7f28fb48b000-7f28fb493000 r--p 000e8000 08:11 17347                      /usr/lib/x86_64-linux-gnu/libstdc++.so.6.0.17
7f28fb493000-7f28fb495000 rw-p 000f0000 08:11 17347                      /usr/lib/x86_64-linux-gnu/libstdc++.so.6.0.17
7f28fb495000-7f28fb4aa000 rw-p 00000000 00:00 0 
7f28fb4aa000-7f28fbe9b000 r-xp 00000000 08:11 78573                      /usr/lib/jvm/java-7-openjdk-amd64/jre/lib/amd64/server/libjvm.so
7f28fbe9b000-7f28fc09b000 ---p 009f1000 08:11 78573                      /usr/lib/jvm/java-7-openjdk-amd64/jre/lib/amd64/server/libjvm.so
7f28fc09b000-7f28fc11a000 r--p 009f1000 08:11 78573                      /usr/lib/jvm/java-7-openjdk-amd64/jre/lib/amd64/server/libjvm.so
7f28fc11a000-7f28fc13d000 rw-p 00a70000 08:11 78573                      /usr/lib/jvm/java-7-openjdk-amd64/jre/lib/amd64/server/libjvm.so
7f28fc13d000-7f28fc168000 rw-p 00000000 00:00 0 
7f28fc168000-7f28fc2ea000 r-xp 00000000 08:11 3933347                    /lib/x86_64-linux-gnu/libc-2.13.so
7f28fc2ea000-7f28fc4e9000 ---p 00182000 08:11 3933347                    /lib/x86_64-linux-gnu/libc-2.13.so
7f28fc4e9000-7f28fc4ed000 r--p 00181000 08:11 3933347                    /lib/x86_64-linux-gnu/libc-2.13.so
7f28fc4ed000-7f28fc4ee000 rw-p 00185000 08:11 3933347                    /lib/x86_64-linux-gnu/libc-2.13.so
7f28fc4ee000-7f28fc4f3000 rw-p 00000000 00:00 0 
7f28fc4f3000-7f28fc4f5000 r-xp 00000000 08:11 3933361                    /lib/x86_64-linux-gnu/libdl-2.13.so
7f28fc4f5000-7f28fc6f5000 ---p 00002000 08:11 3933361                    /lib/x86_64-linux-gnu/libdl-2.13.so
7f28fc6f5000-7f28fc6f6000 r--p 00002000 08:11 3933361                    /lib/x86_64-linux-gnu/libdl-2.13.so
7f28fc6f6000-7f28fc6f7000 rw-p 00003000 08:11 3933361                    /lib/x86_64-linux-gnu/libdl-2.13.so
7f28fc6f7000-7f28fc70d000 r-xp 00000000 08:11 3933196                    /lib/x86_64-linux-gnu/libz.so.1.2.7
7f28fc70d000-7f28fc90c000 ---p 00016000 08:11 3933196                    /lib/x86_64-linux-gnu/libz.so.1.2.7
7f28fc90c000-7f28fc90d000 r--p 00015000 08:11 3933196                    /lib/x86_64-linux-gnu/libz.so.1.2.7
7f28fc90d000-7f28fc90e000 rw-p 00016000 08:11 3933196                    /lib/x86_64-linux-gnu/libz.so.1.2.7
7f28fc90e000-7f28fc91b000 r-xp 00000000 08:11 75084                      /usr/lib/jvm/java-7-openjdk-amd64/jre/lib/amd64/jli/libjli.so
7f28fc91b000-7f28fcb1a000 ---p 0000d000 08:11 75084                      /usr/lib/jvm/java-7-openjdk-amd64/jre/lib/amd64/jli/libjli.so
7f28fcb1a000-7f28fcb1b000 r--p 0000c000 08:11 75084                      /usr/lib/jvm/java-7-openjdk-amd64/jre/lib/amd64/jli/libjli.so
7f28fcb1b000-7f28fcb1c000 rw-p 0000d000 08:11 75084                      /usr/lib/jvm/java-7-openjdk-amd64/jre/lib/amd64/jli/libjli.so
7f28fcb1c000-7f28fcb33000 r-xp 00000000 08:11 3933365                    /lib/x86_64-linux-gnu/libpthread-2.13.so
7f28fcb33000-7f28fcd32000 ---p 00017000 08:11 3933365                    /lib/x86_64-linux-gnu/libpthread-2.13.so
7f28fcd32000-7f28fcd33000 r--p 00016000 08:11 3933365                    /lib/x86_64-linux-gnu/libpthread-2.13.so
7f28fcd33000-7f28fcd34000 rw-p 00017000 08:11 3933365                    /lib/x86_64-linux-gnu/libpthread-2.13.so
7f28fcd34000-7f28fcd38000 rw-p 00000000 00:00 0 
7f28fcd38000-7f28fcd58000 r-xp 00000000 08:11 3933369                    /lib/x86_64-linux-gnu/ld-2.13.so
7f28fcd58000-7f28fcd5f000 r--s 00039000 08:11 790959                     /home/akshay/git/wpi-suite/Core/WPISuite/WebContent/WEB-INF/lib/commons-codec-1.7.jar
7f28fcd5f000-7f28fcd65000 r--s 00033000 08:11 790958                     /home/akshay/git/wpi-suite/Core/WPISuite/WebContent/WEB-INF/lib/commons-codec-1.6.jar
7f28fcd65000-7f28fcd67000 r--s 00005000 08:11 791441                     /home/akshay/git/wpi-suite/Core/WPISuite/WebContent/WEB-INF/lib/WPISuite-Interfaces.jar
7f28fcd67000-7f28fcd6e000 r--s 00036000 08:11 791632                     /home/akshay/git/wpi-suite/Core/WPISuite/WebContent/WEB-INF/lib/RequirementManager.jar
7f28fcd6e000-7f28fcd77000 r--s 000bc000 08:11 18950                      /usr/lib/jvm/java-7-openjdk-common/jre/lib/resources.jar
7f28fcd77000-7f28fcd81000 rw-p 00000000 00:00 0 
7f28fcd81000-7f28fce37000 rw-p 00000000 00:00 0 
7f28fce37000-7f28fce3a000 ---p 00000000 00:00 0 
7f28fce3a000-7f28fcf3d000 rw-p 00000000 00:00 0 
7f28fcf3d000-7f28fcf3e000 r--s 00001000 08:11 139158                     /home/akshay/apache-tomcat-7.0.52/lib/tomcat-api.jar
7f28fcf3e000-7f28fcf40000 r--s 0000d000 08:11 790960                     /home/akshay/git/wpi-suite/Core/WPISuite/WebContent/WEB-INF/lib/commons-logging-1.1.1.jar
7f28fcf40000-7f28fcf41000 r--s 00003000 08:11 791631                     /home/akshay/git/wpi-suite/Core/WPISuite/WebContent/WEB-INF/lib/PostBoard.jar
7f28fcf41000-7f28fcf47000 r--s 00085000 08:11 791634                     /home/akshay/git/wpi-suite/Core/WPISuite/WebContent/WEB-INF/lib/PlanningPoker.jar
7f28fcf47000-7f28fcf4b000 r--s 00017000 08:11 791633                     /home/akshay/git/wpi-suite/Core/WPISuite/WebContent/WEB-INF/lib/DefectTracker.jar
7f28fcf4b000-7f28fcf53000 rw-s 00000000 08:11 530357                     /tmp/hsperfdata_akshay/11332
7f28fcf53000-7f28fcf54000 rw-p 00000000 00:00 0 
7f28fcf54000-7f28fcf55000 r--p 00000000 00:00 0 
7f28fcf55000-7f28fcf57000 rw-p 00000000 00:00 0 
7f28fcf57000-7f28fcf58000 r--p 0001f000 08:11 3933369                    /lib/x86_64-linux-gnu/ld-2.13.so
7f28fcf58000-7f28fcf59000 rw-p 00020000 08:11 3933369                    /lib/x86_64-linux-gnu/ld-2.13.so
7f28fcf59000-7f28fcf5a000 rw-p 00000000 00:00 0 
7fff48a63000-7fff48a85000 rw-p 00000000 00:00 0                          [stack]
7fff48b22000-7fff48b23000 r-xp 00000000 00:00 0                          [vdso]
ffffffffff600000-ffffffffff601000 r-xp 00000000 00:00 0                  [vsyscall]

VM Arguments:
jvm_args: -Dfile.encoding=UTF-8 
java_command: edu.wpi.cs.wpisuitetng.janeway.Janeway
Launcher Type: SUN_STANDARD

Environment Variables:
PATH=/home/akshay/bin:/usr/sbin:/sbin:/usr/local/bin:/usr/bin:/bin:/usr/local/games:/usr/games
SHELL=/bin/bash
DISPLAY=:0.0

Signal Handlers:
SIGSEGV: [libjvm.so+0x84ff00], sa_mask[0]=0x7ffbfeff, sa_flags=0x10000004
SIGBUS: [libjvm.so+0x84ff00], sa_mask[0]=0x7ffbfeff, sa_flags=0x10000004
SIGFPE: [libjvm.so+0x6f2230], sa_mask[0]=0x7ffbfeff, sa_flags=0x10000004
SIGPIPE: [libjvm.so+0x6f2230], sa_mask[0]=0x7ffbfeff, sa_flags=0x10000004
SIGXFSZ: [libjvm.so+0x6f2230], sa_mask[0]=0x7ffbfeff, sa_flags=0x10000004
SIGILL: [libjvm.so+0x6f2230], sa_mask[0]=0x7ffbfeff, sa_flags=0x10000004
SIGUSR1: SIG_DFL, sa_mask[0]=0x00000000, sa_flags=0x00000000
SIGUSR2: [libjvm.so+0x6f2600], sa_mask[0]=0x00000004, sa_flags=0x10000004
SIGHUP: [libjvm.so+0x6f2740], sa_mask[0]=0x7ffbfeff, sa_flags=0x10000004
SIGINT: [libjvm.so+0x6f2740], sa_mask[0]=0x7ffbfeff, sa_flags=0x10000004
SIGTERM: [libjvm.so+0x6f2740], sa_mask[0]=0x7ffbfeff, sa_flags=0x10000004
SIGQUIT: [libjvm.so+0x6f2740], sa_mask[0]=0x7ffbfeff, sa_flags=0x10000004


---------------  S Y S T E M  ---------------

OS:7.0

uname:Linux 3.2.0-4-amd64 #1 SMP Debian 3.2.41-2 x86_64
libc:glibc 2.13 NPTL 2.13 
rlimit: STACK 8192k, CORE 0k, NPROC 46884, NOFILE 4096, AS infinity
load average:1.97 1.11 0.65

/proc/meminfo:
MemTotal:        6013720 kB
MemFree:          874040 kB
Buffers:         1177356 kB
Cached:          1682648 kB
SwapCached:            0 kB
Active:          2860628 kB
Inactive:        2010280 kB
Active(anon):    2032264 kB
Inactive(anon):   224236 kB
Active(file):     828364 kB
Inactive(file):  1786044 kB
Unevictable:           0 kB
Mlocked:               0 kB
SwapTotal:             0 kB
SwapFree:              0 kB
Dirty:              3820 kB
Writeback:             0 kB
AnonPages:       2010696 kB
Mapped:           165552 kB
Shmem:            245596 kB
Slab:             176272 kB
SReclaimable:     144876 kB
SUnreclaim:        31396 kB
KernelStack:        4696 kB
PageTables:        36052 kB
NFS_Unstable:          0 kB
Bounce:                0 kB
WritebackTmp:          0 kB
CommitLimit:     3006860 kB
Committed_AS:    4902004 kB
VmallocTotal:   34359738367 kB
VmallocUsed:      367380 kB
VmallocChunk:   34359342388 kB
HardwareCorrupted:     0 kB
AnonHugePages:         0 kB
HugePages_Total:       0
HugePages_Free:        0
HugePages_Rsvd:        0
HugePages_Surp:        0
Hugepagesize:       2048 kB
DirectMap4k:       49152 kB
DirectMap2M:     6133760 kB


CPU:total 4 (2 cores per cpu, 2 threads per core) family 6 model 42 stepping 7, cmov, cx8, fxsr, mmx, sse, sse2, sse3, ssse3, sse4.1, sse4.2, popcnt, avx, ht, tsc, tscinvbit

/proc/cpuinfo:
processor	: 0
vendor_id	: GenuineIntel
cpu family	: 6
model		: 42
model name	: Intel(R) Core(TM) i5-2520M CPU @ 2.50GHz
stepping	: 7
microcode	: 0x28
cpu MHz		: 2501.000
cache size	: 3072 KB
physical id	: 0
siblings	: 4
core id		: 0
cpu cores	: 2
apicid		: 0
initial apicid	: 0
fpu		: yes
fpu_exception	: yes
cpuid level	: 13
wp		: yes
flags		: fpu vme de pse tsc msr pae mce cx8 apic sep mtrr pge mca cmov pat pse36 clflush dts acpi mmx fxsr sse sse2 ss ht tm pbe syscall nx rdtscp lm constant_tsc arch_perfmon pebs bts nopl xtopology nonstop_tsc aperfmperf pni pclmulqdq dtes64 monitor ds_cpl vmx smx est tm2 ssse3 cx16 xtpr pdcm pcid sse4_1 sse4_2 x2apic popcnt tsc_deadline_timer aes xsave avx lahf_lm ida arat epb xsaveopt pln pts dtherm tpr_shadow vnmi flexpriority ept vpid
bogomips	: 4983.84
clflush size	: 64
cache_alignment	: 64
address sizes	: 36 bits physical, 48 bits virtual
power management:

processor	: 1
vendor_id	: GenuineIntel
cpu family	: 6
model		: 42
model name	: Intel(R) Core(TM) i5-2520M CPU @ 2.50GHz
stepping	: 7
microcode	: 0x28
cpu MHz		: 2501.000
cache size	: 3072 KB
physical id	: 0
siblings	: 4
core id		: 0
cpu cores	: 2
apicid		: 1
initial apicid	: 1
fpu		: yes
fpu_exception	: yes
cpuid level	: 13
wp		: yes
flags		: fpu vme de pse tsc msr pae mce cx8 apic sep mtrr pge mca cmov pat pse36 clflush dts acpi mmx fxsr sse sse2 ss ht tm pbe syscall nx rdtscp lm constant_tsc arch_perfmon pebs bts nopl xtopology nonstop_tsc aperfmperf pni pclmulqdq dtes64 monitor ds_cpl vmx smx est tm2 ssse3 cx16 xtpr pdcm pcid sse4_1 sse4_2 x2apic popcnt tsc_deadline_timer aes xsave avx lahf_lm ida arat epb xsaveopt pln pts dtherm tpr_shadow vnmi flexpriority ept vpid
bogomips	: 4983.71
clflush size	: 64
cache_alignment	: 64
address sizes	: 36 bits physical, 48 bits virtual
power management:

processor	: 2
vendor_id	: GenuineIntel
cpu family	: 6
model		: 42
model name	: Intel(R) Core(TM) i5-2520M CPU @ 2.50GHz
stepping	: 7
microcode	: 0x28
cpu MHz		: 2501.000
cache size	: 3072 KB
physical id	: 0
siblings	: 4
core id		: 1
cpu cores	: 2
apicid		: 2
initial apicid	: 2
fpu		: yes
fpu_exception	: yes
cpuid level	: 13
wp		: yes
flags		: fpu vme de pse tsc msr pae mce cx8 apic sep mtrr pge mca cmov pat pse36 clflush dts acpi mmx fxsr sse sse2 ss ht tm pbe syscall nx rdtscp lm constant_tsc arch_perfmon pebs bts nopl xtopology nonstop_tsc aperfmperf pni pclmulqdq dtes64 monitor ds_cpl vmx smx est tm2 ssse3 cx16 xtpr pdcm pcid sse4_1 sse4_2 x2apic popcnt tsc_deadline_timer aes xsave avx lahf_lm ida arat epb xsaveopt pln pts dtherm tpr_shadow vnmi flexpriority ept vpid
bogomips	: 4983.74
clflush size	: 64
cache_alignment	: 64
address sizes	: 36 bits physical, 48 bits virtual
power management:

processor	: 3
vendor_id	: GenuineIntel
cpu family	: 6
model		: 42
model name	: Intel(R) Core(TM) i5-2520M CPU @ 2.50GHz
stepping	: 7
microcode	: 0x28
cpu MHz		: 2501.000
cache size	: 3072 KB
physical id	: 0
siblings	: 4
core id		: 1
cpu cores	: 2
apicid		: 3
initial apicid	: 3
fpu		: yes
fpu_exception	: yes
cpuid level	: 13
wp		: yes
flags		: fpu vme de pse tsc msr pae mce cx8 apic sep mtrr pge mca cmov pat pse36 clflush dts acpi mmx fxsr sse sse2 ss ht tm pbe syscall nx rdtscp lm constant_tsc arch_perfmon pebs bts nopl xtopology nonstop_tsc aperfmperf pni pclmulqdq dtes64 monitor ds_cpl vmx smx est tm2 ssse3 cx16 xtpr pdcm pcid sse4_1 sse4_2 x2apic popcnt tsc_deadline_timer aes xsave avx lahf_lm ida arat epb xsaveopt pln pts dtherm tpr_shadow vnmi flexpriority ept vpid
bogomips	: 4983.72
clflush size	: 64
cache_alignment	: 64
address sizes	: 36 bits physical, 48 bits virtual
power management:



Memory: 4k page, physical 6013720k(874040k free), swap 0k(0k free)

vm_info: OpenJDK 64-Bit Server VM (23.7-b01) for linux-amd64 JRE (1.7.0_25-b30), built on Jul  3 2013 10:28:26 by "jmm" with gcc 4.7.2

time: Tue Apr 22 23:31:48 2014
elapsed time: 129 seconds

