#
# A fatal error has been detected by the Java Runtime Environment:
#
#  SIGSEGV (0xb) at pc=0x00007fc418e7cfb3, pid=10896, tid=140479791240960
#
# JRE version: 7.0_25-b30
# Java VM: OpenJDK 64-Bit Server VM (23.7-b01 mixed mode linux-amd64 compressed oops)
# Problematic frame:
# C  [libc.so.6+0x121fb3]  __nss_hosts_lookup+0xe993
#
# Failed to write core dump. Core dumps have been disabled. To enable core dumping, try "ulimit -c unlimited" before starting Java again
#
# If you would like to submit a bug report, please include
# instructions on how to reproduce the bug and visit:
#   http://icedtea.classpath.org/bugzilla
# The crash happened outside the Java Virtual Machine in native code.
# See problematic frame for where to report the bug.
#

---------------  T H R E A D  ---------------

Current thread (0x000000000120d800):  JavaThread "Thread-21" [_thread_in_native, id=11044, stack(0x00007fc3fffe1000,0x00007fc4000e2000)]

siginfo:si_signo=SIGSEGV: si_errno=0, si_code=1 (SEGV_MAPERR), si_addr=0x00007fc419b4d000

Registers:
RAX=0x00000000011361b2, RBX=0x00007fc40825c210, RCX=0x0000000000004000, RDX=0x00000000000015ee
RSP=0x00007fc4000df058, RBP=0x00007fc4000df0c0, RSI=0x00007fc419b4cfd7, RDI=0x00000000011420c0
R8 =0x00000000011361b2, R9 =0x00007fc418e7cfa0, R10=0x00007fc419b410c9, R11=0x00007fc418eb0750
R12=0x0000000000000000, R13=0x000000000137b140, R14=0x00000000012071a0, R15=0x000000000000d57c
RIP=0x00007fc418e7cfb3, EFLAGS=0x0000000000010206, CSGSFS=0x0000000000000033, ERR=0x0000000000000004
  TRAPNO=0x000000000000000e

Top of Stack: (sp=0x00007fc4000df058)
0x00007fc4000df058:   00007fc41687d323 00007fc419b410c9
0x00007fc4000df068:   00007fc419b38ef7 000000000700c340
0x00007fc4000df078:   000000005f716572 0000000000000000
0x00007fc4000df088:   00000000000081a4 00007fc4000df130
0x00007fc4000df098:   00007fc408267860 00007fc4000df130
0x00007fc4000df0a8:   0000000001052880 00007fc40825c210
0x00007fc4000df0b8:   0000000048e4a5cc 00007fc4000df110
0x00007fc4000df0c8:   00007fc41687deb0 00000000012071f0
0x00007fc4000df0d8:   0000000f01222410 000000000120d800
0x00007fc4000df0e8:   00007fc4000df130 00007fc4000df588
0x00007fc4000df0f8:   00007fc4000df130 000000000000000f
0x00007fc4000df108:   000000000120d9d8 00007fc4000df570
0x00007fc4000df118:   00007fc41687baf3 0100000001222860
0x00007fc4000df128:   00007fc40825c210 61476f6e2f736572
0x00007fc4000df138:   00676e702e73656d 00000000a4891200
0x00007fc4000df148:   0000006f00000000 ffffffffffffffff
0x00007fc4000df158:   0000000000df2991 0000000001222868
0x00007fc4000df168:   00007fc400000000 0000000000000000
0x00007fc4000df178:   0000000000010100 00007fc400000000
0x00007fc4000df188:   00007fc4000df138 00007fc4000df179
0x00007fc4000df198:   0000000800000002 00007fc400000000
0x00007fc4000df1a8:   0000000099f82880 0000000000000000
0x00007fc4000df1b8:   000000000120d800 0000000000000000
0x00007fc4000df1c8:   0000000000e62110 000000000120d800
0x00007fc4000df1d8:   0000000000f80ac8 00007fc4000df360
0x00007fc4000df1e8:   00007fc4185deb4b 000000000120d800
0x00007fc4000df1f8:   00000000e1826ac8 000000000000000d
0x00007fc4000df208:   0000000000f80ac8 0000000000000000
0x00007fc4000df218:   0000003000000018 00007fc4000df370
0x00007fc4000df228:   00007fc4000df290 000000000120d800
0x00007fc4000df238:   0000000000000000 0000000099e0dd30
0x00007fc4000df248:   0000000000000000 00007fc418cfa210 

Instructions: (pc=0x00007fc418e7cfb3)
0x00007fc418e7cf93:   f9 ff ff ff 48 8d 52 c0 41 ff e1 0f 0b 0f 18 86
0x00007fc418e7cfa3:   c0 01 00 00 48 83 ea 40 0f 28 56 09 0f 28 5e 19
0x00007fc418e7cfb3:   0f 28 66 29 0f 28 6e 39 66 0f 6f f5 66 0f 3a 0f
0x00007fc418e7cfc3:   ec 07 48 8d 76 40 66 0f 3a 0f e3 07 66 0f 3a 0f 

Register to memory mapping:

RAX=0x00000000011361b2 is an unknown value
RBX=0x00007fc40825c210 is an unknown value
RCX=0x0000000000004000 is an unknown value
RDX=0x00000000000015ee is an unknown value
RSP=0x00007fc4000df058 is pointing into the stack for thread: 0x000000000120d800
RBP=0x00007fc4000df0c0 is pointing into the stack for thread: 0x000000000120d800
RSI=0x00007fc419b4cfd7 is an unknown value
RDI=0x00000000011420c0 is an unknown value
R8 =0x00000000011361b2 is an unknown value
R9 =0x00007fc418e7cfa0: <offset 0x121fa0> in /lib/x86_64-linux-gnu/libc.so.6 at 0x00007fc418d5b000
R10=0x00007fc419b410c9 is an unknown value
R11=0x00007fc418eb0750: <offset 0x155750> in /lib/x86_64-linux-gnu/libc.so.6 at 0x00007fc418d5b000
R12=0x0000000000000000 is an unknown value
R13=0x000000000137b140 is an unknown value
R14=0x00000000012071a0 is an unknown value
R15=0x000000000000d57c is an unknown value


Stack: [0x00007fc3fffe1000,0x00007fc4000e2000],  sp=0x00007fc4000df058,  free space=1016k
Native frames: (J=compiled Java code, j=interpreted, Vv=VM code, C=native code)
C  [libc.so.6+0x121fb3]  __nss_hosts_lookup+0xe993
C  [libzip.so+0x5eb0]  ZIP_GetEntry+0xd0
C  [libzip.so+0x3af3]  Java_java_util_zip_ZipFile_getEntry+0xb3
J  java.util.zip.ZipFile.getEntry(J[BZ)J

Java frames: (J=compiled Java code, j=interpreted, Vv=VM code)
J  java.util.zip.ZipFile.getEntry(J[BZ)J
J  sun.misc.URLClassPath$JarLoader.getResource(Ljava/lang/String;Z)Lsun/misc/Resource;
j  sun.misc.URLClassPath$JarLoader.findResource(Ljava/lang/String;Z)Ljava/net/URL;+3
j  sun.misc.URLClassPath.findResource(Ljava/lang/String;Z)Ljava/net/URL;+17
j  java.net.URLClassLoader$2.run()Ljava/net/URL;+12
j  java.net.URLClassLoader$2.run()Ljava/lang/Object;+1
v  ~StubRoutines::call_stub
J  java.security.AccessController.doPrivileged(Ljava/security/PrivilegedAction;Ljava/security/AccessControlContext;)Ljava/lang/Object;
j  java.net.URLClassLoader.findResource(Ljava/lang/String;)Ljava/net/URL;+13
j  java.lang.ClassLoader.getResource(Ljava/lang/String;)Ljava/net/URL;+30
j  java.lang.Class.getResource(Ljava/lang/String;)Ljava/net/URL;+22
j  edu.wpi.cs.wpisuitetng.modules.planningpoker.view.ImageLoader.getImage(Ljava/lang/String;)Ljava/awt/image/BufferedImage;+48
j  edu.wpi.cs.wpisuitetng.modules.planningpoker.view.ImageLoader.getIcon(Ljava/lang/String;)Ljavax/swing/ImageIcon;+3
j  edu.wpi.cs.wpisuitetng.modules.planningpoker.view.main.GamesListTreeCellRenderer.getTreeCellRendererComponent(Ljavax/swing/JTree;Ljava/lang/Object;ZZZIZ)Ljava/awt/Component;+501
j  javax.swing.plaf.basic.BasicTreeUI$NodeDimensionsHandler.getNodeDimensions(Ljava/lang/Object;IIZLjava/awt/Rectangle;)Ljava/awt/Rectangle;+185
j  javax.swing.tree.AbstractLayoutCache.getNodeDimensions(Ljava/lang/Object;IIZLjava/awt/Rectangle;)Ljava/awt/Rectangle;+20
j  javax.swing.tree.VariableHeightLayoutCache$TreeStateNode.updatePreferredSize(I)V+24
j  javax.swing.tree.VariableHeightLayoutCache$TreeStateNode.expand(Z)V+185
j  javax.swing.tree.VariableHeightLayoutCache$TreeStateNode.expand()V+2
j  javax.swing.tree.VariableHeightLayoutCache.ensurePathIsExpanded(Ljavax/swing/tree/TreePath;Z)V+52
j  javax.swing.tree.VariableHeightLayoutCache.setExpandedState(Ljavax/swing/tree/TreePath;Z)V+11
j  javax.swing.plaf.basic.BasicTreeUI.updateExpandedDescendants(Ljavax/swing/tree/TreePath;)V+17
j  javax.swing.plaf.basic.BasicTreeUI$Handler.treeExpanded(Ljavax/swing/event/TreeExpansionEvent;)V+24
j  javax.swing.JTree.fireTreeExpanded(Ljavax/swing/tree/TreePath;)V+32
j  javax.swing.JTree.setExpandedState(Ljavax/swing/tree/TreePath;Z)V+401
j  javax.swing.JTree.expandPath(Ljavax/swing/tree/TreePath;)V+29
j  edu.wpi.cs.wpisuitetng.modules.planningpoker.view.main.GamesListPanel.updateTree()V+620
j  edu.wpi.cs.wpisuitetng.modules.planningpoker.view.main.GamesListPanel.access$000(Ledu/wpi/cs/wpisuitetng/modules/planningpoker/view/main/GamesListPanel;)V+1
j  edu.wpi.cs.wpisuitetng.modules.planningpoker.view.main.GamesListPanel$1.listUpdated()V+4
j  edu.wpi.cs.wpisuitetng.modules.planningpoker.model.GameListModel.updated()V+28
j  edu.wpi.cs.wpisuitetng.modules.planningpoker.model.GameListModel.setGames([Ledu/wpi/cs/wpisuitetng/modules/planningpoker/model/GameModel;)V+71
j  edu.wpi.cs.wpisuitetng.modules.planningpoker.controller.GetGamesController.receivedGames([Ledu/wpi/cs/wpisuitetng/modules/planningpoker/model/GameModel;)V+8
j  edu.wpi.cs.wpisuitetng.modules.planningpoker.controller.GetGamesRequestObserver.fail(Ledu/wpi/cs/wpisuitetng/network/models/IRequest;Ljava/lang/Exception;)V+20
j  edu.wpi.cs.wpisuitetng.network.Request.notifyObserversFail(Ljava/lang/Exception;)V+43
j  edu.wpi.cs.wpisuitetng.network.RequestActor.run()V+468
v  ~StubRoutines::call_stub

---------------  P R O C E S S  ---------------

Java Threads: ( => current thread )
=>0x000000000120d800 JavaThread "Thread-21" [_thread_in_native, id=11044, stack(0x00007fc3fffe1000,0x00007fc4000e2000)]
  0x00007fc408761000 JavaThread "Long Polling Notification Client" [_thread_in_Java, id=10927, stack(0x00007fc4004ea000,0x00007fc4005eb000)]
  0x0000000000fc6000 JavaThread "TimerQueue" daemon [_thread_blocked, id=10919, stack(0x00007fc4005eb000,0x00007fc4006ec000)]
  0x00007fc408846000 JavaThread "DestroyJavaVM" [_thread_blocked, id=10898, stack(0x00007fc419a2a000,0x00007fc419b2b000)]
  0x00007fc40845c800 JavaThread "AWT-EventQueue-0" [_thread_in_Java, id=10917, stack(0x00007fc4008a5000,0x00007fc4009a6000)]
  0x00007fc40845b000 JavaThread "AWT-Shutdown" [_thread_blocked, id=10916, stack(0x00007fc4009a6000,0x00007fc400aa7000)]
  0x00007fc408253800 JavaThread "AWT-XAWT" daemon [_thread_in_native, id=10915, stack(0x00007fc401170000,0x00007fc401271000)]
  0x00007fc40821f000 JavaThread "Java2D Disposer" daemon [_thread_blocked, id=10914, stack(0x00007fc401271000,0x00007fc401372000)]
  0x00007fc408001000 JavaThread "Service Thread" daemon [_thread_blocked, id=10912, stack(0x00007fc40d4a9000,0x00007fc40d5aa000)]
  0x0000000000ed7800 JavaThread "C2 CompilerThread1" daemon [_thread_blocked, id=10911, stack(0x00007fc40d5aa000,0x00007fc40d6ab000)]
  0x0000000000ed4000 JavaThread "C2 CompilerThread0" daemon [_thread_blocked, id=10910, stack(0x00007fc40d6ab000,0x00007fc40d7ac000)]
  0x0000000000ed1800 JavaThread "Signal Dispatcher" daemon [_thread_blocked, id=10909, stack(0x00007fc40d7ac000,0x00007fc40d8ad000)]
  0x0000000000e72800 JavaThread "Finalizer" daemon [_thread_blocked, id=10908, stack(0x00007fc40da24000,0x00007fc40db25000)]
  0x0000000000e70800 JavaThread "Reference Handler" daemon [_thread_blocked, id=10907, stack(0x00007fc40db25000,0x00007fc40dc26000)]

Other Threads:
  0x0000000000e68000 VMThread [stack: 0x00007fc40dc26000,0x00007fc40dd27000] [id=10906]
  0x00007fc40800c000 WatcherThread [stack: 0x00007fc40d3a8000,0x00007fc40d4a9000] [id=10913]

VM state:not at safepoint (normal execution)

VM Mutex/Monitor currently owned by a thread: None

Heap
 PSYoungGen      total 8896K, used 2665K [0x00000000e1600000, 0x00000000e1f40000, 0x0000000100000000)
  eden space 8832K, 29% used [0x00000000e1600000,0x00000000e188a4e0,0x00000000e1ea0000)
  from space 64K, 100% used [0x00000000e1eb0000,0x00000000e1ec0000,0x00000000e1ec0000)
  to   space 320K, 0% used [0x00000000e1ef0000,0x00000000e1ef0000,0x00000000e1f40000)
 ParOldGen       total 62720K, used 9903K [0x00000000a4200000, 0x00000000a7f40000, 0x00000000e1600000)
  object space 62720K, 15% used [0x00000000a4200000,0x00000000a4babfe0,0x00000000a7f40000)
 PSPermGen       total 24128K, used 23950K [0x0000000099c00000, 0x000000009b390000, 0x00000000a4200000)
  object space 24128K, 99% used [0x0000000099c00000,0x000000009b363820,0x000000009b390000)

Card table byte_map: [0x00007fc413545000,0x00007fc413878000] byte_map_base: 0x00007fc413077000

Polling page: 0x00007fc419b47000

Code Cache  [0x00007fc413878000, 0x00007fc413b48000, 0x00007fc416878000)
 total_blobs=1425 nmethods=875 adapters=501 free_code_cache=46378Kb largest_free_block=47402176

Compilation events (10 events):
Event: 101.467 Thread 0x0000000000ed7800 nmethod 7% 0x00007fc413b35950 code [0x00007fc413b36300, 0x00007fc413b3b010]
Event: 124.366 Thread 0x0000000000ed4000  907             java.awt.Cursor::getPredefinedCursor (61 bytes)
Event: 124.366 Thread 0x0000000000ed4000 nmethod 907 0x00007fc413a3d1d0 code [0x00007fc413a3d320, 0x00007fc413a3d418]
Event: 124.647 Thread 0x0000000000ed7800  908             sun.awt.X11.XGlobalCursorManager::updateCursorOutOfJava (8 bytes)
Event: 124.650 Thread 0x0000000000ed7800 nmethod 908 0x00007fc4139f4b90 code [0x00007fc4139f4d40, 0x00007fc4139f50c0]
Event: 125.287 Thread 0x0000000000ed4000  909   !         java.awt.EventQueue::setCurrentEventAndMostRecentTimeImpl (169 bytes)
Event: 125.292 Thread 0x0000000000ed4000 nmethod 909 0x00007fc4139f3f90 code [0x00007fc4139f4160, 0x00007fc4139f4630]
Event: 200.553 Thread 0x0000000000ed7800  911             java.net.URI$Parser::charAt (9 bytes)
Event: 200.554 Thread 0x0000000000ed7800 nmethod 911 0x00007fc413a6c710 code [0x00007fc413a6c860, 0x00007fc413a6c918]
Event: 200.563 Thread 0x0000000000ed4000  912             java.net.URI$Parser::scan (50 bytes)

GC Heap History (10 events):
Event: 191.998 GC heap before
{Heap before GC invocations=61 (full 0):
 PSYoungGen      total 9536K, used 9344K [0x00000000e1600000, 0x00000000e1fd0000, 0x0000000100000000)
  eden space 9280K, 100% used [0x00000000e1600000,0x00000000e1f10000,0x00000000e1f10000)
  from space 256K, 25% used [0x00000000e1f90000,0x00000000e1fa0000,0x00000000e1fd0000)
  to   space 384K, 0% used [0x00000000e1f10000,0x00000000e1f10000,0x00000000e1f70000)
 ParOldGen       total 62720K, used 9903K [0x00000000a4200000, 0x00000000a7f40000, 0x00000000e1600000)
  object space 62720K, 15% used [0x00000000a4200000,0x00000000a4babfe0,0x00000000a7f40000)
 PSPermGen       total 24128K, used 23946K [0x0000000099c00000, 0x000000009b390000, 0x00000000a4200000)
  object space 24128K, 99% used [0x0000000099c00000,0x000000009b362b80,0x000000009b390000)
Event: 191.998 GC heap after
Heap after GC invocations=61 (full 0):
 PSYoungGen      total 9280K, used 96K [0x00000000e1600000, 0x00000000e1fb0000, 0x0000000100000000)
  eden space 9152K, 0% used [0x00000000e1600000,0x00000000e1600000,0x00000000e1ef0000)
  from space 128K, 75% used [0x00000000e1f10000,0x00000000e1f28000,0x00000000e1f30000)
  to   space 384K, 0% used [0x00000000e1f50000,0x00000000e1f50000,0x00000000e1fb0000)
 ParOldGen       total 62720K, used 9903K [0x00000000a4200000, 0x00000000a7f40000, 0x00000000e1600000)
  object space 62720K, 15% used [0x00000000a4200000,0x00000000a4babfe0,0x00000000a7f40000)
 PSPermGen       total 24128K, used 23946K [0x0000000099c00000, 0x000000009b390000, 0x00000000a4200000)
  object space 24128K, 99% used [0x0000000099c00000,0x000000009b362b80,0x000000009b390000)
}
Event: 193.897 GC heap before
{Heap before GC invocations=62 (full 0):
 PSYoungGen      total 9280K, used 9248K [0x00000000e1600000, 0x00000000e1fb0000, 0x0000000100000000)
  eden space 9152K, 100% used [0x00000000e1600000,0x00000000e1ef0000,0x00000000e1ef0000)
  from space 128K, 75% used [0x00000000e1f10000,0x00000000e1f28000,0x00000000e1f30000)
  to   space 384K, 0% used [0x00000000e1f50000,0x00000000e1f50000,0x00000000e1fb0000)
 ParOldGen       total 62720K, used 9903K [0x00000000a4200000, 0x00000000a7f40000, 0x00000000e1600000)
  object space 62720K, 15% used [0x00000000a4200000,0x00000000a4babfe0,0x00000000a7f40000)
 PSPermGen       total 24128K, used 23946K [0x0000000099c00000, 0x000000009b390000, 0x00000000a4200000)
  object space 24128K, 99% used [0x0000000099c00000,0x000000009b362b80,0x000000009b390000)
Event: 193.898 GC heap after
Heap after GC invocations=62 (full 0):
 PSYoungGen      total 9152K, used 96K [0x00000000e1600000, 0x00000000e1f70000, 0x0000000100000000)
  eden space 9024K, 0% used [0x00000000e1600000,0x00000000e1600000,0x00000000e1ed0000)
  from space 128K, 75% used [0x00000000e1f50000,0x00000000e1f68000,0x00000000e1f70000)
  to   space 320K, 0% used [0x00000000e1ed0000,0x00000000e1ed0000,0x00000000e1f20000)
 ParOldGen       total 62720K, used 9903K [0x00000000a4200000, 0x00000000a7f40000, 0x00000000e1600000)
  object space 62720K, 15% used [0x00000000a4200000,0x00000000a4babfe0,0x00000000a7f40000)
 PSPermGen       total 24128K, used 23946K [0x0000000099c00000, 0x000000009b390000, 0x00000000a4200000)
  object space 24128K, 99% used [0x0000000099c00000,0x000000009b362b80,0x000000009b390000)
}
Event: 196.317 GC heap before
{Heap before GC invocations=63 (full 0):
 PSYoungGen      total 9152K, used 9120K [0x00000000e1600000, 0x00000000e1f70000, 0x0000000100000000)
  eden space 9024K, 100% used [0x00000000e1600000,0x00000000e1ed0000,0x00000000e1ed0000)
  from space 128K, 75% used [0x00000000e1f50000,0x00000000e1f68000,0x00000000e1f70000)
  to   space 320K, 0% used [0x00000000e1ed0000,0x00000000e1ed0000,0x00000000e1f20000)
 ParOldGen       total 62720K, used 9903K [0x00000000a4200000, 0x00000000a7f40000, 0x00000000e1600000)
  object space 62720K, 15% used [0x00000000a4200000,0x00000000a4babfe0,0x00000000a7f40000)
 PSPermGen       total 24128K, used 23946K [0x0000000099c00000, 0x000000009b390000, 0x00000000a4200000)
  object space 24128K, 99% used [0x0000000099c00000,0x000000009b362b80,0x000000009b390000)
Event: 196.318 GC heap after
Heap after GC invocations=63 (full 0):
 PSYoungGen      total 9024K, used 64K [0x00000000e1600000, 0x00000000e1f60000, 0x0000000100000000)
  eden space 8960K, 0% used [0x00000000e1600000,0x00000000e1600000,0x00000000e1ec0000)
  from space 64K, 100% used [0x00000000e1ed0000,0x00000000e1ee0000,0x00000000e1ee0000)
  to   space 320K, 0% used [0x00000000e1f10000,0x00000000e1f10000,0x00000000e1f60000)
 ParOldGen       total 62720K, used 9903K [0x00000000a4200000, 0x00000000a7f40000, 0x00000000e1600000)
  object space 62720K, 15% used [0x00000000a4200000,0x00000000a4babfe0,0x00000000a7f40000)
 PSPermGen       total 24128K, used 23946K [0x0000000099c00000, 0x000000009b390000, 0x00000000a4200000)
  object space 24128K, 99% used [0x0000000099c00000,0x000000009b362b80,0x000000009b390000)
}
Event: 198.147 GC heap before
{Heap before GC invocations=64 (full 0):
 PSYoungGen      total 9024K, used 9024K [0x00000000e1600000, 0x00000000e1f60000, 0x0000000100000000)
  eden space 8960K, 100% used [0x00000000e1600000,0x00000000e1ec0000,0x00000000e1ec0000)
  from space 64K, 100% used [0x00000000e1ed0000,0x00000000e1ee0000,0x00000000e1ee0000)
  to   space 320K, 0% used [0x00000000e1f10000,0x00000000e1f10000,0x00000000e1f60000)
 ParOldGen       total 62720K, used 9903K [0x00000000a4200000, 0x00000000a7f40000, 0x00000000e1600000)
  object space 62720K, 15% used [0x00000000a4200000,0x00000000a4babfe0,0x00000000a7f40000)
 PSPermGen       total 24128K, used 23946K [0x0000000099c00000, 0x000000009b390000, 0x00000000a4200000)
  object space 24128K, 99% used [0x0000000099c00000,0x000000009b362b80,0x000000009b390000)
Event: 198.148 GC heap after
Heap after GC invocations=64 (full 0):
 PSYoungGen      total 9152K, used 64K [0x00000000e1600000, 0x00000000e1f50000, 0x0000000100000000)
  eden space 8896K, 0% used [0x00000000e1600000,0x00000000e1600000,0x00000000e1eb0000)
  from space 256K, 25% used [0x00000000e1f10000,0x00000000e1f20000,0x00000000e1f50000)
  to   space 320K, 0% used [0x00000000e1eb0000,0x00000000e1eb0000,0x00000000e1f00000)
 ParOldGen       total 62720K, used 9903K [0x00000000a4200000, 0x00000000a7f40000, 0x00000000e1600000)
  object space 62720K, 15% used [0x00000000a4200000,0x00000000a4babfe0,0x00000000a7f40000)
 PSPermGen       total 24128K, used 23946K [0x0000000099c00000, 0x000000009b390000, 0x00000000a4200000)
  object space 24128K, 99% used [0x0000000099c00000,0x000000009b362b80,0x000000009b390000)
}
Event: 200.041 GC heap before
{Heap before GC invocations=65 (full 0):
 PSYoungGen      total 9152K, used 8960K [0x00000000e1600000, 0x00000000e1f50000, 0x0000000100000000)
  eden space 8896K, 100% used [0x00000000e1600000,0x00000000e1eb0000,0x00000000e1eb0000)
  from space 256K, 25% used [0x00000000e1f10000,0x00000000e1f20000,0x00000000e1f50000)
  to   space 320K, 0% used [0x00000000e1eb0000,0x00000000e1eb0000,0x00000000e1f00000)
 ParOldGen       total 62720K, used 9903K [0x00000000a4200000, 0x00000000a7f40000, 0x00000000e1600000)
  object space 62720K, 15% used [0x00000000a4200000,0x00000000a4babfe0,0x00000000a7f40000)
 PSPermGen       total 24128K, used 23946K [0x0000000099c00000, 0x000000009b390000, 0x00000000a4200000)
  object space 24128K, 99% used [0x0000000099c00000,0x000000009b362b80,0x000000009b390000)
Event: 200.041 GC heap after
Heap after GC invocations=65 (full 0):
 PSYoungGen      total 8896K, used 64K [0x00000000e1600000, 0x00000000e1f40000, 0x0000000100000000)
  eden space 8832K, 0% used [0x00000000e1600000,0x00000000e1600000,0x00000000e1ea0000)
  from space 64K, 100% used [0x00000000e1eb0000,0x00000000e1ec0000,0x00000000e1ec0000)
  to   space 320K, 0% used [0x00000000e1ef0000,0x00000000e1ef0000,0x00000000e1f40000)
 ParOldGen       total 62720K, used 9903K [0x00000000a4200000, 0x00000000a7f40000, 0x00000000e1600000)
  object space 62720K, 15% used [0x00000000a4200000,0x00000000a4babfe0,0x00000000a7f40000)
 PSPermGen       total 24128K, used 23946K [0x0000000099c00000, 0x000000009b390000, 0x00000000a4200000)
  object space 24128K, 99% used [0x0000000099c00000,0x000000009b362b80,0x000000009b390000)
}

Deoptimization events (10 events):
Event: 100.318 Thread 0x00007fc40845c800 Uncommon trap -83 fr.pc 0x00007fc413b155a0
Event: 100.318 Thread 0x00007fc40845c800 Uncommon trap -34 fr.pc 0x00007fc413a5b7b8
Event: 100.318 Thread 0x00007fc40845c800 Uncommon trap -34 fr.pc 0x00007fc413b11b84
Event: 100.682 Thread 0x00007fc408253800 Uncommon trap -83 fr.pc 0x00007fc413a7cd70
Event: 200.546 Thread 0x000000000120d800 Uncommon trap -34 fr.pc 0x00007fc413aa3d2c
Event: 200.562 Thread 0x000000000120d800 Uncommon trap -34 fr.pc 0x00007fc413aa3d2c
Event: 200.562 Thread 0x000000000120d800 Uncommon trap -34 fr.pc 0x00007fc413aa3d2c
Event: 200.562 Thread 0x000000000120d800 Uncommon trap -34 fr.pc 0x00007fc413aa3d2c
Event: 200.562 Thread 0x000000000120d800 Uncommon trap -83 fr.pc 0x00007fc413a51594
Event: 200.562 Thread 0x000000000120d800 Uncommon trap -83 fr.pc 0x00007fc413a56d90

Internal exceptions (10 events):
Event: 200.561 Thread 0x00007fc408761000 Threw 0x00000000e18627b0 at /home/jmm/scratch/jdk/openjdk-7-7u25-2.3.10/build/openjdk/hotspot/src/share/vm/prims/jni.cpp:716
Event: 200.561 Thread 0x00007fc408761000 Threw 0x00000000e1862f30 at /home/jmm/scratch/jdk/openjdk-7-7u25-2.3.10/build/openjdk/hotspot/src/share/vm/prims/jni.cpp:716
Event: 200.561 Thread 0x00007fc408761000 Threw 0x00000000e1863698 at /home/jmm/scratch/jdk/openjdk-7-7u25-2.3.10/build/openjdk/hotspot/src/share/vm/prims/jni.cpp:716
Event: 200.562 Thread 0x00007fc408761000 Threw 0x00000000e1863e00 at /home/jmm/scratch/jdk/openjdk-7-7u25-2.3.10/build/openjdk/hotspot/src/share/vm/prims/jni.cpp:716
Event: 200.562 Thread 0x00007fc408761000 Threw 0x00000000e1864568 at /home/jmm/scratch/jdk/openjdk-7-7u25-2.3.10/build/openjdk/hotspot/src/share/vm/prims/jni.cpp:716
Event: 200.562 Thread 0x00007fc408761000 Threw 0x00000000e1864cd0 at /home/jmm/scratch/jdk/openjdk-7-7u25-2.3.10/build/openjdk/hotspot/src/share/vm/prims/jni.cpp:716
Event: 200.562 Thread 0x00007fc408761000 Threw 0x00000000e1865438 at /home/jmm/scratch/jdk/openjdk-7-7u25-2.3.10/build/openjdk/hotspot/src/share/vm/prims/jni.cpp:716
Event: 200.562 Thread 0x00007fc408761000 Threw 0x00000000e1865ba0 at /home/jmm/scratch/jdk/openjdk-7-7u25-2.3.10/build/openjdk/hotspot/src/share/vm/prims/jni.cpp:716
Event: 200.562 Thread 0x00007fc408761000 Threw 0x00000000e1866308 at /home/jmm/scratch/jdk/openjdk-7-7u25-2.3.10/build/openjdk/hotspot/src/share/vm/prims/jni.cpp:716
Event: 200.562 Thread 0x00007fc408761000 Threw 0x00000000e1866a70 at /home/jmm/scratch/jdk/openjdk-7-7u25-2.3.10/build/openjdk/hotspot/src/share/vm/prims/jni.cpp:716

Events (10 events):
Event: 200.562 Thread 0x000000000120d800 DEOPT PACKING pc=0x00007fc413aa3d2c sp=0x00007fc4000dfe90
Event: 200.562 Thread 0x000000000120d800 DEOPT UNPACKING pc=0x00007fc4138b1145 sp=0x00007fc4000dfe90 mode 2
Event: 200.562 Thread 0x000000000120d800 DEOPT PACKING pc=0x00007fc413aa3d2c sp=0x00007fc4000dfe90
Event: 200.562 Thread 0x000000000120d800 DEOPT UNPACKING pc=0x00007fc4138b1145 sp=0x00007fc4000dfe90 mode 2
Event: 200.562 Thread 0x000000000120d800 DEOPT PACKING pc=0x00007fc413aa3d2c sp=0x00007fc4000dfe90
Event: 200.562 Thread 0x000000000120d800 DEOPT UNPACKING pc=0x00007fc4138b1145 sp=0x00007fc4000dfe90 mode 2
Event: 200.562 Thread 0x000000000120d800 DEOPT PACKING pc=0x00007fc413a51594 sp=0x00007fc4000e0170
Event: 200.562 Thread 0x000000000120d800 DEOPT UNPACKING pc=0x00007fc4138b1145 sp=0x00007fc4000e00c0 mode 2
Event: 200.562 Thread 0x000000000120d800 DEOPT PACKING pc=0x00007fc413a56d90 sp=0x00007fc4000e0220
Event: 200.562 Thread 0x000000000120d800 DEOPT UNPACKING pc=0x00007fc4138b1145 sp=0x00007fc4000e01d0 mode 2


Dynamic libraries:
00400000-00401000 r-xp 00000000 08:11 75119                              /usr/lib/jvm/java-7-openjdk-amd64/jre/bin/java
00600000-00601000 r--p 00000000 08:11 75119                              /usr/lib/jvm/java-7-openjdk-amd64/jre/bin/java
00601000-00602000 rw-p 00001000 08:11 75119                              /usr/lib/jvm/java-7-openjdk-amd64/jre/bin/java
00dbb000-01977000 rw-p 00000000 00:00 0                                  [heap]
99c00000-9b390000 rw-p 00000000 00:00 0 
9b390000-a4200000 rw-p 00000000 00:00 0 
a4200000-a7f40000 rw-p 00000000 00:00 0 
a7f40000-e1600000 rw-p 00000000 00:00 0 
e1600000-e1f40000 rw-p 00000000 00:00 0 
e1f40000-e3ae0000 ---p 00000000 00:00 0 
e3ae0000-100000000 rw-p 00000000 00:00 0 
7fc3ffa3f000-7fc3ffa40000 r--s 00000000 08:11 6422588                    /var/cache/fontconfig/c05880de57d1f5e948fdfacc138775d9-le64.cache-3
7fc3ffa40000-7fc3ffa49000 r--s 00000000 08:11 6422586                    /var/cache/fontconfig/945677eb7aeaf62f1d50efc3fb3ec7d8-le64.cache-3
7fc3ffa49000-7fc3ffa4e000 r--s 00000000 08:11 6422585                    /var/cache/fontconfig/6eb3985aa4124903f6ff08ba781cd364-le64.cache-3
7fc3ffa4e000-7fc3ffa57000 r--s 00000000 08:11 6427518                    /var/cache/fontconfig/6d41288fd70b0be22e8c3a91e032eec0-le64.cache-3
7fc3ffa57000-7fc3ffa58000 r--s 00000000 08:11 6429363                    /var/cache/fontconfig/4794a0821666d79190d59a36cb4f44b5-le64.cache-3
7fc3ffa58000-7fc3ffa86000 r--s 00000000 08:11 6422592                    /var/cache/fontconfig/365b55f210c0a22e9a19e35191240f32-le64.cache-3
7fc3ffa86000-7fc3ffa89000 r--s 00000000 08:11 6422579                    /var/cache/fontconfig/c57959a16110560c8d0fcea73374aeeb-le64.cache-3
7fc3ffa89000-7fc3ffa8e000 r--s 00000000 08:11 6422596                    /var/cache/fontconfig/3047814df9a2f067bd2d96a2b9c36e5a-le64.cache-3
7fc3ffa8e000-7fc3ffa91000 r--s 00000000 08:11 6429362                    /var/cache/fontconfig/e49e89034d371f0f9de17aab02136486-le64.cache-3
7fc3ffa91000-7fc3ffa93000 r--s 00000000 08:11 6428377                    /var/cache/fontconfig/4b14b093aebc79c320de5e86ae1d3314-le64.cache-3
7fc3ffa93000-7fc3ffaa4000 r--s 00000000 08:11 6422581                    /var/cache/fontconfig/d52a8644073d54c13679302ca1180695-le64.cache-3
7fc3ffaa4000-7fc3ffaab000 r--s 00000000 08:11 6422578                    /var/cache/fontconfig/3f7329c5293ffd510edef78f73874cfd-le64.cache-3
7fc3ffaab000-7fc3ffab5000 r--s 00000000 08:11 6429360                    /var/cache/fontconfig/83bf95040141907cd45bb53cf7c1c148-le64.cache-3
7fc3ffab5000-7fc3ffac0000 r--s 00000000 08:11 292                        /var/cache/fontconfig/e13b20fdb08344e0e664864cc2ede53d-le64.cache-3
7fc3ffac0000-7fc3ffaca000 r--s 00000000 08:11 120233                     /home/akshay/.fontconfig/309b8f4c94fb495f5d64b884543eb85c-le64.cache-3
7fc3ffbce000-7fc3fffa4000 rw-s 00000000 00:04 168230923                  /SYSV00000000 (deleted)
7fc3fffb0000-7fc3fffb6000 rw-s 00000000 00:04 169312274                  /SYSV00000000 (deleted)
7fc3fffe1000-7fc3fffe4000 ---p 00000000 00:00 0 
7fc3fffe4000-7fc4000e2000 rw-p 00000000 00:00 0 
7fc4000e2000-7fc4000e5000 ---p 00000000 00:00 0 
7fc4000e5000-7fc4001e3000 rw-p 00000000 00:00 0 
7fc4001e3000-7fc4001e6000 ---p 00000000 00:00 0 
7fc4001e6000-7fc4002e4000 rw-p 00000000 00:00 0 
7fc4002e4000-7fc4002e7000 ---p 00000000 00:00 0 
7fc4002e7000-7fc4003e5000 rw-p 00000000 00:00 0 
7fc4003e5000-7fc4003e8000 ---p 00000000 00:00 0 
7fc4003e8000-7fc4004e6000 rw-p 00000000 00:00 0 
7fc4004e9000-7fc4004ea000 rw-p 00000000 00:00 0 
7fc4004ea000-7fc4004ed000 ---p 00000000 00:00 0 
7fc4004ed000-7fc4005eb000 rw-p 00000000 00:00 0 
7fc4005eb000-7fc4005ee000 ---p 00000000 00:00 0 
7fc4005ee000-7fc4006ec000 rw-p 00000000 00:00 0 
7fc4006ec000-7fc4006ef000 ---p 00000000 00:00 0 
7fc4006ef000-7fc4007ed000 rw-p 00000000 00:00 0 
7fc4007ed000-7fc4007f2000 r--s 0004c000 08:11 18948                      /usr/lib/jvm/java-7-openjdk-common/jre/lib/jsse.jar
7fc4007f2000-7fc4007f4000 r--s 0000b000 08:11 791162                     /home/akshay/git/wpi-suite/Janeway/lib/commons-email-1.3.2.jar
7fc4007f4000-7fc4007fc000 r--s 0007e000 08:11 791165                     /home/akshay/git/wpi-suite/Janeway/lib/javax.mail.jar
7fc4007fc000-7fc400819000 r--s 0014f000 08:11 791169                     /home/akshay/git/wpi-suite/Janeway/lib/swingx-all-1.6.4.jar
7fc400819000-7fc40081a000 r--s 00012000 08:11 791168                     /home/akshay/git/wpi-suite/Janeway/lib/miglayout-4.0-swing.jar
7fc40081a000-7fc40082a000 r--s 00155000 08:11 791167                     /home/akshay/git/wpi-suite/Janeway/lib/jfreechart-1.0.14.jar
7fc40082a000-7fc400830000 r--s 00046000 08:11 791166                     /home/akshay/git/wpi-suite/Janeway/lib/jcommon-1.0.17.jar
7fc400830000-7fc40083c000 r--s 00105000 08:11 791164                     /home/akshay/git/wpi-suite/Janeway/lib/iText-2.1.5.jar
7fc40083c000-7fc400841000 r--s 00034000 08:11 791163                     /home/akshay/git/wpi-suite/Janeway/lib/gnujaxp.jar
7fc400841000-7fc400844000 r--s 0002e000 08:11 139157                     /home/akshay/apache-tomcat-7.0.52/lib/servlet-api.jar
7fc400844000-7fc400846000 r--s 0000c000 08:11 139148                     /home/akshay/apache-tomcat-7.0.52/lib/catalina-ant.jar
7fc400846000-7fc400848000 r--s 0001f000 08:11 139149                     /home/akshay/apache-tomcat-7.0.52/lib/catalina-ha.jar
7fc400848000-7fc40084a000 r--s 00007000 08:11 139167                     /home/akshay/apache-tomcat-7.0.52/lib/websocket-api.jar
7fc40084a000-7fc40084e000 r--s 00028000 08:11 139166                     /home/akshay/apache-tomcat-7.0.52/lib/tomcat7-websocket.jar
7fc40084e000-7fc400850000 r--s 00003000 08:11 139147                     /home/akshay/apache-tomcat-7.0.52/lib/annotations-api.jar
7fc400850000-7fc400852000 r--s 0001d000 08:11 139164                     /home/akshay/apache-tomcat-7.0.52/lib/tomcat-jdbc.jar
7fc400852000-7fc400855000 r--s 00013000 08:11 139156                     /home/akshay/apache-tomcat-7.0.52/lib/jsp-api.jar
7fc400855000-7fc400867000 r--s 00173000 08:11 139151                     /home/akshay/apache-tomcat-7.0.52/lib/catalina.jar
7fc400867000-7fc400868000 r--s 00007000 08:11 139165                     /home/akshay/apache-tomcat-7.0.52/lib/tomcat-util.jar
7fc400868000-7fc40086b000 r--s 0001c000 08:11 139154                     /home/akshay/apache-tomcat-7.0.52/lib/jasper-el.jar
7fc40086b000-7fc40086e000 r--s 00011000 08:11 139161                     /home/akshay/apache-tomcat-7.0.52/lib/tomcat-i18n-es.jar
7fc40086e000-7fc400870000 r--s 0000a000 08:11 139153                     /home/akshay/apache-tomcat-7.0.52/lib/el-api.jar
7fc400870000-7fc400874000 r--s 0003b000 08:11 139150                     /home/akshay/apache-tomcat-7.0.52/lib/catalina-tribes.jar
7fc400874000-7fc400878000 r--s 00036000 08:11 139160                     /home/akshay/apache-tomcat-7.0.52/lib/tomcat-dbcp.jar
7fc400878000-7fc400887000 r--s 001b0000 08:11 139152                     /home/akshay/apache-tomcat-7.0.52/lib/ecj-4.3.1.jar
7fc400887000-7fc40088f000 r--s 0008c000 08:11 139155                     /home/akshay/apache-tomcat-7.0.52/lib/jasper.jar
7fc40088f000-7fc400891000 r--s 0000b000 08:11 139163                     /home/akshay/apache-tomcat-7.0.52/lib/tomcat-i18n-ja.jar
7fc400891000-7fc40089e000 r--s 000bf000 08:11 139159                     /home/akshay/apache-tomcat-7.0.52/lib/tomcat-coyote.jar
7fc40089e000-7fc4008a5000 r--s 00034000 08:11 791235                     /home/akshay/git/wpi-suite/Network/Libraries/simple-5.0.4.jar
7fc4008a5000-7fc4008a8000 ---p 00000000 00:00 0 
7fc4008a8000-7fc4009a6000 rw-p 00000000 00:00 0 
7fc4009a6000-7fc4009a9000 ---p 00000000 00:00 0 
7fc4009a9000-7fc400aa7000 rw-p 00000000 00:00 0 
7fc400aa7000-7fc400ab7000 r-xp 00000000 08:11 75087                      /usr/lib/jvm/java-7-openjdk-amd64/jre/lib/amd64/libnio.so
7fc400ab7000-7fc400cb7000 ---p 00010000 08:11 75087                      /usr/lib/jvm/java-7-openjdk-amd64/jre/lib/amd64/libnio.so
7fc400cb7000-7fc400cb8000 r--p 00010000 08:11 75087                      /usr/lib/jvm/java-7-openjdk-amd64/jre/lib/amd64/libnio.so
7fc400cb8000-7fc400cb9000 rw-p 00011000 08:11 75087                      /usr/lib/jvm/java-7-openjdk-amd64/jre/lib/amd64/libnio.so
7fc400cb9000-7fc400cea000 rw-p 00000000 00:00 0 
7fc400cea000-7fc400d00000 r-xp 00000000 08:11 75098                      /usr/lib/jvm/java-7-openjdk-amd64/jre/lib/amd64/libnet.so
7fc400d00000-7fc400eff000 ---p 00016000 08:11 75098                      /usr/lib/jvm/java-7-openjdk-amd64/jre/lib/amd64/libnet.so
7fc400eff000-7fc400f00000 r--p 00015000 08:11 75098                      /usr/lib/jvm/java-7-openjdk-amd64/jre/lib/amd64/libnet.so
7fc400f00000-7fc400f01000 rw-p 00016000 08:11 75098                      /usr/lib/jvm/java-7-openjdk-amd64/jre/lib/amd64/libnet.so
7fc400f01000-7fc400f4d000 r-xp 00000000 08:11 75074                      /usr/lib/jvm/java-7-openjdk-amd64/jre/lib/amd64/libfontmanager.so
7fc400f4d000-7fc40114c000 ---p 0004c000 08:11 75074                      /usr/lib/jvm/java-7-openjdk-amd64/jre/lib/amd64/libfontmanager.so
7fc40114c000-7fc40114f000 r--p 0004b000 08:11 75074                      /usr/lib/jvm/java-7-openjdk-amd64/jre/lib/amd64/libfontmanager.so
7fc40114f000-7fc401150000 rw-p 0004e000 08:11 75074                      /usr/lib/jvm/java-7-openjdk-amd64/jre/lib/amd64/libfontmanager.so
7fc401150000-7fc401153000 r--s 0000e000 08:11 95114                      /usr/share/java/hamcrest-core-1.2.jar
7fc401153000-7fc401156000 r--s 0000e000 08:11 95114                      /usr/share/java/hamcrest-core-1.2.jar
7fc401156000-7fc40115d000 r--s 00033000 08:11 95122                      /usr/share/java/junit4-4.10.jar
7fc40115d000-7fc401160000 r--s 00029000 08:11 790968                     /home/akshay/git/wpi-suite/Core/WPISuite/WebContent/WEB-INF/lib/servlet-api.jar
7fc401160000-7fc401170000 r--s 000d1000 08:11 790967                     /home/akshay/git/wpi-suite/Core/WPISuite/WebContent/WEB-INF/lib/jackson-databind-2.1.0.jar
7fc401170000-7fc401173000 ---p 00000000 00:00 0 
7fc401173000-7fc401271000 rw-p 00000000 00:00 0 
7fc401271000-7fc401274000 ---p 00000000 00:00 0 
7fc401274000-7fc401372000 rw-p 00000000 00:00 0 
7fc401372000-7fc401375000 r-xp 00000000 08:11 3933093                    /lib/x86_64-linux-gnu/libgpg-error.so.0.8.0
7fc401375000-7fc401574000 ---p 00003000 08:11 3933093                    /lib/x86_64-linux-gnu/libgpg-error.so.0.8.0
7fc401574000-7fc401575000 rw-p 00002000 08:11 3933093                    /lib/x86_64-linux-gnu/libgpg-error.so.0.8.0
7fc401575000-7fc4015b9000 r-xp 00000000 08:11 3933050                    /lib/x86_64-linux-gnu/libdbus-1.so.3.7.2
7fc4015b9000-7fc4017b9000 ---p 00044000 08:11 3933050                    /lib/x86_64-linux-gnu/libdbus-1.so.3.7.2
7fc4017b9000-7fc4017ba000 r--p 00044000 08:11 3933050                    /lib/x86_64-linux-gnu/libdbus-1.so.3.7.2
7fc4017ba000-7fc4017bb000 rw-p 00045000 08:11 3933050                    /lib/x86_64-linux-gnu/libdbus-1.so.3.7.2
7fc4017bb000-7fc4017cc000 r-xp 00000000 08:11 17230                      /usr/lib/x86_64-linux-gnu/libp11-kit.so.0.0.0
7fc4017cc000-7fc4019cb000 ---p 00011000 08:11 17230                      /usr/lib/x86_64-linux-gnu/libp11-kit.so.0.0.0
7fc4019cb000-7fc4019cc000 r--p 00010000 08:11 17230                      /usr/lib/x86_64-linux-gnu/libp11-kit.so.0.0.0
7fc4019cc000-7fc4019cd000 rw-p 00011000 08:11 17230                      /usr/lib/x86_64-linux-gnu/libp11-kit.so.0.0.0
7fc4019cd000-7fc401a47000 r-xp 00000000 08:11 3933044                    /lib/x86_64-linux-gnu/libgcrypt.so.11.7.0
7fc401a47000-7fc401c47000 ---p 0007a000 08:11 3933044                    /lib/x86_64-linux-gnu/libgcrypt.so.11.7.0
7fc401c47000-7fc401c48000 r--p 0007a000 08:11 3933044                    /lib/x86_64-linux-gnu/libgcrypt.so.11.7.0
7fc401c48000-7fc401c4b000 rw-p 0007b000 08:11 3933044                    /lib/x86_64-linux-gnu/libgcrypt.so.11.7.0
7fc401c4b000-7fc401c5b000 r-xp 00000000 08:11 17357                      /usr/lib/x86_64-linux-gnu/libtasn1.so.3.1.16
7fc401c5b000-7fc401e5a000 ---p 00010000 08:11 17357                      /usr/lib/x86_64-linux-gnu/libtasn1.so.3.1.16
7fc401e5a000-7fc401e5b000 r--p 0000f000 08:11 17357                      /usr/lib/x86_64-linux-gnu/libtasn1.so.3.1.16
7fc401e5b000-7fc401e5c000 rw-p 00010000 08:11 17357                      /usr/lib/x86_64-linux-gnu/libtasn1.so.3.1.16
7fc401e5c000-7fc401e5f000 r-xp 00000000 08:11 3933102                    /lib/x86_64-linux-gnu/libkeyutils.so.1.4
7fc401e5f000-7fc40205e000 ---p 00003000 08:11 3933102                    /lib/x86_64-linux-gnu/libkeyutils.so.1.4
7fc40205e000-7fc40205f000 r--p 00002000 08:11 3933102                    /lib/x86_64-linux-gnu/libkeyutils.so.1.4
7fc40205f000-7fc402060000 rw-p 00003000 08:11 3933102                    /lib/x86_64-linux-gnu/libkeyutils.so.1.4
7fc402060000-7fc402068000 r-xp 00000000 08:11 15952                      /usr/lib/x86_64-linux-gnu/libkrb5support.so.0.1
7fc402068000-7fc402267000 ---p 00008000 08:11 15952                      /usr/lib/x86_64-linux-gnu/libkrb5support.so.0.1
7fc402267000-7fc402268000 r--p 00007000 08:11 15952                      /usr/lib/x86_64-linux-gnu/libkrb5support.so.0.1
7fc402268000-7fc402269000 rw-p 00008000 08:11 15952                      /usr/lib/x86_64-linux-gnu/libkrb5support.so.0.1
7fc402269000-7fc40226c000 r-xp 00000000 08:11 3933070                    /lib/x86_64-linux-gnu/libcom_err.so.2.1
7fc40226c000-7fc40246b000 ---p 00003000 08:11 3933070                    /lib/x86_64-linux-gnu/libcom_err.so.2.1
7fc40246b000-7fc40246c000 r--p 00002000 08:11 3933070                    /lib/x86_64-linux-gnu/libcom_err.so.2.1
7fc40246c000-7fc40246d000 rw-p 00003000 08:11 3933070                    /lib/x86_64-linux-gnu/libcom_err.so.2.1
7fc40246d000-7fc402493000 r-xp 00000000 08:11 15946                      /usr/lib/x86_64-linux-gnu/libk5crypto.so.3.1
7fc402493000-7fc402693000 ---p 00026000 08:11 15946                      /usr/lib/x86_64-linux-gnu/libk5crypto.so.3.1
7fc402693000-7fc402694000 r--p 00026000 08:11 15946                      /usr/lib/x86_64-linux-gnu/libk5crypto.so.3.1
7fc402694000-7fc402695000 rw-p 00027000 08:11 15946                      /usr/lib/x86_64-linux-gnu/libk5crypto.so.3.1
7fc402695000-7fc402696000 rw-p 00000000 00:00 0 
7fc402696000-7fc40275f000 r-xp 00000000 08:11 15950                      /usr/lib/x86_64-linux-gnu/libkrb5.so.3.3
7fc40275f000-7fc40295e000 ---p 000c9000 08:11 15950                      /usr/lib/x86_64-linux-gnu/libkrb5.so.3.3
7fc40295e000-7fc402968000 r--p 000c8000 08:11 15950                      /usr/lib/x86_64-linux-gnu/libkrb5.so.3.3
7fc402968000-7fc40296a000 rw-p 000d2000 08:11 15950                      /usr/lib/x86_64-linux-gnu/libkrb5.so.3.3
7fc40296a000-7fc40296f000 r-xp 00000000 08:11 16707                      /usr/lib/x86_64-linux-gnu/libXdmcp.so.6.0.0
7fc40296f000-7fc402b6e000 ---p 00005000 08:11 16707                      /usr/lib/x86_64-linux-gnu/libXdmcp.so.6.0.0
7fc402b6e000-7fc402b6f000 rw-p 00004000 08:11 16707                      /usr/lib/x86_64-linux-gnu/libXdmcp.so.6.0.0
7fc402b6f000-7fc402b71000 r-xp 00000000 08:11 16698                      /usr/lib/x86_64-linux-gnu/libXau.so.6.0.0
7fc402b71000-7fc402d71000 ---p 00002000 08:11 16698                      /usr/lib/x86_64-linux-gnu/libXau.so.6.0.0
7fc402d71000-7fc402d72000 rw-p 00002000 08:11 16698                      /usr/lib/x86_64-linux-gnu/libXau.so.6.0.0
7fc402d72000-7fc402d82000 r-xp 00000000 08:11 16746                      /usr/lib/x86_64-linux-gnu/libavahi-client.so.3.2.9
7fc402d82000-7fc402f81000 ---p 00010000 08:11 16746                      /usr/lib/x86_64-linux-gnu/libavahi-client.so.3.2.9
7fc402f81000-7fc402f82000 r--p 0000f000 08:11 16746                      /usr/lib/x86_64-linux-gnu/libavahi-client.so.3.2.9
7fc402f82000-7fc402f83000 rw-p 00010000 08:11 16746                      /usr/lib/x86_64-linux-gnu/libavahi-client.so.3.2.9
7fc402f83000-7fc402f8f000 r-xp 00000000 08:11 16748                      /usr/lib/x86_64-linux-gnu/libavahi-common.so.3.5.3
7fc402f8f000-7fc40318e000 ---p 0000c000 08:11 16748                      /usr/lib/x86_64-linux-gnu/libavahi-common.so.3.5.3
7fc40318e000-7fc40318f000 r--p 0000b000 08:11 16748                      /usr/lib/x86_64-linux-gnu/libavahi-common.so.3.5.3
7fc40318f000-7fc403190000 rw-p 0000c000 08:11 16748                      /usr/lib/x86_64-linux-gnu/libavahi-common.so.3.5.3
7fc403190000-7fc403249000 r-xp 00000000 08:11 15929                      /usr/lib/x86_64-linux-gnu/libgnutls.so.26.22.4
7fc403249000-7fc403448000 ---p 000b9000 08:11 15929                      /usr/lib/x86_64-linux-gnu/libgnutls.so.26.22.4
7fc403448000-7fc40344e000 r--p 000b8000 08:11 15929                      /usr/lib/x86_64-linux-gnu/libgnutls.so.26.22.4
7fc40344e000-7fc403450000 rw-p 000be000 08:11 15929                      /usr/lib/x86_64-linux-gnu/libgnutls.so.26.22.4
7fc403450000-7fc40348c000 r-xp 00000000 08:11 15948                      /usr/lib/x86_64-linux-gnu/libgssapi_krb5.so.2.2
7fc40348c000-7fc40368c000 ---p 0003c000 08:11 15948                      /usr/lib/x86_64-linux-gnu/libgssapi_krb5.so.2.2
7fc40368c000-7fc40368d000 r--p 0003c000 08:11 15948                      /usr/lib/x86_64-linux-gnu/libgssapi_krb5.so.2.2
7fc40368d000-7fc40368f000 rw-p 0003d000 08:11 15948                      /usr/lib/x86_64-linux-gnu/libgssapi_krb5.so.2.2
7fc40368f000-7fc4036cb000 r-xp 00000000 08:11 3933149                    /lib/x86_64-linux-gnu/libpcre.so.3.13.1
7fc4036cb000-7fc4038cb000 ---p 0003c000 08:11 3933149                    /lib/x86_64-linux-gnu/libpcre.so.3.13.1
7fc4038cb000-7fc4038cc000 rw-p 0003c000 08:11 3933149                    /lib/x86_64-linux-gnu/libpcre.so.3.13.1
7fc4038cc000-7fc4038d8000 r-xp 00000000 08:11 16866                      /usr/lib/x86_64-linux-gnu/libffi.so.5.0.10
7fc4038d8000-7fc403ad8000 ---p 0000c000 08:11 16866                      /usr/lib/x86_64-linux-gnu/libffi.so.5.0.10
7fc403ad8000-7fc403ad9000 rw-p 0000c000 08:11 16866                      /usr/lib/x86_64-linux-gnu/libffi.so.5.0.10
7fc403ad9000-7fc403b00000 r-xp 00000000 08:11 3933046                    /lib/x86_64-linux-gnu/libexpat.so.1.6.0
7fc403b00000-7fc403d00000 ---p 00027000 08:11 3933046                    /lib/x86_64-linux-gnu/libexpat.so.1.6.0
7fc403d00000-7fc403d02000 r--p 00027000 08:11 3933046                    /lib/x86_64-linux-gnu/libexpat.so.1.6.0
7fc403d02000-7fc403d03000 rw-p 00029000 08:11 3933046                    /lib/x86_64-linux-gnu/libexpat.so.1.6.0
7fc403d03000-7fc403d0b000 r-xp 00000000 08:11 16144                      /usr/lib/x86_64-linux-gnu/libxcb-render.so.0.0.0
7fc403d0b000-7fc403f0b000 ---p 00008000 08:11 16144                      /usr/lib/x86_64-linux-gnu/libxcb-render.so.0.0.0
7fc403f0b000-7fc403f0c000 r--p 00008000 08:11 16144                      /usr/lib/x86_64-linux-gnu/libxcb-render.so.0.0.0
7fc403f0c000-7fc403f0d000 rw-p 00009000 08:11 16144                      /usr/lib/x86_64-linux-gnu/libxcb-render.so.0.0.0
7fc403f0d000-7fc403f0f000 r-xp 00000000 08:11 17504                      /usr/lib/x86_64-linux-gnu/libxcb-shm.so.0.0.0
7fc403f0f000-7fc40410e000 ---p 00002000 08:11 17504                      /usr/lib/x86_64-linux-gnu/libxcb-shm.so.0.0.0
7fc40410e000-7fc40410f000 r--p 00001000 08:11 17504                      /usr/lib/x86_64-linux-gnu/libxcb-shm.so.0.0.0
7fc40410f000-7fc404110000 rw-p 00002000 08:11 17504                      /usr/lib/x86_64-linux-gnu/libxcb-shm.so.0.0.0
7fc404110000-7fc404190000 r-xp 00000000 08:11 17258                      /usr/lib/x86_64-linux-gnu/libpixman-1.so.0.26.0
7fc404190000-7fc404390000 ---p 00080000 08:11 17258                      /usr/lib/x86_64-linux-gnu/libpixman-1.so.0.26.0
7fc404390000-7fc404396000 rw-p 00080000 08:11 17258                      /usr/lib/x86_64-linux-gnu/libpixman-1.so.0.26.0
7fc404396000-7fc4043bc000 r-xp 00000000 08:11 3933151                    /lib/x86_64-linux-gnu/libpng12.so.0.49.0
7fc4043bc000-7fc4045bb000 ---p 00026000 08:11 3933151                    /lib/x86_64-linux-gnu/libpng12.so.0.49.0
7fc4045bb000-7fc4045bc000 r--p 00025000 08:11 3933151                    /lib/x86_64-linux-gnu/libpng12.so.0.49.0
7fc4045bc000-7fc4045bd000 rw-p 00026000 08:11 3933151                    /lib/x86_64-linux-gnu/libpng12.so.0.49.0
7fc4045bd000-7fc4045d0000 r-xp 00000000 08:11 3933348                    /lib/x86_64-linux-gnu/libresolv-2.13.so
7fc4045d0000-7fc4047cf000 ---p 00013000 08:11 3933348                    /lib/x86_64-linux-gnu/libresolv-2.13.so
7fc4047cf000-7fc4047d0000 r--p 00012000 08:11 3933348                    /lib/x86_64-linux-gnu/libresolv-2.13.so
7fc4047d0000-7fc4047d1000 rw-p 00013000 08:11 3933348                    /lib/x86_64-linux-gnu/libresolv-2.13.so
7fc4047d1000-7fc4047d3000 rw-p 00000000 00:00 0 
7fc4047d3000-7fc4047f1000 r-xp 00000000 08:11 3933166                    /lib/x86_64-linux-gnu/libselinux.so.1
7fc4047f1000-7fc4049f0000 ---p 0001e000 08:11 3933166                    /lib/x86_64-linux-gnu/libselinux.so.1
7fc4049f0000-7fc4049f1000 r--p 0001d000 08:11 3933166                    /lib/x86_64-linux-gnu/libselinux.so.1
7fc4049f1000-7fc4049f2000 rw-p 0001e000 08:11 3933166                    /lib/x86_64-linux-gnu/libselinux.so.1
7fc4049f2000-7fc4049f3000 rw-p 00000000 00:00 0 
7fc4049f3000-7fc4049f6000 r-xp 00000000 08:11 16957                      /usr/lib/x86_64-linux-gnu/libgmodule-2.0.so.0.3200.4
7fc4049f6000-7fc404bf5000 ---p 00003000 08:11 16957                      /usr/lib/x86_64-linux-gnu/libgmodule-2.0.so.0.3200.4
7fc404bf5000-7fc404bf6000 r--p 00002000 08:11 16957                      /usr/lib/x86_64-linux-gnu/libgmodule-2.0.so.0.3200.4
7fc404bf6000-7fc404bf7000 rw-p 00003000 08:11 16957                      /usr/lib/x86_64-linux-gnu/libgmodule-2.0.so.0.3200.4
7fc404bf7000-7fc404c01000 r-xp 00000000 08:11 16146                      /usr/lib/x86_64-linux-gnu/libXcursor.so.1.0.2
7fc404c01000-7fc404e00000 ---p 0000a000 08:11 16146                      /usr/lib/x86_64-linux-gnu/libXcursor.so.1.0.2
7fc404e00000-7fc404e01000 rw-p 00009000 08:11 16146                      /usr/lib/x86_64-linux-gnu/libXcursor.so.1.0.2
7fc404e01000-7fc404e08000 r-xp 00000000 08:11 16148                      /usr/lib/x86_64-linux-gnu/libXrandr.so.2.2.0
7fc404e08000-7fc405008000 ---p 00007000 08:11 16148                      /usr/lib/x86_64-linux-gnu/libXrandr.so.2.2.0
7fc405008000-7fc405009000 rw-p 00007000 08:11 16148                      /usr/lib/x86_64-linux-gnu/libXrandr.so.2.2.0
7fc405009000-7fc40500b000 r-xp 00000000 08:11 16047                      /usr/lib/x86_64-linux-gnu/libXinerama.so.1.0.0
7fc40500b000-7fc40520a000 ---p 00002000 08:11 16047                      /usr/lib/x86_64-linux-gnu/libXinerama.so.1.0.0
7fc40520a000-7fc40520b000 rw-p 00001000 08:11 16047                      /usr/lib/x86_64-linux-gnu/libXinerama.so.1.0.0
7fc40520b000-7fc405210000 r-xp 00000000 08:11 15992                      /usr/lib/x86_64-linux-gnu/libXfixes.so.3.1.0
7fc405210000-7fc40540f000 ---p 00005000 08:11 15992                      /usr/lib/x86_64-linux-gnu/libXfixes.so.3.1.0
7fc40540f000-7fc405410000 r--p 00004000 08:11 15992                      /usr/lib/x86_64-linux-gnu/libXfixes.so.3.1.0
7fc405410000-7fc405411000 rw-p 00005000 08:11 15992                      /usr/lib/x86_64-linux-gnu/libXfixes.so.3.1.0
7fc405411000-7fc405413000 r-xp 00000000 08:11 16705                      /usr/lib/x86_64-linux-gnu/libXdamage.so.1.1.0
7fc405413000-7fc405612000 ---p 00002000 08:11 16705                      /usr/lib/x86_64-linux-gnu/libXdamage.so.1.1.0
7fc405612000-7fc405613000 rw-p 00001000 08:11 16705                      /usr/lib/x86_64-linux-gnu/libXdamage.so.1.1.0
7fc405613000-7fc405615000 r-xp 00000000 08:11 16703                      /usr/lib/x86_64-linux-gnu/libXcomposite.so.1.0.0
7fc405615000-7fc405814000 ---p 00002000 08:11 16703                      /usr/lib/x86_64-linux-gnu/libXcomposite.so.1.0.0
7fc405814000-7fc405815000 rw-p 00001000 08:11 16703                      /usr/lib/x86_64-linux-gnu/libXcomposite.so.1.0.0
7fc405815000-7fc405834000 r-xp 00000000 08:11 18936                      /usr/lib/x86_64-linux-gnu/libxcb.so.1.1.0
7fc405834000-7fc405a33000 ---p 0001f000 08:11 18936                      /usr/lib/x86_64-linux-gnu/libxcb.so.1.1.0
7fc405a33000-7fc405a34000 r--p 0001e000 08:11 18936                      /usr/lib/x86_64-linux-gnu/libxcb.so.1.1.0
7fc405a34000-7fc405a35000 rw-p 0001f000 08:11 18936                      /usr/lib/x86_64-linux-gnu/libxcb.so.1.1.0
7fc405a35000-7fc405a88000 r-xp 00000000 08:11 16804                      /usr/lib/x86_64-linux-gnu/libcups.so.2
7fc405a88000-7fc405c87000 ---p 00053000 08:11 16804                      /usr/lib/x86_64-linux-gnu/libcups.so.2
7fc405c87000-7fc405c8c000 r--p 00052000 08:11 16804                      /usr/lib/x86_64-linux-gnu/libcups.so.2
7fc405c8c000-7fc405c8d000 rw-p 00057000 08:11 16804                      /usr/lib/x86_64-linux-gnu/libcups.so.2
7fc405c8d000-7fc405d82000 r-xp 00000000 08:11 3933091                    /lib/x86_64-linux-gnu/libglib-2.0.so.0.3200.4
7fc405d82000-7fc405f82000 ---p 000f5000 08:11 3933091                    /lib/x86_64-linux-gnu/libglib-2.0.so.0.3200.4
7fc405f82000-7fc405f83000 r--p 000f5000 08:11 3933091                    /lib/x86_64-linux-gnu/libglib-2.0.so.0.3200.4
7fc405f83000-7fc405f84000 rw-p 000f6000 08:11 3933091                    /lib/x86_64-linux-gnu/libglib-2.0.so.0.3200.4
7fc405f84000-7fc405f85000 rw-p 00000000 00:00 0 
7fc405f85000-7fc405f86000 r-xp 00000000 08:11 17096                      /usr/lib/x86_64-linux-gnu/libgthread-2.0.so.0.3200.4
7fc405f86000-7fc406185000 ---p 00001000 08:11 17096                      /usr/lib/x86_64-linux-gnu/libgthread-2.0.so.0.3200.4
7fc406185000-7fc406186000 r--p 00000000 08:11 17096                      /usr/lib/x86_64-linux-gnu/libgthread-2.0.so.0.3200.4
7fc406186000-7fc406187000 rw-p 00001000 08:11 17096                      /usr/lib/x86_64-linux-gnu/libgthread-2.0.so.0.3200.4
7fc406187000-7fc4061d5000 r-xp 00000000 08:11 16963                      /usr/lib/x86_64-linux-gnu/libgobject-2.0.so.0.3200.4
7fc4061d5000-7fc4063d5000 ---p 0004e000 08:11 16963                      /usr/lib/x86_64-linux-gnu/libgobject-2.0.so.0.3200.4
7fc4063d5000-7fc4063d6000 r--p 0004e000 08:11 16963                      /usr/lib/x86_64-linux-gnu/libgobject-2.0.so.0.3200.4
7fc4063d6000-7fc4063d7000 rw-p 0004f000 08:11 16963                      /usr/lib/x86_64-linux-gnu/libgobject-2.0.so.0.3200.4
7fc4063d7000-7fc40640c000 r-xp 00000000 08:11 16904                      /usr/lib/x86_64-linux-gnu/libfontconfig.so.1.5.0
7fc40640c000-7fc40660c000 ---p 00035000 08:11 16904                      /usr/lib/x86_64-linux-gnu/libfontconfig.so.1.5.0
7fc40660c000-7fc40660d000 r--p 00035000 08:11 16904                      /usr/lib/x86_64-linux-gnu/libfontconfig.so.1.5.0
7fc40660d000-7fc40660e000 rw-p 00036000 08:11 16904                      /usr/lib/x86_64-linux-gnu/libfontconfig.so.1.5.0
7fc40660e000-7fc4066a7000 r-xp 00000000 08:11 16912                      /usr/lib/x86_64-linux-gnu/libfreetype.so.6.8.1
7fc4066a7000-7fc4068a6000 ---p 00099000 08:11 16912                      /usr/lib/x86_64-linux-gnu/libfreetype.so.6.8.1
7fc4068a6000-7fc4068ac000 r--p 00098000 08:11 16912                      /usr/lib/x86_64-linux-gnu/libfreetype.so.6.8.1
7fc4068ac000-7fc4068ad000 rw-p 0009e000 08:11 16912                      /usr/lib/x86_64-linux-gnu/libfreetype.so.6.8.1
7fc4068ad000-7fc4068f7000 r-xp 00000000 08:11 17236                      /usr/lib/x86_64-linux-gnu/libpango-1.0.so.0.3000.0
7fc4068f7000-7fc406af7000 ---p 0004a000 08:11 17236                      /usr/lib/x86_64-linux-gnu/libpango-1.0.so.0.3000.0
7fc406af7000-7fc406af9000 r--p 0004a000 08:11 17236                      /usr/lib/x86_64-linux-gnu/libpango-1.0.so.0.3000.0
7fc406af9000-7fc406afa000 rw-p 0004c000 08:11 17236                      /usr/lib/x86_64-linux-gnu/libpango-1.0.so.0.3000.0
7fc406afa000-7fc406bee000 r-xp 00000000 08:11 16777                      /usr/lib/x86_64-linux-gnu/libcairo.so.2.11200.2
7fc406bee000-7fc406ded000 ---p 000f4000 08:11 16777                      /usr/lib/x86_64-linux-gnu/libcairo.so.2.11200.2
7fc406ded000-7fc406df0000 r--p 000f3000 08:11 16777                      /usr/lib/x86_64-linux-gnu/libcairo.so.2.11200.2
7fc406df0000-7fc406df1000 rw-p 000f6000 08:11 16777                      /usr/lib/x86_64-linux-gnu/libcairo.so.2.11200.2
7fc406df1000-7fc406df3000 rw-p 00000000 00:00 0 
7fc406df3000-7fc406e12000 r-xp 00000000 08:11 16937                      /usr/lib/x86_64-linux-gnu/libgdk_pixbuf-2.0.so.0.2600.1
7fc406e12000-7fc407011000 ---p 0001f000 08:11 16937                      /usr/lib/x86_64-linux-gnu/libgdk_pixbuf-2.0.so.0.2600.1
7fc407011000-7fc407012000 r--p 0001e000 08:11 16937                      /usr/lib/x86_64-linux-gnu/libgdk_pixbuf-2.0.so.0.2600.1
7fc407012000-7fc407013000 rw-p 0001f000 08:11 16937                      /usr/lib/x86_64-linux-gnu/libgdk_pixbuf-2.0.so.0.2600.1
7fc407013000-7fc40701f000 r-xp 00000000 08:11 17238                      /usr/lib/x86_64-linux-gnu/libpangocairo-1.0.so.0.3000.0
7fc40701f000-7fc40721e000 ---p 0000c000 08:11 17238                      /usr/lib/x86_64-linux-gnu/libpangocairo-1.0.so.0.3000.0
7fc40721e000-7fc40721f000 r--p 0000b000 08:11 17238                      /usr/lib/x86_64-linux-gnu/libpangocairo-1.0.so.0.3000.0
7fc40721f000-7fc407220000 rw-p 0000c000 08:11 17238                      /usr/lib/x86_64-linux-gnu/libpangocairo-1.0.so.0.3000.0
7fc407220000-7fc40724a000 r-xp 00000000 08:11 17240                      /usr/lib/x86_64-linux-gnu/libpangoft2-1.0.so.0.3000.0
7fc40724a000-7fc407449000 ---p 0002a000 08:11 17240                      /usr/lib/x86_64-linux-gnu/libpangoft2-1.0.so.0.3000.0
7fc407449000-7fc40744a000 r--p 00029000 08:11 17240                      /usr/lib/x86_64-linux-gnu/libpangoft2-1.0.so.0.3000.0
7fc40744a000-7fc40744b000 rw-p 0002a000 08:11 17240                      /usr/lib/x86_64-linux-gnu/libpangoft2-1.0.so.0.3000.0
7fc40744b000-7fc407597000 r-xp 00000000 08:11 16949                      /usr/lib/x86_64-linux-gnu/libgio-2.0.so.0.3200.4
7fc407597000-7fc407796000 ---p 0014c000 08:11 16949                      /usr/lib/x86_64-linux-gnu/libgio-2.0.so.0.3200.4
7fc407796000-7fc40779a000 r--p 0014b000 08:11 16949                      /usr/lib/x86_64-linux-gnu/libgio-2.0.so.0.3200.4
7fc40779a000-7fc40779c000 rw-p 0014f000 08:11 16949                      /usr/lib/x86_64-linux-gnu/libgio-2.0.so.0.3200.4
7fc40779c000-7fc40779e000 rw-p 00000000 00:00 0 
7fc40779e000-7fc4077bf000 r-xp 00000000 08:11 16742                      /usr/lib/x86_64-linux-gnu/libatk-1.0.so.0.20409.1
7fc4077bf000-7fc4079be000 ---p 00021000 08:11 16742                      /usr/lib/x86_64-linux-gnu/libatk-1.0.so.0.20409.1
7fc4079be000-7fc4079c0000 r--p 00020000 08:11 16742                      /usr/lib/x86_64-linux-gnu/libatk-1.0.so.0.20409.1
7fc4079c0000-7fc4079c1000 rw-p 00022000 08:11 16742                      /usr/lib/x86_64-linux-gnu/libatk-1.0.so.0.20409.1
7fc4079c1000-7fc407df3000 r-xp 00000000 08:11 17103                      /usr/lib/x86_64-linux-gnu/libgtk-x11-2.0.so.0.2400.10
7fc407df3000-7fc407ff3000 ---p 00432000 08:11 17103                      /usr/lib/x86_64-linux-gnu/libgtk-x11-2.0.so.0.2400.10
7fc407ff3000-7fc407ffe000 rw-p 00432000 08:11 17103                      /usr/lib/x86_64-linux-gnu/libgtk-x11-2.0.so.0.2400.10
7fc407ffe000-7fc408000000 rw-p 00000000 00:00 0 
7fc408000000-7fc409e3c000 rw-p 00000000 00:00 0 
7fc409e3c000-7fc40c000000 ---p 00000000 00:00 0 
7fc40c000000-7fc40c002000 r--s 0000a000 08:11 139162                     /home/akshay/apache-tomcat-7.0.52/lib/tomcat-i18n-fr.jar
7fc40c002000-7fc40c006000 r--s 0002f000 08:11 790966                     /home/akshay/git/wpi-suite/Core/WPISuite/WebContent/WEB-INF/lib/jackson-core-2.1.2.jar
7fc40c006000-7fc40c008000 r--s 00007000 08:11 790965                     /home/akshay/git/wpi-suite/Core/WPISuite/WebContent/WEB-INF/lib/jackson-annotations-2.1.1.jar
7fc40c008000-7fc40c00e000 r--s 00031000 08:11 790964                     /home/akshay/git/wpi-suite/Core/WPISuite/WebContent/WEB-INF/lib/httpcore-4.2.2.jar
7fc40c00e000-7fc40c017000 r--s 00060000 08:11 790963                     /home/akshay/git/wpi-suite/Core/WPISuite/WebContent/WEB-INF/lib/httpclient-4.2.2.jar
7fc40c017000-7fc40c01c000 r--s 0002a000 08:11 790962                     /home/akshay/git/wpi-suite/Core/WPISuite/WebContent/WEB-INF/lib/gson-2.2.2.jar
7fc40c01c000-7fc40c051000 r--s 00251000 08:11 790961                     /home/akshay/git/wpi-suite/Core/WPISuite/WebContent/WEB-INF/lib/db4o-8.0.249.16098-all-java5.jar
7fc40c051000-7fc40c100000 r-xp 00000000 08:11 16935                      /usr/lib/x86_64-linux-gnu/libgdk-x11-2.0.so.0.2400.10
7fc40c100000-7fc40c2ff000 ---p 000af000 08:11 16935                      /usr/lib/x86_64-linux-gnu/libgdk-x11-2.0.so.0.2400.10
7fc40c2ff000-7fc40c304000 rw-p 000ae000 08:11 16935                      /usr/lib/x86_64-linux-gnu/libgdk-x11-2.0.so.0.2400.10
7fc40c304000-7fc40c312000 r-xp 00000000 08:11 15996                      /usr/lib/x86_64-linux-gnu/libXi.so.6.1.0
7fc40c312000-7fc40c512000 ---p 0000e000 08:11 15996                      /usr/lib/x86_64-linux-gnu/libXi.so.6.1.0
7fc40c512000-7fc40c513000 rw-p 0000e000 08:11 15996                      /usr/lib/x86_64-linux-gnu/libXi.so.6.1.0
7fc40c513000-7fc40c518000 r-xp 00000000 08:11 16140                      /usr/lib/x86_64-linux-gnu/libXtst.so.6.1.0
7fc40c518000-7fc40c717000 ---p 00005000 08:11 16140                      /usr/lib/x86_64-linux-gnu/libXtst.so.6.1.0
7fc40c717000-7fc40c718000 rw-p 00004000 08:11 16140                      /usr/lib/x86_64-linux-gnu/libXtst.so.6.1.0
7fc40c718000-7fc40c721000 r-xp 00000000 08:11 16045                      /usr/lib/x86_64-linux-gnu/libXrender.so.1.3.0
7fc40c721000-7fc40c920000 ---p 00009000 08:11 16045                      /usr/lib/x86_64-linux-gnu/libXrender.so.1.3.0
7fc40c920000-7fc40c921000 rw-p 00008000 08:11 16045                      /usr/lib/x86_64-linux-gnu/libXrender.so.1.3.0
7fc40c921000-7fc40ca56000 r-xp 00000000 08:11 17511                      /usr/lib/x86_64-linux-gnu/libX11.so.6.3.0
7fc40ca56000-7fc40cc56000 ---p 00135000 08:11 17511                      /usr/lib/x86_64-linux-gnu/libX11.so.6.3.0
7fc40cc56000-7fc40cc5c000 rw-p 00135000 08:11 17511                      /usr/lib/x86_64-linux-gnu/libX11.so.6.3.0
7fc40cc5c000-7fc40cc6d000 r-xp 00000000 08:11 15920                      /usr/lib/x86_64-linux-gnu/libXext.so.6.4.0
7fc40cc6d000-7fc40ce6d000 ---p 00011000 08:11 15920                      /usr/lib/x86_64-linux-gnu/libXext.so.6.4.0
7fc40ce6d000-7fc40ce6e000 rw-p 00011000 08:11 15920                      /usr/lib/x86_64-linux-gnu/libXext.so.6.4.0
7fc40ce6e000-7fc40cec1000 r-xp 00000000 08:11 76222                      /usr/lib/jvm/java-7-openjdk-amd64/jre/lib/amd64/xawt/libmawt.so
7fc40cec1000-7fc40d0c0000 ---p 00053000 08:11 76222                      /usr/lib/jvm/java-7-openjdk-amd64/jre/lib/amd64/xawt/libmawt.so
7fc40d0c0000-7fc40d0c1000 r--p 00052000 08:11 76222                      /usr/lib/jvm/java-7-openjdk-amd64/jre/lib/amd64/xawt/libmawt.so
7fc40d0c1000-7fc40d0c4000 rw-p 00053000 08:11 76222                      /usr/lib/jvm/java-7-openjdk-amd64/jre/lib/amd64/xawt/libmawt.so
7fc40d0c4000-7fc40d0c5000 rw-p 00000000 00:00 0 
7fc40d0c5000-7fc40d166000 r-xp 00000000 08:11 75082                      /usr/lib/jvm/java-7-openjdk-amd64/jre/lib/amd64/libawt.so
7fc40d166000-7fc40d366000 ---p 000a1000 08:11 75082                      /usr/lib/jvm/java-7-openjdk-amd64/jre/lib/amd64/libawt.so
7fc40d366000-7fc40d367000 r--p 000a1000 08:11 75082                      /usr/lib/jvm/java-7-openjdk-amd64/jre/lib/amd64/libawt.so
7fc40d367000-7fc40d372000 rw-p 000a2000 08:11 75082                      /usr/lib/jvm/java-7-openjdk-amd64/jre/lib/amd64/libawt.so
7fc40d372000-7fc40d397000 rw-p 00000000 00:00 0 
7fc40d397000-7fc40d39b000 r--s 00085000 08:11 29924                      /usr/lib/jvm/java-7-openjdk-common/jre/lib/ext/localedata.jar
7fc40d39b000-7fc40d39e000 r--s 0000f000 08:11 29923                      /usr/lib/jvm/java-7-openjdk-common/jre/lib/ext/pulse-java.jar
7fc40d39e000-7fc40d3a1000 r--s 00032000 08:11 33413                      /usr/lib/jvm/java-7-openjdk-common/jre/lib/ext/sunjce_provider.jar
7fc40d3a1000-7fc40d3a2000 r--s 00002000 08:11 33414                      /usr/lib/jvm/java-7-openjdk-common/jre/lib/ext/dnsns.jar
7fc40d3a2000-7fc40d3a3000 r--s 00007000 08:11 91114                      /usr/share/java/java-atk-wrapper.jar
7fc40d3a3000-7fc40d3a6000 r--s 0003c000 08:11 29922                      /usr/lib/jvm/java-7-openjdk-common/jre/lib/ext/sunpkcs11.jar
7fc40d3a6000-7fc40d3a8000 r--s 00012000 08:11 29692                      /usr/lib/jvm/java-7-openjdk-common/jre/lib/ext/zipfs.jar
7fc40d3a8000-7fc40d3a9000 ---p 00000000 00:00 0 
7fc40d3a9000-7fc40d4a9000 rw-p 00000000 00:00 0 
7fc40d4a9000-7fc40d4ac000 ---p 00000000 00:00 0 
7fc40d4ac000-7fc40d5aa000 rw-p 00000000 00:00 0 
7fc40d5aa000-7fc40d5ad000 ---p 00000000 00:00 0 
7fc40d5ad000-7fc40d6ab000 rw-p 00000000 00:00 0 
7fc40d6ab000-7fc40d6ae000 ---p 00000000 00:00 0 
7fc40d6ae000-7fc40d7ac000 rw-p 00000000 00:00 0 
7fc40d7ac000-7fc40d7af000 ---p 00000000 00:00 0 
7fc40d7af000-7fc40d8ad000 rw-p 00000000 00:00 0 
7fc40d8ad000-7fc40da24000 r--p 00000000 08:11 9758                       /usr/lib/locale/locale-archive
7fc40da24000-7fc40da27000 ---p 00000000 00:00 0 
7fc40da27000-7fc40db25000 rw-p 00000000 00:00 0 
7fc40db25000-7fc40db28000 ---p 00000000 00:00 0 
7fc40db28000-7fc40dc26000 rw-p 00000000 00:00 0 
7fc40dc26000-7fc40dc27000 ---p 00000000 00:00 0 
7fc40dc27000-7fc40ed47000 rw-p 00000000 00:00 0 
7fc40ed47000-7fc40eef4000 r--s 01cec000 08:11 59263                      /usr/lib/jvm/java-7-openjdk-amd64/jre/lib/rt.jar
7fc40eef4000-7fc412f04000 rw-p 00000000 00:00 0 
7fc412f04000-7fc412f05000 ---p 00000000 00:00 0 
7fc412f05000-7fc413005000 rw-p 00000000 00:00 0 
7fc413005000-7fc413006000 ---p 00000000 00:00 0 
7fc413006000-7fc413106000 rw-p 00000000 00:00 0 
7fc413106000-7fc413107000 ---p 00000000 00:00 0 
7fc413107000-7fc413207000 rw-p 00000000 00:00 0 
7fc413207000-7fc413208000 ---p 00000000 00:00 0 
7fc413208000-7fc413314000 rw-p 00000000 00:00 0 
7fc413314000-7fc41335b000 rw-p 00000000 00:00 0 
7fc41335b000-7fc41337a000 rw-p 00000000 00:00 0 
7fc41337a000-7fc413545000 rw-p 00000000 00:00 0 
7fc413545000-7fc413551000 rw-p 00000000 00:00 0 
7fc413551000-7fc413598000 rw-p 00000000 00:00 0 
7fc413598000-7fc4135b7000 rw-p 00000000 00:00 0 
7fc4135b7000-7fc413782000 rw-p 00000000 00:00 0 
7fc413782000-7fc413787000 rw-p 00000000 00:00 0 
7fc413787000-7fc413795000 ---p 00000000 00:00 0 
7fc413795000-7fc413877000 rw-p 00000000 00:00 0 
7fc413877000-7fc413878000 rw-p 00000000 00:00 0 
7fc413878000-7fc413b48000 rwxp 00000000 00:00 0 
7fc413b48000-7fc416878000 rw-p 00000000 00:00 0 
7fc416878000-7fc416880000 r-xp 00000000 08:11 75105                      /usr/lib/jvm/java-7-openjdk-amd64/jre/lib/amd64/libzip.so
7fc416880000-7fc416a7f000 ---p 00008000 08:11 75105                      /usr/lib/jvm/java-7-openjdk-amd64/jre/lib/amd64/libzip.so
7fc416a7f000-7fc416a80000 r--p 00007000 08:11 75105                      /usr/lib/jvm/java-7-openjdk-amd64/jre/lib/amd64/libzip.so
7fc416a80000-7fc416a81000 rw-p 00008000 08:11 75105                      /usr/lib/jvm/java-7-openjdk-amd64/jre/lib/amd64/libzip.so
7fc416a81000-7fc416a8c000 r-xp 00000000 08:11 3933363                    /lib/x86_64-linux-gnu/libnss_files-2.13.so
7fc416a8c000-7fc416c8b000 ---p 0000b000 08:11 3933363                    /lib/x86_64-linux-gnu/libnss_files-2.13.so
7fc416c8b000-7fc416c8c000 r--p 0000a000 08:11 3933363                    /lib/x86_64-linux-gnu/libnss_files-2.13.so
7fc416c8c000-7fc416c8d000 rw-p 0000b000 08:11 3933363                    /lib/x86_64-linux-gnu/libnss_files-2.13.so
7fc416c8d000-7fc416c97000 r-xp 00000000 08:11 3933359                    /lib/x86_64-linux-gnu/libnss_nis-2.13.so
7fc416c97000-7fc416e96000 ---p 0000a000 08:11 3933359                    /lib/x86_64-linux-gnu/libnss_nis-2.13.so
7fc416e96000-7fc416e97000 r--p 00009000 08:11 3933359                    /lib/x86_64-linux-gnu/libnss_nis-2.13.so
7fc416e97000-7fc416e98000 rw-p 0000a000 08:11 3933359                    /lib/x86_64-linux-gnu/libnss_nis-2.13.so
7fc416e98000-7fc416ead000 r-xp 00000000 08:11 3933357                    /lib/x86_64-linux-gnu/libnsl-2.13.so
7fc416ead000-7fc4170ac000 ---p 00015000 08:11 3933357                    /lib/x86_64-linux-gnu/libnsl-2.13.so
7fc4170ac000-7fc4170ad000 r--p 00014000 08:11 3933357                    /lib/x86_64-linux-gnu/libnsl-2.13.so
7fc4170ad000-7fc4170ae000 rw-p 00015000 08:11 3933357                    /lib/x86_64-linux-gnu/libnsl-2.13.so
7fc4170ae000-7fc4170b0000 rw-p 00000000 00:00 0 
7fc4170b0000-7fc4170b7000 r-xp 00000000 08:11 3933352                    /lib/x86_64-linux-gnu/libnss_compat-2.13.so
7fc4170b7000-7fc4172b6000 ---p 00007000 08:11 3933352                    /lib/x86_64-linux-gnu/libnss_compat-2.13.so
7fc4172b6000-7fc4172b7000 r--p 00006000 08:11 3933352                    /lib/x86_64-linux-gnu/libnss_compat-2.13.so
7fc4172b7000-7fc4172b8000 rw-p 00007000 08:11 3933352                    /lib/x86_64-linux-gnu/libnss_compat-2.13.so
7fc4172b8000-7fc4172e2000 r-xp 00000000 08:11 75096                      /usr/lib/jvm/java-7-openjdk-amd64/jre/lib/amd64/libjava.so
7fc4172e2000-7fc4174e2000 ---p 0002a000 08:11 75096                      /usr/lib/jvm/java-7-openjdk-amd64/jre/lib/amd64/libjava.so
7fc4174e2000-7fc4174e3000 r--p 0002a000 08:11 75096                      /usr/lib/jvm/java-7-openjdk-amd64/jre/lib/amd64/libjava.so
7fc4174e3000-7fc4174e5000 rw-p 0002b000 08:11 75096                      /usr/lib/jvm/java-7-openjdk-amd64/jre/lib/amd64/libjava.so
7fc4174e5000-7fc4174f4000 r-xp 00000000 08:11 75080                      /usr/lib/jvm/java-7-openjdk-amd64/jre/lib/amd64/libverify.so
7fc4174f4000-7fc4176f3000 ---p 0000f000 08:11 75080                      /usr/lib/jvm/java-7-openjdk-amd64/jre/lib/amd64/libverify.so
7fc4176f3000-7fc4176f5000 r--p 0000e000 08:11 75080                      /usr/lib/jvm/java-7-openjdk-amd64/jre/lib/amd64/libverify.so
7fc4176f5000-7fc4176f6000 rw-p 00010000 08:11 75080                      /usr/lib/jvm/java-7-openjdk-amd64/jre/lib/amd64/libverify.so
7fc4176f6000-7fc4176fd000 r-xp 00000000 08:11 3933367                    /lib/x86_64-linux-gnu/librt-2.13.so
7fc4176fd000-7fc4178fc000 ---p 00007000 08:11 3933367                    /lib/x86_64-linux-gnu/librt-2.13.so
7fc4178fc000-7fc4178fd000 r--p 00006000 08:11 3933367                    /lib/x86_64-linux-gnu/librt-2.13.so
7fc4178fd000-7fc4178fe000 rw-p 00007000 08:11 3933367                    /lib/x86_64-linux-gnu/librt-2.13.so
7fc4178fe000-7fc417913000 r-xp 00000000 08:11 3933087                    /lib/x86_64-linux-gnu/libgcc_s.so.1
7fc417913000-7fc417b13000 ---p 00015000 08:11 3933087                    /lib/x86_64-linux-gnu/libgcc_s.so.1
7fc417b13000-7fc417b14000 rw-p 00015000 08:11 3933087                    /lib/x86_64-linux-gnu/libgcc_s.so.1
7fc417b14000-7fc417b95000 r-xp 00000000 08:11 3933354                    /lib/x86_64-linux-gnu/libm-2.13.so
7fc417b95000-7fc417d94000 ---p 00081000 08:11 3933354                    /lib/x86_64-linux-gnu/libm-2.13.so
7fc417d94000-7fc417d95000 r--p 00080000 08:11 3933354                    /lib/x86_64-linux-gnu/libm-2.13.so
7fc417d95000-7fc417d96000 rw-p 00081000 08:11 3933354                    /lib/x86_64-linux-gnu/libm-2.13.so
7fc417d96000-7fc417e7e000 r-xp 00000000 08:11 17347                      /usr/lib/x86_64-linux-gnu/libstdc++.so.6.0.17
7fc417e7e000-7fc41807e000 ---p 000e8000 08:11 17347                      /usr/lib/x86_64-linux-gnu/libstdc++.so.6.0.17
7fc41807e000-7fc418086000 r--p 000e8000 08:11 17347                      /usr/lib/x86_64-linux-gnu/libstdc++.so.6.0.17
7fc418086000-7fc418088000 rw-p 000f0000 08:11 17347                      /usr/lib/x86_64-linux-gnu/libstdc++.so.6.0.17
7fc418088000-7fc41809d000 rw-p 00000000 00:00 0 
7fc41809d000-7fc418a8e000 r-xp 00000000 08:11 78573                      /usr/lib/jvm/java-7-openjdk-amd64/jre/lib/amd64/server/libjvm.so
7fc418a8e000-7fc418c8e000 ---p 009f1000 08:11 78573                      /usr/lib/jvm/java-7-openjdk-amd64/jre/lib/amd64/server/libjvm.so
7fc418c8e000-7fc418d0d000 r--p 009f1000 08:11 78573                      /usr/lib/jvm/java-7-openjdk-amd64/jre/lib/amd64/server/libjvm.so
7fc418d0d000-7fc418d30000 rw-p 00a70000 08:11 78573                      /usr/lib/jvm/java-7-openjdk-amd64/jre/lib/amd64/server/libjvm.so
7fc418d30000-7fc418d5b000 rw-p 00000000 00:00 0 
7fc418d5b000-7fc418edd000 r-xp 00000000 08:11 3933347                    /lib/x86_64-linux-gnu/libc-2.13.so
7fc418edd000-7fc4190dc000 ---p 00182000 08:11 3933347                    /lib/x86_64-linux-gnu/libc-2.13.so
7fc4190dc000-7fc4190e0000 r--p 00181000 08:11 3933347                    /lib/x86_64-linux-gnu/libc-2.13.so
7fc4190e0000-7fc4190e1000 rw-p 00185000 08:11 3933347                    /lib/x86_64-linux-gnu/libc-2.13.so
7fc4190e1000-7fc4190e6000 rw-p 00000000 00:00 0 
7fc4190e6000-7fc4190e8000 r-xp 00000000 08:11 3933361                    /lib/x86_64-linux-gnu/libdl-2.13.so
7fc4190e8000-7fc4192e8000 ---p 00002000 08:11 3933361                    /lib/x86_64-linux-gnu/libdl-2.13.so
7fc4192e8000-7fc4192e9000 r--p 00002000 08:11 3933361                    /lib/x86_64-linux-gnu/libdl-2.13.so
7fc4192e9000-7fc4192ea000 rw-p 00003000 08:11 3933361                    /lib/x86_64-linux-gnu/libdl-2.13.so
7fc4192ea000-7fc419300000 r-xp 00000000 08:11 3933196                    /lib/x86_64-linux-gnu/libz.so.1.2.7
7fc419300000-7fc4194ff000 ---p 00016000 08:11 3933196                    /lib/x86_64-linux-gnu/libz.so.1.2.7
7fc4194ff000-7fc419500000 r--p 00015000 08:11 3933196                    /lib/x86_64-linux-gnu/libz.so.1.2.7
7fc419500000-7fc419501000 rw-p 00016000 08:11 3933196                    /lib/x86_64-linux-gnu/libz.so.1.2.7
7fc419501000-7fc41950e000 r-xp 00000000 08:11 75084                      /usr/lib/jvm/java-7-openjdk-amd64/jre/lib/amd64/jli/libjli.so
7fc41950e000-7fc41970d000 ---p 0000d000 08:11 75084                      /usr/lib/jvm/java-7-openjdk-amd64/jre/lib/amd64/jli/libjli.so
7fc41970d000-7fc41970e000 r--p 0000c000 08:11 75084                      /usr/lib/jvm/java-7-openjdk-amd64/jre/lib/amd64/jli/libjli.so
7fc41970e000-7fc41970f000 rw-p 0000d000 08:11 75084                      /usr/lib/jvm/java-7-openjdk-amd64/jre/lib/amd64/jli/libjli.so
7fc41970f000-7fc419726000 r-xp 00000000 08:11 3933365                    /lib/x86_64-linux-gnu/libpthread-2.13.so
7fc419726000-7fc419925000 ---p 00017000 08:11 3933365                    /lib/x86_64-linux-gnu/libpthread-2.13.so
7fc419925000-7fc419926000 r--p 00016000 08:11 3933365                    /lib/x86_64-linux-gnu/libpthread-2.13.so
7fc419926000-7fc419927000 rw-p 00017000 08:11 3933365                    /lib/x86_64-linux-gnu/libpthread-2.13.so
7fc419927000-7fc41992b000 rw-p 00000000 00:00 0 
7fc41992b000-7fc41994b000 r-xp 00000000 08:11 3933369                    /lib/x86_64-linux-gnu/ld-2.13.so
7fc41994b000-7fc419952000 r--s 00039000 08:11 790959                     /home/akshay/git/wpi-suite/Core/WPISuite/WebContent/WEB-INF/lib/commons-codec-1.7.jar
7fc419952000-7fc419958000 r--s 00033000 08:11 790958                     /home/akshay/git/wpi-suite/Core/WPISuite/WebContent/WEB-INF/lib/commons-codec-1.6.jar
7fc419958000-7fc41995a000 r--s 00005000 08:11 791441                     /home/akshay/git/wpi-suite/Core/WPISuite/WebContent/WEB-INF/lib/WPISuite-Interfaces.jar
7fc41995a000-7fc419961000 r--s 00036000 08:11 791632                     /home/akshay/git/wpi-suite/Core/WPISuite/WebContent/WEB-INF/lib/RequirementManager.jar
7fc419961000-7fc41996a000 r--s 000bc000 08:11 18950                      /usr/lib/jvm/java-7-openjdk-common/jre/lib/resources.jar
7fc41996a000-7fc419976000 rw-p 00000000 00:00 0 
7fc419976000-7fc419a2a000 rw-p 00000000 00:00 0 
7fc419a2a000-7fc419a2d000 ---p 00000000 00:00 0 
7fc419a2d000-7fc419b30000 rw-p 00000000 00:00 0 
7fc419b30000-7fc419b31000 r--s 00001000 08:11 139158                     /home/akshay/apache-tomcat-7.0.52/lib/tomcat-api.jar
7fc419b31000-7fc419b33000 r--s 0000d000 08:11 790960                     /home/akshay/git/wpi-suite/Core/WPISuite/WebContent/WEB-INF/lib/commons-logging-1.1.1.jar
7fc419b33000-7fc419b34000 r--s 00003000 08:11 791631                     /home/akshay/git/wpi-suite/Core/WPISuite/WebContent/WEB-INF/lib/PostBoard.jar
7fc419b34000-7fc419b3a000 r--s 00085000 08:11 791634                     /home/akshay/git/wpi-suite/Core/WPISuite/WebContent/WEB-INF/lib/PlanningPoker.jar
7fc419b3a000-7fc419b3e000 r--s 00017000 08:11 791633                     /home/akshay/git/wpi-suite/Core/WPISuite/WebContent/WEB-INF/lib/DefectTracker.jar
7fc419b3e000-7fc419b46000 rw-s 00000000 08:11 530430                     /tmp/hsperfdata_akshay/10896
7fc419b46000-7fc419b47000 rw-p 00000000 00:00 0 
7fc419b47000-7fc419b48000 r--p 00000000 00:00 0 
7fc419b48000-7fc419b4a000 rw-p 00000000 00:00 0 
7fc419b4a000-7fc419b4b000 r--p 0001f000 08:11 3933369                    /lib/x86_64-linux-gnu/ld-2.13.so
7fc419b4b000-7fc419b4c000 rw-p 00020000 08:11 3933369                    /lib/x86_64-linux-gnu/ld-2.13.so
7fc419b4c000-7fc419b4d000 rw-p 00000000 00:00 0 
7fffdab47000-7fffdab69000 rw-p 00000000 00:00 0                          [stack]
7fffdab9e000-7fffdab9f000 r-xp 00000000 00:00 0                          [vdso]
ffffffffff600000-ffffffffff601000 r-xp 00000000 00:00 0                  [vsyscall]

VM Arguments:
jvm_args: -Dfile.encoding=UTF-8 
java_command: edu.wpi.cs.wpisuitetng.janeway.Janeway
Launcher Type: SUN_STANDARD

Environment Variables:
PATH=/home/akshay/bin:/usr/sbin:/sbin:/usr/local/bin:/usr/bin:/bin:/usr/local/games:/usr/games
SHELL=/bin/bash
DISPLAY=:0.0

Signal Handlers:
SIGSEGV: [libjvm.so+0x84ff00], sa_mask[0]=0x7ffbfeff, sa_flags=0x10000004
SIGBUS: [libjvm.so+0x84ff00], sa_mask[0]=0x7ffbfeff, sa_flags=0x10000004
SIGFPE: [libjvm.so+0x6f2230], sa_mask[0]=0x7ffbfeff, sa_flags=0x10000004
SIGPIPE: [libjvm.so+0x6f2230], sa_mask[0]=0x7ffbfeff, sa_flags=0x10000004
SIGXFSZ: [libjvm.so+0x6f2230], sa_mask[0]=0x7ffbfeff, sa_flags=0x10000004
SIGILL: [libjvm.so+0x6f2230], sa_mask[0]=0x7ffbfeff, sa_flags=0x10000004
SIGUSR1: SIG_DFL, sa_mask[0]=0x00000000, sa_flags=0x00000000
SIGUSR2: [libjvm.so+0x6f2600], sa_mask[0]=0x00000004, sa_flags=0x10000004
SIGHUP: [libjvm.so+0x6f2740], sa_mask[0]=0x7ffbfeff, sa_flags=0x10000004
SIGINT: [libjvm.so+0x6f2740], sa_mask[0]=0x7ffbfeff, sa_flags=0x10000004
SIGTERM: [libjvm.so+0x6f2740], sa_mask[0]=0x7ffbfeff, sa_flags=0x10000004
SIGQUIT: [libjvm.so+0x6f2740], sa_mask[0]=0x7ffbfeff, sa_flags=0x10000004


---------------  S Y S T E M  ---------------

OS:7.0

uname:Linux 3.2.0-4-amd64 #1 SMP Debian 3.2.41-2 x86_64
libc:glibc 2.13 NPTL 2.13 
rlimit: STACK 8192k, CORE 0k, NPROC 46884, NOFILE 4096, AS infinity
load average:1.07 0.60 0.38

/proc/meminfo:
MemTotal:        6013720 kB
MemFree:          508592 kB
Buffers:         1281760 kB
Cached:          1787508 kB
SwapCached:            0 kB
Active:          3054924 kB
Inactive:        2177824 kB
Active(anon):    2194580 kB
Inactive(anon):   233940 kB
Active(file):     860344 kB
Inactive(file):  1943884 kB
Unevictable:           0 kB
Mlocked:               0 kB
SwapTotal:             0 kB
SwapFree:              0 kB
Dirty:              3648 kB
Writeback:             0 kB
AnonPages:       2163056 kB
Mapped:           169748 kB
Shmem:            265040 kB
Slab:             180808 kB
SReclaimable:     149716 kB
SUnreclaim:        31092 kB
KernelStack:        4736 kB
PageTables:        35948 kB
NFS_Unstable:          0 kB
Bounce:                0 kB
WritebackTmp:          0 kB
CommitLimit:     3006860 kB
Committed_AS:    5308348 kB
VmallocTotal:   34359738367 kB
VmallocUsed:      367412 kB
VmallocChunk:   34359343396 kB
HardwareCorrupted:     0 kB
AnonHugePages:         0 kB
HugePages_Total:       0
HugePages_Free:        0
HugePages_Rsvd:        0
HugePages_Surp:        0
Hugepagesize:       2048 kB
DirectMap4k:       49152 kB
DirectMap2M:     6133760 kB


CPU:total 4 (2 cores per cpu, 2 threads per core) family 6 model 42 stepping 7, cmov, cx8, fxsr, mmx, sse, sse2, sse3, ssse3, sse4.1, sse4.2, popcnt, avx, ht, tsc, tscinvbit

/proc/cpuinfo:
processor	: 0
vendor_id	: GenuineIntel
cpu family	: 6
model		: 42
model name	: Intel(R) Core(TM) i5-2520M CPU @ 2.50GHz
stepping	: 7
microcode	: 0x28
cpu MHz		: 2501.000
cache size	: 3072 KB
physical id	: 0
siblings	: 4
core id		: 0
cpu cores	: 2
apicid		: 0
initial apicid	: 0
fpu		: yes
fpu_exception	: yes
cpuid level	: 13
wp		: yes
flags		: fpu vme de pse tsc msr pae mce cx8 apic sep mtrr pge mca cmov pat pse36 clflush dts acpi mmx fxsr sse sse2 ss ht tm pbe syscall nx rdtscp lm constant_tsc arch_perfmon pebs bts nopl xtopology nonstop_tsc aperfmperf pni pclmulqdq dtes64 monitor ds_cpl vmx smx est tm2 ssse3 cx16 xtpr pdcm pcid sse4_1 sse4_2 x2apic popcnt tsc_deadline_timer aes xsave avx lahf_lm ida arat epb xsaveopt pln pts dtherm tpr_shadow vnmi flexpriority ept vpid
bogomips	: 4983.84
clflush size	: 64
cache_alignment	: 64
address sizes	: 36 bits physical, 48 bits virtual
power management:

processor	: 1
vendor_id	: GenuineIntel
cpu family	: 6
model		: 42
model name	: Intel(R) Core(TM) i5-2520M CPU @ 2.50GHz
stepping	: 7
microcode	: 0x28
cpu MHz		: 2501.000
cache size	: 3072 KB
physical id	: 0
siblings	: 4
core id		: 0
cpu cores	: 2
apicid		: 1
initial apicid	: 1
fpu		: yes
fpu_exception	: yes
cpuid level	: 13
wp		: yes
flags		: fpu vme de pse tsc msr pae mce cx8 apic sep mtrr pge mca cmov pat pse36 clflush dts acpi mmx fxsr sse sse2 ss ht tm pbe syscall nx rdtscp lm constant_tsc arch_perfmon pebs bts nopl xtopology nonstop_tsc aperfmperf pni pclmulqdq dtes64 monitor ds_cpl vmx smx est tm2 ssse3 cx16 xtpr pdcm pcid sse4_1 sse4_2 x2apic popcnt tsc_deadline_timer aes xsave avx lahf_lm ida arat epb xsaveopt pln pts dtherm tpr_shadow vnmi flexpriority ept vpid
bogomips	: 4983.71
clflush size	: 64
cache_alignment	: 64
address sizes	: 36 bits physical, 48 bits virtual
power management:

processor	: 2
vendor_id	: GenuineIntel
cpu family	: 6
model		: 42
model name	: Intel(R) Core(TM) i5-2520M CPU @ 2.50GHz
stepping	: 7
microcode	: 0x28
cpu MHz		: 2501.000
cache size	: 3072 KB
physical id	: 0
siblings	: 4
core id		: 1
cpu cores	: 2
apicid		: 2
initial apicid	: 2
fpu		: yes
fpu_exception	: yes
cpuid level	: 13
wp		: yes
flags		: fpu vme de pse tsc msr pae mce cx8 apic sep mtrr pge mca cmov pat pse36 clflush dts acpi mmx fxsr sse sse2 ss ht tm pbe syscall nx rdtscp lm constant_tsc arch_perfmon pebs bts nopl xtopology nonstop_tsc aperfmperf pni pclmulqdq dtes64 monitor ds_cpl vmx smx est tm2 ssse3 cx16 xtpr pdcm pcid sse4_1 sse4_2 x2apic popcnt tsc_deadline_timer aes xsave avx lahf_lm ida arat epb xsaveopt pln pts dtherm tpr_shadow vnmi flexpriority ept vpid
bogomips	: 4983.74
clflush size	: 64
cache_alignment	: 64
address sizes	: 36 bits physical, 48 bits virtual
power management:

processor	: 3
vendor_id	: GenuineIntel
cpu family	: 6
model		: 42
model name	: Intel(R) Core(TM) i5-2520M CPU @ 2.50GHz
stepping	: 7
microcode	: 0x28
cpu MHz		: 2501.000
cache size	: 3072 KB
physical id	: 0
siblings	: 4
core id		: 1
cpu cores	: 2
apicid		: 3
initial apicid	: 3
fpu		: yes
fpu_exception	: yes
cpuid level	: 13
wp		: yes
flags		: fpu vme de pse tsc msr pae mce cx8 apic sep mtrr pge mca cmov pat pse36 clflush dts acpi mmx fxsr sse sse2 ss ht tm pbe syscall nx rdtscp lm constant_tsc arch_perfmon pebs bts nopl xtopology nonstop_tsc aperfmperf pni pclmulqdq dtes64 monitor ds_cpl vmx smx est tm2 ssse3 cx16 xtpr pdcm pcid sse4_1 sse4_2 x2apic popcnt tsc_deadline_timer aes xsave avx lahf_lm ida arat epb xsaveopt pln pts dtherm tpr_shadow vnmi flexpriority ept vpid
bogomips	: 4983.72
clflush size	: 64
cache_alignment	: 64
address sizes	: 36 bits physical, 48 bits virtual
power management:



Memory: 4k page, physical 6013720k(508592k free), swap 0k(0k free)

vm_info: OpenJDK 64-Bit Server VM (23.7-b01) for linux-amd64 JRE (1.7.0_25-b30), built on Jul  3 2013 10:28:26 by "jmm" with gcc 4.7.2

time: Tue Apr 22 23:26:34 2014
elapsed time: 200 seconds

