#
# A fatal error has been detected by the Java Runtime Environment:
#
#  SIGSEGV (0xb) at pc=0x00007f82ebefe300, pid=3362, tid=140199869179648
#
# JRE version: 7.0_25-b30
# Java VM: OpenJDK 64-Bit Server VM (23.7-b01 mixed mode linux-amd64 compressed oops)
# Problematic frame:
# C  [libc.so.6+0x121300]  __nss_hosts_lookup+0xdce0
#
# Failed to write core dump. Core dumps have been disabled. To enable core dumping, try "ulimit -c unlimited" before starting Java again
#
# If you would like to submit a bug report, please include
# instructions on how to reproduce the bug and visit:
#   http://icedtea.classpath.org/bugzilla
# The crash happened outside the Java Virtual Machine in native code.
# See problematic frame for where to report the bug.
#

---------------  T H R E A D  ---------------

Current thread (0x0000000000e60800):  JavaThread "Thread-9" [_thread_in_native, id=3651, stack(0x00007f82d3566000,0x00007f82d3667000)]

siginfo:si_signo=SIGSEGV: si_errno=0, si_code=2 (SEGV_ACCERR), si_addr=0x00007f82d38805b9

Registers:
RAX=0x0000000000fae162, RBX=0x0000000000e5f1e0, RCX=0x00007f82d387ef99, RDX=0x0000000000001600
RSP=0x00007f82d3663eb8, RBP=0x00007f82d3663f20, RSI=0x00007f82d387efc9, RDI=0x0000000000fae162
R8 =0x0000000000fae150, R9 =0x00007f82ec163eb0, R10=0x00007f82d387efc9, R11=0x00007f82ebf32610
R12=0x0000000000000000, R13=0x000000000135b8f0, R14=0x0000000000a8dda0, R15=0x0000000000001600
RIP=0x00007f82ebefe300, EFLAGS=0x0000000000010a02, CSGSFS=0x0000000000000033, ERR=0x0000000000000004
  TRAPNO=0x000000000000000e

Top of Stack: (sp=0x00007f82d3663eb8)
0x00007f82d3663eb8:   00007f82e98ff323 00007f82d387efc9
0x00007f82d3663ec8:   00007f82d387ef99 000000000000d080
0x00007f82d3663ed8:   00000000cf81a400 00000000e5000002
0x00007f82d3663ee8:   0000000000000002 00007f82d3663f90
0x00007f82d3663ef8:   0000000000e602b8 00007f82d3663f90
0x00007f82d3663f08:   0000000001061f50 0000000000e5f1e0
0x00007f82d3663f18:   000000005c6b8b2e 00007f82d3663f70
0x00007f82d3663f28:   00007f82e98ffeb0 000000000135b1c0
0x00007f82d3663f38:   0000001699ea9790 0000000000e60800
0x00007f82d3663f48:   00007f82d3663f90 00007f82d36643e8
0x00007f82d3663f58:   00007f82d3663f90 0000000000000016
0x00007f82d3663f68:   0000000000e609d8 00007f82d36643d0
0x00007f82d3663f78:   00007f82e98fdaf3 01007f82d3663fc0
0x00007f82d3663f88:   0000000000e5f1e0 656d61472f736572
0x00007f82d3663f98:   6572676f72506e49 0000676e702e7373
0x00007f82d3663fa8:   0000000000000000 0000000000000001
0x00007f82d3663fb8:   0000000000e60800 00007f82d3664030
0x00007f82d3663fc8:   00007f82eb607c69 0000000099eacbd0
0x00007f82d3663fd8:   0000000000000000 0000000099eab9c8
0x00007f82d3663fe8:   0000000000000000 00007f82d3664018
0x00007f82d3663ff8:   00007f82d3664060 00007f82e6900158
0x00007f82d3664008:   000000000135b1c0 00007f82d3664050
0x00007f82d3664018:   00007f82eb60e163 0000000099c0ce18
0x00007f82d3664028:   0000000000000001 00007f82d3664070
0x00007f82d3664038:   0000000000000004 0000000000e60800
0x00007f82d3664048:   0000000000000002 00007f82d3664070
0x00007f82d3664058:   00007f82eb60dedb 0000000000e60800
0x00007f82d3664068:   0000000000000004 00007f82d36640d0
0x00007f82d3664078:   00007f82eb608655 00000000e1d08940
0x00007f82d3664088:   0000000400000001 00007f82dc144f30
0x00007f82d3664098:   00007f82d36640e0 00007f82d36640d0
0x00007f82d36640a8:   0000000000e60800 000000000135b1c0 

Instructions: (pc=0x00007f82ebefe300)
0x00007f82ebefe2e0:   0c 3e 26 00 4c 8d 1d 65 44 03 00 4f 63 0c 8b 4f
0x00007f82ebefe2f0:   8d 0c 0b 41 ff e1 0f 0b 0f 1f 84 00 00 00 00 00
0x00007f82ebefe300:   f3 0f 6f 44 16 f0 48 01 d6 4c 8d 44 17 f0 48 01
0x00007f82ebefe310:   d7 48 89 f9 48 83 e1 0f 48 31 cf 48 29 ca 48 29 

Register to memory mapping:

RAX=0x0000000000fae162 is an unknown value
RBX=0x0000000000e5f1e0 is an unknown value
RCX=0x00007f82d387ef99 is an unknown value
RDX=0x0000000000001600 is an unknown value
RSP=0x00007f82d3663eb8 is pointing into the stack for thread: 0x0000000000e60800
RBP=0x00007f82d3663f20 is pointing into the stack for thread: 0x0000000000e60800
RSI=0x00007f82d387efc9 is an unknown value
RDI=0x0000000000fae162 is an unknown value
R8 =0x0000000000fae150 is an unknown value
R9 =0x00007f82ec163eb0: <offset 0x386eb0> in /lib/x86_64-linux-gnu/libc.so.6 at 0x00007f82ebddd000
R10=0x00007f82d387efc9 is an unknown value
R11=0x00007f82ebf32610: <offset 0x155610> in /lib/x86_64-linux-gnu/libc.so.6 at 0x00007f82ebddd000
R12=0x0000000000000000 is an unknown value
R13=0x000000000135b8f0 is an unknown value
R14=0x0000000000a8dda0 is an unknown value
R15=0x0000000000001600 is an unknown value


Stack: [0x00007f82d3566000,0x00007f82d3667000],  sp=0x00007f82d3663eb8,  free space=1015k
Native frames: (J=compiled Java code, j=interpreted, Vv=VM code, C=native code)
C  [libc.so.6+0x121300]  __nss_hosts_lookup+0xdce0
C  [libzip.so+0x5eb0]  ZIP_GetEntry+0xd0
C  [libzip.so+0x3af3]  Java_java_util_zip_ZipFile_getEntry+0xb3
J  java.util.zip.ZipFile.getEntry(J[BZ)J

Java frames: (J=compiled Java code, j=interpreted, Vv=VM code)
J  java.util.zip.ZipFile.getEntry(J[BZ)J
J  java.util.jar.JarFile.getEntry(Ljava/lang/String;)Ljava/util/zip/ZipEntry;
j  sun.net.www.protocol.jar.URLJarFile.getEntry(Ljava/lang/String;)Ljava/util/zip/ZipEntry;+2
j  sun.net.www.protocol.jar.JarURLConnection.connect()V+62
j  sun.net.www.protocol.jar.JarURLConnection.getInputStream()Ljava/io/InputStream;+1
j  java.net.URL.openStream()Ljava/io/InputStream;+4
j  sun.misc.URLClassPath$Loader.findResource(Ljava/lang/String;Z)Ljava/net/URL;+85
j  sun.misc.URLClassPath.findResource(Ljava/lang/String;Z)Ljava/net/URL;+17
j  java.net.URLClassLoader$2.run()Ljava/net/URL;+12
j  java.net.URLClassLoader$2.run()Ljava/lang/Object;+1
v  ~StubRoutines::call_stub
j  java.security.AccessController.doPrivileged(Ljava/security/PrivilegedAction;Ljava/security/AccessControlContext;)Ljava/lang/Object;+0
j  java.net.URLClassLoader.findResource(Ljava/lang/String;)Ljava/net/URL;+13
j  java.lang.ClassLoader.getResource(Ljava/lang/String;)Ljava/net/URL;+30
j  java.lang.Class.getResource(Ljava/lang/String;)Ljava/net/URL;+22
j  edu.wpi.cs.wpisuitetng.modules.planningpoker.view.ImageLoader.getImage(Ljava/lang/String;)Ljava/awt/image/BufferedImage;+48
j  edu.wpi.cs.wpisuitetng.modules.planningpoker.view.ImageLoader.getIcon(Ljava/lang/String;)Ljavax/swing/ImageIcon;+3
j  edu.wpi.cs.wpisuitetng.modules.planningpoker.view.main.GamesListTreeCellRenderer.getTreeCellRendererComponent(Ljavax/swing/JTree;Ljava/lang/Object;ZZZIZ)Ljava/awt/Component;+114
j  javax.swing.plaf.basic.BasicTreeUI$NodeDimensionsHandler.getNodeDimensions(Ljava/lang/Object;IIZLjava/awt/Rectangle;)Ljava/awt/Rectangle;+185
j  javax.swing.tree.AbstractLayoutCache.getNodeDimensions(Ljava/lang/Object;IIZLjava/awt/Rectangle;)Ljava/awt/Rectangle;+20
j  javax.swing.tree.VariableHeightLayoutCache$TreeStateNode.updatePreferredSize(I)V+24
j  javax.swing.tree.VariableHeightLayoutCache$TreeStateNode.expand(Z)V+185
j  javax.swing.tree.VariableHeightLayoutCache$TreeStateNode.expand()V+2
j  javax.swing.tree.VariableHeightLayoutCache.ensurePathIsExpanded(Ljavax/swing/tree/TreePath;Z)V+52
j  javax.swing.tree.VariableHeightLayoutCache.setExpandedState(Ljavax/swing/tree/TreePath;Z)V+11
j  javax.swing.plaf.basic.BasicTreeUI.updateExpandedDescendants(Ljavax/swing/tree/TreePath;)V+17
j  javax.swing.plaf.basic.BasicTreeUI$Handler.treeExpanded(Ljavax/swing/event/TreeExpansionEvent;)V+24
j  javax.swing.JTree.fireTreeExpanded(Ljavax/swing/tree/TreePath;)V+32
j  javax.swing.JTree.setExpandedState(Ljavax/swing/tree/TreePath;Z)V+401
j  javax.swing.JTree.expandPath(Ljavax/swing/tree/TreePath;)V+29
j  edu.wpi.cs.wpisuitetng.modules.planningpoker.view.main.GamesListPanel.updateTree()V+747
j  edu.wpi.cs.wpisuitetng.modules.planningpoker.view.main.GamesListPanel.access$000(Ledu/wpi/cs/wpisuitetng/modules/planningpoker/view/main/GamesListPanel;)V+1
j  edu.wpi.cs.wpisuitetng.modules.planningpoker.view.main.GamesListPanel$1.listUpdated()V+4
j  edu.wpi.cs.wpisuitetng.modules.planningpoker.model.GameListModel.updated()V+28
j  edu.wpi.cs.wpisuitetng.modules.planningpoker.model.GameListModel.setGames([Ledu/wpi/cs/wpisuitetng/modules/planningpoker/model/GameModel;)V+71
j  edu.wpi.cs.wpisuitetng.modules.planningpoker.controller.GetGamesController.receivedGames([Ledu/wpi/cs/wpisuitetng/modules/planningpoker/model/GameModel;)V+8
j  edu.wpi.cs.wpisuitetng.modules.planningpoker.controller.GetGamesRequestObserver.fail(Ledu/wpi/cs/wpisuitetng/network/models/IRequest;Ljava/lang/Exception;)V+20
j  edu.wpi.cs.wpisuitetng.network.Request.notifyObserversFail(Ljava/lang/Exception;)V+43
j  edu.wpi.cs.wpisuitetng.network.RequestActor.run()V+468
v  ~StubRoutines::call_stub

---------------  P R O C E S S  ---------------

Java Threads: ( => current thread )
=>0x0000000000e60800 JavaThread "Thread-9" [_thread_in_native, id=3651, stack(0x00007f82d3566000,0x00007f82d3667000)]
  0x00000000010b5800 JavaThread "Long Polling Notification Client" [_thread_in_Java, id=3552, stack(0x00007f82d3360000,0x00007f82d3461000)]
  0x0000000000c66800 JavaThread "TimerQueue" daemon [_thread_blocked, id=3532, stack(0x00007f82d3667000,0x00007f82d3768000)]
  0x00007f82dc791000 JavaThread "DestroyJavaVM" [_thread_blocked, id=3365, stack(0x00007f82ecaad000,0x00007f82ecbae000)]
  0x00007f82dc39b800 JavaThread "AWT-EventQueue-0" [_thread_blocked, id=3520, stack(0x00007f82d3880000,0x00007f82d3981000)]
  0x00007f82dc4e2000 JavaThread "AWT-Shutdown" [_thread_blocked, id=3519, stack(0x00007f82d3981000,0x00007f82d3a82000)]
  0x00007f82dc157800 JavaThread "AWT-XAWT" daemon [_thread_in_native, id=3431, stack(0x00007f82d41fd000,0x00007f82d42fe000)]
  0x00007f82dc123000 JavaThread "Java2D Disposer" daemon [_thread_blocked, id=3430, stack(0x00007f82e0057000,0x00007f82e0158000)]
  0x00000000009ee000 JavaThread "Service Thread" daemon [_thread_blocked, id=3379, stack(0x00007f82e052b000,0x00007f82e062c000)]
  0x00000000009eb000 JavaThread "C2 CompilerThread1" daemon [_thread_blocked, id=3378, stack(0x00007f82e062c000,0x00007f82e072d000)]
  0x00000000009e8000 JavaThread "C2 CompilerThread0" daemon [_thread_blocked, id=3377, stack(0x00007f82e072d000,0x00007f82e082e000)]
  0x00000000009e5800 JavaThread "Signal Dispatcher" daemon [_thread_blocked, id=3376, stack(0x00007f82e082e000,0x00007f82e092f000)]
  0x0000000000986800 JavaThread "Finalizer" daemon [_thread_blocked, id=3375, stack(0x00007f82e0aa6000,0x00007f82e0ba7000)]
  0x0000000000984000 JavaThread "Reference Handler" daemon [_thread_blocked, id=3374, stack(0x00007f82e0ba7000,0x00007f82e0ca8000)]

Other Threads:
  0x000000000097b800 VMThread [stack: 0x00007f82e0ca8000,0x00007f82e0da9000] [id=3373]
  0x0000000000a00800 WatcherThread [stack: 0x00007f82e042a000,0x00007f82e052b000] [id=3380]

VM state:not at safepoint (normal execution)

VM Mutex/Monitor currently owned by a thread: None

Heap
 PSYoungGen      total 27392K, used 11396K [0x00000000e1600000, 0x00000000e3490000, 0x0000000100000000)
  eden space 23488K, 31% used [0x00000000e1600000,0x00000000e1d54bd8,0x00000000e2cf0000)
  from space 3904K, 99% used [0x00000000e30c0000,0x00000000e348c550,0x00000000e3490000)
  to   space 3904K, 0% used [0x00000000e2cf0000,0x00000000e2cf0000,0x00000000e30c0000)
 ParOldGen       total 62720K, used 2106K [0x00000000a4200000, 0x00000000a7f40000, 0x00000000e1600000)
  object space 62720K, 3% used [0x00000000a4200000,0x00000000a440ea58,0x00000000a7f40000)
 PSPermGen       total 22400K, used 22233K [0x0000000099c00000, 0x000000009b1e0000, 0x00000000a4200000)
  object space 22400K, 99% used [0x0000000099c00000,0x000000009b1b6428,0x000000009b1e0000)

Card table byte_map: [0x00007f82e65c7000,0x00007f82e68fa000] byte_map_base: 0x00007f82e60f9000

Polling page: 0x00007f82ecbc9000

Code Cache  [0x00007f82e68fa000, 0x00007f82e6b6a000, 0x00007f82e98fa000)
 total_blobs=737 nmethods=192 adapters=497 free_code_cache=48263Kb largest_free_block=49393664

Compilation events (10 events):
Event: 23.959 Thread 0x00000000009e8000 nmethod 197 0x00007f82e69b5ed0 code [0x00007f82e69b6000, 0x00007f82e69b6078]
Event: 23.963 Thread 0x00000000009eb000 nmethod 198 0x00007f82e69d9ad0 code [0x00007f82e69d9c40, 0x00007f82e69d9fe8]
Event: 24.032 Thread 0x00000000009e8000  199             java.util.regex.Pattern::has (15 bytes)
Event: 24.033 Thread 0x00000000009e8000 nmethod 199 0x00007f82e69da510 code [0x00007f82e69da640, 0x00007f82e69da698]
Event: 24.103 Thread 0x00000000009eb000  200             java.awt.Component::isVisible_NoClientCode (5 bytes)
Event: 24.104 Thread 0x00000000009eb000 nmethod 200 0x00007f82e69b5cd0 code [0x00007f82e69b5e00, 0x00007f82e69b5e58]
Event: 24.116 Thread 0x00000000009e8000  201             javax.swing.text.html.CSSBorder::getWidths (28 bytes)
Event: 24.121 Thread 0x00000000009e8000 nmethod 201 0x00007f82e69db250 code [0x00007f82e69db400, 0x00007f82e69db7a8]
Event: 90.096 Thread 0x00000000009eb000  202             java.net.URI$Parser::charAt (9 bytes)
Event: 90.097 Thread 0x00000000009eb000 nmethod 202 0x00007f82e69daf10 code [0x00007f82e69db060, 0x00007f82e69db118]

GC Heap History (4 events):
Event: 5.655 GC heap before
{Heap before GC invocations=1 (full 0):
 PSYoungGen      total 27392K, used 23488K [0x00000000e1600000, 0x00000000e3490000, 0x0000000100000000)
  eden space 23488K, 100% used [0x00000000e1600000,0x00000000e2cf0000,0x00000000e2cf0000)
  from space 3904K, 0% used [0x00000000e30c0000,0x00000000e30c0000,0x00000000e3490000)
  to   space 3904K, 0% used [0x00000000e2cf0000,0x00000000e2cf0000,0x00000000e30c0000)
 ParOldGen       total 62720K, used 0K [0x00000000a4200000, 0x00000000a7f40000, 0x00000000e1600000)
  object space 62720K, 0% used [0x00000000a4200000,0x00000000a4200000,0x00000000a7f40000)
 PSPermGen       total 21248K, used 17052K [0x0000000099c00000, 0x000000009b0c0000, 0x00000000a4200000)
  object space 21248K, 80% used [0x0000000099c00000,0x000000009aca7018,0x000000009b0c0000)
Event: 5.663 GC heap after
Heap after GC invocations=1 (full 0):
 PSYoungGen      total 27392K, used 3878K [0x00000000e1600000, 0x00000000e3490000, 0x0000000100000000)
  eden space 23488K, 0% used [0x00000000e1600000,0x00000000e1600000,0x00000000e2cf0000)
  from space 3904K, 99% used [0x00000000e2cf0000,0x00000000e30b9bd8,0x00000000e30c0000)
  to   space 3904K, 0% used [0x00000000e30c0000,0x00000000e30c0000,0x00000000e3490000)
 ParOldGen       total 62720K, used 679K [0x00000000a4200000, 0x00000000a7f40000, 0x00000000e1600000)
  object space 62720K, 1% used [0x00000000a4200000,0x00000000a42a9e18,0x00000000a7f40000)
 PSPermGen       total 21248K, used 17052K [0x0000000099c00000, 0x000000009b0c0000, 0x00000000a4200000)
  object space 21248K, 80% used [0x0000000099c00000,0x000000009aca7018,0x000000009b0c0000)
}
Event: 19.132 GC heap before
{Heap before GC invocations=2 (full 0):
 PSYoungGen      total 27392K, used 27366K [0x00000000e1600000, 0x00000000e3490000, 0x0000000100000000)
  eden space 23488K, 100% used [0x00000000e1600000,0x00000000e2cf0000,0x00000000e2cf0000)
  from space 3904K, 99% used [0x00000000e2cf0000,0x00000000e30b9bd8,0x00000000e30c0000)
  to   space 3904K, 0% used [0x00000000e30c0000,0x00000000e30c0000,0x00000000e3490000)
 ParOldGen       total 62720K, used 679K [0x00000000a4200000, 0x00000000a7f40000, 0x00000000e1600000)
  object space 62720K, 1% used [0x00000000a4200000,0x00000000a42a9e18,0x00000000a7f40000)
 PSPermGen       total 22208K, used 22032K [0x0000000099c00000, 0x000000009b1b0000, 0x00000000a4200000)
  object space 22208K, 99% used [0x0000000099c00000,0x000000009b1843c8,0x000000009b1b0000)
Event: 19.144 GC heap after
Heap after GC invocations=2 (full 0):
 PSYoungGen      total 27392K, used 3889K [0x00000000e1600000, 0x00000000e3490000, 0x0000000100000000)
  eden space 23488K, 0% used [0x00000000e1600000,0x00000000e1600000,0x00000000e2cf0000)
  from space 3904K, 99% used [0x00000000e30c0000,0x00000000e348c550,0x00000000e3490000)
  to   space 3904K, 0% used [0x00000000e2cf0000,0x00000000e2cf0000,0x00000000e30c0000)
 ParOldGen       total 62720K, used 2106K [0x00000000a4200000, 0x00000000a7f40000, 0x00000000e1600000)
  object space 62720K, 3% used [0x00000000a4200000,0x00000000a440ea58,0x00000000a7f40000)
 PSPermGen       total 22208K, used 22032K [0x0000000099c00000, 0x000000009b1b0000, 0x00000000a4200000)
  object space 22208K, 99% used [0x0000000099c00000,0x000000009b1843c8,0x000000009b1b0000)
}

Deoptimization events (10 events):
Event: 11.604 Thread 0x00007f82dc39b800 Uncommon trap -58 fr.pc 0x00007f82e69b7568
Event: 11.627 Thread 0x00007f82dc39b800 Uncommon trap -58 fr.pc 0x00007f82e69b7568
Event: 13.595 Thread 0x0000000000a35000 Uncommon trap -58 fr.pc 0x00007f82e69b7568
Event: 13.857 Thread 0x0000000000d20000 Uncommon trap -83 fr.pc 0x00007f82e6998e70
Event: 18.880 Thread 0x0000000000b2f800 Uncommon trap -58 fr.pc 0x00007f82e69c6084
Event: 18.880 Thread 0x0000000000b2f800 Uncommon trap -58 fr.pc 0x00007f82e69c6084
Event: 18.985 Thread 0x0000000000b32000 Uncommon trap -58 fr.pc 0x00007f82e69c6084
Event: 18.993 Thread 0x0000000000b32000 Uncommon trap -58 fr.pc 0x00007f82e69c6084
Event: 19.163 Thread 0x00000000010b5800 Uncommon trap -83 fr.pc 0x00007f82e69cb050
Event: 23.652 Thread 0x00007f82dc39b800 Uncommon trap -12 fr.pc 0x00007f82e69d62a8

Internal exceptions (10 events):
Event: 90.098 Thread 0x00000000010b5800 Threw 0x00000000e1d3f498 at /home/jmm/scratch/jdk/openjdk-7-7u25-2.3.10/build/openjdk/hotspot/src/share/vm/prims/jni.cpp:716
Event: 90.098 Thread 0x00000000010b5800 Threw 0x00000000e1d3fc00 at /home/jmm/scratch/jdk/openjdk-7-7u25-2.3.10/build/openjdk/hotspot/src/share/vm/prims/jni.cpp:716
Event: 90.098 Thread 0x00000000010b5800 Threw 0x00000000e1d40368 at /home/jmm/scratch/jdk/openjdk-7-7u25-2.3.10/build/openjdk/hotspot/src/share/vm/prims/jni.cpp:716
Event: 90.098 Thread 0x00000000010b5800 Threw 0x00000000e1d40ad0 at /home/jmm/scratch/jdk/openjdk-7-7u25-2.3.10/build/openjdk/hotspot/src/share/vm/prims/jni.cpp:716
Event: 90.098 Thread 0x00000000010b5800 Threw 0x00000000e1d41238 at /home/jmm/scratch/jdk/openjdk-7-7u25-2.3.10/build/openjdk/hotspot/src/share/vm/prims/jni.cpp:716
Event: 90.099 Thread 0x00000000010b5800 Threw 0x00000000e1d419a0 at /home/jmm/scratch/jdk/openjdk-7-7u25-2.3.10/build/openjdk/hotspot/src/share/vm/prims/jni.cpp:716
Event: 90.099 Thread 0x00000000010b5800 Threw 0x00000000e1d42108 at /home/jmm/scratch/jdk/openjdk-7-7u25-2.3.10/build/openjdk/hotspot/src/share/vm/prims/jni.cpp:716
Event: 90.099 Thread 0x00000000010b5800 Threw 0x00000000e1d42870 at /home/jmm/scratch/jdk/openjdk-7-7u25-2.3.10/build/openjdk/hotspot/src/share/vm/prims/jni.cpp:716
Event: 90.099 Thread 0x00000000010b5800 Threw 0x00000000e1d42fd8 at /home/jmm/scratch/jdk/openjdk-7-7u25-2.3.10/build/openjdk/hotspot/src/share/vm/prims/jni.cpp:716
Event: 90.099 Thread 0x00000000010b5800 Threw 0x00000000e1d43740 at /home/jmm/scratch/jdk/openjdk-7-7u25-2.3.10/build/openjdk/hotspot/src/share/vm/prims/jni.cpp:716

Events (10 events):
Event: 90.073 loading class 0x0000000000a8dd00
Event: 90.073 loading class 0x0000000000a8dd00 done
Event: 90.079 Executing VM operation: RevokeBias
Event: 90.079 Executing VM operation: RevokeBias done
Event: 90.081 Executing VM operation: BulkRevokeBias
Event: 90.081 Executing VM operation: BulkRevokeBias done
Event: 90.085 Executing VM operation: RevokeBias
Event: 90.087 Executing VM operation: RevokeBias done
Event: 90.095 Executing VM operation: RevokeBias
Event: 90.095 Executing VM operation: RevokeBias done


Dynamic libraries:
00400000-00401000 r-xp 00000000 08:11 75119                              /usr/lib/jvm/java-7-openjdk-amd64/jre/bin/java
00600000-00601000 r--p 00000000 08:11 75119                              /usr/lib/jvm/java-7-openjdk-amd64/jre/bin/java
00601000-00602000 rw-p 00001000 08:11 75119                              /usr/lib/jvm/java-7-openjdk-amd64/jre/bin/java
008cf000-01485000 rw-p 00000000 00:00 0                                  [heap]
99c00000-9b1e0000 rw-p 00000000 00:00 0 
9b1e0000-a4200000 rw-p 00000000 00:00 0 
a4200000-a7f40000 rw-p 00000000 00:00 0 
a7f40000-e1600000 rw-p 00000000 00:00 0 
e1600000-e3490000 rw-p 00000000 00:00 0 
e3490000-100000000 rw-p 00000000 00:00 0 
7f82d2f8a000-7f82d3360000 rw-s 00000000 00:04 16285708                   /SYSV00000000 (deleted)
7f82d3360000-7f82d3363000 ---p 00000000 00:00 0 
7f82d3363000-7f82d3461000 rw-p 00000000 00:00 0 
7f82d3461000-7f82d3464000 ---p 00000000 00:00 0 
7f82d3464000-7f82d3562000 rw-p 00000000 00:00 0 
7f82d3562000-7f82d3566000 rw-s 00000000 00:04 16252939                   /SYSV00000000 (deleted)
7f82d3566000-7f82d3569000 ---p 00000000 00:00 0 
7f82d3569000-7f82d3667000 rw-p 00000000 00:00 0 
7f82d3667000-7f82d366a000 ---p 00000000 00:00 0 
7f82d366a000-7f82d3768000 rw-p 00000000 00:00 0 
7f82d3768000-7f82d376c000 r--s 00017000 08:11 1708307                    /home/akshay/git/wpi-suite/Janeway/modules/DefectTracker.jar
7f82d376c000-7f82d3773000 r--s 00039000 08:11 1708191                    /home/akshay/git/wpi-suite/Janeway/modules/RequirementManager.jar
7f82d3773000-7f82d3776000 ---p 00000000 00:00 0 
7f82d3776000-7f82d3874000 rw-p 00000000 00:00 0 
7f82d3874000-7f82d3879000 r--s 0004c000 08:11 18948                      /usr/lib/jvm/java-7-openjdk-common/jre/lib/jsse.jar
7f82d3879000-7f82d3880000 r--s 0008d000 08:11 1708305                    /home/akshay/git/wpi-suite/Janeway/modules/PlanningPoker.jar
7f82d3880000-7f82d3883000 ---p 00000000 00:00 0 
7f82d3883000-7f82d3981000 rw-p 00000000 00:00 0 
7f82d3981000-7f82d3984000 ---p 00000000 00:00 0 
7f82d3984000-7f82d3a82000 rw-p 00000000 00:00 0 
7f82d3a82000-7f82d3a92000 r-xp 00000000 08:11 75087                      /usr/lib/jvm/java-7-openjdk-amd64/jre/lib/amd64/libnio.so
7f82d3a92000-7f82d3c92000 ---p 00010000 08:11 75087                      /usr/lib/jvm/java-7-openjdk-amd64/jre/lib/amd64/libnio.so
7f82d3c92000-7f82d3c93000 r--p 00010000 08:11 75087                      /usr/lib/jvm/java-7-openjdk-amd64/jre/lib/amd64/libnio.so
7f82d3c93000-7f82d3c94000 rw-p 00011000 08:11 75087                      /usr/lib/jvm/java-7-openjdk-amd64/jre/lib/amd64/libnio.so
7f82d3c94000-7f82d3cc5000 rw-p 00000000 00:00 0 
7f82d3cc5000-7f82d3cdb000 r-xp 00000000 08:11 75098                      /usr/lib/jvm/java-7-openjdk-amd64/jre/lib/amd64/libnet.so
7f82d3cdb000-7f82d3eda000 ---p 00016000 08:11 75098                      /usr/lib/jvm/java-7-openjdk-amd64/jre/lib/amd64/libnet.so
7f82d3eda000-7f82d3edb000 r--p 00015000 08:11 75098                      /usr/lib/jvm/java-7-openjdk-amd64/jre/lib/amd64/libnet.so
7f82d3edb000-7f82d3edc000 rw-p 00016000 08:11 75098                      /usr/lib/jvm/java-7-openjdk-amd64/jre/lib/amd64/libnet.so
7f82d3edc000-7f82d3f28000 r-xp 00000000 08:11 75074                      /usr/lib/jvm/java-7-openjdk-amd64/jre/lib/amd64/libfontmanager.so
7f82d3f28000-7f82d4127000 ---p 0004c000 08:11 75074                      /usr/lib/jvm/java-7-openjdk-amd64/jre/lib/amd64/libfontmanager.so
7f82d4127000-7f82d412a000 r--p 0004b000 08:11 75074                      /usr/lib/jvm/java-7-openjdk-amd64/jre/lib/amd64/libfontmanager.so
7f82d412a000-7f82d412b000 rw-p 0004e000 08:11 75074                      /usr/lib/jvm/java-7-openjdk-amd64/jre/lib/amd64/libfontmanager.so
7f82d412b000-7f82d412c000 r--s 00003000 08:11 1707693                    /home/akshay/git/wpi-suite/Janeway/modules/PostBoard.jar
7f82d412c000-7f82d412e000 r--s 0000b000 08:11 918082                     /home/akshay/git/wpi-suite/Janeway/lib/commons-email-1.3.2.jar
7f82d412e000-7f82d4136000 r--s 0007e000 08:11 918085                     /home/akshay/git/wpi-suite/Janeway/lib/javax.mail.jar
7f82d4136000-7f82d4153000 r--s 0014f000 08:11 918089                     /home/akshay/git/wpi-suite/Janeway/lib/swingx-all-1.6.4.jar
7f82d4153000-7f82d4154000 r--s 00012000 08:11 918088                     /home/akshay/git/wpi-suite/Janeway/lib/miglayout-4.0-swing.jar
7f82d4154000-7f82d4164000 r--s 00155000 08:11 918087                     /home/akshay/git/wpi-suite/Janeway/lib/jfreechart-1.0.14.jar
7f82d4164000-7f82d416a000 r--s 00046000 08:11 918086                     /home/akshay/git/wpi-suite/Janeway/lib/jcommon-1.0.17.jar
7f82d416a000-7f82d4176000 r--s 00105000 08:11 918084                     /home/akshay/git/wpi-suite/Janeway/lib/iText-2.1.5.jar
7f82d4176000-7f82d417b000 r--s 00034000 08:11 918083                     /home/akshay/git/wpi-suite/Janeway/lib/gnujaxp.jar
7f82d417b000-7f82d417e000 r--s 0002e000 08:11 139157                     /home/akshay/apache-tomcat-7.0.52/lib/servlet-api.jar
7f82d417e000-7f82d4180000 r--s 0000c000 08:11 139148                     /home/akshay/apache-tomcat-7.0.52/lib/catalina-ant.jar
7f82d4180000-7f82d4182000 r--s 0001f000 08:11 139149                     /home/akshay/apache-tomcat-7.0.52/lib/catalina-ha.jar
7f82d4182000-7f82d4184000 r--s 00007000 08:11 139167                     /home/akshay/apache-tomcat-7.0.52/lib/websocket-api.jar
7f82d4184000-7f82d4188000 r--s 00028000 08:11 139166                     /home/akshay/apache-tomcat-7.0.52/lib/tomcat7-websocket.jar
7f82d4188000-7f82d418a000 r--s 00003000 08:11 139147                     /home/akshay/apache-tomcat-7.0.52/lib/annotations-api.jar
7f82d418a000-7f82d418c000 r--s 0001d000 08:11 139164                     /home/akshay/apache-tomcat-7.0.52/lib/tomcat-jdbc.jar
7f82d418c000-7f82d418f000 r--s 00013000 08:11 139156                     /home/akshay/apache-tomcat-7.0.52/lib/jsp-api.jar
7f82d418f000-7f82d41a1000 r--s 00173000 08:11 139151                     /home/akshay/apache-tomcat-7.0.52/lib/catalina.jar
7f82d41a1000-7f82d41a2000 r--s 00007000 08:11 139165                     /home/akshay/apache-tomcat-7.0.52/lib/tomcat-util.jar
7f82d41a2000-7f82d41a5000 r--s 0001c000 08:11 139154                     /home/akshay/apache-tomcat-7.0.52/lib/jasper-el.jar
7f82d41a5000-7f82d41a8000 r--s 00011000 08:11 139161                     /home/akshay/apache-tomcat-7.0.52/lib/tomcat-i18n-es.jar
7f82d41a8000-7f82d41aa000 r--s 0000a000 08:11 139153                     /home/akshay/apache-tomcat-7.0.52/lib/el-api.jar
7f82d41aa000-7f82d41ae000 r--s 0003b000 08:11 139150                     /home/akshay/apache-tomcat-7.0.52/lib/catalina-tribes.jar
7f82d41ae000-7f82d41b2000 r--s 00036000 08:11 139160                     /home/akshay/apache-tomcat-7.0.52/lib/tomcat-dbcp.jar
7f82d41b2000-7f82d41c1000 r--s 001b0000 08:11 139152                     /home/akshay/apache-tomcat-7.0.52/lib/ecj-4.3.1.jar
7f82d41c1000-7f82d41c9000 r--s 0008c000 08:11 139155                     /home/akshay/apache-tomcat-7.0.52/lib/jasper.jar
7f82d41c9000-7f82d41cb000 r--s 0000b000 08:11 139163                     /home/akshay/apache-tomcat-7.0.52/lib/tomcat-i18n-ja.jar
7f82d41cb000-7f82d41d8000 r--s 000bf000 08:11 139159                     /home/akshay/apache-tomcat-7.0.52/lib/tomcat-coyote.jar
7f82d41d8000-7f82d41da000 r--s 0000a000 08:11 139162                     /home/akshay/apache-tomcat-7.0.52/lib/tomcat-i18n-fr.jar
7f82d41da000-7f82d41db000 r--s 00001000 08:11 139158                     /home/akshay/apache-tomcat-7.0.52/lib/tomcat-api.jar
7f82d41db000-7f82d41e2000 r--s 00034000 08:11 918208                     /home/akshay/git/wpi-suite/Network/Libraries/simple-5.0.4.jar
7f82d41e2000-7f82d41e4000 r--s 0000c000 08:11 921697                     /home/akshay/eclipse/plugins/org.hamcrest.core_1.3.0.v201303031735.jar
7f82d41e4000-7f82d41ea000 r--s 00036000 08:11 1048648                    /home/akshay/eclipse/plugins/org.junit_4.11.0.v201303080030/junit.jar
7f82d41ea000-7f82d41ed000 r--s 00029000 08:11 917669                     /home/akshay/git/wpi-suite/Core/WPISuite/WebContent/WEB-INF/lib/servlet-api.jar
7f82d41ed000-7f82d41fd000 r--s 000d1000 08:11 917667                     /home/akshay/git/wpi-suite/Core/WPISuite/WebContent/WEB-INF/lib/jackson-databind-2.1.0.jar
7f82d41fd000-7f82d4200000 ---p 00000000 00:00 0 
7f82d4200000-7f82d42fe000 rw-p 00000000 00:00 0 
7f82d42fe000-7f82d4301000 r-xp 00000000 08:11 3933093                    /lib/x86_64-linux-gnu/libgpg-error.so.0.8.0
7f82d4301000-7f82d4500000 ---p 00003000 08:11 3933093                    /lib/x86_64-linux-gnu/libgpg-error.so.0.8.0
7f82d4500000-7f82d4501000 rw-p 00002000 08:11 3933093                    /lib/x86_64-linux-gnu/libgpg-error.so.0.8.0
7f82d4501000-7f82d4545000 r-xp 00000000 08:11 3933050                    /lib/x86_64-linux-gnu/libdbus-1.so.3.7.2
7f82d4545000-7f82d4745000 ---p 00044000 08:11 3933050                    /lib/x86_64-linux-gnu/libdbus-1.so.3.7.2
7f82d4745000-7f82d4746000 r--p 00044000 08:11 3933050                    /lib/x86_64-linux-gnu/libdbus-1.so.3.7.2
7f82d4746000-7f82d4747000 rw-p 00045000 08:11 3933050                    /lib/x86_64-linux-gnu/libdbus-1.so.3.7.2
7f82d4747000-7f82d4758000 r-xp 00000000 08:11 17230                      /usr/lib/x86_64-linux-gnu/libp11-kit.so.0.0.0
7f82d4758000-7f82d4957000 ---p 00011000 08:11 17230                      /usr/lib/x86_64-linux-gnu/libp11-kit.so.0.0.0
7f82d4957000-7f82d4958000 r--p 00010000 08:11 17230                      /usr/lib/x86_64-linux-gnu/libp11-kit.so.0.0.0
7f82d4958000-7f82d4959000 rw-p 00011000 08:11 17230                      /usr/lib/x86_64-linux-gnu/libp11-kit.so.0.0.0
7f82d4959000-7f82d49d3000 r-xp 00000000 08:11 3933044                    /lib/x86_64-linux-gnu/libgcrypt.so.11.7.0
7f82d49d3000-7f82d4bd3000 ---p 0007a000 08:11 3933044                    /lib/x86_64-linux-gnu/libgcrypt.so.11.7.0
7f82d4bd3000-7f82d4bd4000 r--p 0007a000 08:11 3933044                    /lib/x86_64-linux-gnu/libgcrypt.so.11.7.0
7f82d4bd4000-7f82d4bd7000 rw-p 0007b000 08:11 3933044                    /lib/x86_64-linux-gnu/libgcrypt.so.11.7.0
7f82d4bd7000-7f82d4be7000 r-xp 00000000 08:11 17357                      /usr/lib/x86_64-linux-gnu/libtasn1.so.3.1.16
7f82d4be7000-7f82d4de6000 ---p 00010000 08:11 17357                      /usr/lib/x86_64-linux-gnu/libtasn1.so.3.1.16
7f82d4de6000-7f82d4de7000 r--p 0000f000 08:11 17357                      /usr/lib/x86_64-linux-gnu/libtasn1.so.3.1.16
7f82d4de7000-7f82d4de8000 rw-p 00010000 08:11 17357                      /usr/lib/x86_64-linux-gnu/libtasn1.so.3.1.16
7f82d4de8000-7f82d4deb000 r-xp 00000000 08:11 3933102                    /lib/x86_64-linux-gnu/libkeyutils.so.1.4
7f82d4deb000-7f82d4fea000 ---p 00003000 08:11 3933102                    /lib/x86_64-linux-gnu/libkeyutils.so.1.4
7f82d4fea000-7f82d4feb000 r--p 00002000 08:11 3933102                    /lib/x86_64-linux-gnu/libkeyutils.so.1.4
7f82d4feb000-7f82d4fec000 rw-p 00003000 08:11 3933102                    /lib/x86_64-linux-gnu/libkeyutils.so.1.4
7f82d4fec000-7f82d4ff4000 r-xp 00000000 08:11 15952                      /usr/lib/x86_64-linux-gnu/libkrb5support.so.0.1
7f82d4ff4000-7f82d51f3000 ---p 00008000 08:11 15952                      /usr/lib/x86_64-linux-gnu/libkrb5support.so.0.1
7f82d51f3000-7f82d51f4000 r--p 00007000 08:11 15952                      /usr/lib/x86_64-linux-gnu/libkrb5support.so.0.1
7f82d51f4000-7f82d51f5000 rw-p 00008000 08:11 15952                      /usr/lib/x86_64-linux-gnu/libkrb5support.so.0.1
7f82d51f5000-7f82d51f8000 r-xp 00000000 08:11 3933070                    /lib/x86_64-linux-gnu/libcom_err.so.2.1
7f82d51f8000-7f82d53f7000 ---p 00003000 08:11 3933070                    /lib/x86_64-linux-gnu/libcom_err.so.2.1
7f82d53f7000-7f82d53f8000 r--p 00002000 08:11 3933070                    /lib/x86_64-linux-gnu/libcom_err.so.2.1
7f82d53f8000-7f82d53f9000 rw-p 00003000 08:11 3933070                    /lib/x86_64-linux-gnu/libcom_err.so.2.1
7f82d53f9000-7f82d541f000 r-xp 00000000 08:11 15946                      /usr/lib/x86_64-linux-gnu/libk5crypto.so.3.1
7f82d541f000-7f82d561f000 ---p 00026000 08:11 15946                      /usr/lib/x86_64-linux-gnu/libk5crypto.so.3.1
7f82d561f000-7f82d5620000 r--p 00026000 08:11 15946                      /usr/lib/x86_64-linux-gnu/libk5crypto.so.3.1
7f82d5620000-7f82d5621000 rw-p 00027000 08:11 15946                      /usr/lib/x86_64-linux-gnu/libk5crypto.so.3.1
7f82d5621000-7f82d5622000 rw-p 00000000 00:00 0 
7f82d5622000-7f82d56eb000 r-xp 00000000 08:11 15950                      /usr/lib/x86_64-linux-gnu/libkrb5.so.3.3
7f82d56eb000-7f82d58ea000 ---p 000c9000 08:11 15950                      /usr/lib/x86_64-linux-gnu/libkrb5.so.3.3
7f82d58ea000-7f82d58f4000 r--p 000c8000 08:11 15950                      /usr/lib/x86_64-linux-gnu/libkrb5.so.3.3
7f82d58f4000-7f82d58f6000 rw-p 000d2000 08:11 15950                      /usr/lib/x86_64-linux-gnu/libkrb5.so.3.3
7f82d58f6000-7f82d58fb000 r-xp 00000000 08:11 16707                      /usr/lib/x86_64-linux-gnu/libXdmcp.so.6.0.0
7f82d58fb000-7f82d5afa000 ---p 00005000 08:11 16707                      /usr/lib/x86_64-linux-gnu/libXdmcp.so.6.0.0
7f82d5afa000-7f82d5afb000 rw-p 00004000 08:11 16707                      /usr/lib/x86_64-linux-gnu/libXdmcp.so.6.0.0
7f82d5afb000-7f82d5afd000 r-xp 00000000 08:11 16698                      /usr/lib/x86_64-linux-gnu/libXau.so.6.0.0
7f82d5afd000-7f82d5cfd000 ---p 00002000 08:11 16698                      /usr/lib/x86_64-linux-gnu/libXau.so.6.0.0
7f82d5cfd000-7f82d5cfe000 rw-p 00002000 08:11 16698                      /usr/lib/x86_64-linux-gnu/libXau.so.6.0.0
7f82d5cfe000-7f82d5d0e000 r-xp 00000000 08:11 16746                      /usr/lib/x86_64-linux-gnu/libavahi-client.so.3.2.9
7f82d5d0e000-7f82d5f0d000 ---p 00010000 08:11 16746                      /usr/lib/x86_64-linux-gnu/libavahi-client.so.3.2.9
7f82d5f0d000-7f82d5f0e000 r--p 0000f000 08:11 16746                      /usr/lib/x86_64-linux-gnu/libavahi-client.so.3.2.9
7f82d5f0e000-7f82d5f0f000 rw-p 00010000 08:11 16746                      /usr/lib/x86_64-linux-gnu/libavahi-client.so.3.2.9
7f82d5f0f000-7f82d5f1b000 r-xp 00000000 08:11 16748                      /usr/lib/x86_64-linux-gnu/libavahi-common.so.3.5.3
7f82d5f1b000-7f82d611a000 ---p 0000c000 08:11 16748                      /usr/lib/x86_64-linux-gnu/libavahi-common.so.3.5.3
7f82d611a000-7f82d611b000 r--p 0000b000 08:11 16748                      /usr/lib/x86_64-linux-gnu/libavahi-common.so.3.5.3
7f82d611b000-7f82d611c000 rw-p 0000c000 08:11 16748                      /usr/lib/x86_64-linux-gnu/libavahi-common.so.3.5.3
7f82d611c000-7f82d61d5000 r-xp 00000000 08:11 15929                      /usr/lib/x86_64-linux-gnu/libgnutls.so.26.22.4
7f82d61d5000-7f82d63d4000 ---p 000b9000 08:11 15929                      /usr/lib/x86_64-linux-gnu/libgnutls.so.26.22.4
7f82d63d4000-7f82d63da000 r--p 000b8000 08:11 15929                      /usr/lib/x86_64-linux-gnu/libgnutls.so.26.22.4
7f82d63da000-7f82d63dc000 rw-p 000be000 08:11 15929                      /usr/lib/x86_64-linux-gnu/libgnutls.so.26.22.4
7f82d63dc000-7f82d6418000 r-xp 00000000 08:11 15948                      /usr/lib/x86_64-linux-gnu/libgssapi_krb5.so.2.2
7f82d6418000-7f82d6618000 ---p 0003c000 08:11 15948                      /usr/lib/x86_64-linux-gnu/libgssapi_krb5.so.2.2
7f82d6618000-7f82d6619000 r--p 0003c000 08:11 15948                      /usr/lib/x86_64-linux-gnu/libgssapi_krb5.so.2.2
7f82d6619000-7f82d661b000 rw-p 0003d000 08:11 15948                      /usr/lib/x86_64-linux-gnu/libgssapi_krb5.so.2.2
7f82d661b000-7f82d6657000 r-xp 00000000 08:11 3933149                    /lib/x86_64-linux-gnu/libpcre.so.3.13.1
7f82d6657000-7f82d6857000 ---p 0003c000 08:11 3933149                    /lib/x86_64-linux-gnu/libpcre.so.3.13.1
7f82d6857000-7f82d6858000 rw-p 0003c000 08:11 3933149                    /lib/x86_64-linux-gnu/libpcre.so.3.13.1
7f82d6858000-7f82d6864000 r-xp 00000000 08:11 16866                      /usr/lib/x86_64-linux-gnu/libffi.so.5.0.10
7f82d6864000-7f82d6a64000 ---p 0000c000 08:11 16866                      /usr/lib/x86_64-linux-gnu/libffi.so.5.0.10
7f82d6a64000-7f82d6a65000 rw-p 0000c000 08:11 16866                      /usr/lib/x86_64-linux-gnu/libffi.so.5.0.10
7f82d6a65000-7f82d6a8c000 r-xp 00000000 08:11 3933046                    /lib/x86_64-linux-gnu/libexpat.so.1.6.0
7f82d6a8c000-7f82d6c8c000 ---p 00027000 08:11 3933046                    /lib/x86_64-linux-gnu/libexpat.so.1.6.0
7f82d6c8c000-7f82d6c8e000 r--p 00027000 08:11 3933046                    /lib/x86_64-linux-gnu/libexpat.so.1.6.0
7f82d6c8e000-7f82d6c8f000 rw-p 00029000 08:11 3933046                    /lib/x86_64-linux-gnu/libexpat.so.1.6.0
7f82d6c8f000-7f82d6c97000 r-xp 00000000 08:11 16144                      /usr/lib/x86_64-linux-gnu/libxcb-render.so.0.0.0
7f82d6c97000-7f82d6e97000 ---p 00008000 08:11 16144                      /usr/lib/x86_64-linux-gnu/libxcb-render.so.0.0.0
7f82d6e97000-7f82d6e98000 r--p 00008000 08:11 16144                      /usr/lib/x86_64-linux-gnu/libxcb-render.so.0.0.0
7f82d6e98000-7f82d6e99000 rw-p 00009000 08:11 16144                      /usr/lib/x86_64-linux-gnu/libxcb-render.so.0.0.0
7f82d6e99000-7f82d6e9b000 r-xp 00000000 08:11 17504                      /usr/lib/x86_64-linux-gnu/libxcb-shm.so.0.0.0
7f82d6e9b000-7f82d709a000 ---p 00002000 08:11 17504                      /usr/lib/x86_64-linux-gnu/libxcb-shm.so.0.0.0
7f82d709a000-7f82d709b000 r--p 00001000 08:11 17504                      /usr/lib/x86_64-linux-gnu/libxcb-shm.so.0.0.0
7f82d709b000-7f82d709c000 rw-p 00002000 08:11 17504                      /usr/lib/x86_64-linux-gnu/libxcb-shm.so.0.0.0
7f82d709c000-7f82d711c000 r-xp 00000000 08:11 17258                      /usr/lib/x86_64-linux-gnu/libpixman-1.so.0.26.0
7f82d711c000-7f82d731c000 ---p 00080000 08:11 17258                      /usr/lib/x86_64-linux-gnu/libpixman-1.so.0.26.0
7f82d731c000-7f82d7322000 rw-p 00080000 08:11 17258                      /usr/lib/x86_64-linux-gnu/libpixman-1.so.0.26.0
7f82d7322000-7f82d7348000 r-xp 00000000 08:11 3933151                    /lib/x86_64-linux-gnu/libpng12.so.0.49.0
7f82d7348000-7f82d7547000 ---p 00026000 08:11 3933151                    /lib/x86_64-linux-gnu/libpng12.so.0.49.0
7f82d7547000-7f82d7548000 r--p 00025000 08:11 3933151                    /lib/x86_64-linux-gnu/libpng12.so.0.49.0
7f82d7548000-7f82d7549000 rw-p 00026000 08:11 3933151                    /lib/x86_64-linux-gnu/libpng12.so.0.49.0
7f82d7549000-7f82d755c000 r-xp 00000000 08:11 3933348                    /lib/x86_64-linux-gnu/libresolv-2.13.so
7f82d755c000-7f82d775b000 ---p 00013000 08:11 3933348                    /lib/x86_64-linux-gnu/libresolv-2.13.so
7f82d775b000-7f82d775c000 r--p 00012000 08:11 3933348                    /lib/x86_64-linux-gnu/libresolv-2.13.so
7f82d775c000-7f82d775d000 rw-p 00013000 08:11 3933348                    /lib/x86_64-linux-gnu/libresolv-2.13.so
7f82d775d000-7f82d775f000 rw-p 00000000 00:00 0 
7f82d775f000-7f82d777d000 r-xp 00000000 08:11 3933166                    /lib/x86_64-linux-gnu/libselinux.so.1
7f82d777d000-7f82d797c000 ---p 0001e000 08:11 3933166                    /lib/x86_64-linux-gnu/libselinux.so.1
7f82d797c000-7f82d797d000 r--p 0001d000 08:11 3933166                    /lib/x86_64-linux-gnu/libselinux.so.1
7f82d797d000-7f82d797e000 rw-p 0001e000 08:11 3933166                    /lib/x86_64-linux-gnu/libselinux.so.1
7f82d797e000-7f82d797f000 rw-p 00000000 00:00 0 
7f82d797f000-7f82d7982000 r-xp 00000000 08:11 16957                      /usr/lib/x86_64-linux-gnu/libgmodule-2.0.so.0.3200.4
7f82d7982000-7f82d7b81000 ---p 00003000 08:11 16957                      /usr/lib/x86_64-linux-gnu/libgmodule-2.0.so.0.3200.4
7f82d7b81000-7f82d7b82000 r--p 00002000 08:11 16957                      /usr/lib/x86_64-linux-gnu/libgmodule-2.0.so.0.3200.4
7f82d7b82000-7f82d7b83000 rw-p 00003000 08:11 16957                      /usr/lib/x86_64-linux-gnu/libgmodule-2.0.so.0.3200.4
7f82d7b83000-7f82d7b8d000 r-xp 00000000 08:11 16146                      /usr/lib/x86_64-linux-gnu/libXcursor.so.1.0.2
7f82d7b8d000-7f82d7d8c000 ---p 0000a000 08:11 16146                      /usr/lib/x86_64-linux-gnu/libXcursor.so.1.0.2
7f82d7d8c000-7f82d7d8d000 rw-p 00009000 08:11 16146                      /usr/lib/x86_64-linux-gnu/libXcursor.so.1.0.2
7f82d7d8d000-7f82d7d94000 r-xp 00000000 08:11 16148                      /usr/lib/x86_64-linux-gnu/libXrandr.so.2.2.0
7f82d7d94000-7f82d7f94000 ---p 00007000 08:11 16148                      /usr/lib/x86_64-linux-gnu/libXrandr.so.2.2.0
7f82d7f94000-7f82d7f95000 rw-p 00007000 08:11 16148                      /usr/lib/x86_64-linux-gnu/libXrandr.so.2.2.0
7f82d7f95000-7f82d7f97000 r-xp 00000000 08:11 16047                      /usr/lib/x86_64-linux-gnu/libXinerama.so.1.0.0
7f82d7f97000-7f82d8196000 ---p 00002000 08:11 16047                      /usr/lib/x86_64-linux-gnu/libXinerama.so.1.0.0
7f82d8196000-7f82d8197000 rw-p 00001000 08:11 16047                      /usr/lib/x86_64-linux-gnu/libXinerama.so.1.0.0
7f82d8197000-7f82d819c000 r-xp 00000000 08:11 15992                      /usr/lib/x86_64-linux-gnu/libXfixes.so.3.1.0
7f82d819c000-7f82d839b000 ---p 00005000 08:11 15992                      /usr/lib/x86_64-linux-gnu/libXfixes.so.3.1.0
7f82d839b000-7f82d839c000 r--p 00004000 08:11 15992                      /usr/lib/x86_64-linux-gnu/libXfixes.so.3.1.0
7f82d839c000-7f82d839d000 rw-p 00005000 08:11 15992                      /usr/lib/x86_64-linux-gnu/libXfixes.so.3.1.0
7f82d839d000-7f82d839f000 r-xp 00000000 08:11 16705                      /usr/lib/x86_64-linux-gnu/libXdamage.so.1.1.0
7f82d839f000-7f82d859e000 ---p 00002000 08:11 16705                      /usr/lib/x86_64-linux-gnu/libXdamage.so.1.1.0
7f82d859e000-7f82d859f000 rw-p 00001000 08:11 16705                      /usr/lib/x86_64-linux-gnu/libXdamage.so.1.1.0
7f82d859f000-7f82d85a1000 r-xp 00000000 08:11 16703                      /usr/lib/x86_64-linux-gnu/libXcomposite.so.1.0.0
7f82d85a1000-7f82d87a0000 ---p 00002000 08:11 16703                      /usr/lib/x86_64-linux-gnu/libXcomposite.so.1.0.0
7f82d87a0000-7f82d87a1000 rw-p 00001000 08:11 16703                      /usr/lib/x86_64-linux-gnu/libXcomposite.so.1.0.0
7f82d87a1000-7f82d87c0000 r-xp 00000000 08:11 18936                      /usr/lib/x86_64-linux-gnu/libxcb.so.1.1.0
7f82d87c0000-7f82d89bf000 ---p 0001f000 08:11 18936                      /usr/lib/x86_64-linux-gnu/libxcb.so.1.1.0
7f82d89bf000-7f82d89c0000 r--p 0001e000 08:11 18936                      /usr/lib/x86_64-linux-gnu/libxcb.so.1.1.0
7f82d89c0000-7f82d89c1000 rw-p 0001f000 08:11 18936                      /usr/lib/x86_64-linux-gnu/libxcb.so.1.1.0
7f82d89c1000-7f82d8a14000 r-xp 00000000 08:11 16804                      /usr/lib/x86_64-linux-gnu/libcups.so.2
7f82d8a14000-7f82d8c13000 ---p 00053000 08:11 16804                      /usr/lib/x86_64-linux-gnu/libcups.so.2
7f82d8c13000-7f82d8c18000 r--p 00052000 08:11 16804                      /usr/lib/x86_64-linux-gnu/libcups.so.2
7f82d8c18000-7f82d8c19000 rw-p 00057000 08:11 16804                      /usr/lib/x86_64-linux-gnu/libcups.so.2
7f82d8c19000-7f82d8d0e000 r-xp 00000000 08:11 3933091                    /lib/x86_64-linux-gnu/libglib-2.0.so.0.3200.4
7f82d8d0e000-7f82d8f0e000 ---p 000f5000 08:11 3933091                    /lib/x86_64-linux-gnu/libglib-2.0.so.0.3200.4
7f82d8f0e000-7f82d8f0f000 r--p 000f5000 08:11 3933091                    /lib/x86_64-linux-gnu/libglib-2.0.so.0.3200.4
7f82d8f0f000-7f82d8f10000 rw-p 000f6000 08:11 3933091                    /lib/x86_64-linux-gnu/libglib-2.0.so.0.3200.4
7f82d8f10000-7f82d8f11000 rw-p 00000000 00:00 0 
7f82d8f11000-7f82d8f12000 r-xp 00000000 08:11 17096                      /usr/lib/x86_64-linux-gnu/libgthread-2.0.so.0.3200.4
7f82d8f12000-7f82d9111000 ---p 00001000 08:11 17096                      /usr/lib/x86_64-linux-gnu/libgthread-2.0.so.0.3200.4
7f82d9111000-7f82d9112000 r--p 00000000 08:11 17096                      /usr/lib/x86_64-linux-gnu/libgthread-2.0.so.0.3200.4
7f82d9112000-7f82d9113000 rw-p 00001000 08:11 17096                      /usr/lib/x86_64-linux-gnu/libgthread-2.0.so.0.3200.4
7f82d9113000-7f82d9161000 r-xp 00000000 08:11 16963                      /usr/lib/x86_64-linux-gnu/libgobject-2.0.so.0.3200.4
7f82d9161000-7f82d9361000 ---p 0004e000 08:11 16963                      /usr/lib/x86_64-linux-gnu/libgobject-2.0.so.0.3200.4
7f82d9361000-7f82d9362000 r--p 0004e000 08:11 16963                      /usr/lib/x86_64-linux-gnu/libgobject-2.0.so.0.3200.4
7f82d9362000-7f82d9363000 rw-p 0004f000 08:11 16963                      /usr/lib/x86_64-linux-gnu/libgobject-2.0.so.0.3200.4
7f82d9363000-7f82d9398000 r-xp 00000000 08:11 16904                      /usr/lib/x86_64-linux-gnu/libfontconfig.so.1.5.0
7f82d9398000-7f82d9598000 ---p 00035000 08:11 16904                      /usr/lib/x86_64-linux-gnu/libfontconfig.so.1.5.0
7f82d9598000-7f82d9599000 r--p 00035000 08:11 16904                      /usr/lib/x86_64-linux-gnu/libfontconfig.so.1.5.0
7f82d9599000-7f82d959a000 rw-p 00036000 08:11 16904                      /usr/lib/x86_64-linux-gnu/libfontconfig.so.1.5.0
7f82d959a000-7f82d9633000 r-xp 00000000 08:11 16912                      /usr/lib/x86_64-linux-gnu/libfreetype.so.6.8.1
7f82d9633000-7f82d9832000 ---p 00099000 08:11 16912                      /usr/lib/x86_64-linux-gnu/libfreetype.so.6.8.1
7f82d9832000-7f82d9838000 r--p 00098000 08:11 16912                      /usr/lib/x86_64-linux-gnu/libfreetype.so.6.8.1
7f82d9838000-7f82d9839000 rw-p 0009e000 08:11 16912                      /usr/lib/x86_64-linux-gnu/libfreetype.so.6.8.1
7f82d9839000-7f82d9883000 r-xp 00000000 08:11 17236                      /usr/lib/x86_64-linux-gnu/libpango-1.0.so.0.3000.0
7f82d9883000-7f82d9a83000 ---p 0004a000 08:11 17236                      /usr/lib/x86_64-linux-gnu/libpango-1.0.so.0.3000.0
7f82d9a83000-7f82d9a85000 r--p 0004a000 08:11 17236                      /usr/lib/x86_64-linux-gnu/libpango-1.0.so.0.3000.0
7f82d9a85000-7f82d9a86000 rw-p 0004c000 08:11 17236                      /usr/lib/x86_64-linux-gnu/libpango-1.0.so.0.3000.0
7f82d9a86000-7f82d9b7a000 r-xp 00000000 08:11 16777                      /usr/lib/x86_64-linux-gnu/libcairo.so.2.11200.2
7f82d9b7a000-7f82d9d79000 ---p 000f4000 08:11 16777                      /usr/lib/x86_64-linux-gnu/libcairo.so.2.11200.2
7f82d9d79000-7f82d9d7c000 r--p 000f3000 08:11 16777                      /usr/lib/x86_64-linux-gnu/libcairo.so.2.11200.2
7f82d9d7c000-7f82d9d7d000 rw-p 000f6000 08:11 16777                      /usr/lib/x86_64-linux-gnu/libcairo.so.2.11200.2
7f82d9d7d000-7f82d9d7f000 rw-p 00000000 00:00 0 
7f82d9d7f000-7f82d9d9e000 r-xp 00000000 08:11 16937                      /usr/lib/x86_64-linux-gnu/libgdk_pixbuf-2.0.so.0.2600.1
7f82d9d9e000-7f82d9f9d000 ---p 0001f000 08:11 16937                      /usr/lib/x86_64-linux-gnu/libgdk_pixbuf-2.0.so.0.2600.1
7f82d9f9d000-7f82d9f9e000 r--p 0001e000 08:11 16937                      /usr/lib/x86_64-linux-gnu/libgdk_pixbuf-2.0.so.0.2600.1
7f82d9f9e000-7f82d9f9f000 rw-p 0001f000 08:11 16937                      /usr/lib/x86_64-linux-gnu/libgdk_pixbuf-2.0.so.0.2600.1
7f82d9f9f000-7f82d9fab000 r-xp 00000000 08:11 17238                      /usr/lib/x86_64-linux-gnu/libpangocairo-1.0.so.0.3000.0
7f82d9fab000-7f82da1aa000 ---p 0000c000 08:11 17238                      /usr/lib/x86_64-linux-gnu/libpangocairo-1.0.so.0.3000.0
7f82da1aa000-7f82da1ab000 r--p 0000b000 08:11 17238                      /usr/lib/x86_64-linux-gnu/libpangocairo-1.0.so.0.3000.0
7f82da1ab000-7f82da1ac000 rw-p 0000c000 08:11 17238                      /usr/lib/x86_64-linux-gnu/libpangocairo-1.0.so.0.3000.0
7f82da1ac000-7f82da1d6000 r-xp 00000000 08:11 17240                      /usr/lib/x86_64-linux-gnu/libpangoft2-1.0.so.0.3000.0
7f82da1d6000-7f82da3d5000 ---p 0002a000 08:11 17240                      /usr/lib/x86_64-linux-gnu/libpangoft2-1.0.so.0.3000.0
7f82da3d5000-7f82da3d6000 r--p 00029000 08:11 17240                      /usr/lib/x86_64-linux-gnu/libpangoft2-1.0.so.0.3000.0
7f82da3d6000-7f82da3d7000 rw-p 0002a000 08:11 17240                      /usr/lib/x86_64-linux-gnu/libpangoft2-1.0.so.0.3000.0
7f82da3d7000-7f82da523000 r-xp 00000000 08:11 16949                      /usr/lib/x86_64-linux-gnu/libgio-2.0.so.0.3200.4
7f82da523000-7f82da722000 ---p 0014c000 08:11 16949                      /usr/lib/x86_64-linux-gnu/libgio-2.0.so.0.3200.4
7f82da722000-7f82da726000 r--p 0014b000 08:11 16949                      /usr/lib/x86_64-linux-gnu/libgio-2.0.so.0.3200.4
7f82da726000-7f82da728000 rw-p 0014f000 08:11 16949                      /usr/lib/x86_64-linux-gnu/libgio-2.0.so.0.3200.4
7f82da728000-7f82da72a000 rw-p 00000000 00:00 0 
7f82da72a000-7f82da74b000 r-xp 00000000 08:11 16742                      /usr/lib/x86_64-linux-gnu/libatk-1.0.so.0.20409.1
7f82da74b000-7f82da94a000 ---p 00021000 08:11 16742                      /usr/lib/x86_64-linux-gnu/libatk-1.0.so.0.20409.1
7f82da94a000-7f82da94c000 r--p 00020000 08:11 16742                      /usr/lib/x86_64-linux-gnu/libatk-1.0.so.0.20409.1
7f82da94c000-7f82da94d000 rw-p 00022000 08:11 16742                      /usr/lib/x86_64-linux-gnu/libatk-1.0.so.0.20409.1
7f82da94d000-7f82da9fc000 r-xp 00000000 08:11 16935                      /usr/lib/x86_64-linux-gnu/libgdk-x11-2.0.so.0.2400.10
7f82da9fc000-7f82dabfb000 ---p 000af000 08:11 16935                      /usr/lib/x86_64-linux-gnu/libgdk-x11-2.0.so.0.2400.10
7f82dabfb000-7f82dac00000 rw-p 000ae000 08:11 16935                      /usr/lib/x86_64-linux-gnu/libgdk-x11-2.0.so.0.2400.10
7f82dac00000-7f82db032000 r-xp 00000000 08:11 17103                      /usr/lib/x86_64-linux-gnu/libgtk-x11-2.0.so.0.2400.10
7f82db032000-7f82db232000 ---p 00432000 08:11 17103                      /usr/lib/x86_64-linux-gnu/libgtk-x11-2.0.so.0.2400.10
7f82db232000-7f82db23d000 rw-p 00432000 08:11 17103                      /usr/lib/x86_64-linux-gnu/libgtk-x11-2.0.so.0.2400.10
7f82db23d000-7f82db23f000 rw-p 00000000 00:00 0 
7f82db23f000-7f82db24d000 r-xp 00000000 08:11 15996                      /usr/lib/x86_64-linux-gnu/libXi.so.6.1.0
7f82db24d000-7f82db44d000 ---p 0000e000 08:11 15996                      /usr/lib/x86_64-linux-gnu/libXi.so.6.1.0
7f82db44d000-7f82db44e000 rw-p 0000e000 08:11 15996                      /usr/lib/x86_64-linux-gnu/libXi.so.6.1.0
7f82db44e000-7f82db453000 r-xp 00000000 08:11 16140                      /usr/lib/x86_64-linux-gnu/libXtst.so.6.1.0
7f82db453000-7f82db652000 ---p 00005000 08:11 16140                      /usr/lib/x86_64-linux-gnu/libXtst.so.6.1.0
7f82db652000-7f82db653000 rw-p 00004000 08:11 16140                      /usr/lib/x86_64-linux-gnu/libXtst.so.6.1.0
7f82db653000-7f82db65c000 r-xp 00000000 08:11 16045                      /usr/lib/x86_64-linux-gnu/libXrender.so.1.3.0
7f82db65c000-7f82db85b000 ---p 00009000 08:11 16045                      /usr/lib/x86_64-linux-gnu/libXrender.so.1.3.0
7f82db85b000-7f82db85c000 rw-p 00008000 08:11 16045                      /usr/lib/x86_64-linux-gnu/libXrender.so.1.3.0
7f82db85c000-7f82db991000 r-xp 00000000 08:11 17511                      /usr/lib/x86_64-linux-gnu/libX11.so.6.3.0
7f82db991000-7f82dbb91000 ---p 00135000 08:11 17511                      /usr/lib/x86_64-linux-gnu/libX11.so.6.3.0
7f82dbb91000-7f82dbb97000 rw-p 00135000 08:11 17511                      /usr/lib/x86_64-linux-gnu/libX11.so.6.3.0
7f82dbb97000-7f82dbba8000 r-xp 00000000 08:11 15920                      /usr/lib/x86_64-linux-gnu/libXext.so.6.4.0
7f82dbba8000-7f82dbda8000 ---p 00011000 08:11 15920                      /usr/lib/x86_64-linux-gnu/libXext.so.6.4.0
7f82dbda8000-7f82dbda9000 rw-p 00011000 08:11 15920                      /usr/lib/x86_64-linux-gnu/libXext.so.6.4.0
7f82dbda9000-7f82dbdfc000 r-xp 00000000 08:11 76222                      /usr/lib/jvm/java-7-openjdk-amd64/jre/lib/amd64/xawt/libmawt.so
7f82dbdfc000-7f82dbffb000 ---p 00053000 08:11 76222                      /usr/lib/jvm/java-7-openjdk-amd64/jre/lib/amd64/xawt/libmawt.so
7f82dbffb000-7f82dbffc000 r--p 00052000 08:11 76222                      /usr/lib/jvm/java-7-openjdk-amd64/jre/lib/amd64/xawt/libmawt.so
7f82dbffc000-7f82dbfff000 rw-p 00053000 08:11 76222                      /usr/lib/jvm/java-7-openjdk-amd64/jre/lib/amd64/xawt/libmawt.so
7f82dbfff000-7f82dc000000 rw-p 00000000 00:00 0 
7f82dc000000-7f82dc952000 rw-p 00000000 00:00 0 
7f82dc952000-7f82e0000000 ---p 00000000 00:00 0 
7f82e0000000-7f82e0008000 r--s 0007e000 08:11 917668                     /home/akshay/git/wpi-suite/Core/WPISuite/WebContent/WEB-INF/lib/javax.mail.jar
7f82e0008000-7f82e000c000 r--s 0002f000 08:11 917666                     /home/akshay/git/wpi-suite/Core/WPISuite/WebContent/WEB-INF/lib/jackson-core-2.1.2.jar
7f82e000c000-7f82e000e000 r--s 00007000 08:11 917665                     /home/akshay/git/wpi-suite/Core/WPISuite/WebContent/WEB-INF/lib/jackson-annotations-2.1.1.jar
7f82e000e000-7f82e0014000 r--s 00031000 08:11 917664                     /home/akshay/git/wpi-suite/Core/WPISuite/WebContent/WEB-INF/lib/httpcore-4.2.2.jar
7f82e0014000-7f82e001d000 r--s 00060000 08:11 917663                     /home/akshay/git/wpi-suite/Core/WPISuite/WebContent/WEB-INF/lib/httpclient-4.2.2.jar
7f82e001d000-7f82e0022000 r--s 0002a000 08:11 917662                     /home/akshay/git/wpi-suite/Core/WPISuite/WebContent/WEB-INF/lib/gson-2.2.2.jar
7f82e0022000-7f82e0057000 r--s 00251000 08:11 917661                     /home/akshay/git/wpi-suite/Core/WPISuite/WebContent/WEB-INF/lib/db4o-8.0.249.16098-all-java5.jar
7f82e0057000-7f82e005a000 ---p 00000000 00:00 0 
7f82e005a000-7f82e0158000 rw-p 00000000 00:00 0 
7f82e0158000-7f82e01f9000 r-xp 00000000 08:11 75082                      /usr/lib/jvm/java-7-openjdk-amd64/jre/lib/amd64/libawt.so
7f82e01f9000-7f82e03f9000 ---p 000a1000 08:11 75082                      /usr/lib/jvm/java-7-openjdk-amd64/jre/lib/amd64/libawt.so
7f82e03f9000-7f82e03fa000 r--p 000a1000 08:11 75082                      /usr/lib/jvm/java-7-openjdk-amd64/jre/lib/amd64/libawt.so
7f82e03fa000-7f82e0405000 rw-p 000a2000 08:11 75082                      /usr/lib/jvm/java-7-openjdk-amd64/jre/lib/amd64/libawt.so
7f82e0405000-7f82e042a000 rw-p 00000000 00:00 0 
7f82e042a000-7f82e042b000 ---p 00000000 00:00 0 
7f82e042b000-7f82e052b000 rw-p 00000000 00:00 0 
7f82e052b000-7f82e052e000 ---p 00000000 00:00 0 
7f82e052e000-7f82e062c000 rw-p 00000000 00:00 0 
7f82e062c000-7f82e062f000 ---p 00000000 00:00 0 
7f82e062f000-7f82e072d000 rw-p 00000000 00:00 0 
7f82e072d000-7f82e0730000 ---p 00000000 00:00 0 
7f82e0730000-7f82e082e000 rw-p 00000000 00:00 0 
7f82e082e000-7f82e0831000 ---p 00000000 00:00 0 
7f82e0831000-7f82e092f000 rw-p 00000000 00:00 0 
7f82e092f000-7f82e0aa6000 r--p 00000000 08:11 9758                       /usr/lib/locale/locale-archive
7f82e0aa6000-7f82e0aa9000 ---p 00000000 00:00 0 
7f82e0aa9000-7f82e0ba7000 rw-p 00000000 00:00 0 
7f82e0ba7000-7f82e0baa000 ---p 00000000 00:00 0 
7f82e0baa000-7f82e0ca8000 rw-p 00000000 00:00 0 
7f82e0ca8000-7f82e0ca9000 ---p 00000000 00:00 0 
7f82e0ca9000-7f82e1dc9000 rw-p 00000000 00:00 0 
7f82e1dc9000-7f82e1f76000 r--s 01cec000 08:11 59263                      /usr/lib/jvm/java-7-openjdk-amd64/jre/lib/rt.jar
7f82e1f76000-7f82e5f86000 rw-p 00000000 00:00 0 
7f82e5f86000-7f82e5f87000 ---p 00000000 00:00 0 
7f82e5f87000-7f82e6087000 rw-p 00000000 00:00 0 
7f82e6087000-7f82e6088000 ---p 00000000 00:00 0 
7f82e6088000-7f82e6188000 rw-p 00000000 00:00 0 
7f82e6188000-7f82e6189000 ---p 00000000 00:00 0 
7f82e6189000-7f82e6289000 rw-p 00000000 00:00 0 
7f82e6289000-7f82e628a000 ---p 00000000 00:00 0 
7f82e628a000-7f82e6395000 rw-p 00000000 00:00 0 
7f82e6395000-7f82e63dd000 rw-p 00000000 00:00 0 
7f82e63dd000-7f82e63fc000 rw-p 00000000 00:00 0 
7f82e63fc000-7f82e65c7000 rw-p 00000000 00:00 0 
7f82e65c7000-7f82e65d2000 rw-p 00000000 00:00 0 
7f82e65d2000-7f82e661a000 rw-p 00000000 00:00 0 
7f82e661a000-7f82e6639000 rw-p 00000000 00:00 0 
7f82e6639000-7f82e6804000 rw-p 00000000 00:00 0 
7f82e6804000-7f82e6814000 rw-p 00000000 00:00 0 
7f82e6814000-7f82e68f9000 rw-p 00000000 00:00 0 
7f82e68f9000-7f82e68fa000 rw-p 00000000 00:00 0 
7f82e68fa000-7f82e6b6a000 rwxp 00000000 00:00 0 
7f82e6b6a000-7f82e98fa000 rw-p 00000000 00:00 0 
7f82e98fa000-7f82e9902000 r-xp 00000000 08:11 75105                      /usr/lib/jvm/java-7-openjdk-amd64/jre/lib/amd64/libzip.so
7f82e9902000-7f82e9b01000 ---p 00008000 08:11 75105                      /usr/lib/jvm/java-7-openjdk-amd64/jre/lib/amd64/libzip.so
7f82e9b01000-7f82e9b02000 r--p 00007000 08:11 75105                      /usr/lib/jvm/java-7-openjdk-amd64/jre/lib/amd64/libzip.so
7f82e9b02000-7f82e9b03000 rw-p 00008000 08:11 75105                      /usr/lib/jvm/java-7-openjdk-amd64/jre/lib/amd64/libzip.so
7f82e9b03000-7f82e9b0e000 r-xp 00000000 08:11 3933363                    /lib/x86_64-linux-gnu/libnss_files-2.13.so
7f82e9b0e000-7f82e9d0d000 ---p 0000b000 08:11 3933363                    /lib/x86_64-linux-gnu/libnss_files-2.13.so
7f82e9d0d000-7f82e9d0e000 r--p 0000a000 08:11 3933363                    /lib/x86_64-linux-gnu/libnss_files-2.13.so
7f82e9d0e000-7f82e9d0f000 rw-p 0000b000 08:11 3933363                    /lib/x86_64-linux-gnu/libnss_files-2.13.so
7f82e9d0f000-7f82e9d19000 r-xp 00000000 08:11 3933359                    /lib/x86_64-linux-gnu/libnss_nis-2.13.so
7f82e9d19000-7f82e9f18000 ---p 0000a000 08:11 3933359                    /lib/x86_64-linux-gnu/libnss_nis-2.13.so
7f82e9f18000-7f82e9f19000 r--p 00009000 08:11 3933359                    /lib/x86_64-linux-gnu/libnss_nis-2.13.so
7f82e9f19000-7f82e9f1a000 rw-p 0000a000 08:11 3933359                    /lib/x86_64-linux-gnu/libnss_nis-2.13.so
7f82e9f1a000-7f82e9f2f000 r-xp 00000000 08:11 3933357                    /lib/x86_64-linux-gnu/libnsl-2.13.so
7f82e9f2f000-7f82ea12e000 ---p 00015000 08:11 3933357                    /lib/x86_64-linux-gnu/libnsl-2.13.so
7f82ea12e000-7f82ea12f000 r--p 00014000 08:11 3933357                    /lib/x86_64-linux-gnu/libnsl-2.13.so
7f82ea12f000-7f82ea130000 rw-p 00015000 08:11 3933357                    /lib/x86_64-linux-gnu/libnsl-2.13.so
7f82ea130000-7f82ea132000 rw-p 00000000 00:00 0 
7f82ea132000-7f82ea139000 r-xp 00000000 08:11 3933352                    /lib/x86_64-linux-gnu/libnss_compat-2.13.so
7f82ea139000-7f82ea338000 ---p 00007000 08:11 3933352                    /lib/x86_64-linux-gnu/libnss_compat-2.13.so
7f82ea338000-7f82ea339000 r--p 00006000 08:11 3933352                    /lib/x86_64-linux-gnu/libnss_compat-2.13.so
7f82ea339000-7f82ea33a000 rw-p 00007000 08:11 3933352                    /lib/x86_64-linux-gnu/libnss_compat-2.13.so
7f82ea33a000-7f82ea364000 r-xp 00000000 08:11 75096                      /usr/lib/jvm/java-7-openjdk-amd64/jre/lib/amd64/libjava.so
7f82ea364000-7f82ea564000 ---p 0002a000 08:11 75096                      /usr/lib/jvm/java-7-openjdk-amd64/jre/lib/amd64/libjava.so
7f82ea564000-7f82ea565000 r--p 0002a000 08:11 75096                      /usr/lib/jvm/java-7-openjdk-amd64/jre/lib/amd64/libjava.so
7f82ea565000-7f82ea567000 rw-p 0002b000 08:11 75096                      /usr/lib/jvm/java-7-openjdk-amd64/jre/lib/amd64/libjava.so
7f82ea567000-7f82ea576000 r-xp 00000000 08:11 75080                      /usr/lib/jvm/java-7-openjdk-amd64/jre/lib/amd64/libverify.so
7f82ea576000-7f82ea775000 ---p 0000f000 08:11 75080                      /usr/lib/jvm/java-7-openjdk-amd64/jre/lib/amd64/libverify.so
7f82ea775000-7f82ea777000 r--p 0000e000 08:11 75080                      /usr/lib/jvm/java-7-openjdk-amd64/jre/lib/amd64/libverify.so
7f82ea777000-7f82ea778000 rw-p 00010000 08:11 75080                      /usr/lib/jvm/java-7-openjdk-amd64/jre/lib/amd64/libverify.so
7f82ea778000-7f82ea77f000 r-xp 00000000 08:11 3933367                    /lib/x86_64-linux-gnu/librt-2.13.so
7f82ea77f000-7f82ea97e000 ---p 00007000 08:11 3933367                    /lib/x86_64-linux-gnu/librt-2.13.so
7f82ea97e000-7f82ea97f000 r--p 00006000 08:11 3933367                    /lib/x86_64-linux-gnu/librt-2.13.so
7f82ea97f000-7f82ea980000 rw-p 00007000 08:11 3933367                    /lib/x86_64-linux-gnu/librt-2.13.so
7f82ea980000-7f82ea995000 r-xp 00000000 08:11 3933087                    /lib/x86_64-linux-gnu/libgcc_s.so.1
7f82ea995000-7f82eab95000 ---p 00015000 08:11 3933087                    /lib/x86_64-linux-gnu/libgcc_s.so.1
7f82eab95000-7f82eab96000 rw-p 00015000 08:11 3933087                    /lib/x86_64-linux-gnu/libgcc_s.so.1
7f82eab96000-7f82eac17000 r-xp 00000000 08:11 3933354                    /lib/x86_64-linux-gnu/libm-2.13.so
7f82eac17000-7f82eae16000 ---p 00081000 08:11 3933354                    /lib/x86_64-linux-gnu/libm-2.13.so
7f82eae16000-7f82eae17000 r--p 00080000 08:11 3933354                    /lib/x86_64-linux-gnu/libm-2.13.so
7f82eae17000-7f82eae18000 rw-p 00081000 08:11 3933354                    /lib/x86_64-linux-gnu/libm-2.13.so
7f82eae18000-7f82eaf00000 r-xp 00000000 08:11 17347                      /usr/lib/x86_64-linux-gnu/libstdc++.so.6.0.17
7f82eaf00000-7f82eb100000 ---p 000e8000 08:11 17347                      /usr/lib/x86_64-linux-gnu/libstdc++.so.6.0.17
7f82eb100000-7f82eb108000 r--p 000e8000 08:11 17347                      /usr/lib/x86_64-linux-gnu/libstdc++.so.6.0.17
7f82eb108000-7f82eb10a000 rw-p 000f0000 08:11 17347                      /usr/lib/x86_64-linux-gnu/libstdc++.so.6.0.17
7f82eb10a000-7f82eb11f000 rw-p 00000000 00:00 0 
7f82eb11f000-7f82ebb10000 r-xp 00000000 08:11 78573                      /usr/lib/jvm/java-7-openjdk-amd64/jre/lib/amd64/server/libjvm.so
7f82ebb10000-7f82ebd10000 ---p 009f1000 08:11 78573                      /usr/lib/jvm/java-7-openjdk-amd64/jre/lib/amd64/server/libjvm.so
7f82ebd10000-7f82ebd8f000 r--p 009f1000 08:11 78573                      /usr/lib/jvm/java-7-openjdk-amd64/jre/lib/amd64/server/libjvm.so
7f82ebd8f000-7f82ebdb2000 rw-p 00a70000 08:11 78573                      /usr/lib/jvm/java-7-openjdk-amd64/jre/lib/amd64/server/libjvm.so
7f82ebdb2000-7f82ebddd000 rw-p 00000000 00:00 0 
7f82ebddd000-7f82ebf5f000 r-xp 00000000 08:11 3933347                    /lib/x86_64-linux-gnu/libc-2.13.so
7f82ebf5f000-7f82ec15e000 ---p 00182000 08:11 3933347                    /lib/x86_64-linux-gnu/libc-2.13.so
7f82ec15e000-7f82ec162000 r--p 00181000 08:11 3933347                    /lib/x86_64-linux-gnu/libc-2.13.so
7f82ec162000-7f82ec163000 rw-p 00185000 08:11 3933347                    /lib/x86_64-linux-gnu/libc-2.13.so
7f82ec163000-7f82ec168000 rw-p 00000000 00:00 0 
7f82ec168000-7f82ec16a000 r-xp 00000000 08:11 3933361                    /lib/x86_64-linux-gnu/libdl-2.13.so
7f82ec16a000-7f82ec36a000 ---p 00002000 08:11 3933361                    /lib/x86_64-linux-gnu/libdl-2.13.so
7f82ec36a000-7f82ec36b000 r--p 00002000 08:11 3933361                    /lib/x86_64-linux-gnu/libdl-2.13.so
7f82ec36b000-7f82ec36c000 rw-p 00003000 08:11 3933361                    /lib/x86_64-linux-gnu/libdl-2.13.so
7f82ec36c000-7f82ec382000 r-xp 00000000 08:11 3933196                    /lib/x86_64-linux-gnu/libz.so.1.2.7
7f82ec382000-7f82ec581000 ---p 00016000 08:11 3933196                    /lib/x86_64-linux-gnu/libz.so.1.2.7
7f82ec581000-7f82ec582000 r--p 00015000 08:11 3933196                    /lib/x86_64-linux-gnu/libz.so.1.2.7
7f82ec582000-7f82ec583000 rw-p 00016000 08:11 3933196                    /lib/x86_64-linux-gnu/libz.so.1.2.7
7f82ec583000-7f82ec590000 r-xp 00000000 08:11 75084                      /usr/lib/jvm/java-7-openjdk-amd64/jre/lib/amd64/jli/libjli.so
7f82ec590000-7f82ec78f000 ---p 0000d000 08:11 75084                      /usr/lib/jvm/java-7-openjdk-amd64/jre/lib/amd64/jli/libjli.so
7f82ec78f000-7f82ec790000 r--p 0000c000 08:11 75084                      /usr/lib/jvm/java-7-openjdk-amd64/jre/lib/amd64/jli/libjli.so
7f82ec790000-7f82ec791000 rw-p 0000d000 08:11 75084                      /usr/lib/jvm/java-7-openjdk-amd64/jre/lib/amd64/jli/libjli.so
7f82ec791000-7f82ec7a8000 r-xp 00000000 08:11 3933365                    /lib/x86_64-linux-gnu/libpthread-2.13.so
7f82ec7a8000-7f82ec9a7000 ---p 00017000 08:11 3933365                    /lib/x86_64-linux-gnu/libpthread-2.13.so
7f82ec9a7000-7f82ec9a8000 r--p 00016000 08:11 3933365                    /lib/x86_64-linux-gnu/libpthread-2.13.so
7f82ec9a8000-7f82ec9a9000 rw-p 00017000 08:11 3933365                    /lib/x86_64-linux-gnu/libpthread-2.13.so
7f82ec9a9000-7f82ec9ad000 rw-p 00000000 00:00 0 
7f82ec9ad000-7f82ec9cd000 r-xp 00000000 08:11 3933369                    /lib/x86_64-linux-gnu/ld-2.13.so
7f82ec9ce000-7f82ec9cf000 rw-p 00000000 00:00 0 
7f82ec9cf000-7f82ec9d1000 r--s 0000d000 08:11 917660                     /home/akshay/git/wpi-suite/Core/WPISuite/WebContent/WEB-INF/lib/commons-logging-1.1.1.jar
7f82ec9d1000-7f82ec9d3000 r--s 0000b000 08:11 917654                     /home/akshay/git/wpi-suite/Core/WPISuite/WebContent/WEB-INF/lib/commons-email-1.3.2.jar
7f82ec9d3000-7f82ec9da000 r--s 00039000 08:11 917653                     /home/akshay/git/wpi-suite/Core/WPISuite/WebContent/WEB-INF/lib/commons-codec-1.7.jar
7f82ec9da000-7f82ec9e0000 r--s 00033000 08:11 917651                     /home/akshay/git/wpi-suite/Core/WPISuite/WebContent/WEB-INF/lib/commons-codec-1.6.jar
7f82ec9e0000-7f82ec9e9000 r--s 000bc000 08:11 18950                      /usr/lib/jvm/java-7-openjdk-common/jre/lib/resources.jar
7f82ec9e9000-7f82ec9ed000 r--s 00085000 08:11 29924                      /usr/lib/jvm/java-7-openjdk-common/jre/lib/ext/localedata.jar
7f82ec9ed000-7f82ec9f7000 rw-p 00000000 00:00 0 
7f82ec9f7000-7f82ecaad000 rw-p 00000000 00:00 0 
7f82ecaad000-7f82ecab0000 ---p 00000000 00:00 0 
7f82ecab0000-7f82ecbb3000 rw-p 00000000 00:00 0 
7f82ecbb3000-7f82ecbb6000 r--s 0000f000 08:11 29923                      /usr/lib/jvm/java-7-openjdk-common/jre/lib/ext/pulse-java.jar
7f82ecbb6000-7f82ecbb9000 r--s 00032000 08:11 33413                      /usr/lib/jvm/java-7-openjdk-common/jre/lib/ext/sunjce_provider.jar
7f82ecbb9000-7f82ecbba000 r--s 00002000 08:11 33414                      /usr/lib/jvm/java-7-openjdk-common/jre/lib/ext/dnsns.jar
7f82ecbba000-7f82ecbbb000 r--s 00007000 08:11 91114                      /usr/share/java/java-atk-wrapper.jar
7f82ecbbb000-7f82ecbbe000 r--s 0003c000 08:11 29922                      /usr/lib/jvm/java-7-openjdk-common/jre/lib/ext/sunpkcs11.jar
7f82ecbbe000-7f82ecbc0000 r--s 00012000 08:11 29692                      /usr/lib/jvm/java-7-openjdk-common/jre/lib/ext/zipfs.jar
7f82ecbc0000-7f82ecbc8000 rw-s 00000000 08:11 1313447                    /tmp/hsperfdata_akshay/3362
7f82ecbc8000-7f82ecbc9000 rw-p 00000000 00:00 0 
7f82ecbc9000-7f82ecbca000 r--p 00000000 00:00 0 
7f82ecbca000-7f82ecbcc000 rw-p 00000000 00:00 0 
7f82ecbcc000-7f82ecbcd000 r--p 0001f000 08:11 3933369                    /lib/x86_64-linux-gnu/ld-2.13.so
7f82ecbcd000-7f82ecbce000 rw-p 00020000 08:11 3933369                    /lib/x86_64-linux-gnu/ld-2.13.so
7f82ecbce000-7f82ecbcf000 rw-p 00000000 00:00 0 
7fff4cc99000-7fff4ccba000 rw-p 00000000 00:00 0                          [stack]
7fff4cdff000-7fff4ce00000 r-xp 00000000 00:00 0                          [vdso]
ffffffffff600000-ffffffffff601000 r-xp 00000000 00:00 0                  [vsyscall]

VM Arguments:
jvm_args: -Dfile.encoding=UTF-8 
java_command: edu.wpi.cs.wpisuitetng.janeway.Janeway
Launcher Type: SUN_STANDARD

Environment Variables:
PATH=/home/akshay/bin:/usr/sbin:/sbin:/usr/local/bin:/usr/bin:/bin:/usr/local/games:/usr/games
SHELL=/bin/bash
DISPLAY=:0.0

Signal Handlers:
SIGSEGV: [libjvm.so+0x84ff00], sa_mask[0]=0x7ffbfeff, sa_flags=0x10000004
SIGBUS: [libjvm.so+0x84ff00], sa_mask[0]=0x7ffbfeff, sa_flags=0x10000004
SIGFPE: [libjvm.so+0x6f2230], sa_mask[0]=0x7ffbfeff, sa_flags=0x10000004
SIGPIPE: [libjvm.so+0x6f2230], sa_mask[0]=0x7ffbfeff, sa_flags=0x10000004
SIGXFSZ: [libjvm.so+0x6f2230], sa_mask[0]=0x7ffbfeff, sa_flags=0x10000004
SIGILL: [libjvm.so+0x6f2230], sa_mask[0]=0x7ffbfeff, sa_flags=0x10000004
SIGUSR1: SIG_DFL, sa_mask[0]=0x00000000, sa_flags=0x00000000
SIGUSR2: [libjvm.so+0x6f2600], sa_mask[0]=0x00000004, sa_flags=0x10000004
SIGHUP: [libjvm.so+0x6f2740], sa_mask[0]=0x7ffbfeff, sa_flags=0x10000004
SIGINT: [libjvm.so+0x6f2740], sa_mask[0]=0x7ffbfeff, sa_flags=0x10000004
SIGTERM: [libjvm.so+0x6f2740], sa_mask[0]=0x7ffbfeff, sa_flags=0x10000004
SIGQUIT: [libjvm.so+0x6f2740], sa_mask[0]=0x7ffbfeff, sa_flags=0x10000004


---------------  S Y S T E M  ---------------

OS:7.0

uname:Linux 3.2.0-4-amd64 #1 SMP Debian 3.2.41-2 x86_64
libc:glibc 2.13 NPTL 2.13 
rlimit: STACK 8192k, CORE 0k, NPROC 46884, NOFILE 4096, AS infinity
load average:1.08 0.79 0.40

/proc/meminfo:
MemTotal:        6013720 kB
MemFree:         4136600 kB
Buffers:           52472 kB
Cached:           632740 kB
SwapCached:            0 kB
Active:          1251164 kB
Inactive:         478100 kB
Active(anon):    1044972 kB
Inactive(anon):    97516 kB
Active(file):     206192 kB
Inactive(file):   380584 kB
Unevictable:           0 kB
Mlocked:               0 kB
SwapTotal:             0 kB
SwapFree:              0 kB
Dirty:               156 kB
Writeback:             0 kB
AnonPages:       1044164 kB
Mapped:           139520 kB
Shmem:             98356 kB
Slab:              75372 kB
SReclaimable:      53084 kB
SUnreclaim:        22288 kB
KernelStack:        3584 kB
PageTables:        21864 kB
NFS_Unstable:          0 kB
Bounce:                0 kB
WritebackTmp:          0 kB
CommitLimit:     3006860 kB
Committed_AS:    2654676 kB
VmallocTotal:   34359738367 kB
VmallocUsed:      367384 kB
VmallocChunk:   34359363072 kB
HardwareCorrupted:     0 kB
AnonHugePages:         0 kB
HugePages_Total:       0
HugePages_Free:        0
HugePages_Rsvd:        0
HugePages_Surp:        0
Hugepagesize:       2048 kB
DirectMap4k:       45056 kB
DirectMap2M:     6137856 kB


CPU:total 4 (2 cores per cpu, 2 threads per core) family 6 model 42 stepping 7, cmov, cx8, fxsr, mmx, sse, sse2, sse3, ssse3, sse4.1, sse4.2, popcnt, avx, ht, tsc, tscinvbit

/proc/cpuinfo:
processor	: 0
vendor_id	: GenuineIntel
cpu family	: 6
model		: 42
model name	: Intel(R) Core(TM) i5-2520M CPU @ 2.50GHz
stepping	: 7
microcode	: 0x28
cpu MHz		: 2501.000
cache size	: 3072 KB
physical id	: 0
siblings	: 4
core id		: 0
cpu cores	: 2
apicid		: 0
initial apicid	: 0
fpu		: yes
fpu_exception	: yes
cpuid level	: 13
wp		: yes
flags		: fpu vme de pse tsc msr pae mce cx8 apic sep mtrr pge mca cmov pat pse36 clflush dts acpi mmx fxsr sse sse2 ss ht tm pbe syscall nx rdtscp lm constant_tsc arch_perfmon pebs bts nopl xtopology nonstop_tsc aperfmperf pni pclmulqdq dtes64 monitor ds_cpl vmx smx est tm2 ssse3 cx16 xtpr pdcm pcid sse4_1 sse4_2 x2apic popcnt tsc_deadline_timer aes xsave avx lahf_lm ida arat epb xsaveopt pln pts dtherm tpr_shadow vnmi flexpriority ept vpid
bogomips	: 4984.51
clflush size	: 64
cache_alignment	: 64
address sizes	: 36 bits physical, 48 bits virtual
power management:

processor	: 1
vendor_id	: GenuineIntel
cpu family	: 6
model		: 42
model name	: Intel(R) Core(TM) i5-2520M CPU @ 2.50GHz
stepping	: 7
microcode	: 0x28
cpu MHz		: 2501.000
cache size	: 3072 KB
physical id	: 0
siblings	: 4
core id		: 0
cpu cores	: 2
apicid		: 1
initial apicid	: 1
fpu		: yes
fpu_exception	: yes
cpuid level	: 13
wp		: yes
flags		: fpu vme de pse tsc msr pae mce cx8 apic sep mtrr pge mca cmov pat pse36 clflush dts acpi mmx fxsr sse sse2 ss ht tm pbe syscall nx rdtscp lm constant_tsc arch_perfmon pebs bts nopl xtopology nonstop_tsc aperfmperf pni pclmulqdq dtes64 monitor ds_cpl vmx smx est tm2 ssse3 cx16 xtpr pdcm pcid sse4_1 sse4_2 x2apic popcnt tsc_deadline_timer aes xsave avx lahf_lm ida arat epb xsaveopt pln pts dtherm tpr_shadow vnmi flexpriority ept vpid
bogomips	: 4983.69
clflush size	: 64
cache_alignment	: 64
address sizes	: 36 bits physical, 48 bits virtual
power management:

processor	: 2
vendor_id	: GenuineIntel
cpu family	: 6
model		: 42
model name	: Intel(R) Core(TM) i5-2520M CPU @ 2.50GHz
stepping	: 7
microcode	: 0x28
cpu MHz		: 1800.000
cache size	: 3072 KB
physical id	: 0
siblings	: 4
core id		: 1
cpu cores	: 2
apicid		: 2
initial apicid	: 2
fpu		: yes
fpu_exception	: yes
cpuid level	: 13
wp		: yes
flags		: fpu vme de pse tsc msr pae mce cx8 apic sep mtrr pge mca cmov pat pse36 clflush dts acpi mmx fxsr sse sse2 ss ht tm pbe syscall nx rdtscp lm constant_tsc arch_perfmon pebs bts nopl xtopology nonstop_tsc aperfmperf pni pclmulqdq dtes64 monitor ds_cpl vmx smx est tm2 ssse3 cx16 xtpr pdcm pcid sse4_1 sse4_2 x2apic popcnt tsc_deadline_timer aes xsave avx lahf_lm ida arat epb xsaveopt pln pts dtherm tpr_shadow vnmi flexpriority ept vpid
bogomips	: 4983.73
clflush size	: 64
cache_alignment	: 64
address sizes	: 36 bits physical, 48 bits virtual
power management:

processor	: 3
vendor_id	: GenuineIntel
cpu family	: 6
model		: 42
model name	: Intel(R) Core(TM) i5-2520M CPU @ 2.50GHz
stepping	: 7
microcode	: 0x28
cpu MHz		: 2501.000
cache size	: 3072 KB
physical id	: 0
siblings	: 4
core id		: 1
cpu cores	: 2
apicid		: 3
initial apicid	: 3
fpu		: yes
fpu_exception	: yes
cpuid level	: 13
wp		: yes
flags		: fpu vme de pse tsc msr pae mce cx8 apic sep mtrr pge mca cmov pat pse36 clflush dts acpi mmx fxsr sse sse2 ss ht tm pbe syscall nx rdtscp lm constant_tsc arch_perfmon pebs bts nopl xtopology nonstop_tsc aperfmperf pni pclmulqdq dtes64 monitor ds_cpl vmx smx est tm2 ssse3 cx16 xtpr pdcm pcid sse4_1 sse4_2 x2apic popcnt tsc_deadline_timer aes xsave avx lahf_lm ida arat epb xsaveopt pln pts dtherm tpr_shadow vnmi flexpriority ept vpid
bogomips	: 4983.72
clflush size	: 64
cache_alignment	: 64
address sizes	: 36 bits physical, 48 bits virtual
power management:



Memory: 4k page, physical 6013720k(4136600k free), swap 0k(0k free)

vm_info: OpenJDK 64-Bit Server VM (23.7-b01) for linux-amd64 JRE (1.7.0_25-b30), built on Jul  3 2013 10:28:26 by "jmm" with gcc 4.7.2

time: Wed Apr 30 12:42:46 2014
elapsed time: 90 seconds

